[0.110s] Invoking command in '/home/himanshu/ros2_ws/src/build/ur_mogi': CMAKE_PREFIX_PATH=${CMAKE_PREFIX_PATH}:/home/himanshu/ros2_ws/install/ur_robot_driver:/home/himanshu/ros2_ws/install/ur_mogi_py:/home/himanshu/ros2_ws/install/open_manipulator_mogi_py:/home/himanshu/ros2_ws/install/mogi_trajectory_server:/home/himanshu/ros2_ws/install/map_merge_py:/home/himanshu/ros2_ws/install/bme_ros2_tutorials_py:/home/himanshu/ros2_ws/install/bme_ros2_simple_arm_py:/home/himanshu/ros2_ws/install/bme_ros2_navigation_py:/home/himanshu/ros2_ws/install/bme_gazebo_sensors_py:/opt/ros/jazzy DEBUGINFOD_URLS=https://debuginfod.ubuntu.com /usr/bin/cmake /home/himanshu/ros2_ws/src/ur_mogi -DCMAKE_INSTALL_PREFIX=/home/himanshu/ros2_ws/src/install/ur_mogi
[0.351s] -- The C compiler identification is GNU 13.3.0
[0.587s] -- The CXX compiler identification is GNU 13.3.0
[0.641s] -- Detecting C compiler ABI info
[0.915s] -- Detecting C compiler ABI info - done
[0.942s] -- Check for working C compiler: /usr/bin/cc - skipped
[0.943s] -- Detecting C compile features
[0.944s] -- Detecting C compile features - done
[0.970s] -- Detecting CXX compiler ABI info
[1.287s] -- Detecting CXX compiler ABI info - done
[1.333s] -- Check for working CXX compiler: /usr/bin/c++ - skipped
[1.333s] -- Detecting CXX compile features
[1.334s] -- Detecting CXX compile features - done
[1.435s] -- Found ament_cmake: 2.5.4 (/opt/ros/jazzy/share/ament_cmake/cmake)
[2.298s] -- Found Python3: /usr/bin/python3 (found version "3.12.3") found components: Interpreter 
[2.955s] -- Found ament_lint_auto: 0.17.2 (/opt/ros/jazzy/share/ament_lint_auto/cmake)
[3.446s] -- Added test 'flake8' to check Python code syntax and style conventions
[3.446s] -- Configured 'flake8' exclude dirs and/or files: 
[3.454s] -- Added test 'lint_cmake' to check CMake code style
[3.463s] -- Added test 'pep257' to check Python code against some of the docstring style conventions in PEP 257
[3.473s] -- Added test 'xmllint' to check XML markup files
[3.487s] -- Configuring done (3.3s)
[3.494s] -- Generating done (0.0s)
[3.499s] -- Build files have been written to: /home/himanshu/ros2_ws/src/build/ur_mogi
[3.524s] Invoked command in '/home/himanshu/ros2_ws/src/build/ur_mogi' returned '0': CMAKE_PREFIX_PATH=${CMAKE_PREFIX_PATH}:/home/himanshu/ros2_ws/install/ur_robot_driver:/home/himanshu/ros2_ws/install/ur_mogi_py:/home/himanshu/ros2_ws/install/open_manipulator_mogi_py:/home/himanshu/ros2_ws/install/mogi_trajectory_server:/home/himanshu/ros2_ws/install/map_merge_py:/home/himanshu/ros2_ws/install/bme_ros2_tutorials_py:/home/himanshu/ros2_ws/install/bme_ros2_simple_arm_py:/home/himanshu/ros2_ws/install/bme_ros2_navigation_py:/home/himanshu/ros2_ws/install/bme_gazebo_sensors_py:/opt/ros/jazzy DEBUGINFOD_URLS=https://debuginfod.ubuntu.com /usr/bin/cmake /home/himanshu/ros2_ws/src/ur_mogi -DCMAKE_INSTALL_PREFIX=/home/himanshu/ros2_ws/src/install/ur_mogi
[3.526s] Invoking command in '/home/himanshu/ros2_ws/src/build/ur_mogi': CMAKE_PREFIX_PATH=${CMAKE_PREFIX_PATH}:/home/himanshu/ros2_ws/install/ur_robot_driver:/home/himanshu/ros2_ws/install/ur_mogi_py:/home/himanshu/ros2_ws/install/open_manipulator_mogi_py:/home/himanshu/ros2_ws/install/mogi_trajectory_server:/home/himanshu/ros2_ws/install/map_merge_py:/home/himanshu/ros2_ws/install/bme_ros2_tutorials_py:/home/himanshu/ros2_ws/install/bme_ros2_simple_arm_py:/home/himanshu/ros2_ws/install/bme_ros2_navigation_py:/home/himanshu/ros2_ws/install/bme_gazebo_sensors_py:/opt/ros/jazzy DEBUGINFOD_URLS=https://debuginfod.ubuntu.com /usr/bin/cmake --build /home/himanshu/ros2_ws/src/build/ur_mogi -- -j8 -l8
[3.692s] Invoked command in '/home/himanshu/ros2_ws/src/build/ur_mogi' returned '0': CMAKE_PREFIX_PATH=${CMAKE_PREFIX_PATH}:/home/himanshu/ros2_ws/install/ur_robot_driver:/home/himanshu/ros2_ws/install/ur_mogi_py:/home/himanshu/ros2_ws/install/open_manipulator_mogi_py:/home/himanshu/ros2_ws/install/mogi_trajectory_server:/home/himanshu/ros2_ws/install/map_merge_py:/home/himanshu/ros2_ws/install/bme_ros2_tutorials_py:/home/himanshu/ros2_ws/install/bme_ros2_simple_arm_py:/home/himanshu/ros2_ws/install/bme_ros2_navigation_py:/home/himanshu/ros2_ws/install/bme_gazebo_sensors_py:/opt/ros/jazzy DEBUGINFOD_URLS=https://debuginfod.ubuntu.com /usr/bin/cmake --build /home/himanshu/ros2_ws/src/build/ur_mogi -- -j8 -l8
[3.698s] Invoking command in '/home/himanshu/ros2_ws/src/build/ur_mogi': CMAKE_PREFIX_PATH=${CMAKE_PREFIX_PATH}:/home/himanshu/ros2_ws/install/ur_robot_driver:/home/himanshu/ros2_ws/install/ur_mogi_py:/home/himanshu/ros2_ws/install/open_manipulator_mogi_py:/home/himanshu/ros2_ws/install/mogi_trajectory_server:/home/himanshu/ros2_ws/install/map_merge_py:/home/himanshu/ros2_ws/install/bme_ros2_tutorials_py:/home/himanshu/ros2_ws/install/bme_ros2_simple_arm_py:/home/himanshu/ros2_ws/install/bme_ros2_navigation_py:/home/himanshu/ros2_ws/install/bme_gazebo_sensors_py:/opt/ros/jazzy DEBUGINFOD_URLS=https://debuginfod.ubuntu.com /usr/bin/cmake --install /home/himanshu/ros2_ws/src/build/ur_mogi
[13.091s] -- Install configuration: ""
[13.093s] -- Installing: /home/himanshu/ros2_ws/src/install/ur_mogi/share/ur_mogi/config
[13.095s] -- Installing: /home/himanshu/ros2_ws/src/install/ur_mogi/share/ur_mogi/config/moveit_cpp.yaml
[13.095s] -- Installing: /home/himanshu/ros2_ws/src/install/ur_mogi/share/ur_mogi/config/moveit_cpp.srdf
[13.096s] -- Installing: /home/himanshu/ros2_ws/src/install/ur_mogi/share/ur_mogi/launch
[13.097s] -- Installing: /home/himanshu/ros2_ws/src/install/ur_mogi/share/ur_mogi/launch/simulation_moveit_bringup.launch.py
[13.098s] -- Installing: /home/himanshu/ros2_ws/src/install/ur_mogi/share/ur_mogi/launch/simulation_bringup.launch.py
[13.098s] -- Installing: /home/himanshu/ros2_ws/src/install/ur_mogi/share/ur_mogi/rviz
[13.098s] -- Installing: /home/himanshu/ros2_ws/src/install/ur_mogi/share/ur_mogi/rviz/rviz.rviz
[13.099s] -- Installing: /home/himanshu/ros2_ws/src/install/ur_mogi/share/ur_mogi/worlds
[13.100s] -- Installing: /home/himanshu/ros2_ws/src/install/ur_mogi/share/ur_mogi/worlds/world.sdf
[13.101s] -- Installing: /home/himanshu/ros2_ws/src/install/ur_mogi/share/ur_mogi/worlds/empty.sdf
[13.102s] -- Installing: /home/himanshu/ros2_ws/src/install/ur_mogi/share/ament_index/resource_index/package_run_dependencies/ur_mogi
[13.102s] -- Installing: /home/himanshu/ros2_ws/src/install/ur_mogi/share/ament_index/resource_index/parent_prefix_path/ur_mogi
[13.106s] -- Installing: /home/himanshu/ros2_ws/src/install/ur_mogi/share/ur_mogi/environment/ament_prefix_path.sh
[13.107s] -- Installing: /home/himanshu/ros2_ws/src/install/ur_mogi/share/ur_mogi/environment/ament_prefix_path.dsv
[13.107s] -- Installing: /home/himanshu/ros2_ws/src/install/ur_mogi/share/ur_mogi/environment/path.sh
[13.107s] -- Installing: /home/himanshu/ros2_ws/src/install/ur_mogi/share/ur_mogi/environment/path.dsv
[13.108s] -- Installing: /home/himanshu/ros2_ws/src/install/ur_mogi/share/ur_mogi/local_setup.bash
[13.108s] -- Installing: /home/himanshu/ros2_ws/src/install/ur_mogi/share/ur_mogi/local_setup.sh
[13.108s] -- Installing: /home/himanshu/ros2_ws/src/install/ur_mogi/share/ur_mogi/local_setup.zsh
[13.108s] -- Installing: /home/himanshu/ros2_ws/src/install/ur_mogi/share/ur_mogi/local_setup.dsv
[13.109s] -- Installing: /home/himanshu/ros2_ws/src/install/ur_mogi/share/ur_mogi/package.dsv
[13.109s] -- Installing: /home/himanshu/ros2_ws/src/install/ur_mogi/share/ament_index/resource_index/packages/ur_mogi
[13.109s] -- Installing: /home/himanshu/ros2_ws/src/install/ur_mogi/share/ur_mogi/cmake/ur_mogiConfig.cmake
[13.109s] -- Installing: /home/himanshu/ros2_ws/src/install/ur_mogi/share/ur_mogi/cmake/ur_mogiConfig-version.cmake
[13.110s] -- Installing: /home/himanshu/ros2_ws/src/install/ur_mogi/share/ur_mogi/package.xml
[13.132s] Invoked command in '/home/himanshu/ros2_ws/src/build/ur_mogi' returned '0': CMAKE_PREFIX_PATH=${CMAKE_PREFIX_PATH}:/home/himanshu/ros2_ws/install/ur_robot_driver:/home/himanshu/ros2_ws/install/ur_mogi_py:/home/himanshu/ros2_ws/install/open_manipulator_mogi_py:/home/himanshu/ros2_ws/install/mogi_trajectory_server:/home/himanshu/ros2_ws/install/map_merge_py:/home/himanshu/ros2_ws/install/bme_ros2_tutorials_py:/home/himanshu/ros2_ws/install/bme_ros2_simple_arm_py:/home/himanshu/ros2_ws/install/bme_ros2_navigation_py:/home/himanshu/ros2_ws/install/bme_gazebo_sensors_py:/opt/ros/jazzy DEBUGINFOD_URLS=https://debuginfod.ubuntu.com /usr/bin/cmake --install /home/himanshu/ros2_ws/src/build/ur_mogi
