[0.052s] Invoking command in '/home/himanshu/ros2_ws/src/build/bme_ros2_navigation': CMAKE_PREFIX_PATH=${CMAKE_PREFIX_PATH}:/home/himanshu/ros2_ws/install/ur_robot_driver:/home/himanshu/ros2_ws/install/ur_mogi_py:/home/himanshu/ros2_ws/install/open_manipulator_mogi_py:/home/himanshu/ros2_ws/install/mogi_trajectory_server:/home/himanshu/ros2_ws/install/map_merge_py:/home/himanshu/ros2_ws/install/bme_ros2_tutorials_py:/home/himanshu/ros2_ws/install/bme_ros2_simple_arm_py:/home/himanshu/ros2_ws/install/bme_ros2_navigation_py:/home/himanshu/ros2_ws/install/bme_gazebo_sensors_py:/opt/ros/jazzy DEBUGINFOD_URLS=https://debuginfod.ubuntu.com /usr/bin/cmake /home/himanshu/ros2_ws/src/bme_ros2_navigation -DCMAKE_INSTALL_PREFIX=/home/himanshu/ros2_ws/src/install/bme_ros2_navigation
[0.305s] -- The C compiler identification is GNU 13.3.0
[0.643s] -- The CXX compiler identification is GNU 13.3.0
[0.718s] -- Detecting C compiler ABI info
[1.198s] -- Detecting C compiler ABI info - done
[1.262s] -- Check for working C compiler: /usr/bin/cc - skipped
[1.264s] -- Detecting C compile features
[1.267s] -- Detecting C compile features - done
[1.309s] -- Detecting CXX compiler ABI info
[1.728s] -- Detecting CXX compiler ABI info - done
[1.803s] -- Check for working CXX compiler: /usr/bin/c++ - skipped
[1.804s] -- Detecting CXX compile features
[1.807s] -- Detecting CXX compile features - done
[1.847s] -- Found ament_cmake: 2.5.4 (/opt/ros/jazzy/share/ament_cmake/cmake)
[2.760s] -- Found Python3: /usr/bin/python3 (found version "3.12.3") found components: Interpreter 
[3.563s] -- Found ament_lint_auto: 0.17.2 (/opt/ros/jazzy/share/ament_lint_auto/cmake)
[4.185s] -- Added test 'flake8' to check Python code syntax and style conventions
[4.186s] -- Configured 'flake8' exclude dirs and/or files: 
[4.203s] -- Added test 'lint_cmake' to check CMake code style
[4.205s] -- Added test 'pep257' to check Python code against some of the docstring style conventions in PEP 257
[4.222s] -- Added test 'xmllint' to check XML markup files
[4.241s] -- Configuring done (4.1s)
[4.252s] -- Generating done (0.0s)
[4.264s] -- Build files have been written to: /home/himanshu/ros2_ws/src/build/bme_ros2_navigation
[4.791s] Invoked command in '/home/himanshu/ros2_ws/src/build/bme_ros2_navigation' returned '0': CMAKE_PREFIX_PATH=${CMAKE_PREFIX_PATH}:/home/himanshu/ros2_ws/install/ur_robot_driver:/home/himanshu/ros2_ws/install/ur_mogi_py:/home/himanshu/ros2_ws/install/open_manipulator_mogi_py:/home/himanshu/ros2_ws/install/mogi_trajectory_server:/home/himanshu/ros2_ws/install/map_merge_py:/home/himanshu/ros2_ws/install/bme_ros2_tutorials_py:/home/himanshu/ros2_ws/install/bme_ros2_simple_arm_py:/home/himanshu/ros2_ws/install/bme_ros2_navigation_py:/home/himanshu/ros2_ws/install/bme_gazebo_sensors_py:/opt/ros/jazzy DEBUGINFOD_URLS=https://debuginfod.ubuntu.com /usr/bin/cmake /home/himanshu/ros2_ws/src/bme_ros2_navigation -DCMAKE_INSTALL_PREFIX=/home/himanshu/ros2_ws/src/install/bme_ros2_navigation
[4.795s] Invoking command in '/home/himanshu/ros2_ws/src/build/bme_ros2_navigation': CMAKE_PREFIX_PATH=${CMAKE_PREFIX_PATH}:/home/himanshu/ros2_ws/install/ur_robot_driver:/home/himanshu/ros2_ws/install/ur_mogi_py:/home/himanshu/ros2_ws/install/open_manipulator_mogi_py:/home/himanshu/ros2_ws/install/mogi_trajectory_server:/home/himanshu/ros2_ws/install/map_merge_py:/home/himanshu/ros2_ws/install/bme_ros2_tutorials_py:/home/himanshu/ros2_ws/install/bme_ros2_simple_arm_py:/home/himanshu/ros2_ws/install/bme_ros2_navigation_py:/home/himanshu/ros2_ws/install/bme_gazebo_sensors_py:/opt/ros/jazzy DEBUGINFOD_URLS=https://debuginfod.ubuntu.com /usr/bin/cmake --build /home/himanshu/ros2_ws/src/build/bme_ros2_navigation -- -j8 -l8
[5.054s] Invoked command in '/home/himanshu/ros2_ws/src/build/bme_ros2_navigation' returned '0': CMAKE_PREFIX_PATH=${CMAKE_PREFIX_PATH}:/home/himanshu/ros2_ws/install/ur_robot_driver:/home/himanshu/ros2_ws/install/ur_mogi_py:/home/himanshu/ros2_ws/install/open_manipulator_mogi_py:/home/himanshu/ros2_ws/install/mogi_trajectory_server:/home/himanshu/ros2_ws/install/map_merge_py:/home/himanshu/ros2_ws/install/bme_ros2_tutorials_py:/home/himanshu/ros2_ws/install/bme_ros2_simple_arm_py:/home/himanshu/ros2_ws/install/bme_ros2_navigation_py:/home/himanshu/ros2_ws/install/bme_gazebo_sensors_py:/opt/ros/jazzy DEBUGINFOD_URLS=https://debuginfod.ubuntu.com /usr/bin/cmake --build /home/himanshu/ros2_ws/src/build/bme_ros2_navigation -- -j8 -l8
[5.056s] Invoking command in '/home/himanshu/ros2_ws/src/build/bme_ros2_navigation': CMAKE_PREFIX_PATH=${CMAKE_PREFIX_PATH}:/home/himanshu/ros2_ws/install/ur_robot_driver:/home/himanshu/ros2_ws/install/ur_mogi_py:/home/himanshu/ros2_ws/install/open_manipulator_mogi_py:/home/himanshu/ros2_ws/install/mogi_trajectory_server:/home/himanshu/ros2_ws/install/map_merge_py:/home/himanshu/ros2_ws/install/bme_ros2_tutorials_py:/home/himanshu/ros2_ws/install/bme_ros2_simple_arm_py:/home/himanshu/ros2_ws/install/bme_ros2_navigation_py:/home/himanshu/ros2_ws/install/bme_gazebo_sensors_py:/opt/ros/jazzy DEBUGINFOD_URLS=https://debuginfod.ubuntu.com /usr/bin/cmake --install /home/himanshu/ros2_ws/src/build/bme_ros2_navigation
[8.113s] -- Install configuration: ""
[8.116s] -- Installing: /home/himanshu/ros2_ws/src/install/bme_ros2_navigation/share/bme_ros2_navigation/launch
[8.117s] -- Installing: /home/himanshu/ros2_ws/src/install/bme_ros2_navigation/share/bme_ros2_navigation/launch/world.launch.py
[8.118s] -- Installing: /home/himanshu/ros2_ws/src/install/bme_ros2_navigation/share/bme_ros2_navigation/launch/check_urdf.launch.py
[8.118s] -- Installing: /home/himanshu/ros2_ws/src/install/bme_ros2_navigation/share/bme_ros2_navigation/launch/mapping.launch.py
[8.119s] -- Installing: /home/himanshu/ros2_ws/src/install/bme_ros2_navigation/share/bme_ros2_navigation/launch/localization.launch.py
[8.119s] -- Installing: /home/himanshu/ros2_ws/src/install/bme_ros2_navigation/share/bme_ros2_navigation/launch/navigation_with_slam.launch.py
[8.120s] -- Installing: /home/himanshu/ros2_ws/src/install/bme_ros2_navigation/share/bme_ros2_navigation/launch/spawn_robot.launch.py
[8.120s] -- Installing: /home/himanshu/ros2_ws/src/install/bme_ros2_navigation/share/bme_ros2_navigation/launch/navigation.launch.py
[8.120s] -- Installing: /home/himanshu/ros2_ws/src/install/bme_ros2_navigation/share/bme_ros2_navigation/launch/localization_slam_toolbox.launch.py
[8.121s] -- Installing: /home/himanshu/ros2_ws/src/install/bme_ros2_navigation/share/bme_ros2_navigation/worlds
[8.121s] -- Installing: /home/himanshu/ros2_ws/src/install/bme_ros2_navigation/share/bme_ros2_navigation/worlds/empty.sdf
[8.128s] -- Installing: /home/himanshu/ros2_ws/src/install/bme_ros2_navigation/share/bme_ros2_navigation/worlds/home.sdf
[8.128s] -- Installing: /home/himanshu/ros2_ws/src/install/bme_ros2_navigation/share/bme_ros2_navigation/rviz
[8.129s] -- Installing: /home/himanshu/ros2_ws/src/install/bme_ros2_navigation/share/bme_ros2_navigation/rviz/localization.rviz
[8.130s] -- Installing: /home/himanshu/ros2_ws/src/install/bme_ros2_navigation/share/bme_ros2_navigation/rviz/urdf.rviz
[8.131s] -- Installing: /home/himanshu/ros2_ws/src/install/bme_ros2_navigation/share/bme_ros2_navigation/rviz/rviz.rviz
[8.131s] -- Installing: /home/himanshu/ros2_ws/src/install/bme_ros2_navigation/share/bme_ros2_navigation/rviz/mapping.rviz
[8.131s] -- Installing: /home/himanshu/ros2_ws/src/install/bme_ros2_navigation/share/bme_ros2_navigation/rviz/navigation.rviz
[8.132s] -- Installing: /home/himanshu/ros2_ws/src/install/bme_ros2_navigation/share/bme_ros2_navigation/urdf
[8.132s] -- Installing: /home/himanshu/ros2_ws/src/install/bme_ros2_navigation/share/bme_ros2_navigation/urdf/mogi_bot.gazebo
[8.132s] -- Installing: /home/himanshu/ros2_ws/src/install/bme_ros2_navigation/share/bme_ros2_navigation/urdf/mogi_bot.urdf
[8.133s] -- Installing: /home/himanshu/ros2_ws/src/install/bme_ros2_navigation/share/bme_ros2_navigation/urdf/materials.xacro
[8.133s] -- Installing: /home/himanshu/ros2_ws/src/install/bme_ros2_navigation/share/bme_ros2_navigation/meshes
[8.133s] -- Installing: /home/himanshu/ros2_ws/src/install/bme_ros2_navigation/share/bme_ros2_navigation/meshes/wheel.dae
[8.134s] -- Installing: /home/himanshu/ros2_ws/src/install/bme_ros2_navigation/share/bme_ros2_navigation/meshes/lidar.dae
[8.135s] -- Installing: /home/himanshu/ros2_ws/src/install/bme_ros2_navigation/share/bme_ros2_navigation/meshes/mogi_bot.dae
[8.135s] -- Installing: /home/himanshu/ros2_ws/src/install/bme_ros2_navigation/share/bme_ros2_navigation/config
[8.136s] -- Installing: /home/himanshu/ros2_ws/src/install/bme_ros2_navigation/share/bme_ros2_navigation/config/ekf.yaml
[8.136s] -- Installing: /home/himanshu/ros2_ws/src/install/bme_ros2_navigation/share/bme_ros2_navigation/config/slam_toolbox_localization.yaml
[8.136s] -- Installing: /home/himanshu/ros2_ws/src/install/bme_ros2_navigation/share/bme_ros2_navigation/config/navigation.yaml
[8.137s] -- Installing: /home/himanshu/ros2_ws/src/install/bme_ros2_navigation/share/bme_ros2_navigation/config/waypoints.yaml
[8.138s] -- Installing: /home/himanshu/ros2_ws/src/install/bme_ros2_navigation/share/bme_ros2_navigation/config/gz_bridge.yaml
[8.139s] -- Installing: /home/himanshu/ros2_ws/src/install/bme_ros2_navigation/share/bme_ros2_navigation/config/amcl_localization.yaml
[8.140s] -- Installing: /home/himanshu/ros2_ws/src/install/bme_ros2_navigation/share/bme_ros2_navigation/config/slam_toolbox_mapping.yaml
[8.140s] -- Installing: /home/himanshu/ros2_ws/src/install/bme_ros2_navigation/share/bme_ros2_navigation/maps
[8.141s] -- Installing: /home/himanshu/ros2_ws/src/install/bme_ros2_navigation/share/bme_ros2_navigation/maps/serialized.data
[8.141s] -- Installing: /home/himanshu/ros2_ws/src/install/bme_ros2_navigation/share/bme_ros2_navigation/maps/serialized.posegraph
[8.141s] -- Installing: /home/himanshu/ros2_ws/src/install/bme_ros2_navigation/share/bme_ros2_navigation/maps/my_map.yaml
[8.142s] -- Installing: /home/himanshu/ros2_ws/src/install/bme_ros2_navigation/share/bme_ros2_navigation/maps/my_map.pgm
[8.142s] -- Installing: /home/himanshu/ros2_ws/src/install/bme_ros2_navigation/share/ament_index/resource_index/package_run_dependencies/bme_ros2_navigation
[8.147s] -- Installing: /home/himanshu/ros2_ws/src/install/bme_ros2_navigation/share/ament_index/resource_index/parent_prefix_path/bme_ros2_navigation
[8.147s] -- Installing: /home/himanshu/ros2_ws/src/install/bme_ros2_navigation/share/bme_ros2_navigation/environment/ament_prefix_path.sh
[8.148s] -- Installing: /home/himanshu/ros2_ws/src/install/bme_ros2_navigation/share/bme_ros2_navigation/environment/ament_prefix_path.dsv
[8.148s] -- Installing: /home/himanshu/ros2_ws/src/install/bme_ros2_navigation/share/bme_ros2_navigation/environment/path.sh
[8.148s] -- Installing: /home/himanshu/ros2_ws/src/install/bme_ros2_navigation/share/bme_ros2_navigation/environment/path.dsv
[8.149s] -- Installing: /home/himanshu/ros2_ws/src/install/bme_ros2_navigation/share/bme_ros2_navigation/local_setup.bash
[8.149s] -- Installing: /home/himanshu/ros2_ws/src/install/bme_ros2_navigation/share/bme_ros2_navigation/local_setup.sh
[8.149s] -- Installing: /home/himanshu/ros2_ws/src/install/bme_ros2_navigation/share/bme_ros2_navigation/local_setup.zsh
[8.150s] -- Installing: /home/himanshu/ros2_ws/src/install/bme_ros2_navigation/share/bme_ros2_navigation/local_setup.dsv
[8.157s] -- Installing: /home/himanshu/ros2_ws/src/install/bme_ros2_navigation/share/bme_ros2_navigation/package.dsv
[8.158s] -- Installing: /home/himanshu/ros2_ws/src/install/bme_ros2_navigation/share/ament_index/resource_index/packages/bme_ros2_navigation
[8.164s] -- Installing: /home/himanshu/ros2_ws/src/install/bme_ros2_navigation/share/bme_ros2_navigation/cmake/bme_ros2_navigationConfig.cmake
[8.164s] -- Installing: /home/himanshu/ros2_ws/src/install/bme_ros2_navigation/share/bme_ros2_navigation/cmake/bme_ros2_navigationConfig-version.cmake
[8.165s] -- Installing: /home/himanshu/ros2_ws/src/install/bme_ros2_navigation/share/bme_ros2_navigation/package.xml
[8.179s] Invoked command in '/home/himanshu/ros2_ws/src/build/bme_ros2_navigation' returned '0': CMAKE_PREFIX_PATH=${CMAKE_PREFIX_PATH}:/home/himanshu/ros2_ws/install/ur_robot_driver:/home/himanshu/ros2_ws/install/ur_mogi_py:/home/himanshu/ros2_ws/install/open_manipulator_mogi_py:/home/himanshu/ros2_ws/install/mogi_trajectory_server:/home/himanshu/ros2_ws/install/map_merge_py:/home/himanshu/ros2_ws/install/bme_ros2_tutorials_py:/home/himanshu/ros2_ws/install/bme_ros2_simple_arm_py:/home/himanshu/ros2_ws/install/bme_ros2_navigation_py:/home/himanshu/ros2_ws/install/bme_gazebo_sensors_py:/opt/ros/jazzy DEBUGINFOD_URLS=https://debuginfod.ubuntu.com /usr/bin/cmake --install /home/himanshu/ros2_ws/src/build/bme_ros2_navigation
