running egg_info
creating ../build/ur_mogi_py/ur_mogi_py.egg-info
writing ../build/ur_mogi_py/ur_mogi_py.egg-info/PKG-INFO
writing dependency_links to ../build/ur_mogi_py/ur_mogi_py.egg-info/dependency_links.txt
writing entry points to ../build/ur_mogi_py/ur_mogi_py.egg-info/entry_points.txt
writing requirements to ../build/ur_mogi_py/ur_mogi_py.egg-info/requires.txt
writing top-level names to ../build/ur_mogi_py/ur_mogi_py.egg-info/top_level.txt
writing manifest file '../build/ur_mogi_py/ur_mogi_py.egg-info/SOURCES.txt'
reading manifest file '../build/ur_mogi_py/ur_mogi_py.egg-info/SOURCES.txt'
writing manifest file '../build/ur_mogi_py/ur_mogi_py.egg-info/SOURCES.txt'
running build
running build_py
creating /home/himanshu/ros2_ws/src/build/ur_mogi_py/build
creating /home/himanshu/ros2_ws/src/build/ur_mogi_py/build/lib
creating /home/himanshu/ros2_ws/src/build/ur_mogi_py/build/lib/ur_mogi_py
copying ur_mogi_py/__init__.py -> /home/himanshu/ros2_ws/src/build/ur_mogi_py/build/lib/ur_mogi_py
copying ur_mogi_py/moveit_commander.py -> /home/himanshu/ros2_ws/src/build/ur_mogi_py/build/lib/ur_mogi_py
running install
running install_lib
creating /home/himanshu/ros2_ws/src/install/ur_mogi_py/lib/python3.12/site-packages/ur_mogi_py
copying /home/himanshu/ros2_ws/src/build/ur_mogi_py/build/lib/ur_mogi_py/__init__.py -> /home/himanshu/ros2_ws/src/install/ur_mogi_py/lib/python3.12/site-packages/ur_mogi_py
copying /home/himanshu/ros2_ws/src/build/ur_mogi_py/build/lib/ur_mogi_py/moveit_commander.py -> /home/himanshu/ros2_ws/src/install/ur_mogi_py/lib/python3.12/site-packages/ur_mogi_py
byte-compiling /home/himanshu/ros2_ws/src/install/ur_mogi_py/lib/python3.12/site-packages/ur_mogi_py/__init__.py to __init__.cpython-312.pyc
byte-compiling /home/himanshu/ros2_ws/src/install/ur_mogi_py/lib/python3.12/site-packages/ur_mogi_py/moveit_commander.py to moveit_commander.cpython-312.pyc
running install_data
creating /home/himanshu/ros2_ws/src/install/ur_mogi_py/share/ament_index
creating /home/himanshu/ros2_ws/src/install/ur_mogi_py/share/ament_index/resource_index
creating /home/himanshu/ros2_ws/src/install/ur_mogi_py/share/ament_index/resource_index/packages
copying resource/ur_mogi_py -> /home/himanshu/ros2_ws/src/install/ur_mogi_py/share/ament_index/resource_index/packages
copying package.xml -> /home/himanshu/ros2_ws/src/install/ur_mogi_py/share/ur_mogi_py
running install_egg_info
Copying ../build/ur_mogi_py/ur_mogi_py.egg-info to /home/himanshu/ros2_ws/src/install/ur_mogi_py/lib/python3.12/site-packages/ur_mogi_py-1.0.0-py3.12.egg-info
running install_scripts
Installing moveit_commander script to /home/himanshu/ros2_ws/src/install/ur_mogi_py/lib/ur_mogi_py
writing list of installed files to '/home/himanshu/ros2_ws/src/build/ur_mogi_py/install.log'
