[0.040s] Invoking command in '/home/himanshu/ros2_ws/src/build/ur_controllers': AMENT_PREFIX_PATH=/home/himanshu/ros2_ws/src/install/ur_dashboard_msgs:${AMENT_PREFIX_PATH} CMAKE_PREFIX_PATH=/home/himanshu/ros2_ws/src/install/ur_dashboard_msgs:/home/himanshu/ros2_ws/install/ur_simulation_gz:/home/himanshu/ros2_ws/install/ur:/home/himanshu/ros2_ws/install/ur_calibration:/home/himanshu/ros2_ws/install/ur_controllers:/home/himanshu/ros2_ws/install/ur_msgs:/home/himanshu/ros2_ws/install/ur_moveit_config:/home/himanshu/ros2_ws/install/ur_mogi:/home/himanshu/ros2_ws/install/ur_description:/home/himanshu/ros2_ws/install/ur_dashboard_msgs:/home/himanshu/ros2_ws/install/ur_client_library:/home/himanshu/ros2_ws/install/bitbots_tf_buffer:/home/himanshu/ros2_ws/install/ros2_python_extension:/home/himanshu/ros2_ws/install/rh_p12_rn_a_gazebo:/home/himanshu/ros2_ws/install/rh_p12_rn_a_description:/home/himanshu/ros2_ws/install/open_manipulator:/home/himanshu/ros2_ws/install/open_manipulator_teleop:/home/himanshu/ros2_ws/install/open_manipulator_playground:/home/himanshu/ros2_ws/install/open_manipulator_moveit_config:/home/himanshu/ros2_ws/install/open_manipulator_mogi:/home/himanshu/ros2_ws/install/open_manipulator_gui:/home/himanshu/ros2_ws/install/open_manipulator_bringup:/home/himanshu/ros2_ws/install/open_manipulator_description:/home/himanshu/ros2_ws/install/om_spring_actuator_controller:/home/himanshu/ros2_ws/install/om_joint_trajectory_command_broadcaster:/home/himanshu/ros2_ws/install/om_gravity_compensation_controller:/home/himanshu/ros2_ws/install/multirobot_map_merge:/home/himanshu/ros2_ws/install/explore_lite:/home/himanshu/ros2_ws/install/bme_ros2_tutorials_interfaces:/home/himanshu/ros2_ws/install/bme_ros2_tutorials_cpp:/home/himanshu/ros2_ws/install/bme_ros2_tutorials_bringup:/home/himanshu/ros2_ws/install/bme_ros2_simple_arm_moveit_config:/home/himanshu/ros2_ws/install/bme_ros2_simple_arm:/home/himanshu/ros2_ws/install/bme_ros2_navigation:/home/himanshu/ros2_ws/install/bme_gazebo_sensors:/home/himanshu/ros2_ws/install/bme_gazebo_basics:/opt/ros/jazzy/opt/gz_launch_vendor:/opt/ros/jazzy/opt/gz_sim_vendor:/opt/ros/jazzy/opt/gz_sensors_vendor:/opt/ros/jazzy/opt/gz_physics_vendor:/opt/ros/jazzy/opt/sdformat_vendor:/opt/ros/jazzy/opt/gz_gui_vendor:/opt/ros/jazzy/opt/gz_transport_vendor:/opt/ros/jazzy/opt/gz_rendering_vendor:/opt/ros/jazzy/opt/gz_plugin_vendor:/opt/ros/jazzy/opt/gz_fuel_tools_vendor:/opt/ros/jazzy/opt/gz_msgs_vendor:/opt/ros/jazzy/opt/gz_common_vendor:/opt/ros/jazzy/opt/gz_math_vendor:/opt/ros/jazzy/opt/gz_utils_vendor:/opt/ros/jazzy/opt/gz_tools_vendor:/opt/ros/jazzy/opt/gz_ogre_next_vendor:/opt/ros/jazzy/opt/gz_dartsim_vendor:/opt/ros/jazzy/opt/gz_cmake_vendor:/home/himanshu/ros2_ws/install/ur_robot_driver:/home/himanshu/ros2_ws/install/ur_mogi_py:/home/himanshu/ros2_ws/install/open_manipulator_mogi_py:/home/himanshu/ros2_ws/install/mogi_trajectory_server:/home/himanshu/ros2_ws/install/map_merge_py:/home/himanshu/ros2_ws/install/bme_ros2_tutorials_py:/home/himanshu/ros2_ws/install/bme_ros2_simple_arm_py:/home/himanshu/ros2_ws/install/bme_ros2_navigation_py:/home/himanshu/ros2_ws/install/bme_gazebo_sensors_py:/opt/ros/jazzy DEBUGINFOD_URLS=https://debuginfod.ubuntu.com LD_LIBRARY_PATH=/home/himanshu/ros2_ws/src/install/ur_dashboard_msgs/lib:${LD_LIBRARY_PATH} PYTHONPATH=/home/himanshu/ros2_ws/src/install/ur_dashboard_msgs/lib/python3.12/site-packages:${PYTHONPATH} /usr/bin/cmake /home/himanshu/ros2_ws/src/Universal_Robots_ROS2_Driver/ur_controllers -DCMAKE_INSTALL_PREFIX=/home/himanshu/ros2_ws/src/install/ur_controllers
[0.186s] -- The C compiler identification is GNU 13.3.0
[0.335s] -- The CXX compiler identification is GNU 13.3.0
[0.373s] -- Detecting C compiler ABI info
[0.584s] -- Detecting C compiler ABI info - done
[0.610s] -- Check for working C compiler: /usr/bin/cc - skipped
[0.611s] -- Detecting C compile features
[0.612s] -- Detecting C compile features - done
[0.635s] -- Detecting CXX compiler ABI info
[0.872s] -- Detecting CXX compiler ABI info - done
[0.898s] -- Check for working CXX compiler: /usr/bin/c++ - skipped
[0.899s] -- Detecting CXX compile features
[0.900s] -- Detecting CXX compile features - done
[0.920s] -- Found ament_cmake: 2.5.4 (/opt/ros/jazzy/share/ament_cmake/cmake)
[1.445s] -- Found Python3: /usr/bin/python3 (found version "3.12.3") found components: Interpreter 
[1.920s] -- Found angles: 1.16.0 (/opt/ros/jazzy/share/angles/cmake)
[1.942s] -- Found controller_interface: 4.29.0 (/opt/ros/jazzy/share/controller_interface/cmake)
[2.224s] -- Found rosidl_generator_c: 4.6.5 (/opt/ros/jazzy/share/rosidl_generator_c/cmake)
[2.317s] -- Found rosidl_generator_cpp: 4.6.5 (/opt/ros/jazzy/share/rosidl_generator_cpp/cmake)
[2.408s] -- Using all available rosidl_typesupport_c: rosidl_typesupport_fastrtps_c;rosidl_typesupport_introspection_c
[2.516s] -- Using all available rosidl_typesupport_cpp: rosidl_typesupport_fastrtps_cpp;rosidl_typesupport_introspection_cpp
[3.337s] -- Found TinyXML2 via Config file: /usr/lib/x86_64-linux-gnu/cmake/tinyxml2
[3.559s] -- Found rmw_implementation_cmake: 7.3.2 (/opt/ros/jazzy/share/rmw_implementation_cmake/cmake)
[3.583s] -- Found rmw_fastrtps_cpp: 8.4.2 (/opt/ros/jazzy/share/rmw_fastrtps_cpp/cmake)
[3.709s] -- Found TinyXML2 via Config file: /usr/lib/x86_64-linux-gnu/cmake/tinyxml2
[3.902s] -- Found OpenSSL: /usr/lib/x86_64-linux-gnu/libcrypto.so (found version "3.0.13")  
[3.914s] -- Found TinyXML2 via Config file: /usr/lib/x86_64-linux-gnu/cmake/tinyxml2
[3.992s] -- Found FastRTPS: /opt/ros/jazzy/include (Required is at least version "2.13") 
[4.005s] -- Found TinyXML2 via Config file: /usr/lib/x86_64-linux-gnu/cmake/tinyxml2
[4.034s] -- Found TinyXML2 via Config file: /usr/lib/x86_64-linux-gnu/cmake/tinyxml2
[4.084s] -- Using RMW implementation 'rmw_fastrtps_cpp' as default
[5.079s] -- Found joint_trajectory_controller: 4.25.0 (/opt/ros/jazzy/share/joint_trajectory_controller/cmake)
[5.492s] -- Found eigen3_cmake_module: 0.3.0 (/opt/ros/jazzy/share/eigen3_cmake_module/cmake)
[5.496s] -- Found Eigen3: TRUE (found version "3.4.0") 
[5.496s] -- Ensuring Eigen3 include directory is part of orocos-kdl CMake target
[5.901s] -- Found std_srvs: 5.3.6 (/opt/ros/jazzy/share/std_srvs/cmake)
[5.946s] -- Found ur_dashboard_msgs: 3.1.1 (/home/himanshu/ros2_ws/src/install/ur_dashboard_msgs/share/ur_dashboard_msgs/cmake)
[6.044s] -- Found ur_msgs: 2.2.0 (/home/himanshu/ros2_ws/install/ur_msgs/share/ur_msgs/cmake)
[6.254s] -- Found ament_cmake_gmock: 2.5.4 (/opt/ros/jazzy/share/ament_cmake_gmock/cmake)
[6.279s] -- Found controller_manager: 4.29.0 (/opt/ros/jazzy/share/controller_manager/cmake)
[6.559s] -- Found ros2_control_test_assets: 4.29.0 (/opt/ros/jazzy/share/ros2_control_test_assets/cmake)
[6.579s] -- Found gmock sources under '/opt/ros/jazzy/src/gmock_vendor': C++ tests using 'Google Mock' will be built
[6.619s] -- Found ament_cmake_gtest: 2.5.4 (/opt/ros/jazzy/share/ament_cmake_gtest/cmake)
[6.622s] -- Found gtest sources under '/opt/ros/jazzy/src/gtest_vendor': C++ tests using 'Google Test' will be built
[6.869s] -- Configuring done (6.8s)
[7.043s] -- Generating done (0.1s)
[7.081s] -- Build files have been written to: /home/himanshu/ros2_ws/src/build/ur_controllers
[7.115s] Invoked command in '/home/himanshu/ros2_ws/src/build/ur_controllers' returned '0': AMENT_PREFIX_PATH=/home/himanshu/ros2_ws/src/install/ur_dashboard_msgs:${AMENT_PREFIX_PATH} CMAKE_PREFIX_PATH=/home/himanshu/ros2_ws/src/install/ur_dashboard_msgs:/home/himanshu/ros2_ws/install/ur_simulation_gz:/home/himanshu/ros2_ws/install/ur:/home/himanshu/ros2_ws/install/ur_calibration:/home/himanshu/ros2_ws/install/ur_controllers:/home/himanshu/ros2_ws/install/ur_msgs:/home/himanshu/ros2_ws/install/ur_moveit_config:/home/himanshu/ros2_ws/install/ur_mogi:/home/himanshu/ros2_ws/install/ur_description:/home/himanshu/ros2_ws/install/ur_dashboard_msgs:/home/himanshu/ros2_ws/install/ur_client_library:/home/himanshu/ros2_ws/install/bitbots_tf_buffer:/home/himanshu/ros2_ws/install/ros2_python_extension:/home/himanshu/ros2_ws/install/rh_p12_rn_a_gazebo:/home/himanshu/ros2_ws/install/rh_p12_rn_a_description:/home/himanshu/ros2_ws/install/open_manipulator:/home/himanshu/ros2_ws/install/open_manipulator_teleop:/home/himanshu/ros2_ws/install/open_manipulator_playground:/home/himanshu/ros2_ws/install/open_manipulator_moveit_config:/home/himanshu/ros2_ws/install/open_manipulator_mogi:/home/himanshu/ros2_ws/install/open_manipulator_gui:/home/himanshu/ros2_ws/install/open_manipulator_bringup:/home/himanshu/ros2_ws/install/open_manipulator_description:/home/himanshu/ros2_ws/install/om_spring_actuator_controller:/home/himanshu/ros2_ws/install/om_joint_trajectory_command_broadcaster:/home/himanshu/ros2_ws/install/om_gravity_compensation_controller:/home/himanshu/ros2_ws/install/multirobot_map_merge:/home/himanshu/ros2_ws/install/explore_lite:/home/himanshu/ros2_ws/install/bme_ros2_tutorials_interfaces:/home/himanshu/ros2_ws/install/bme_ros2_tutorials_cpp:/home/himanshu/ros2_ws/install/bme_ros2_tutorials_bringup:/home/himanshu/ros2_ws/install/bme_ros2_simple_arm_moveit_config:/home/himanshu/ros2_ws/install/bme_ros2_simple_arm:/home/himanshu/ros2_ws/install/bme_ros2_navigation:/home/himanshu/ros2_ws/install/bme_gazebo_sensors:/home/himanshu/ros2_ws/install/bme_gazebo_basics:/opt/ros/jazzy/opt/gz_launch_vendor:/opt/ros/jazzy/opt/gz_sim_vendor:/opt/ros/jazzy/opt/gz_sensors_vendor:/opt/ros/jazzy/opt/gz_physics_vendor:/opt/ros/jazzy/opt/sdformat_vendor:/opt/ros/jazzy/opt/gz_gui_vendor:/opt/ros/jazzy/opt/gz_transport_vendor:/opt/ros/jazzy/opt/gz_rendering_vendor:/opt/ros/jazzy/opt/gz_plugin_vendor:/opt/ros/jazzy/opt/gz_fuel_tools_vendor:/opt/ros/jazzy/opt/gz_msgs_vendor:/opt/ros/jazzy/opt/gz_common_vendor:/opt/ros/jazzy/opt/gz_math_vendor:/opt/ros/jazzy/opt/gz_utils_vendor:/opt/ros/jazzy/opt/gz_tools_vendor:/opt/ros/jazzy/opt/gz_ogre_next_vendor:/opt/ros/jazzy/opt/gz_dartsim_vendor:/opt/ros/jazzy/opt/gz_cmake_vendor:/home/himanshu/ros2_ws/install/ur_robot_driver:/home/himanshu/ros2_ws/install/ur_mogi_py:/home/himanshu/ros2_ws/install/open_manipulator_mogi_py:/home/himanshu/ros2_ws/install/mogi_trajectory_server:/home/himanshu/ros2_ws/install/map_merge_py:/home/himanshu/ros2_ws/install/bme_ros2_tutorials_py:/home/himanshu/ros2_ws/install/bme_ros2_simple_arm_py:/home/himanshu/ros2_ws/install/bme_ros2_navigation_py:/home/himanshu/ros2_ws/install/bme_gazebo_sensors_py:/opt/ros/jazzy DEBUGINFOD_URLS=https://debuginfod.ubuntu.com LD_LIBRARY_PATH=/home/himanshu/ros2_ws/src/install/ur_dashboard_msgs/lib:${LD_LIBRARY_PATH} PYTHONPATH=/home/himanshu/ros2_ws/src/install/ur_dashboard_msgs/lib/python3.12/site-packages:${PYTHONPATH} /usr/bin/cmake /home/himanshu/ros2_ws/src/Universal_Robots_ROS2_Driver/ur_controllers -DCMAKE_INSTALL_PREFIX=/home/himanshu/ros2_ws/src/install/ur_controllers
[7.119s] Invoking command in '/home/himanshu/ros2_ws/src/build/ur_controllers': AMENT_PREFIX_PATH=/home/himanshu/ros2_ws/src/install/ur_dashboard_msgs:${AMENT_PREFIX_PATH} CMAKE_PREFIX_PATH=/home/himanshu/ros2_ws/src/install/ur_dashboard_msgs:/home/himanshu/ros2_ws/install/ur_simulation_gz:/home/himanshu/ros2_ws/install/ur:/home/himanshu/ros2_ws/install/ur_calibration:/home/himanshu/ros2_ws/install/ur_controllers:/home/himanshu/ros2_ws/install/ur_msgs:/home/himanshu/ros2_ws/install/ur_moveit_config:/home/himanshu/ros2_ws/install/ur_mogi:/home/himanshu/ros2_ws/install/ur_description:/home/himanshu/ros2_ws/install/ur_dashboard_msgs:/home/himanshu/ros2_ws/install/ur_client_library:/home/himanshu/ros2_ws/install/bitbots_tf_buffer:/home/himanshu/ros2_ws/install/ros2_python_extension:/home/himanshu/ros2_ws/install/rh_p12_rn_a_gazebo:/home/himanshu/ros2_ws/install/rh_p12_rn_a_description:/home/himanshu/ros2_ws/install/open_manipulator:/home/himanshu/ros2_ws/install/open_manipulator_teleop:/home/himanshu/ros2_ws/install/open_manipulator_playground:/home/himanshu/ros2_ws/install/open_manipulator_moveit_config:/home/himanshu/ros2_ws/install/open_manipulator_mogi:/home/himanshu/ros2_ws/install/open_manipulator_gui:/home/himanshu/ros2_ws/install/open_manipulator_bringup:/home/himanshu/ros2_ws/install/open_manipulator_description:/home/himanshu/ros2_ws/install/om_spring_actuator_controller:/home/himanshu/ros2_ws/install/om_joint_trajectory_command_broadcaster:/home/himanshu/ros2_ws/install/om_gravity_compensation_controller:/home/himanshu/ros2_ws/install/multirobot_map_merge:/home/himanshu/ros2_ws/install/explore_lite:/home/himanshu/ros2_ws/install/bme_ros2_tutorials_interfaces:/home/himanshu/ros2_ws/install/bme_ros2_tutorials_cpp:/home/himanshu/ros2_ws/install/bme_ros2_tutorials_bringup:/home/himanshu/ros2_ws/install/bme_ros2_simple_arm_moveit_config:/home/himanshu/ros2_ws/install/bme_ros2_simple_arm:/home/himanshu/ros2_ws/install/bme_ros2_navigation:/home/himanshu/ros2_ws/install/bme_gazebo_sensors:/home/himanshu/ros2_ws/install/bme_gazebo_basics:/opt/ros/jazzy/opt/gz_launch_vendor:/opt/ros/jazzy/opt/gz_sim_vendor:/opt/ros/jazzy/opt/gz_sensors_vendor:/opt/ros/jazzy/opt/gz_physics_vendor:/opt/ros/jazzy/opt/sdformat_vendor:/opt/ros/jazzy/opt/gz_gui_vendor:/opt/ros/jazzy/opt/gz_transport_vendor:/opt/ros/jazzy/opt/gz_rendering_vendor:/opt/ros/jazzy/opt/gz_plugin_vendor:/opt/ros/jazzy/opt/gz_fuel_tools_vendor:/opt/ros/jazzy/opt/gz_msgs_vendor:/opt/ros/jazzy/opt/gz_common_vendor:/opt/ros/jazzy/opt/gz_math_vendor:/opt/ros/jazzy/opt/gz_utils_vendor:/opt/ros/jazzy/opt/gz_tools_vendor:/opt/ros/jazzy/opt/gz_ogre_next_vendor:/opt/ros/jazzy/opt/gz_dartsim_vendor:/opt/ros/jazzy/opt/gz_cmake_vendor:/home/himanshu/ros2_ws/install/ur_robot_driver:/home/himanshu/ros2_ws/install/ur_mogi_py:/home/himanshu/ros2_ws/install/open_manipulator_mogi_py:/home/himanshu/ros2_ws/install/mogi_trajectory_server:/home/himanshu/ros2_ws/install/map_merge_py:/home/himanshu/ros2_ws/install/bme_ros2_tutorials_py:/home/himanshu/ros2_ws/install/bme_ros2_simple_arm_py:/home/himanshu/ros2_ws/install/bme_ros2_navigation_py:/home/himanshu/ros2_ws/install/bme_gazebo_sensors_py:/opt/ros/jazzy DEBUGINFOD_URLS=https://debuginfod.ubuntu.com LD_LIBRARY_PATH=/home/himanshu/ros2_ws/src/install/ur_dashboard_msgs/lib:${LD_LIBRARY_PATH} PYTHONPATH=/home/himanshu/ros2_ws/src/install/ur_dashboard_msgs/lib/python3.12/site-packages:${PYTHONPATH} /usr/bin/cmake --build /home/himanshu/ros2_ws/src/build/ur_controllers -- -j8 -l8
[7.272s] [  3%] [34m[1mRunning `/opt/ros/jazzy/bin/generate_parameter_library_cpp /home/himanshu/ros2_ws/src/build/ur_controllers/include/ur_controllers/force_mode_controller_parameters.hpp /home/himanshu/ros2_ws/src/Universal_Robots_ROS2_Driver/ur_controllers/src/force_mode_controller_parameters.yaml `[0m
[7.273s] [  6%] [34m[1mRunning `/opt/ros/jazzy/bin/generate_parameter_library_cpp /home/himanshu/ros2_ws/src/build/ur_controllers/include/ur_controllers/speed_scaling_state_broadcaster_parameters.hpp /home/himanshu/ros2_ws/src/Universal_Robots_ROS2_Driver/ur_controllers/src/speed_scaling_state_broadcaster_parameters.yaml `[0m
[7.277s] [  9%] [34m[1mRunning `/opt/ros/jazzy/bin/generate_parameter_library_cpp /home/himanshu/ros2_ws/src/build/ur_controllers/include/ur_controllers/gpio_controller_parameters.hpp /home/himanshu/ros2_ws/src/Universal_Robots_ROS2_Driver/ur_controllers/src/gpio_controller_parameters.yaml `[0m
[8.347s] [ 12%] [32mBuilding CXX object gmock/CMakeFiles/gmock_main.dir/src/gmock_main.cc.o[0m
[8.355s] [ 16%] [34m[1mRunning `/opt/ros/jazzy/bin/generate_parameter_library_cpp /home/himanshu/ros2_ws/src/build/ur_controllers/include/ur_controllers/ur_configuration_controller_parameters.hpp /home/himanshu/ros2_ws/src/Universal_Robots_ROS2_Driver/ur_controllers/src/ur_configuration_controller_parameters.yaml `[0m
[9.481s] [ 19%] [34m[1mRunning `/opt/ros/jazzy/bin/generate_parameter_library_cpp /home/himanshu/ros2_ws/src/build/ur_controllers/include/ur_controllers/freedrive_mode_controller_parameters.hpp /home/himanshu/ros2_ws/src/Universal_Robots_ROS2_Driver/ur_controllers/src/freedrive_mode_controller_parameters.yaml `[0m
[9.490s] [ 22%] [34m[1mRunning `/opt/ros/jazzy/bin/generate_parameter_library_cpp /home/himanshu/ros2_ws/src/build/ur_controllers/include/ur_controllers/passthrough_trajectory_controller_parameters.hpp /home/himanshu/ros2_ws/src/Universal_Robots_ROS2_Driver/ur_controllers/src/passthrough_trajectory_controller_parameters.yaml `[0m
[9.613s] [ 25%] [34m[1mCreating deprecated header file /home/himanshu/ros2_ws/src/build/ur_controllers/include/gpio_controller_parameters.hpp[0m
[9.871s] [ 25%] Built target gpio_controller_parameters
[9.875s] [ 29%] [34m[1mCreating deprecated header file /home/himanshu/ros2_ws/src/build/ur_controllers/include/force_mode_controller_parameters.hpp[0m
[9.907s] [ 32%] [34m[1mCreating deprecated header file /home/himanshu/ros2_ws/src/build/ur_controllers/include/speed_scaling_state_broadcaster_parameters.hpp[0m
[9.971s] [ 35%] [34m[1mRunning `/opt/ros/jazzy/bin/generate_parameter_library_cpp /home/himanshu/ros2_ws/src/build/ur_controllers/include/ur_controllers/scaled_joint_trajectory_controller_parameters.hpp /home/himanshu/ros2_ws/src/Universal_Robots_ROS2_Driver/ur_controllers/src/scaled_joint_trajectory_controller_parameters.yaml `[0m
[10.073s] [ 38%] [32mBuilding CXX object gmock/CMakeFiles/gmock.dir/opt/ros/jazzy/src/gtest_vendor/src/gtest-all.cc.o[0m
[10.260s] [ 38%] Built target speed_scaling_state_broadcaster_parameters
[10.283s] [ 38%] Built target force_mode_controller_parameters
[10.316s] [ 41%] [32mBuilding CXX object gmock/CMakeFiles/gmock.dir/src/gmock-all.cc.o[0m
[11.356s] [ 45%] [34m[1mCreating deprecated header file /home/himanshu/ros2_ws/src/build/ur_controllers/include/ur_configuration_controller_parameters.hpp[0m
[11.612s] [ 45%] Built target ur_configuration_controller_parameters
[12.559s] [ 48%] [34m[1mCreating deprecated header file /home/himanshu/ros2_ws/src/build/ur_controllers/include/passthrough_trajectory_controller_parameters.hpp[0m
[12.773s] [ 48%] Built target passthrough_trajectory_controller_parameters
[13.010s] [ 51%] [34m[1mCreating deprecated header file /home/himanshu/ros2_ws/src/build/ur_controllers/include/freedrive_mode_controller_parameters.hpp[0m
[13.223s] [ 51%] Built target freedrive_mode_controller_parameters
[13.438s] [ 54%] [34m[1mCreating deprecated header file /home/himanshu/ros2_ws/src/build/ur_controllers/include/scaled_joint_trajectory_controller_parameters.hpp[0m
[13.616s] [ 54%] Built target scaled_joint_trajectory_controller_parameters
[13.699s] [ 58%] [32mBuilding CXX object CMakeFiles/ur_controllers.dir/src/force_mode_controller.cpp.o[0m
[13.701s] [ 61%] [32mBuilding CXX object CMakeFiles/ur_controllers.dir/src/scaled_joint_trajectory_controller.cpp.o[0m
[14.684s] [ 64%] [32m[1mLinking CXX static library libgmock_main.a[0m
[14.903s] [ 64%] Built target gmock_main
[24.064s] [ 67%] [32m[1mLinking CXX static library libgmock.a[0m
[24.330s] [ 67%] Built target gmock
[30.293s] [ 70%] [32mBuilding CXX object CMakeFiles/ur_controllers.dir/src/ur_configuration_controller.cpp.o[0m
[39.839s] [ 74%] [32mBuilding CXX object CMakeFiles/ur_controllers.dir/src/freedrive_mode_controller.cpp.o[0m
[39.840s] [ 77%] [32mBuilding CXX object CMakeFiles/ur_controllers.dir/src/passthrough_trajectory_controller.cpp.o[0m
[39.845s] [ 80%] [32mBuilding CXX object CMakeFiles/ur_controllers.dir/src/speed_scaling_state_broadcaster.cpp.o[0m
[39.849s] [ 83%] [32mBuilding CXX object CMakeFiles/ur_controllers.dir/src/gpio_controller.cpp.o[0m
[81.831s] [ 87%] [32m[1mLinking CXX shared library libur_controllers.so[0m
[84.553s] [ 87%] Built target ur_controllers
[84.597s] [ 90%] [32mBuilding CXX object CMakeFiles/test_load_force_mode_controller.dir/test/test_load_force_mode_controller.cpp.o[0m
[93.691s] [ 93%] [32m[1mLinking CXX executable test_load_force_mode_controller[0m
[94.396s] [ 93%] Built target test_load_force_mode_controller
[94.447s] [ 96%] [32mBuilding CXX object CMakeFiles/test_load_freedrive_mode_controller.dir/test/test_load_freedrive_mode_controller.cpp.o[0m
[95.380s] gmake[2]: *** [CMakeFiles/test_load_freedrive_mode_controller.dir/build.make:76: CMakeFiles/test_load_freedrive_mode_controller.dir/test/test_load_freedrive_mode_controller.cpp.o] Interrupt
[95.381s] gmake[1]: *** [CMakeFiles/Makefile2:450: CMakeFiles/test_load_freedrive_mode_controller.dir/all] Interrupt
[95.381s] gmake: *** [Makefile:146: all] Interrupt
[95.384s] Invoked command in '/home/himanshu/ros2_ws/src/build/ur_controllers' returned '-2': AMENT_PREFIX_PATH=/home/himanshu/ros2_ws/src/install/ur_dashboard_msgs:${AMENT_PREFIX_PATH} CMAKE_PREFIX_PATH=/home/himanshu/ros2_ws/src/install/ur_dashboard_msgs:/home/himanshu/ros2_ws/install/ur_simulation_gz:/home/himanshu/ros2_ws/install/ur:/home/himanshu/ros2_ws/install/ur_calibration:/home/himanshu/ros2_ws/install/ur_controllers:/home/himanshu/ros2_ws/install/ur_msgs:/home/himanshu/ros2_ws/install/ur_moveit_config:/home/himanshu/ros2_ws/install/ur_mogi:/home/himanshu/ros2_ws/install/ur_description:/home/himanshu/ros2_ws/install/ur_dashboard_msgs:/home/himanshu/ros2_ws/install/ur_client_library:/home/himanshu/ros2_ws/install/bitbots_tf_buffer:/home/himanshu/ros2_ws/install/ros2_python_extension:/home/himanshu/ros2_ws/install/rh_p12_rn_a_gazebo:/home/himanshu/ros2_ws/install/rh_p12_rn_a_description:/home/himanshu/ros2_ws/install/open_manipulator:/home/himanshu/ros2_ws/install/open_manipulator_teleop:/home/himanshu/ros2_ws/install/open_manipulator_playground:/home/himanshu/ros2_ws/install/open_manipulator_moveit_config:/home/himanshu/ros2_ws/install/open_manipulator_mogi:/home/himanshu/ros2_ws/install/open_manipulator_gui:/home/himanshu/ros2_ws/install/open_manipulator_bringup:/home/himanshu/ros2_ws/install/open_manipulator_description:/home/himanshu/ros2_ws/install/om_spring_actuator_controller:/home/himanshu/ros2_ws/install/om_joint_trajectory_command_broadcaster:/home/himanshu/ros2_ws/install/om_gravity_compensation_controller:/home/himanshu/ros2_ws/install/multirobot_map_merge:/home/himanshu/ros2_ws/install/explore_lite:/home/himanshu/ros2_ws/install/bme_ros2_tutorials_interfaces:/home/himanshu/ros2_ws/install/bme_ros2_tutorials_cpp:/home/himanshu/ros2_ws/install/bme_ros2_tutorials_bringup:/home/himanshu/ros2_ws/install/bme_ros2_simple_arm_moveit_config:/home/himanshu/ros2_ws/install/bme_ros2_simple_arm:/home/himanshu/ros2_ws/install/bme_ros2_navigation:/home/himanshu/ros2_ws/install/bme_gazebo_sensors:/home/himanshu/ros2_ws/install/bme_gazebo_basics:/opt/ros/jazzy/opt/gz_launch_vendor:/opt/ros/jazzy/opt/gz_sim_vendor:/opt/ros/jazzy/opt/gz_sensors_vendor:/opt/ros/jazzy/opt/gz_physics_vendor:/opt/ros/jazzy/opt/sdformat_vendor:/opt/ros/jazzy/opt/gz_gui_vendor:/opt/ros/jazzy/opt/gz_transport_vendor:/opt/ros/jazzy/opt/gz_rendering_vendor:/opt/ros/jazzy/opt/gz_plugin_vendor:/opt/ros/jazzy/opt/gz_fuel_tools_vendor:/opt/ros/jazzy/opt/gz_msgs_vendor:/opt/ros/jazzy/opt/gz_common_vendor:/opt/ros/jazzy/opt/gz_math_vendor:/opt/ros/jazzy/opt/gz_utils_vendor:/opt/ros/jazzy/opt/gz_tools_vendor:/opt/ros/jazzy/opt/gz_ogre_next_vendor:/opt/ros/jazzy/opt/gz_dartsim_vendor:/opt/ros/jazzy/opt/gz_cmake_vendor:/home/himanshu/ros2_ws/install/ur_robot_driver:/home/himanshu/ros2_ws/install/ur_mogi_py:/home/himanshu/ros2_ws/install/open_manipulator_mogi_py:/home/himanshu/ros2_ws/install/mogi_trajectory_server:/home/himanshu/ros2_ws/install/map_merge_py:/home/himanshu/ros2_ws/install/bme_ros2_tutorials_py:/home/himanshu/ros2_ws/install/bme_ros2_simple_arm_py:/home/himanshu/ros2_ws/install/bme_ros2_navigation_py:/home/himanshu/ros2_ws/install/bme_gazebo_sensors_py:/opt/ros/jazzy DEBUGINFOD_URLS=https://debuginfod.ubuntu.com LD_LIBRARY_PATH=/home/himanshu/ros2_ws/src/install/ur_dashboard_msgs/lib:${LD_LIBRARY_PATH} PYTHONPATH=/home/himanshu/ros2_ws/src/install/ur_dashboard_msgs/lib/python3.12/site-packages:${PYTHONPATH} /usr/bin/cmake --build /home/himanshu/ros2_ws/src/build/ur_controllers -- -j8 -l8
