[0.053s] Invoking command in '/home/himanshu/ros2_ws/src/build/bme_gazebo_basics': CMAKE_PREFIX_PATH=${CMAKE_PREFIX_PATH}:/home/himanshu/ros2_ws/install/ur_robot_driver:/home/himanshu/ros2_ws/install/ur_mogi_py:/home/himanshu/ros2_ws/install/open_manipulator_mogi_py:/home/himanshu/ros2_ws/install/mogi_trajectory_server:/home/himanshu/ros2_ws/install/map_merge_py:/home/himanshu/ros2_ws/install/bme_ros2_tutorials_py:/home/himanshu/ros2_ws/install/bme_ros2_simple_arm_py:/home/himanshu/ros2_ws/install/bme_ros2_navigation_py:/home/himanshu/ros2_ws/install/bme_gazebo_sensors_py:/opt/ros/jazzy DEBUGINFOD_URLS=https://debuginfod.ubuntu.com /usr/bin/cmake /home/himanshu/ros2_ws/src/bme_gazebo_basics -DCMAKE_INSTALL_PREFIX=/home/himanshu/ros2_ws/src/install/bme_gazebo_basics
[0.414s] -- The C compiler identification is GNU 13.3.0
[0.610s] -- The CXX compiler identification is GNU 13.3.0
[0.679s] -- Detecting C compiler ABI info
[1.036s] -- Detecting C compiler ABI info - done
[1.098s] -- Check for working C compiler: /usr/bin/cc - skipped
[1.102s] -- Detecting C compile features
[1.102s] -- Detecting C compile features - done
[1.159s] -- Detecting CXX compiler ABI info
[1.577s] -- Detecting CXX compiler ABI info - done
[1.624s] -- Check for working CXX compiler: /usr/bin/c++ - skipped
[1.625s] -- Detecting CXX compile features
[1.626s] -- Detecting CXX compile features - done
[1.664s] -- Found ament_cmake: 2.5.4 (/opt/ros/jazzy/share/ament_cmake/cmake)
[2.648s] -- Found Python3: /usr/bin/python3 (found version "3.12.3") found components: Interpreter 
[3.938s] -- Configuring done (3.8s)
[3.942s] -- Generating done (0.0s)
[3.947s] -- Build files have been written to: /home/himanshu/ros2_ws/src/build/bme_gazebo_basics
[3.968s] Invoked command in '/home/himanshu/ros2_ws/src/build/bme_gazebo_basics' returned '0': CMAKE_PREFIX_PATH=${CMAKE_PREFIX_PATH}:/home/himanshu/ros2_ws/install/ur_robot_driver:/home/himanshu/ros2_ws/install/ur_mogi_py:/home/himanshu/ros2_ws/install/open_manipulator_mogi_py:/home/himanshu/ros2_ws/install/mogi_trajectory_server:/home/himanshu/ros2_ws/install/map_merge_py:/home/himanshu/ros2_ws/install/bme_ros2_tutorials_py:/home/himanshu/ros2_ws/install/bme_ros2_simple_arm_py:/home/himanshu/ros2_ws/install/bme_ros2_navigation_py:/home/himanshu/ros2_ws/install/bme_gazebo_sensors_py:/opt/ros/jazzy DEBUGINFOD_URLS=https://debuginfod.ubuntu.com /usr/bin/cmake /home/himanshu/ros2_ws/src/bme_gazebo_basics -DCMAKE_INSTALL_PREFIX=/home/himanshu/ros2_ws/src/install/bme_gazebo_basics
[3.969s] Invoking command in '/home/himanshu/ros2_ws/src/build/bme_gazebo_basics': CMAKE_PREFIX_PATH=${CMAKE_PREFIX_PATH}:/home/himanshu/ros2_ws/install/ur_robot_driver:/home/himanshu/ros2_ws/install/ur_mogi_py:/home/himanshu/ros2_ws/install/open_manipulator_mogi_py:/home/himanshu/ros2_ws/install/mogi_trajectory_server:/home/himanshu/ros2_ws/install/map_merge_py:/home/himanshu/ros2_ws/install/bme_ros2_tutorials_py:/home/himanshu/ros2_ws/install/bme_ros2_simple_arm_py:/home/himanshu/ros2_ws/install/bme_ros2_navigation_py:/home/himanshu/ros2_ws/install/bme_gazebo_sensors_py:/opt/ros/jazzy DEBUGINFOD_URLS=https://debuginfod.ubuntu.com /usr/bin/cmake --build /home/himanshu/ros2_ws/src/build/bme_gazebo_basics -- -j8 -l8
[4.165s] Invoked command in '/home/himanshu/ros2_ws/src/build/bme_gazebo_basics' returned '0': CMAKE_PREFIX_PATH=${CMAKE_PREFIX_PATH}:/home/himanshu/ros2_ws/install/ur_robot_driver:/home/himanshu/ros2_ws/install/ur_mogi_py:/home/himanshu/ros2_ws/install/open_manipulator_mogi_py:/home/himanshu/ros2_ws/install/mogi_trajectory_server:/home/himanshu/ros2_ws/install/map_merge_py:/home/himanshu/ros2_ws/install/bme_ros2_tutorials_py:/home/himanshu/ros2_ws/install/bme_ros2_simple_arm_py:/home/himanshu/ros2_ws/install/bme_ros2_navigation_py:/home/himanshu/ros2_ws/install/bme_gazebo_sensors_py:/opt/ros/jazzy DEBUGINFOD_URLS=https://debuginfod.ubuntu.com /usr/bin/cmake --build /home/himanshu/ros2_ws/src/build/bme_gazebo_basics -- -j8 -l8
[4.169s] Invoking command in '/home/himanshu/ros2_ws/src/build/bme_gazebo_basics': CMAKE_PREFIX_PATH=${CMAKE_PREFIX_PATH}:/home/himanshu/ros2_ws/install/ur_robot_driver:/home/himanshu/ros2_ws/install/ur_mogi_py:/home/himanshu/ros2_ws/install/open_manipulator_mogi_py:/home/himanshu/ros2_ws/install/mogi_trajectory_server:/home/himanshu/ros2_ws/install/map_merge_py:/home/himanshu/ros2_ws/install/bme_ros2_tutorials_py:/home/himanshu/ros2_ws/install/bme_ros2_simple_arm_py:/home/himanshu/ros2_ws/install/bme_ros2_navigation_py:/home/himanshu/ros2_ws/install/bme_gazebo_sensors_py:/opt/ros/jazzy DEBUGINFOD_URLS=https://debuginfod.ubuntu.com /usr/bin/cmake --install /home/himanshu/ros2_ws/src/build/bme_gazebo_basics
[4.901s] -- Install configuration: ""
[4.902s] -- Installing: /home/himanshu/ros2_ws/src/install/bme_gazebo_basics/share/bme_gazebo_basics/launch
[4.921s] -- Installing: /home/himanshu/ros2_ws/src/install/bme_gazebo_basics/share/bme_gazebo_basics/launch/world.launch.py
[4.922s] -- Installing: /home/himanshu/ros2_ws/src/install/bme_gazebo_basics/share/bme_gazebo_basics/launch/check_urdf.launch.py
[4.922s] -- Installing: /home/himanshu/ros2_ws/src/install/bme_gazebo_basics/share/bme_gazebo_basics/launch/spawn_robot.launch.py
[4.922s] -- Installing: /home/himanshu/ros2_ws/src/install/bme_gazebo_basics/share/bme_gazebo_basics/worlds
[4.923s] -- Installing: /home/himanshu/ros2_ws/src/install/bme_gazebo_basics/share/bme_gazebo_basics/worlds/world.sdf
[4.923s] -- Installing: /home/himanshu/ros2_ws/src/install/bme_gazebo_basics/share/bme_gazebo_basics/worlds/new_world.sdf
[4.923s] -- Installing: /home/himanshu/ros2_ws/src/install/bme_gazebo_basics/share/bme_gazebo_basics/worlds/empty.sdf
[4.924s] -- Installing: /home/himanshu/ros2_ws/src/install/bme_gazebo_basics/share/bme_gazebo_basics/rviz
[4.924s] -- Installing: /home/himanshu/ros2_ws/src/install/bme_gazebo_basics/share/bme_gazebo_basics/rviz/urdf.rviz
[4.925s] -- Installing: /home/himanshu/ros2_ws/src/install/bme_gazebo_basics/share/bme_gazebo_basics/rviz/rviz.rviz
[4.926s] -- Installing: /home/himanshu/ros2_ws/src/install/bme_gazebo_basics/share/bme_gazebo_basics/urdf
[4.942s] -- Installing: /home/himanshu/ros2_ws/src/install/bme_gazebo_basics/share/bme_gazebo_basics/urdf/mogi_bot.gazebo
[4.944s] -- Installing: /home/himanshu/ros2_ws/src/install/bme_gazebo_basics/share/bme_gazebo_basics/urdf/mogi_bot.urdf
[4.945s] -- Installing: /home/himanshu/ros2_ws/src/install/bme_gazebo_basics/share/bme_gazebo_basics/urdf/mogi_bot_mecanum.gazebo
[4.945s] -- Installing: /home/himanshu/ros2_ws/src/install/bme_gazebo_basics/share/bme_gazebo_basics/urdf/mogi_bot_skid_steer.urdf
[4.946s] -- Installing: /home/himanshu/ros2_ws/src/install/bme_gazebo_basics/share/bme_gazebo_basics/urdf/materials.xacro
[4.946s] -- Installing: /home/himanshu/ros2_ws/src/install/bme_gazebo_basics/share/bme_gazebo_basics/urdf/mogi_bot_skid_steer.gazebo
[4.946s] -- Installing: /home/himanshu/ros2_ws/src/install/bme_gazebo_basics/share/bme_gazebo_basics/urdf/mogi_bot_mecanum.urdf
[4.946s] -- Installing: /home/himanshu/ros2_ws/src/install/bme_gazebo_basics/share/bme_gazebo_basics/meshes
[4.947s] -- Installing: /home/himanshu/ros2_ws/src/install/bme_gazebo_basics/share/bme_gazebo_basics/meshes/wheel.dae
[4.961s] -- Installing: /home/himanshu/ros2_ws/src/install/bme_gazebo_basics/share/bme_gazebo_basics/meshes/mogi_bot.STEP
[4.962s] -- Installing: /home/himanshu/ros2_ws/src/install/bme_gazebo_basics/share/bme_gazebo_basics/meshes/mecanum_wheel_left.STL
[4.962s] -- Installing: /home/himanshu/ros2_ws/src/install/bme_gazebo_basics/share/bme_gazebo_basics/meshes/mogi_bot.SLDPRT
[4.962s] -- Installing: /home/himanshu/ros2_ws/src/install/bme_gazebo_basics/share/bme_gazebo_basics/meshes/wheel.STL
[4.963s] -- Installing: /home/himanshu/ros2_ws/src/install/bme_gazebo_basics/share/bme_gazebo_basics/meshes/mogi_bot.STL
[4.963s] -- Installing: /home/himanshu/ros2_ws/src/install/bme_gazebo_basics/share/bme_gazebo_basics/meshes/mecanum_wheel_right.STL
[4.963s] -- Installing: /home/himanshu/ros2_ws/src/install/bme_gazebo_basics/share/bme_gazebo_basics/meshes/wheel.blend
[4.964s] -- Installing: /home/himanshu/ros2_ws/src/install/bme_gazebo_basics/share/bme_gazebo_basics/meshes/wheel.STEP
[4.974s] -- Installing: /home/himanshu/ros2_ws/src/install/bme_gazebo_basics/share/bme_gazebo_basics/meshes/wheel.SLDPRT
[4.974s] -- Installing: /home/himanshu/ros2_ws/src/install/bme_gazebo_basics/share/bme_gazebo_basics/meshes/mogi_bot.dae
[4.975s] -- Installing: /home/himanshu/ros2_ws/src/install/bme_gazebo_basics/share/bme_gazebo_basics/meshes/mogi_bot.blend
[4.975s] -- Installing: /home/himanshu/ros2_ws/src/install/bme_gazebo_basics/share/ament_index/resource_index/package_run_dependencies/bme_gazebo_basics
[4.982s] -- Installing: /home/himanshu/ros2_ws/src/install/bme_gazebo_basics/share/ament_index/resource_index/parent_prefix_path/bme_gazebo_basics
[4.983s] -- Installing: /home/himanshu/ros2_ws/src/install/bme_gazebo_basics/share/bme_gazebo_basics/environment/ament_prefix_path.sh
[4.983s] -- Installing: /home/himanshu/ros2_ws/src/install/bme_gazebo_basics/share/bme_gazebo_basics/environment/ament_prefix_path.dsv
[4.983s] -- Installing: /home/himanshu/ros2_ws/src/install/bme_gazebo_basics/share/bme_gazebo_basics/environment/path.sh
[4.984s] -- Installing: /home/himanshu/ros2_ws/src/install/bme_gazebo_basics/share/bme_gazebo_basics/environment/path.dsv
[4.984s] -- Installing: /home/himanshu/ros2_ws/src/install/bme_gazebo_basics/share/bme_gazebo_basics/local_setup.bash
[4.984s] -- Installing: /home/himanshu/ros2_ws/src/install/bme_gazebo_basics/share/bme_gazebo_basics/local_setup.sh
[4.985s] -- Installing: /home/himanshu/ros2_ws/src/install/bme_gazebo_basics/share/bme_gazebo_basics/local_setup.zsh
[4.985s] -- Installing: /home/himanshu/ros2_ws/src/install/bme_gazebo_basics/share/bme_gazebo_basics/local_setup.dsv
[4.990s] -- Installing: /home/himanshu/ros2_ws/src/install/bme_gazebo_basics/share/bme_gazebo_basics/package.dsv
[4.990s] -- Installing: /home/himanshu/ros2_ws/src/install/bme_gazebo_basics/share/ament_index/resource_index/packages/bme_gazebo_basics
[4.991s] -- Installing: /home/himanshu/ros2_ws/src/install/bme_gazebo_basics/share/bme_gazebo_basics/cmake/bme_gazebo_basicsConfig.cmake
[4.991s] -- Installing: /home/himanshu/ros2_ws/src/install/bme_gazebo_basics/share/bme_gazebo_basics/cmake/bme_gazebo_basicsConfig-version.cmake
[4.991s] -- Installing: /home/himanshu/ros2_ws/src/install/bme_gazebo_basics/share/bme_gazebo_basics/package.xml
[4.996s] Invoked command in '/home/himanshu/ros2_ws/src/build/bme_gazebo_basics' returned '0': CMAKE_PREFIX_PATH=${CMAKE_PREFIX_PATH}:/home/himanshu/ros2_ws/install/ur_robot_driver:/home/himanshu/ros2_ws/install/ur_mogi_py:/home/himanshu/ros2_ws/install/open_manipulator_mogi_py:/home/himanshu/ros2_ws/install/mogi_trajectory_server:/home/himanshu/ros2_ws/install/map_merge_py:/home/himanshu/ros2_ws/install/bme_ros2_tutorials_py:/home/himanshu/ros2_ws/install/bme_ros2_simple_arm_py:/home/himanshu/ros2_ws/install/bme_ros2_navigation_py:/home/himanshu/ros2_ws/install/bme_gazebo_sensors_py:/opt/ros/jazzy DEBUGINFOD_URLS=https://debuginfod.ubuntu.com /usr/bin/cmake --install /home/himanshu/ros2_ws/src/build/bme_gazebo_basics
