[3.974s] Invoking command in '/home/himanshu/ros2_ws/src/bme_ros2_navigation_py': DEBUGINFOD_URLS=https://debuginfod.ubuntu.com PYTHONPATH=/home/himanshu/ros2_ws/src/build/bme_ros2_navigation_py/prefix_override:/usr/lib/python3/dist-packages/colcon_core/task/python/colcon_distutils_commands:/home/himanshu/ros2_ws/src/install/bme_ros2_navigation_py/lib/python3.12/site-packages:${PYTHONPATH} /usr/bin/python3 -W ignore:setup.py install is deprecated -W ignore:easy_install command is deprecated setup.py egg_info --egg-base ../build/bme_ros2_navigation_py build --build-base /home/himanshu/ros2_ws/src/build/bme_ros2_navigation_py/build install --record /home/himanshu/ros2_ws/src/build/bme_ros2_navigation_py/install.log --single-version-externally-managed install_data
[5.583s] running egg_info
[5.584s] creating ../build/bme_ros2_navigation_py/bme_ros2_navigation_py.egg-info
[5.709s] writing ../build/bme_ros2_navigation_py/bme_ros2_navigation_py.egg-info/PKG-INFO
[5.709s] writing dependency_links to ../build/bme_ros2_navigation_py/bme_ros2_navigation_py.egg-info/dependency_links.txt
[5.709s] writing entry points to ../build/bme_ros2_navigation_py/bme_ros2_navigation_py.egg-info/entry_points.txt
[5.710s] writing requirements to ../build/bme_ros2_navigation_py/bme_ros2_navigation_py.egg-info/requires.txt
[5.710s] writing top-level names to ../build/bme_ros2_navigation_py/bme_ros2_navigation_py.egg-info/top_level.txt
[5.711s] writing manifest file '../build/bme_ros2_navigation_py/bme_ros2_navigation_py.egg-info/SOURCES.txt'
[5.940s] reading manifest file '../build/bme_ros2_navigation_py/bme_ros2_navigation_py.egg-info/SOURCES.txt'
[5.943s] writing manifest file '../build/bme_ros2_navigation_py/bme_ros2_navigation_py.egg-info/SOURCES.txt'
[5.943s] running build
[5.944s] running build_py
[5.944s] creating /home/himanshu/ros2_ws/src/build/bme_ros2_navigation_py/build
[5.945s] creating /home/himanshu/ros2_ws/src/build/bme_ros2_navigation_py/build/lib
[5.945s] creating /home/himanshu/ros2_ws/src/build/bme_ros2_navigation_py/build/lib/bme_ros2_navigation_py
[5.945s] copying bme_ros2_navigation_py/__init__.py -> /home/himanshu/ros2_ws/src/build/bme_ros2_navigation_py/build/lib/bme_ros2_navigation_py
[5.946s] copying bme_ros2_navigation_py/slam_toolbox_load_map.py -> /home/himanshu/ros2_ws/src/build/bme_ros2_navigation_py/build/lib/bme_ros2_navigation_py
[5.947s] copying bme_ros2_navigation_py/follow_waypoints.py -> /home/himanshu/ros2_ws/src/build/bme_ros2_navigation_py/build/lib/bme_ros2_navigation_py
[5.947s] copying bme_ros2_navigation_py/send_initialpose.py -> /home/himanshu/ros2_ws/src/build/bme_ros2_navigation_py/build/lib/bme_ros2_navigation_py
[5.949s] running install
[5.976s] running install_lib
[6.093s] creating /home/himanshu/ros2_ws/src/install/bme_ros2_navigation_py/lib/python3.12/site-packages/bme_ros2_navigation_py
[6.096s] copying /home/himanshu/ros2_ws/src/build/bme_ros2_navigation_py/build/lib/bme_ros2_navigation_py/__init__.py -> /home/himanshu/ros2_ws/src/install/bme_ros2_navigation_py/lib/python3.12/site-packages/bme_ros2_navigation_py
[6.097s] copying /home/himanshu/ros2_ws/src/build/bme_ros2_navigation_py/build/lib/bme_ros2_navigation_py/slam_toolbox_load_map.py -> /home/himanshu/ros2_ws/src/install/bme_ros2_navigation_py/lib/python3.12/site-packages/bme_ros2_navigation_py
[6.098s] copying /home/himanshu/ros2_ws/src/build/bme_ros2_navigation_py/build/lib/bme_ros2_navigation_py/follow_waypoints.py -> /home/himanshu/ros2_ws/src/install/bme_ros2_navigation_py/lib/python3.12/site-packages/bme_ros2_navigation_py
[6.099s] copying /home/himanshu/ros2_ws/src/build/bme_ros2_navigation_py/build/lib/bme_ros2_navigation_py/send_initialpose.py -> /home/himanshu/ros2_ws/src/install/bme_ros2_navigation_py/lib/python3.12/site-packages/bme_ros2_navigation_py
[6.099s] byte-compiling /home/himanshu/ros2_ws/src/install/bme_ros2_navigation_py/lib/python3.12/site-packages/bme_ros2_navigation_py/__init__.py to __init__.cpython-312.pyc
[6.099s] byte-compiling /home/himanshu/ros2_ws/src/install/bme_ros2_navigation_py/lib/python3.12/site-packages/bme_ros2_navigation_py/slam_toolbox_load_map.py to slam_toolbox_load_map.cpython-312.pyc
[6.100s] byte-compiling /home/himanshu/ros2_ws/src/install/bme_ros2_navigation_py/lib/python3.12/site-packages/bme_ros2_navigation_py/follow_waypoints.py to follow_waypoints.cpython-312.pyc
[6.108s] byte-compiling /home/himanshu/ros2_ws/src/install/bme_ros2_navigation_py/lib/python3.12/site-packages/bme_ros2_navigation_py/send_initialpose.py to send_initialpose.cpython-312.pyc
[6.109s] running install_data
[6.109s] creating /home/himanshu/ros2_ws/src/install/bme_ros2_navigation_py/share/ament_index
[6.113s] creating /home/himanshu/ros2_ws/src/install/bme_ros2_navigation_py/share/ament_index/resource_index
[6.113s] creating /home/himanshu/ros2_ws/src/install/bme_ros2_navigation_py/share/ament_index/resource_index/packages
[6.113s] copying resource/bme_ros2_navigation_py -> /home/himanshu/ros2_ws/src/install/bme_ros2_navigation_py/share/ament_index/resource_index/packages
[6.114s] copying package.xml -> /home/himanshu/ros2_ws/src/install/bme_ros2_navigation_py/share/bme_ros2_navigation_py
[6.114s] running install_egg_info
[6.232s] Copying ../build/bme_ros2_navigation_py/bme_ros2_navigation_py.egg-info to /home/himanshu/ros2_ws/src/install/bme_ros2_navigation_py/lib/python3.12/site-packages/bme_ros2_navigation_py-1.0.0-py3.12.egg-info
[6.235s] running install_scripts
[7.048s] Installing follow_waypoints script to /home/himanshu/ros2_ws/src/install/bme_ros2_navigation_py/lib/bme_ros2_navigation_py
[7.048s] Installing send_initialpose script to /home/himanshu/ros2_ws/src/install/bme_ros2_navigation_py/lib/bme_ros2_navigation_py
[7.049s] Installing slam_toolbox_load_map script to /home/himanshu/ros2_ws/src/install/bme_ros2_navigation_py/lib/bme_ros2_navigation_py
[7.049s] writing list of installed files to '/home/himanshu/ros2_ws/src/build/bme_ros2_navigation_py/install.log'
[7.204s] Invoked command in '/home/himanshu/ros2_ws/src/bme_ros2_navigation_py' returned '0': DEBUGINFOD_URLS=https://debuginfod.ubuntu.com PYTHONPATH=/home/himanshu/ros2_ws/src/build/bme_ros2_navigation_py/prefix_override:/usr/lib/python3/dist-packages/colcon_core/task/python/colcon_distutils_commands:/home/himanshu/ros2_ws/src/install/bme_ros2_navigation_py/lib/python3.12/site-packages:${PYTHONPATH} /usr/bin/python3 -W ignore:setup.py install is deprecated -W ignore:easy_install command is deprecated setup.py egg_info --egg-base ../build/bme_ros2_navigation_py build --build-base /home/himanshu/ros2_ws/src/build/bme_ros2_navigation_py/build install --record /home/himanshu/ros2_ws/src/build/bme_ros2_navigation_py/install.log --single-version-externally-managed install_data
