[0.041s] Invoking command in '/home/himanshu/ros2_ws/src/build/bme_gazebo_sensors': CMAKE_PREFIX_PATH=${CMAKE_PREFIX_PATH}:/home/himanshu/ros2_ws/install/ur_robot_driver:/home/himanshu/ros2_ws/install/ur_mogi_py:/home/himanshu/ros2_ws/install/open_manipulator_mogi_py:/home/himanshu/ros2_ws/install/mogi_trajectory_server:/home/himanshu/ros2_ws/install/map_merge_py:/home/himanshu/ros2_ws/install/bme_ros2_tutorials_py:/home/himanshu/ros2_ws/install/bme_ros2_simple_arm_py:/home/himanshu/ros2_ws/install/bme_ros2_navigation_py:/home/himanshu/ros2_ws/install/bme_gazebo_sensors_py:/opt/ros/jazzy DEBUGINFOD_URLS=https://debuginfod.ubuntu.com /usr/bin/cmake /home/himanshu/ros2_ws/src/bme_gazebo_sensors -DCMAKE_INSTALL_PREFIX=/home/himanshu/ros2_ws/src/install/bme_gazebo_sensors
[0.305s] -- The C compiler identification is GNU 13.3.0
[0.522s] -- The CXX compiler identification is GNU 13.3.0
[0.595s] -- Detecting C compiler ABI info
[0.949s] -- Detecting C compiler ABI info - done
[0.997s] -- Check for working C compiler: /usr/bin/cc - skipped
[0.997s] -- Detecting C compile features
[0.998s] -- Detecting C compile features - done
[1.046s] -- Detecting CXX compiler ABI info
[1.513s] -- Detecting CXX compiler ABI info - done
[1.566s] -- Check for working CXX compiler: /usr/bin/c++ - skipped
[1.567s] -- Detecting CXX compile features
[1.569s] -- Detecting CXX compile features - done
[1.603s] -- Found ament_cmake: 2.5.4 (/opt/ros/jazzy/share/ament_cmake/cmake)
[2.629s] -- Found Python3: /usr/bin/python3 (found version "3.12.3") found components: Interpreter 
[3.672s] -- Found ament_lint_auto: 0.17.2 (/opt/ros/jazzy/share/ament_lint_auto/cmake)
[4.551s] -- Added test 'flake8' to check Python code syntax and style conventions
[4.552s] -- Configured 'flake8' exclude dirs and/or files: 
[4.559s] -- Added test 'lint_cmake' to check CMake code style
[4.569s] -- Added test 'pep257' to check Python code against some of the docstring style conventions in PEP 257
[4.577s] -- Added test 'xmllint' to check XML markup files
[4.592s] -- Configuring done (4.5s)
[4.607s] -- Generating done (0.0s)
[4.619s] -- Build files have been written to: /home/himanshu/ros2_ws/src/build/bme_gazebo_sensors
[4.658s] Invoked command in '/home/himanshu/ros2_ws/src/build/bme_gazebo_sensors' returned '0': CMAKE_PREFIX_PATH=${CMAKE_PREFIX_PATH}:/home/himanshu/ros2_ws/install/ur_robot_driver:/home/himanshu/ros2_ws/install/ur_mogi_py:/home/himanshu/ros2_ws/install/open_manipulator_mogi_py:/home/himanshu/ros2_ws/install/mogi_trajectory_server:/home/himanshu/ros2_ws/install/map_merge_py:/home/himanshu/ros2_ws/install/bme_ros2_tutorials_py:/home/himanshu/ros2_ws/install/bme_ros2_simple_arm_py:/home/himanshu/ros2_ws/install/bme_ros2_navigation_py:/home/himanshu/ros2_ws/install/bme_gazebo_sensors_py:/opt/ros/jazzy DEBUGINFOD_URLS=https://debuginfod.ubuntu.com /usr/bin/cmake /home/himanshu/ros2_ws/src/bme_gazebo_sensors -DCMAKE_INSTALL_PREFIX=/home/himanshu/ros2_ws/src/install/bme_gazebo_sensors
[4.660s] Invoking command in '/home/himanshu/ros2_ws/src/build/bme_gazebo_sensors': CMAKE_PREFIX_PATH=${CMAKE_PREFIX_PATH}:/home/himanshu/ros2_ws/install/ur_robot_driver:/home/himanshu/ros2_ws/install/ur_mogi_py:/home/himanshu/ros2_ws/install/open_manipulator_mogi_py:/home/himanshu/ros2_ws/install/mogi_trajectory_server:/home/himanshu/ros2_ws/install/map_merge_py:/home/himanshu/ros2_ws/install/bme_ros2_tutorials_py:/home/himanshu/ros2_ws/install/bme_ros2_simple_arm_py:/home/himanshu/ros2_ws/install/bme_ros2_navigation_py:/home/himanshu/ros2_ws/install/bme_gazebo_sensors_py:/opt/ros/jazzy DEBUGINFOD_URLS=https://debuginfod.ubuntu.com /usr/bin/cmake --build /home/himanshu/ros2_ws/src/build/bme_gazebo_sensors -- -j8 -l8
[7.545s] Invoked command in '/home/himanshu/ros2_ws/src/build/bme_gazebo_sensors' returned '0': CMAKE_PREFIX_PATH=${CMAKE_PREFIX_PATH}:/home/himanshu/ros2_ws/install/ur_robot_driver:/home/himanshu/ros2_ws/install/ur_mogi_py:/home/himanshu/ros2_ws/install/open_manipulator_mogi_py:/home/himanshu/ros2_ws/install/mogi_trajectory_server:/home/himanshu/ros2_ws/install/map_merge_py:/home/himanshu/ros2_ws/install/bme_ros2_tutorials_py:/home/himanshu/ros2_ws/install/bme_ros2_simple_arm_py:/home/himanshu/ros2_ws/install/bme_ros2_navigation_py:/home/himanshu/ros2_ws/install/bme_gazebo_sensors_py:/opt/ros/jazzy DEBUGINFOD_URLS=https://debuginfod.ubuntu.com /usr/bin/cmake --build /home/himanshu/ros2_ws/src/build/bme_gazebo_sensors -- -j8 -l8
[7.547s] Invoking command in '/home/himanshu/ros2_ws/src/build/bme_gazebo_sensors': CMAKE_PREFIX_PATH=${CMAKE_PREFIX_PATH}:/home/himanshu/ros2_ws/install/ur_robot_driver:/home/himanshu/ros2_ws/install/ur_mogi_py:/home/himanshu/ros2_ws/install/open_manipulator_mogi_py:/home/himanshu/ros2_ws/install/mogi_trajectory_server:/home/himanshu/ros2_ws/install/map_merge_py:/home/himanshu/ros2_ws/install/bme_ros2_tutorials_py:/home/himanshu/ros2_ws/install/bme_ros2_simple_arm_py:/home/himanshu/ros2_ws/install/bme_ros2_navigation_py:/home/himanshu/ros2_ws/install/bme_gazebo_sensors_py:/opt/ros/jazzy DEBUGINFOD_URLS=https://debuginfod.ubuntu.com /usr/bin/cmake --install /home/himanshu/ros2_ws/src/build/bme_gazebo_sensors
[7.595s] -- Install configuration: ""
[7.596s] -- Installing: /home/himanshu/ros2_ws/src/install/bme_gazebo_sensors/share/bme_gazebo_sensors/launch
[7.599s] -- Installing: /home/himanshu/ros2_ws/src/install/bme_gazebo_sensors/share/bme_gazebo_sensors/launch/world.launch.py
[7.601s] -- Installing: /home/himanshu/ros2_ws/src/install/bme_gazebo_sensors/share/bme_gazebo_sensors/launch/check_urdf.launch.py
[7.603s] -- Installing: /home/himanshu/ros2_ws/src/install/bme_gazebo_sensors/share/bme_gazebo_sensors/launch/spawn_robot.launch.py
[7.610s] -- Installing: /home/himanshu/ros2_ws/src/install/bme_gazebo_sensors/share/bme_gazebo_sensors/worlds
[7.612s] -- Installing: /home/himanshu/ros2_ws/src/install/bme_gazebo_sensors/share/bme_gazebo_sensors/worlds/world.sdf
[7.612s] -- Installing: /home/himanshu/ros2_ws/src/install/bme_gazebo_sensors/share/bme_gazebo_sensors/worlds/empty.sdf
[7.613s] -- Installing: /home/himanshu/ros2_ws/src/install/bme_gazebo_sensors/share/bme_gazebo_sensors/worlds/home.sdf
[7.613s] -- Installing: /home/himanshu/ros2_ws/src/install/bme_gazebo_sensors/share/bme_gazebo_sensors/rviz
[7.629s] -- Installing: /home/himanshu/ros2_ws/src/install/bme_gazebo_sensors/share/bme_gazebo_sensors/rviz/gps.rviz
[7.629s] -- Installing: /home/himanshu/ros2_ws/src/install/bme_gazebo_sensors/share/bme_gazebo_sensors/rviz/urdf.rviz
[7.630s] -- Installing: /home/himanshu/ros2_ws/src/install/bme_gazebo_sensors/share/bme_gazebo_sensors/rviz/rviz.rviz
[7.630s] -- Installing: /home/himanshu/ros2_ws/src/install/bme_gazebo_sensors/share/bme_gazebo_sensors/urdf
[7.631s] -- Installing: /home/himanshu/ros2_ws/src/install/bme_gazebo_sensors/share/bme_gazebo_sensors/urdf/mogi_bot.gazebo
[7.631s] -- Installing: /home/himanshu/ros2_ws/src/install/bme_gazebo_sensors/share/bme_gazebo_sensors/urdf/mogi_bot.urdf
[7.631s] -- Installing: /home/himanshu/ros2_ws/src/install/bme_gazebo_sensors/share/bme_gazebo_sensors/urdf/materials.xacro
[7.632s] -- Installing: /home/himanshu/ros2_ws/src/install/bme_gazebo_sensors/share/bme_gazebo_sensors/meshes
[7.632s] -- Installing: /home/himanshu/ros2_ws/src/install/bme_gazebo_sensors/share/bme_gazebo_sensors/meshes/wheel.dae
[7.634s] -- Installing: /home/himanshu/ros2_ws/src/install/bme_gazebo_sensors/share/bme_gazebo_sensors/meshes/lidar.dae
[7.636s] -- Installing: /home/himanshu/ros2_ws/src/install/bme_gazebo_sensors/share/bme_gazebo_sensors/meshes/mogi_bot.dae
[7.638s] -- Installing: /home/himanshu/ros2_ws/src/install/bme_gazebo_sensors/share/bme_gazebo_sensors/config
[7.639s] -- Installing: /home/himanshu/ros2_ws/src/install/bme_gazebo_sensors/share/bme_gazebo_sensors/config/ekf.yaml
[7.640s] -- Installing: /home/himanshu/ros2_ws/src/install/bme_gazebo_sensors/share/ament_index/resource_index/package_run_dependencies/bme_gazebo_sensors
[7.643s] -- Installing: /home/himanshu/ros2_ws/src/install/bme_gazebo_sensors/share/ament_index/resource_index/parent_prefix_path/bme_gazebo_sensors
[7.643s] -- Installing: /home/himanshu/ros2_ws/src/install/bme_gazebo_sensors/share/bme_gazebo_sensors/environment/ament_prefix_path.sh
[7.645s] -- Installing: /home/himanshu/ros2_ws/src/install/bme_gazebo_sensors/share/bme_gazebo_sensors/environment/ament_prefix_path.dsv
[7.647s] -- Installing: /home/himanshu/ros2_ws/src/install/bme_gazebo_sensors/share/bme_gazebo_sensors/environment/path.sh
[7.647s] -- Installing: /home/himanshu/ros2_ws/src/install/bme_gazebo_sensors/share/bme_gazebo_sensors/environment/path.dsv
[7.649s] -- Installing: /home/himanshu/ros2_ws/src/install/bme_gazebo_sensors/share/bme_gazebo_sensors/local_setup.bash
[7.650s] -- Installing: /home/himanshu/ros2_ws/src/install/bme_gazebo_sensors/share/bme_gazebo_sensors/local_setup.sh
[7.651s] -- Installing: /home/himanshu/ros2_ws/src/install/bme_gazebo_sensors/share/bme_gazebo_sensors/local_setup.zsh
[7.652s] -- Installing: /home/himanshu/ros2_ws/src/install/bme_gazebo_sensors/share/bme_gazebo_sensors/local_setup.dsv
[7.653s] -- Installing: /home/himanshu/ros2_ws/src/install/bme_gazebo_sensors/share/bme_gazebo_sensors/package.dsv
[7.655s] -- Installing: /home/himanshu/ros2_ws/src/install/bme_gazebo_sensors/share/ament_index/resource_index/packages/bme_gazebo_sensors
[7.655s] -- Installing: /home/himanshu/ros2_ws/src/install/bme_gazebo_sensors/share/bme_gazebo_sensors/cmake/bme_gazebo_sensorsConfig.cmake
[7.657s] -- Installing: /home/himanshu/ros2_ws/src/install/bme_gazebo_sensors/share/bme_gazebo_sensors/cmake/bme_gazebo_sensorsConfig-version.cmake
[7.659s] -- Installing: /home/himanshu/ros2_ws/src/install/bme_gazebo_sensors/share/bme_gazebo_sensors/package.xml
[8.583s] Invoked command in '/home/himanshu/ros2_ws/src/build/bme_gazebo_sensors' returned '0': CMAKE_PREFIX_PATH=${CMAKE_PREFIX_PATH}:/home/himanshu/ros2_ws/install/ur_robot_driver:/home/himanshu/ros2_ws/install/ur_mogi_py:/home/himanshu/ros2_ws/install/open_manipulator_mogi_py:/home/himanshu/ros2_ws/install/mogi_trajectory_server:/home/himanshu/ros2_ws/install/map_merge_py:/home/himanshu/ros2_ws/install/bme_ros2_tutorials_py:/home/himanshu/ros2_ws/install/bme_ros2_simple_arm_py:/home/himanshu/ros2_ws/install/bme_ros2_navigation_py:/home/himanshu/ros2_ws/install/bme_gazebo_sensors_py:/opt/ros/jazzy DEBUGINFOD_URLS=https://debuginfod.ubuntu.com /usr/bin/cmake --install /home/himanshu/ros2_ws/src/build/bme_gazebo_sensors
