[0.015s] Invoking command in '/home/himanshu/ros2_ws/bme_ros2_tutorials_bringup/build/bme_ros2_tutorials_bringup': CMAKE_PREFIX_PATH=${CMAKE_PREFIX_PATH}:/opt/ros/jazzy CONDA_PROMPT_MODIFIER=(base) DEBUGINFOD_URLS=https://debuginfod.ubuntu.com /usr/bin/cmake /home/himanshu/ros2_ws/bme_ros2_tutorials_bringup -DCMAKE_INSTALL_PREFIX=/home/himanshu/ros2_ws/bme_ros2_tutorials_bringup/install/bme_ros2_tutorials_bringup
[0.264s] -- The C compiler identification is GNU 13.3.0
[0.370s] -- The CXX compiler identification is GNU 13.3.0
[0.402s] -- Detecting C compiler ABI info
[0.558s] -- Detecting C compiler ABI info - done
[0.606s] -- Check for working C compiler: /usr/bin/cc - skipped
[0.608s] -- Detecting C compile features
[0.611s] -- Detecting C compile features - done
[0.648s] -- Detecting CXX compiler ABI info
[0.938s] -- Detecting CXX compiler ABI info - done
[0.952s] -- Check for working CXX compiler: /usr/bin/c++ - skipped
[0.952s] -- Detecting CXX compile features
[0.953s] -- Detecting CXX compile features - done
[0.966s] -- Found ament_cmake: 2.5.4 (/opt/ros/jazzy/share/ament_cmake/cmake)
[1.147s] -- Found Python3: /home/himanshu/miniconda3/bin/python3 (found version "3.13.2") found components: Interpreter 
[1.296s] -- Found ament_lint_auto: 0.17.2 (/opt/ros/jazzy/share/ament_lint_auto/cmake)
[1.437s] -- Added test 'cppcheck' to perform static code analysis on C / C++ code
[1.438s] -- Configured cppcheck include dirs: 
[1.438s] -- Configured cppcheck exclude dirs and/or files: 
[1.440s] -- Added test 'flake8' to check Python code syntax and style conventions
[1.440s] -- Configured 'flake8' exclude dirs and/or files: 
[1.442s] -- Added test 'lint_cmake' to check CMake code style
[1.443s] -- Added test 'pep257' to check Python code against some of the docstring style conventions in PEP 257
[1.450s] -- Added test 'uncrustify' to check C / C++ code style
[1.450s] -- Configured uncrustify additional arguments: 
[1.451s] -- Added test 'xmllint' to check XML markup files
[1.453s] -- Configuring done (1.4s)
[1.458s] -- Generating done (0.0s)
[1.461s] -- Build files have been written to: /home/himanshu/ros2_ws/bme_ros2_tutorials_bringup/build/bme_ros2_tutorials_bringup
[1.467s] Invoked command in '/home/himanshu/ros2_ws/bme_ros2_tutorials_bringup/build/bme_ros2_tutorials_bringup' returned '0': CMAKE_PREFIX_PATH=${CMAKE_PREFIX_PATH}:/opt/ros/jazzy CONDA_PROMPT_MODIFIER=(base) DEBUGINFOD_URLS=https://debuginfod.ubuntu.com /usr/bin/cmake /home/himanshu/ros2_ws/bme_ros2_tutorials_bringup -DCMAKE_INSTALL_PREFIX=/home/himanshu/ros2_ws/bme_ros2_tutorials_bringup/install/bme_ros2_tutorials_bringup
[1.468s] Invoking command in '/home/himanshu/ros2_ws/bme_ros2_tutorials_bringup/build/bme_ros2_tutorials_bringup': CMAKE_PREFIX_PATH=${CMAKE_PREFIX_PATH}:/opt/ros/jazzy CONDA_PROMPT_MODIFIER=(base) DEBUGINFOD_URLS=https://debuginfod.ubuntu.com /usr/bin/cmake --build /home/himanshu/ros2_ws/bme_ros2_tutorials_bringup/build/bme_ros2_tutorials_bringup -- -j8 -l8
[1.520s] Invoked command in '/home/himanshu/ros2_ws/bme_ros2_tutorials_bringup/build/bme_ros2_tutorials_bringup' returned '0': CMAKE_PREFIX_PATH=${CMAKE_PREFIX_PATH}:/opt/ros/jazzy CONDA_PROMPT_MODIFIER=(base) DEBUGINFOD_URLS=https://debuginfod.ubuntu.com /usr/bin/cmake --build /home/himanshu/ros2_ws/bme_ros2_tutorials_bringup/build/bme_ros2_tutorials_bringup -- -j8 -l8
[1.541s] Invoking command in '/home/himanshu/ros2_ws/bme_ros2_tutorials_bringup/build/bme_ros2_tutorials_bringup': CMAKE_PREFIX_PATH=${CMAKE_PREFIX_PATH}:/opt/ros/jazzy CONDA_PROMPT_MODIFIER=(base) DEBUGINFOD_URLS=https://debuginfod.ubuntu.com /usr/bin/cmake --install /home/himanshu/ros2_ws/bme_ros2_tutorials_bringup/build/bme_ros2_tutorials_bringup
[1.560s] -- Install configuration: ""
[1.560s] [31mCMake Error at cmake_install.cmake:46 (file):
[1.561s]   file INSTALL cannot find
[1.561s]   "/home/himanshu/ros2_ws/bme_ros2_tutorials_bringup/launch": No such file or
[1.561s]   directory.
[1.561s] 
[1.561s] [0m
[1.564s] Invoked command in '/home/himanshu/ros2_ws/bme_ros2_tutorials_bringup/build/bme_ros2_tutorials_bringup' returned '1': CMAKE_PREFIX_PATH=${CMAKE_PREFIX_PATH}:/opt/ros/jazzy CONDA_PROMPT_MODIFIER=(base) DEBUGINFOD_URLS=https://debuginfod.ubuntu.com /usr/bin/cmake --install /home/himanshu/ros2_ws/bme_ros2_tutorials_bringup/build/bme_ros2_tutorials_bringup
