/home/himanshu/ros2_ws/src/install/open_manipulator_mogi_py/lib/python3.12/site-packages/open_manipulator_mogi_py/__init__.py
/home/himanshu/ros2_ws/src/install/open_manipulator_mogi_py/lib/python3.12/site-packages/open_manipulator_mogi_py/open_gripper.py
/home/himanshu/ros2_ws/src/install/open_manipulator_mogi_py/lib/python3.12/site-packages/open_manipulator_mogi_py/inverse_kinematics.py
/home/himanshu/ros2_ws/src/install/open_manipulator_mogi_py/lib/python3.12/site-packages/open_manipulator_mogi_py/send_joint_angles.py
/home/himanshu/ros2_ws/src/install/open_manipulator_mogi_py/lib/python3.12/site-packages/open_manipulator_mogi_py/close_gripper.py
/home/himanshu/ros2_ws/src/install/open_manipulator_mogi_py/lib/python3.12/site-packages/open_manipulator_mogi_py/__pycache__/__init__.cpython-312.pyc
/home/himanshu/ros2_ws/src/install/open_manipulator_mogi_py/lib/python3.12/site-packages/open_manipulator_mogi_py/__pycache__/open_gripper.cpython-312.pyc
/home/himanshu/ros2_ws/src/install/open_manipulator_mogi_py/lib/python3.12/site-packages/open_manipulator_mogi_py/__pycache__/inverse_kinematics.cpython-312.pyc
/home/himanshu/ros2_ws/src/install/open_manipulator_mogi_py/lib/python3.12/site-packages/open_manipulator_mogi_py/__pycache__/send_joint_angles.cpython-312.pyc
/home/himanshu/ros2_ws/src/install/open_manipulator_mogi_py/lib/python3.12/site-packages/open_manipulator_mogi_py/__pycache__/close_gripper.cpython-312.pyc
/home/himanshu/ros2_ws/src/install/open_manipulator_mogi_py/share/ament_index/resource_index/packages/open_manipulator_mogi_py
/home/himanshu/ros2_ws/src/install/open_manipulator_mogi_py/share/open_manipulator_mogi_py/package.xml
/home/himanshu/ros2_ws/src/install/open_manipulator_mogi_py/lib/python3.12/site-packages/open_manipulator_mogi_py-1.0.0-py3.12.egg-info/entry_points.txt
/home/himanshu/ros2_ws/src/install/open_manipulator_mogi_py/lib/python3.12/site-packages/open_manipulator_mogi_py-1.0.0-py3.12.egg-info/dependency_links.txt
/home/himanshu/ros2_ws/src/install/open_manipulator_mogi_py/lib/python3.12/site-packages/open_manipulator_mogi_py-1.0.0-py3.12.egg-info/requires.txt
/home/himanshu/ros2_ws/src/install/open_manipulator_mogi_py/lib/python3.12/site-packages/open_manipulator_mogi_py-1.0.0-py3.12.egg-info/PKG-INFO
/home/himanshu/ros2_ws/src/install/open_manipulator_mogi_py/lib/python3.12/site-packages/open_manipulator_mogi_py-1.0.0-py3.12.egg-info/SOURCES.txt
/home/himanshu/ros2_ws/src/install/open_manipulator_mogi_py/lib/python3.12/site-packages/open_manipulator_mogi_py-1.0.0-py3.12.egg-info/zip-safe
/home/himanshu/ros2_ws/src/install/open_manipulator_mogi_py/lib/python3.12/site-packages/open_manipulator_mogi_py-1.0.0-py3.12.egg-info/top_level.txt
/home/himanshu/ros2_ws/src/install/open_manipulator_mogi_py/lib/open_manipulator_mogi_py/close_gripper
/home/himanshu/ros2_ws/src/install/open_manipulator_mogi_py/lib/open_manipulator_mogi_py/inverse_kinematics
/home/himanshu/ros2_ws/src/install/open_manipulator_mogi_py/lib/open_manipulator_mogi_py/open_gripper
/home/himanshu/ros2_ws/src/install/open_manipulator_mogi_py/lib/open_manipulator_mogi_py/send_joint_angles
