[0.022s] Invoking command in '/home/himanshu/ros2_ws/bme_ros2_tutorials_cpp/build/bme_ros2_tutorials_cpp': CMAKE_PREFIX_PATH=${CMAKE_PREFIX_PATH}:/opt/ros/jazzy CONDA_PROMPT_MODIFIER=(base) DEBUGINFOD_URLS=https://debuginfod.ubuntu.com /usr/bin/cmake --build /home/himanshu/ros2_ws/bme_ros2_tutorials_cpp/build/bme_ros2_tutorials_cpp -- -j8 -l8
[0.130s] -- Found ament_cmake: 2.5.4 (/opt/ros/jazzy/share/ament_cmake/cmake)
[0.560s] -- Found rclcpp: 28.1.9 (/opt/ros/jazzy/share/rclcpp/cmake)
[0.715s] -- Found rosidl_generator_c: 4.6.5 (/opt/ros/jazzy/share/rosidl_generator_c/cmake)
[0.770s] -- Found rosidl_generator_cpp: 4.6.5 (/opt/ros/jazzy/share/rosidl_generator_cpp/cmake)
[0.811s] -- Using all available rosidl_typesupport_c: rosidl_typesupport_fastrtps_c;rosidl_typesupport_introspection_c
[0.838s] -- Using all available rosidl_typesupport_cpp: rosidl_typesupport_fastrtps_cpp;rosidl_typesupport_introspection_cpp
[0.957s] -- Found rmw_implementation_cmake: 7.3.2 (/opt/ros/jazzy/share/rmw_implementation_cmake/cmake)
[0.961s] -- Found rmw_fastrtps_cpp: 8.4.2 (/opt/ros/jazzy/share/rmw_fastrtps_cpp/cmake)
[1.078s] -- Using RMW implementation 'rmw_fastrtps_cpp' as default
[1.202s] -- Found std_msgs: 5.3.6 (/opt/ros/jazzy/share/std_msgs/cmake)
[1.231s] -- Found ament_lint_auto: 0.17.2 (/opt/ros/jazzy/share/ament_lint_auto/cmake)
[1.497s] -- Added test 'cppcheck' to perform static code analysis on C / C++ code
[1.497s] -- Configured cppcheck include dirs: 
[1.498s] -- Configured cppcheck exclude dirs and/or files: 
[1.501s] -- Added test 'flake8' to check Python code syntax and style conventions
[1.501s] -- Configured 'flake8' exclude dirs and/or files: 
[1.507s] -- Added test 'lint_cmake' to check CMake code style
[1.511s] -- Added test 'pep257' to check Python code against some of the docstring style conventions in PEP 257
[1.529s] -- Added test 'uncrustify' to check C / C++ code style
[1.529s] -- Configured uncrustify additional arguments: 
[1.533s] -- Added test 'xmllint' to check XML markup files
[1.536s] -- Configuring done (1.4s)
[1.575s] -- Generating done (0.0s)
[1.588s] -- Build files have been written to: /home/himanshu/ros2_ws/bme_ros2_tutorials_cpp/build/bme_ros2_tutorials_cpp
[1.648s] [ 25%] [32mBuilding CXX object CMakeFiles/subscriber_cpp.dir/src/subscriber.cpp.o[0m
[1.665s] [ 75%] Built target publisher_cpp
[13.696s] [100%] [32m[1mLinking CXX executable subscriber_cpp[0m
[14.305s] [100%] Built target subscriber_cpp
[14.321s] Invoked command in '/home/himanshu/ros2_ws/bme_ros2_tutorials_cpp/build/bme_ros2_tutorials_cpp' returned '0': CMAKE_PREFIX_PATH=${CMAKE_PREFIX_PATH}:/opt/ros/jazzy CONDA_PROMPT_MODIFIER=(base) DEBUGINFOD_URLS=https://debuginfod.ubuntu.com /usr/bin/cmake --build /home/himanshu/ros2_ws/bme_ros2_tutorials_cpp/build/bme_ros2_tutorials_cpp -- -j8 -l8
[14.334s] Invoking command in '/home/himanshu/ros2_ws/bme_ros2_tutorials_cpp/build/bme_ros2_tutorials_cpp': CMAKE_PREFIX_PATH=${CMAKE_PREFIX_PATH}:/opt/ros/jazzy CONDA_PROMPT_MODIFIER=(base) DEBUGINFOD_URLS=https://debuginfod.ubuntu.com /usr/bin/cmake --install /home/himanshu/ros2_ws/bme_ros2_tutorials_cpp/build/bme_ros2_tutorials_cpp
[14.344s] -- Install configuration: ""
[14.345s] -- Up-to-date: /home/himanshu/ros2_ws/bme_ros2_tutorials_cpp/install/bme_ros2_tutorials_cpp/lib/bme_ros2_tutorials_cpp/publisher_cpp
[14.346s] -- Installing: /home/himanshu/ros2_ws/bme_ros2_tutorials_cpp/install/bme_ros2_tutorials_cpp/lib/bme_ros2_tutorials_cpp/subscriber_cpp
[14.352s] -- Set non-toolchain portion of runtime path of "/home/himanshu/ros2_ws/bme_ros2_tutorials_cpp/install/bme_ros2_tutorials_cpp/lib/bme_ros2_tutorials_cpp/subscriber_cpp" to ""
[14.352s] -- Up-to-date: /home/himanshu/ros2_ws/bme_ros2_tutorials_cpp/install/bme_ros2_tutorials_cpp/share/ament_index/resource_index/package_run_dependencies/bme_ros2_tutorials_cpp
[14.352s] -- Up-to-date: /home/himanshu/ros2_ws/bme_ros2_tutorials_cpp/install/bme_ros2_tutorials_cpp/share/ament_index/resource_index/parent_prefix_path/bme_ros2_tutorials_cpp
[14.353s] -- Up-to-date: /home/himanshu/ros2_ws/bme_ros2_tutorials_cpp/install/bme_ros2_tutorials_cpp/share/bme_ros2_tutorials_cpp/environment/ament_prefix_path.sh
[14.353s] -- Up-to-date: /home/himanshu/ros2_ws/bme_ros2_tutorials_cpp/install/bme_ros2_tutorials_cpp/share/bme_ros2_tutorials_cpp/environment/ament_prefix_path.dsv
[14.353s] -- Up-to-date: /home/himanshu/ros2_ws/bme_ros2_tutorials_cpp/install/bme_ros2_tutorials_cpp/share/bme_ros2_tutorials_cpp/environment/path.sh
[14.353s] -- Up-to-date: /home/himanshu/ros2_ws/bme_ros2_tutorials_cpp/install/bme_ros2_tutorials_cpp/share/bme_ros2_tutorials_cpp/environment/path.dsv
[14.353s] -- Up-to-date: /home/himanshu/ros2_ws/bme_ros2_tutorials_cpp/install/bme_ros2_tutorials_cpp/share/bme_ros2_tutorials_cpp/local_setup.bash
[14.353s] -- Up-to-date: /home/himanshu/ros2_ws/bme_ros2_tutorials_cpp/install/bme_ros2_tutorials_cpp/share/bme_ros2_tutorials_cpp/local_setup.sh
[14.354s] -- Up-to-date: /home/himanshu/ros2_ws/bme_ros2_tutorials_cpp/install/bme_ros2_tutorials_cpp/share/bme_ros2_tutorials_cpp/local_setup.zsh
[14.354s] -- Up-to-date: /home/himanshu/ros2_ws/bme_ros2_tutorials_cpp/install/bme_ros2_tutorials_cpp/share/bme_ros2_tutorials_cpp/local_setup.dsv
[14.354s] -- Installing: /home/himanshu/ros2_ws/bme_ros2_tutorials_cpp/install/bme_ros2_tutorials_cpp/share/bme_ros2_tutorials_cpp/package.dsv
[14.354s] -- Up-to-date: /home/himanshu/ros2_ws/bme_ros2_tutorials_cpp/install/bme_ros2_tutorials_cpp/share/ament_index/resource_index/packages/bme_ros2_tutorials_cpp
[14.354s] -- Up-to-date: /home/himanshu/ros2_ws/bme_ros2_tutorials_cpp/install/bme_ros2_tutorials_cpp/share/bme_ros2_tutorials_cpp/cmake/bme_ros2_tutorials_cppConfig.cmake
[14.354s] -- Up-to-date: /home/himanshu/ros2_ws/bme_ros2_tutorials_cpp/install/bme_ros2_tutorials_cpp/share/bme_ros2_tutorials_cpp/cmake/bme_ros2_tutorials_cppConfig-version.cmake
[14.354s] -- Up-to-date: /home/himanshu/ros2_ws/bme_ros2_tutorials_cpp/install/bme_ros2_tutorials_cpp/share/bme_ros2_tutorials_cpp/package.xml
[14.356s] Invoked command in '/home/himanshu/ros2_ws/bme_ros2_tutorials_cpp/build/bme_ros2_tutorials_cpp' returned '0': CMAKE_PREFIX_PATH=${CMAKE_PREFIX_PATH}:/opt/ros/jazzy CONDA_PROMPT_MODIFIER=(base) DEBUGINFOD_URLS=https://debuginfod.ubuntu.com /usr/bin/cmake --install /home/himanshu/ros2_ws/bme_ros2_tutorials_cpp/build/bme_ros2_tutorials_cpp
