running egg_info
creating ../build/bme_ros2_tutorials_py/bme_ros2_tutorials_py.egg-info
writing ../build/bme_ros2_tutorials_py/bme_ros2_tutorials_py.egg-info/PKG-INFO
writing dependency_links to ../build/bme_ros2_tutorials_py/bme_ros2_tutorials_py.egg-info/dependency_links.txt
writing entry points to ../build/bme_ros2_tutorials_py/bme_ros2_tutorials_py.egg-info/entry_points.txt
writing requirements to ../build/bme_ros2_tutorials_py/bme_ros2_tutorials_py.egg-info/requires.txt
writing top-level names to ../build/bme_ros2_tutorials_py/bme_ros2_tutorials_py.egg-info/top_level.txt
writing manifest file '../build/bme_ros2_tutorials_py/bme_ros2_tutorials_py.egg-info/SOURCES.txt'
reading manifest file '../build/bme_ros2_tutorials_py/bme_ros2_tutorials_py.egg-info/SOURCES.txt'
writing manifest file '../build/bme_ros2_tutorials_py/bme_ros2_tutorials_py.egg-info/SOURCES.txt'
running build
running build_py
creating /home/himanshu/ros2_ws/src/build/bme_ros2_tutorials_py/build
creating /home/himanshu/ros2_ws/src/build/bme_ros2_tutorials_py/build/lib
creating /home/himanshu/ros2_ws/src/build/bme_ros2_tutorials_py/build/lib/bme_ros2_tutorials_py
copying bme_ros2_tutorials_py/service_server.py -> /home/himanshu/ros2_ws/src/build/bme_ros2_tutorials_py/build/lib/bme_ros2_tutorials_py
copying bme_ros2_tutorials_py/publisher_oop.py -> /home/himanshu/ros2_ws/src/build/bme_ros2_tutorials_py/build/lib/bme_ros2_tutorials_py
copying bme_ros2_tutorials_py/service_client.py -> /home/himanshu/ros2_ws/src/build/bme_ros2_tutorials_py/build/lib/bme_ros2_tutorials_py
copying bme_ros2_tutorials_py/__init__.py -> /home/himanshu/ros2_ws/src/build/bme_ros2_tutorials_py/build/lib/bme_ros2_tutorials_py
copying bme_ros2_tutorials_py/publisher.py -> /home/himanshu/ros2_ws/src/build/bme_ros2_tutorials_py/build/lib/bme_ros2_tutorials_py
copying bme_ros2_tutorials_py/hello_world.py -> /home/himanshu/ros2_ws/src/build/bme_ros2_tutorials_py/build/lib/bme_ros2_tutorials_py
copying bme_ros2_tutorials_py/subscriber.py -> /home/himanshu/ros2_ws/src/build/bme_ros2_tutorials_py/build/lib/bme_ros2_tutorials_py
running install
running install_lib
creating /home/himanshu/ros2_ws/src/install/bme_ros2_tutorials_py/lib/python3.12/site-packages/bme_ros2_tutorials_py
copying /home/himanshu/ros2_ws/src/build/bme_ros2_tutorials_py/build/lib/bme_ros2_tutorials_py/service_server.py -> /home/himanshu/ros2_ws/src/install/bme_ros2_tutorials_py/lib/python3.12/site-packages/bme_ros2_tutorials_py
copying /home/himanshu/ros2_ws/src/build/bme_ros2_tutorials_py/build/lib/bme_ros2_tutorials_py/publisher_oop.py -> /home/himanshu/ros2_ws/src/install/bme_ros2_tutorials_py/lib/python3.12/site-packages/bme_ros2_tutorials_py
copying /home/himanshu/ros2_ws/src/build/bme_ros2_tutorials_py/build/lib/bme_ros2_tutorials_py/service_client.py -> /home/himanshu/ros2_ws/src/install/bme_ros2_tutorials_py/lib/python3.12/site-packages/bme_ros2_tutorials_py
copying /home/himanshu/ros2_ws/src/build/bme_ros2_tutorials_py/build/lib/bme_ros2_tutorials_py/__init__.py -> /home/himanshu/ros2_ws/src/install/bme_ros2_tutorials_py/lib/python3.12/site-packages/bme_ros2_tutorials_py
copying /home/himanshu/ros2_ws/src/build/bme_ros2_tutorials_py/build/lib/bme_ros2_tutorials_py/publisher.py -> /home/himanshu/ros2_ws/src/install/bme_ros2_tutorials_py/lib/python3.12/site-packages/bme_ros2_tutorials_py
copying /home/himanshu/ros2_ws/src/build/bme_ros2_tutorials_py/build/lib/bme_ros2_tutorials_py/hello_world.py -> /home/himanshu/ros2_ws/src/install/bme_ros2_tutorials_py/lib/python3.12/site-packages/bme_ros2_tutorials_py
copying /home/himanshu/ros2_ws/src/build/bme_ros2_tutorials_py/build/lib/bme_ros2_tutorials_py/subscriber.py -> /home/himanshu/ros2_ws/src/install/bme_ros2_tutorials_py/lib/python3.12/site-packages/bme_ros2_tutorials_py
byte-compiling /home/himanshu/ros2_ws/src/install/bme_ros2_tutorials_py/lib/python3.12/site-packages/bme_ros2_tutorials_py/service_server.py to service_server.cpython-312.pyc
byte-compiling /home/himanshu/ros2_ws/src/install/bme_ros2_tutorials_py/lib/python3.12/site-packages/bme_ros2_tutorials_py/publisher_oop.py to publisher_oop.cpython-312.pyc
byte-compiling /home/himanshu/ros2_ws/src/install/bme_ros2_tutorials_py/lib/python3.12/site-packages/bme_ros2_tutorials_py/service_client.py to service_client.cpython-312.pyc
byte-compiling /home/himanshu/ros2_ws/src/install/bme_ros2_tutorials_py/lib/python3.12/site-packages/bme_ros2_tutorials_py/__init__.py to __init__.cpython-312.pyc
byte-compiling /home/himanshu/ros2_ws/src/install/bme_ros2_tutorials_py/lib/python3.12/site-packages/bme_ros2_tutorials_py/publisher.py to publisher.cpython-312.pyc
byte-compiling /home/himanshu/ros2_ws/src/install/bme_ros2_tutorials_py/lib/python3.12/site-packages/bme_ros2_tutorials_py/hello_world.py to hello_world.cpython-312.pyc
byte-compiling /home/himanshu/ros2_ws/src/install/bme_ros2_tutorials_py/lib/python3.12/site-packages/bme_ros2_tutorials_py/subscriber.py to subscriber.cpython-312.pyc
running install_data
creating /home/himanshu/ros2_ws/src/install/bme_ros2_tutorials_py/share/ament_index
creating /home/himanshu/ros2_ws/src/install/bme_ros2_tutorials_py/share/ament_index/resource_index
creating /home/himanshu/ros2_ws/src/install/bme_ros2_tutorials_py/share/ament_index/resource_index/packages
copying resource/bme_ros2_tutorials_py -> /home/himanshu/ros2_ws/src/install/bme_ros2_tutorials_py/share/ament_index/resource_index/packages
copying package.xml -> /home/himanshu/ros2_ws/src/install/bme_ros2_tutorials_py/share/bme_ros2_tutorials_py
running install_egg_info
Copying ../build/bme_ros2_tutorials_py/bme_ros2_tutorials_py.egg-info to /home/himanshu/ros2_ws/src/install/bme_ros2_tutorials_py/lib/python3.12/site-packages/bme_ros2_tutorials_py-0.0.0-py3.12.egg-info
running install_scripts
Installing py_hello_world script to /home/himanshu/ros2_ws/src/install/bme_ros2_tutorials_py/lib/bme_ros2_tutorials_py
Installing py_publisher script to /home/himanshu/ros2_ws/src/install/bme_ros2_tutorials_py/lib/bme_ros2_tutorials_py
Installing py_service_client script to /home/himanshu/ros2_ws/src/install/bme_ros2_tutorials_py/lib/bme_ros2_tutorials_py
Installing py_service_server script to /home/himanshu/ros2_ws/src/install/bme_ros2_tutorials_py/lib/bme_ros2_tutorials_py
Installing py_subscriber script to /home/himanshu/ros2_ws/src/install/bme_ros2_tutorials_py/lib/bme_ros2_tutorials_py
Installing python_publisher_with_parameter script to /home/himanshu/ros2_ws/src/install/bme_ros2_tutorials_py/lib/bme_ros2_tutorials_py
writing list of installed files to '/home/himanshu/ros2_ws/src/build/bme_ros2_tutorials_py/install.log'
