[0.018s] Invoking command in '/home/himanshu/ros2_ws/Week-3-4-Gazebo-basics/bme_gazebo_basics/build/bme_gazebo_basics': CMAKE_PREFIX_PATH=${CMAKE_PREFIX_PATH}:/opt/ros/jazzy DEBUGINFOD_URLS=https://debuginfod.ubuntu.com /usr/bin/cmake --build /home/himanshu/ros2_ws/Week-3-4-Gazebo-basics/bme_gazebo_basics/build/bme_gazebo_basics -- -j8 -l8
[0.198s] Invoked command in '/home/himanshu/ros2_ws/Week-3-4-Gazebo-basics/bme_gazebo_basics/build/bme_gazebo_basics' returned '0': CMAKE_PREFIX_PATH=${CMAKE_PREFIX_PATH}:/opt/ros/jazzy DEBUGINFOD_URLS=https://debuginfod.ubuntu.com /usr/bin/cmake --build /home/himanshu/ros2_ws/Week-3-4-Gazebo-basics/bme_gazebo_basics/build/bme_gazebo_basics -- -j8 -l8
[0.249s] Invoking command in '/home/himanshu/ros2_ws/Week-3-4-Gazebo-basics/bme_gazebo_basics/build/bme_gazebo_basics': CMAKE_PREFIX_PATH=${CMAKE_PREFIX_PATH}:/opt/ros/jazzy DEBUGINFOD_URLS=https://debuginfod.ubuntu.com /usr/bin/cmake --install /home/himanshu/ros2_ws/Week-3-4-Gazebo-basics/bme_gazebo_basics/build/bme_gazebo_basics
[0.285s] -- Install configuration: ""
[0.312s] -- Up-to-date: /home/himanshu/ros2_ws/Week-3-4-Gazebo-basics/bme_gazebo_basics/install/bme_gazebo_basics/share/bme_gazebo_basics/launch
[0.313s] -- Up-to-date: /home/himanshu/ros2_ws/Week-3-4-Gazebo-basics/bme_gazebo_basics/install/bme_gazebo_basics/share/bme_gazebo_basics/launch/world.launch.py
[0.313s] -- Up-to-date: /home/himanshu/ros2_ws/Week-3-4-Gazebo-basics/bme_gazebo_basics/install/bme_gazebo_basics/share/bme_gazebo_basics/launch/check_urdf.launch.py
[0.313s] -- Up-to-date: /home/himanshu/ros2_ws/Week-3-4-Gazebo-basics/bme_gazebo_basics/install/bme_gazebo_basics/share/bme_gazebo_basics/worlds
[0.314s] -- Up-to-date: /home/himanshu/ros2_ws/Week-3-4-Gazebo-basics/bme_gazebo_basics/install/bme_gazebo_basics/share/bme_gazebo_basics/worlds/world.sdf
[0.314s] -- Up-to-date: /home/himanshu/ros2_ws/Week-3-4-Gazebo-basics/bme_gazebo_basics/install/bme_gazebo_basics/share/bme_gazebo_basics/worlds/new_world.sdf
[0.314s] -- Up-to-date: /home/himanshu/ros2_ws/Week-3-4-Gazebo-basics/bme_gazebo_basics/install/bme_gazebo_basics/share/bme_gazebo_basics/worlds/empty.sdf
[0.315s] -- Up-to-date: /home/himanshu/ros2_ws/Week-3-4-Gazebo-basics/bme_gazebo_basics/install/bme_gazebo_basics/share/bme_gazebo_basics/rviz
[0.328s] -- Up-to-date: /home/himanshu/ros2_ws/Week-3-4-Gazebo-basics/bme_gazebo_basics/install/bme_gazebo_basics/share/bme_gazebo_basics/rviz/urdf.rviz
[0.328s] -- Up-to-date: /home/himanshu/ros2_ws/Week-3-4-Gazebo-basics/bme_gazebo_basics/install/bme_gazebo_basics/share/bme_gazebo_basics/rviz/rviz.rviz
[0.329s] -- Up-to-date: /home/himanshu/ros2_ws/Week-3-4-Gazebo-basics/bme_gazebo_basics/install/bme_gazebo_basics/share/bme_gazebo_basics/urdf
[0.329s] -- Installing: /home/himanshu/ros2_ws/Week-3-4-Gazebo-basics/bme_gazebo_basics/install/bme_gazebo_basics/share/bme_gazebo_basics/urdf/mogi_bot.urdf
[0.330s] -- Up-to-date: /home/himanshu/ros2_ws/Week-3-4-Gazebo-basics/bme_gazebo_basics/install/bme_gazebo_basics/share/bme_gazebo_basics/urdf/materials.xacro
[0.330s] -- Up-to-date: /home/himanshu/ros2_ws/Week-3-4-Gazebo-basics/bme_gazebo_basics/install/bme_gazebo_basics/share/bme_gazebo_basics/meshes
[0.332s] -- Up-to-date: /home/himanshu/ros2_ws/Week-3-4-Gazebo-basics/bme_gazebo_basics/install/bme_gazebo_basics/share/bme_gazebo_basics/meshes/wheel.dae
[0.332s] -- Up-to-date: /home/himanshu/ros2_ws/Week-3-4-Gazebo-basics/bme_gazebo_basics/install/bme_gazebo_basics/share/bme_gazebo_basics/meshes/mogi_bot.STEP
[0.333s] -- Up-to-date: /home/himanshu/ros2_ws/Week-3-4-Gazebo-basics/bme_gazebo_basics/install/bme_gazebo_basics/share/bme_gazebo_basics/meshes/mecanum_wheel_left.STL
[0.334s] -- Up-to-date: /home/himanshu/ros2_ws/Week-3-4-Gazebo-basics/bme_gazebo_basics/install/bme_gazebo_basics/share/bme_gazebo_basics/meshes/mogi_bot.SLDPRT
[0.335s] -- Up-to-date: /home/himanshu/ros2_ws/Week-3-4-Gazebo-basics/bme_gazebo_basics/install/bme_gazebo_basics/share/bme_gazebo_basics/meshes/wheel.STL
[0.335s] -- Up-to-date: /home/himanshu/ros2_ws/Week-3-4-Gazebo-basics/bme_gazebo_basics/install/bme_gazebo_basics/share/bme_gazebo_basics/meshes/mogi_bot.STL
[0.336s] -- Up-to-date: /home/himanshu/ros2_ws/Week-3-4-Gazebo-basics/bme_gazebo_basics/install/bme_gazebo_basics/share/bme_gazebo_basics/meshes/mecanum_wheel_right.STL
[0.336s] -- Up-to-date: /home/himanshu/ros2_ws/Week-3-4-Gazebo-basics/bme_gazebo_basics/install/bme_gazebo_basics/share/bme_gazebo_basics/meshes/wheel.blend
[0.337s] -- Up-to-date: /home/himanshu/ros2_ws/Week-3-4-Gazebo-basics/bme_gazebo_basics/install/bme_gazebo_basics/share/bme_gazebo_basics/meshes/wheel.STEP
[0.337s] -- Up-to-date: /home/himanshu/ros2_ws/Week-3-4-Gazebo-basics/bme_gazebo_basics/install/bme_gazebo_basics/share/bme_gazebo_basics/meshes/wheel.SLDPRT
[0.337s] -- Up-to-date: /home/himanshu/ros2_ws/Week-3-4-Gazebo-basics/bme_gazebo_basics/install/bme_gazebo_basics/share/bme_gazebo_basics/meshes/mogi_bot.dae
[0.338s] -- Up-to-date: /home/himanshu/ros2_ws/Week-3-4-Gazebo-basics/bme_gazebo_basics/install/bme_gazebo_basics/share/bme_gazebo_basics/meshes/mogi_bot.blend
[0.338s] -- Up-to-date: /home/himanshu/ros2_ws/Week-3-4-Gazebo-basics/bme_gazebo_basics/install/bme_gazebo_basics/share/ament_index/resource_index/package_run_dependencies/bme_gazebo_basics
[0.338s] -- Up-to-date: /home/himanshu/ros2_ws/Week-3-4-Gazebo-basics/bme_gazebo_basics/install/bme_gazebo_basics/share/ament_index/resource_index/parent_prefix_path/bme_gazebo_basics
[0.339s] -- Up-to-date: /home/himanshu/ros2_ws/Week-3-4-Gazebo-basics/bme_gazebo_basics/install/bme_gazebo_basics/share/bme_gazebo_basics/environment/ament_prefix_path.sh
[0.339s] -- Up-to-date: /home/himanshu/ros2_ws/Week-3-4-Gazebo-basics/bme_gazebo_basics/install/bme_gazebo_basics/share/bme_gazebo_basics/environment/ament_prefix_path.dsv
[0.339s] -- Up-to-date: /home/himanshu/ros2_ws/Week-3-4-Gazebo-basics/bme_gazebo_basics/install/bme_gazebo_basics/share/bme_gazebo_basics/environment/path.sh
[0.340s] -- Up-to-date: /home/himanshu/ros2_ws/Week-3-4-Gazebo-basics/bme_gazebo_basics/install/bme_gazebo_basics/share/bme_gazebo_basics/environment/path.dsv
[0.340s] -- Up-to-date: /home/himanshu/ros2_ws/Week-3-4-Gazebo-basics/bme_gazebo_basics/install/bme_gazebo_basics/share/bme_gazebo_basics/local_setup.bash
[0.341s] -- Up-to-date: /home/himanshu/ros2_ws/Week-3-4-Gazebo-basics/bme_gazebo_basics/install/bme_gazebo_basics/share/bme_gazebo_basics/local_setup.sh
[0.341s] -- Up-to-date: /home/himanshu/ros2_ws/Week-3-4-Gazebo-basics/bme_gazebo_basics/install/bme_gazebo_basics/share/bme_gazebo_basics/local_setup.zsh
[0.341s] -- Up-to-date: /home/himanshu/ros2_ws/Week-3-4-Gazebo-basics/bme_gazebo_basics/install/bme_gazebo_basics/share/bme_gazebo_basics/local_setup.dsv
[0.342s] -- Installing: /home/himanshu/ros2_ws/Week-3-4-Gazebo-basics/bme_gazebo_basics/install/bme_gazebo_basics/share/bme_gazebo_basics/package.dsv
[0.343s] -- Up-to-date: /home/himanshu/ros2_ws/Week-3-4-Gazebo-basics/bme_gazebo_basics/install/bme_gazebo_basics/share/ament_index/resource_index/packages/bme_gazebo_basics
[0.343s] -- Up-to-date: /home/himanshu/ros2_ws/Week-3-4-Gazebo-basics/bme_gazebo_basics/install/bme_gazebo_basics/share/bme_gazebo_basics/cmake/bme_gazebo_basicsConfig.cmake
[0.343s] -- Up-to-date: /home/himanshu/ros2_ws/Week-3-4-Gazebo-basics/bme_gazebo_basics/install/bme_gazebo_basics/share/bme_gazebo_basics/cmake/bme_gazebo_basicsConfig-version.cmake
[0.344s] -- Up-to-date: /home/himanshu/ros2_ws/Week-3-4-Gazebo-basics/bme_gazebo_basics/install/bme_gazebo_basics/share/bme_gazebo_basics/package.xml
[0.349s] Invoked command in '/home/himanshu/ros2_ws/Week-3-4-Gazebo-basics/bme_gazebo_basics/build/bme_gazebo_basics' returned '0': CMAKE_PREFIX_PATH=${CMAKE_PREFIX_PATH}:/opt/ros/jazzy DEBUGINFOD_URLS=https://debuginfod.ubuntu.com /usr/bin/cmake --install /home/himanshu/ros2_ws/Week-3-4-Gazebo-basics/bme_gazebo_basics/build/bme_gazebo_basics
