-- The C compiler identification is GNU 13.3.0
-- The CXX compiler identification is GNU 13.3.0
-- Detecting C compiler ABI info
-- Detecting C compiler ABI info - done
-- Check for working C compiler: /usr/bin/cc - skipped
-- Detecting C compile features
-- Detecting C compile features - done
-- Detecting CXX compiler ABI info
-- Detecting CXX compiler ABI info - done
-- Check for working CXX compiler: /usr/bin/c++ - skipped
-- Detecting CXX compile features
-- Detecting CXX compile features - done
-- Found ament_cmake: 2.5.4 (/opt/ros/jazzy/share/ament_cmake/cmake)
-- Found Python3: /usr/bin/python3 (found version "3.12.3") found components: Interpreter 
-- Found rclcpp: 28.1.9 (/opt/ros/jazzy/share/rclcpp/cmake)
-- Found rosidl_generator_c: 4.6.5 (/opt/ros/jazzy/share/rosidl_generator_c/cmake)
-- Found rosidl_generator_cpp: 4.6.5 (/opt/ros/jazzy/share/rosidl_generator_cpp/cmake)
-- Using all available rosidl_typesupport_c: rosidl_typesupport_fastrtps_c;rosidl_typesupport_introspection_c
-- Using all available rosidl_typesupport_cpp: rosidl_typesupport_fastrtps_cpp;rosidl_typesupport_introspection_cpp
-- Found rmw_implementation_cmake: 7.3.2 (/opt/ros/jazzy/share/rmw_implementation_cmake/cmake)
-- Found rmw_fastrtps_cpp: 8.4.2 (/opt/ros/jazzy/share/rmw_fastrtps_cpp/cmake)
-- Found OpenSSL: /usr/lib/x86_64-linux-gnu/libcrypto.so (found version "3.0.13")  
-- Found FastRTPS: /opt/ros/jazzy/include (Required is at least version "2.13") 
-- Using RMW implementation 'rmw_fastrtps_cpp' as default
-- Found std_msgs: 5.3.6 (/opt/ros/jazzy/share/std_msgs/cmake)
-- Found ament_lint_auto: 0.17.2 (/opt/ros/jazzy/share/ament_lint_auto/cmake)
-- Added test 'cppcheck' to perform static code analysis on C / C++ code
-- Configured cppcheck include dirs: 
-- Configured cppcheck exclude dirs and/or files: 
-- Added test 'lint_cmake' to check CMake code style
-- Added test 'uncrustify' to check C / C++ code style
-- Configured uncrustify additional arguments: 
-- Added test 'xmllint' to check XML markup files
-- Configuring done (7.4s)
-- Generating done (0.0s)
-- Build files have been written to: /home/himanshu/ros2_ws/src/build/bme_ros2_tutorials_cpp
[ 25%] [32mBuilding CXX object CMakeFiles/publisher_cpp.dir/src/publisher.cpp.o[0m
[ 50%] [32m[1mLinking CXX executable publisher_cpp[0m
[ 50%] Built target publisher_cpp
[ 75%] [32mBuilding CXX object CMakeFiles/subscriber_cpp.dir/src/subscriber.cpp.o[0m
[100%] [32m[1mLinking CXX executable subscriber_cpp[0m
[100%] Built target subscriber_cpp
-- Install configuration: ""
-- Installing: /home/himanshu/ros2_ws/src/install/bme_ros2_tutorials_cpp/lib/bme_ros2_tutorials_cpp/publisher_cpp
-- Set non-toolchain portion of runtime path of "/home/himanshu/ros2_ws/src/install/bme_ros2_tutorials_cpp/lib/bme_ros2_tutorials_cpp/publisher_cpp" to ""
-- Installing: /home/himanshu/ros2_ws/src/install/bme_ros2_tutorials_cpp/lib/bme_ros2_tutorials_cpp/subscriber_cpp
-- Set non-toolchain portion of runtime path of "/home/himanshu/ros2_ws/src/install/bme_ros2_tutorials_cpp/lib/bme_ros2_tutorials_cpp/subscriber_cpp" to ""
-- Installing: /home/himanshu/ros2_ws/src/install/bme_ros2_tutorials_cpp/share/ament_index/resource_index/package_run_dependencies/bme_ros2_tutorials_cpp
-- Installing: /home/himanshu/ros2_ws/src/install/bme_ros2_tutorials_cpp/share/ament_index/resource_index/parent_prefix_path/bme_ros2_tutorials_cpp
-- Installing: /home/himanshu/ros2_ws/src/install/bme_ros2_tutorials_cpp/share/bme_ros2_tutorials_cpp/environment/ament_prefix_path.sh
-- Installing: /home/himanshu/ros2_ws/src/install/bme_ros2_tutorials_cpp/share/bme_ros2_tutorials_cpp/environment/ament_prefix_path.dsv
-- Installing: /home/himanshu/ros2_ws/src/install/bme_ros2_tutorials_cpp/share/bme_ros2_tutorials_cpp/environment/path.sh
-- Installing: /home/himanshu/ros2_ws/src/install/bme_ros2_tutorials_cpp/share/bme_ros2_tutorials_cpp/environment/path.dsv
-- Installing: /home/himanshu/ros2_ws/src/install/bme_ros2_tutorials_cpp/share/bme_ros2_tutorials_cpp/local_setup.bash
-- Installing: /home/himanshu/ros2_ws/src/install/bme_ros2_tutorials_cpp/share/bme_ros2_tutorials_cpp/local_setup.sh
-- Installing: /home/himanshu/ros2_ws/src/install/bme_ros2_tutorials_cpp/share/bme_ros2_tutorials_cpp/local_setup.zsh
-- Installing: /home/himanshu/ros2_ws/src/install/bme_ros2_tutorials_cpp/share/bme_ros2_tutorials_cpp/local_setup.dsv
-- Installing: /home/himanshu/ros2_ws/src/install/bme_ros2_tutorials_cpp/share/bme_ros2_tutorials_cpp/package.dsv
-- Installing: /home/himanshu/ros2_ws/src/install/bme_ros2_tutorials_cpp/share/ament_index/resource_index/packages/bme_ros2_tutorials_cpp
-- Installing: /home/himanshu/ros2_ws/src/install/bme_ros2_tutorials_cpp/share/bme_ros2_tutorials_cpp/cmake/bme_ros2_tutorials_cppConfig.cmake
-- Installing: /home/himanshu/ros2_ws/src/install/bme_ros2_tutorials_cpp/share/bme_ros2_tutorials_cpp/cmake/bme_ros2_tutorials_cppConfig-version.cmake
-- Installing: /home/himanshu/ros2_ws/src/install/bme_ros2_tutorials_cpp/share/bme_ros2_tutorials_cpp/package.xml
