[0.110s] Invoking command in '/home/himanshu/ros2_ws/src/build/bme_ros2_tutorials_cpp': CMAKE_PREFIX_PATH=${CMAKE_PREFIX_PATH}:/home/himanshu/ros2_ws/install/ur_robot_driver:/home/himanshu/ros2_ws/install/ur_mogi_py:/home/himanshu/ros2_ws/install/open_manipulator_mogi_py:/home/himanshu/ros2_ws/install/mogi_trajectory_server:/home/himanshu/ros2_ws/install/map_merge_py:/home/himanshu/ros2_ws/install/bme_ros2_tutorials_py:/home/himanshu/ros2_ws/install/bme_ros2_simple_arm_py:/home/himanshu/ros2_ws/install/bme_ros2_navigation_py:/home/himanshu/ros2_ws/install/bme_gazebo_sensors_py:/opt/ros/jazzy DEBUGINFOD_URLS=https://debuginfod.ubuntu.com /usr/bin/cmake /home/himanshu/ros2_ws/src/bme_ros2_tutorials_cpp -DCMAKE_INSTALL_PREFIX=/home/himanshu/ros2_ws/src/install/bme_ros2_tutorials_cpp
[1.249s] -- The C compiler identification is GNU 13.3.0
[1.249s] -- The CXX compiler identification is GNU 13.3.0
[1.250s] -- Detecting C compiler ABI info
[1.337s] -- Detecting C compiler ABI info - done
[1.393s] -- Check for working C compiler: /usr/bin/cc - skipped
[1.394s] -- Detecting C compile features
[1.398s] -- Detecting C compile features - done
[1.449s] -- Detecting CXX compiler ABI info
[1.820s] -- Detecting CXX compiler ABI info - done
[1.885s] -- Check for working CXX compiler: /usr/bin/c++ - skipped
[1.885s] -- Detecting CXX compile features
[1.888s] -- Detecting CXX compile features - done
[1.923s] -- Found ament_cmake: 2.5.4 (/opt/ros/jazzy/share/ament_cmake/cmake)
[2.794s] -- Found Python3: /usr/bin/python3 (found version "3.12.3") found components: Interpreter 
[3.603s] -- Found rclcpp: 28.1.9 (/opt/ros/jazzy/share/rclcpp/cmake)
[4.013s] -- Found rosidl_generator_c: 4.6.5 (/opt/ros/jazzy/share/rosidl_generator_c/cmake)
[4.147s] -- Found rosidl_generator_cpp: 4.6.5 (/opt/ros/jazzy/share/rosidl_generator_cpp/cmake)
[4.289s] -- Using all available rosidl_typesupport_c: rosidl_typesupport_fastrtps_c;rosidl_typesupport_introspection_c
[4.455s] -- Using all available rosidl_typesupport_cpp: rosidl_typesupport_fastrtps_cpp;rosidl_typesupport_introspection_cpp
[5.084s] -- Found rmw_implementation_cmake: 7.3.2 (/opt/ros/jazzy/share/rmw_implementation_cmake/cmake)
[5.132s] -- Found rmw_fastrtps_cpp: 8.4.2 (/opt/ros/jazzy/share/rmw_fastrtps_cpp/cmake)
[5.747s] -- Found OpenSSL: /usr/lib/x86_64-linux-gnu/libcrypto.so (found version "3.0.13")  
[5.916s] -- Found FastRTPS: /opt/ros/jazzy/include (Required is at least version "2.13") 
[6.036s] -- Using RMW implementation 'rmw_fastrtps_cpp' as default
[6.646s] -- Found std_msgs: 5.3.6 (/opt/ros/jazzy/share/std_msgs/cmake)
[6.810s] -- Found ament_lint_auto: 0.17.2 (/opt/ros/jazzy/share/ament_lint_auto/cmake)
[7.493s] -- Added test 'cppcheck' to perform static code analysis on C / C++ code
[7.494s] -- Configured cppcheck include dirs: 
[7.495s] -- Configured cppcheck exclude dirs and/or files: 
[7.518s] -- Added test 'lint_cmake' to check CMake code style
[7.557s] -- Added test 'uncrustify' to check C / C++ code style
[7.558s] -- Configured uncrustify additional arguments: 
[7.568s] -- Added test 'xmllint' to check XML markup files
[7.590s] -- Configuring done (7.4s)
[7.657s] -- Generating done (0.0s)
[7.685s] -- Build files have been written to: /home/himanshu/ros2_ws/src/build/bme_ros2_tutorials_cpp
[7.782s] Invoked command in '/home/himanshu/ros2_ws/src/build/bme_ros2_tutorials_cpp' returned '0': CMAKE_PREFIX_PATH=${CMAKE_PREFIX_PATH}:/home/himanshu/ros2_ws/install/ur_robot_driver:/home/himanshu/ros2_ws/install/ur_mogi_py:/home/himanshu/ros2_ws/install/open_manipulator_mogi_py:/home/himanshu/ros2_ws/install/mogi_trajectory_server:/home/himanshu/ros2_ws/install/map_merge_py:/home/himanshu/ros2_ws/install/bme_ros2_tutorials_py:/home/himanshu/ros2_ws/install/bme_ros2_simple_arm_py:/home/himanshu/ros2_ws/install/bme_ros2_navigation_py:/home/himanshu/ros2_ws/install/bme_gazebo_sensors_py:/opt/ros/jazzy DEBUGINFOD_URLS=https://debuginfod.ubuntu.com /usr/bin/cmake /home/himanshu/ros2_ws/src/bme_ros2_tutorials_cpp -DCMAKE_INSTALL_PREFIX=/home/himanshu/ros2_ws/src/install/bme_ros2_tutorials_cpp
[7.784s] Invoking command in '/home/himanshu/ros2_ws/src/build/bme_ros2_tutorials_cpp': CMAKE_PREFIX_PATH=${CMAKE_PREFIX_PATH}:/home/himanshu/ros2_ws/install/ur_robot_driver:/home/himanshu/ros2_ws/install/ur_mogi_py:/home/himanshu/ros2_ws/install/open_manipulator_mogi_py:/home/himanshu/ros2_ws/install/mogi_trajectory_server:/home/himanshu/ros2_ws/install/map_merge_py:/home/himanshu/ros2_ws/install/bme_ros2_tutorials_py:/home/himanshu/ros2_ws/install/bme_ros2_simple_arm_py:/home/himanshu/ros2_ws/install/bme_ros2_navigation_py:/home/himanshu/ros2_ws/install/bme_gazebo_sensors_py:/opt/ros/jazzy DEBUGINFOD_URLS=https://debuginfod.ubuntu.com /usr/bin/cmake --build /home/himanshu/ros2_ws/src/build/bme_ros2_tutorials_cpp -- -j8 -l8
[10.319s] [ 25%] [32mBuilding CXX object CMakeFiles/publisher_cpp.dir/src/publisher.cpp.o[0m
[23.003s] [ 50%] [32m[1mLinking CXX executable publisher_cpp[0m
[23.517s] [ 50%] Built target publisher_cpp
[23.598s] [ 75%] [32mBuilding CXX object CMakeFiles/subscriber_cpp.dir/src/subscriber.cpp.o[0m
[45.770s] [100%] [32m[1mLinking CXX executable subscriber_cpp[0m
[46.671s] [100%] Built target subscriber_cpp
[46.739s] Invoked command in '/home/himanshu/ros2_ws/src/build/bme_ros2_tutorials_cpp' returned '0': CMAKE_PREFIX_PATH=${CMAKE_PREFIX_PATH}:/home/himanshu/ros2_ws/install/ur_robot_driver:/home/himanshu/ros2_ws/install/ur_mogi_py:/home/himanshu/ros2_ws/install/open_manipulator_mogi_py:/home/himanshu/ros2_ws/install/mogi_trajectory_server:/home/himanshu/ros2_ws/install/map_merge_py:/home/himanshu/ros2_ws/install/bme_ros2_tutorials_py:/home/himanshu/ros2_ws/install/bme_ros2_simple_arm_py:/home/himanshu/ros2_ws/install/bme_ros2_navigation_py:/home/himanshu/ros2_ws/install/bme_gazebo_sensors_py:/opt/ros/jazzy DEBUGINFOD_URLS=https://debuginfod.ubuntu.com /usr/bin/cmake --build /home/himanshu/ros2_ws/src/build/bme_ros2_tutorials_cpp -- -j8 -l8
[46.741s] Invoking command in '/home/himanshu/ros2_ws/src/build/bme_ros2_tutorials_cpp': CMAKE_PREFIX_PATH=${CMAKE_PREFIX_PATH}:/home/himanshu/ros2_ws/install/ur_robot_driver:/home/himanshu/ros2_ws/install/ur_mogi_py:/home/himanshu/ros2_ws/install/open_manipulator_mogi_py:/home/himanshu/ros2_ws/install/mogi_trajectory_server:/home/himanshu/ros2_ws/install/map_merge_py:/home/himanshu/ros2_ws/install/bme_ros2_tutorials_py:/home/himanshu/ros2_ws/install/bme_ros2_simple_arm_py:/home/himanshu/ros2_ws/install/bme_ros2_navigation_py:/home/himanshu/ros2_ws/install/bme_gazebo_sensors_py:/opt/ros/jazzy DEBUGINFOD_URLS=https://debuginfod.ubuntu.com /usr/bin/cmake --install /home/himanshu/ros2_ws/src/build/bme_ros2_tutorials_cpp
[47.759s] -- Install configuration: ""
[47.761s] -- Installing: /home/himanshu/ros2_ws/src/install/bme_ros2_tutorials_cpp/lib/bme_ros2_tutorials_cpp/publisher_cpp
[47.762s] -- Set non-toolchain portion of runtime path of "/home/himanshu/ros2_ws/src/install/bme_ros2_tutorials_cpp/lib/bme_ros2_tutorials_cpp/publisher_cpp" to ""
[47.762s] -- Installing: /home/himanshu/ros2_ws/src/install/bme_ros2_tutorials_cpp/lib/bme_ros2_tutorials_cpp/subscriber_cpp
[47.762s] -- Set non-toolchain portion of runtime path of "/home/himanshu/ros2_ws/src/install/bme_ros2_tutorials_cpp/lib/bme_ros2_tutorials_cpp/subscriber_cpp" to ""
[47.762s] -- Installing: /home/himanshu/ros2_ws/src/install/bme_ros2_tutorials_cpp/share/ament_index/resource_index/package_run_dependencies/bme_ros2_tutorials_cpp
[47.762s] -- Installing: /home/himanshu/ros2_ws/src/install/bme_ros2_tutorials_cpp/share/ament_index/resource_index/parent_prefix_path/bme_ros2_tutorials_cpp
[47.763s] -- Installing: /home/himanshu/ros2_ws/src/install/bme_ros2_tutorials_cpp/share/bme_ros2_tutorials_cpp/environment/ament_prefix_path.sh
[47.763s] -- Installing: /home/himanshu/ros2_ws/src/install/bme_ros2_tutorials_cpp/share/bme_ros2_tutorials_cpp/environment/ament_prefix_path.dsv
[47.763s] -- Installing: /home/himanshu/ros2_ws/src/install/bme_ros2_tutorials_cpp/share/bme_ros2_tutorials_cpp/environment/path.sh
[47.764s] -- Installing: /home/himanshu/ros2_ws/src/install/bme_ros2_tutorials_cpp/share/bme_ros2_tutorials_cpp/environment/path.dsv
[47.764s] -- Installing: /home/himanshu/ros2_ws/src/install/bme_ros2_tutorials_cpp/share/bme_ros2_tutorials_cpp/local_setup.bash
[47.765s] -- Installing: /home/himanshu/ros2_ws/src/install/bme_ros2_tutorials_cpp/share/bme_ros2_tutorials_cpp/local_setup.sh
[47.765s] -- Installing: /home/himanshu/ros2_ws/src/install/bme_ros2_tutorials_cpp/share/bme_ros2_tutorials_cpp/local_setup.zsh
[47.766s] -- Installing: /home/himanshu/ros2_ws/src/install/bme_ros2_tutorials_cpp/share/bme_ros2_tutorials_cpp/local_setup.dsv
[47.766s] -- Installing: /home/himanshu/ros2_ws/src/install/bme_ros2_tutorials_cpp/share/bme_ros2_tutorials_cpp/package.dsv
[47.766s] -- Installing: /home/himanshu/ros2_ws/src/install/bme_ros2_tutorials_cpp/share/ament_index/resource_index/packages/bme_ros2_tutorials_cpp
[47.767s] -- Installing: /home/himanshu/ros2_ws/src/install/bme_ros2_tutorials_cpp/share/bme_ros2_tutorials_cpp/cmake/bme_ros2_tutorials_cppConfig.cmake
[47.767s] -- Installing: /home/himanshu/ros2_ws/src/install/bme_ros2_tutorials_cpp/share/bme_ros2_tutorials_cpp/cmake/bme_ros2_tutorials_cppConfig-version.cmake
[47.768s] -- Installing: /home/himanshu/ros2_ws/src/install/bme_ros2_tutorials_cpp/share/bme_ros2_tutorials_cpp/package.xml
[47.794s] Invoked command in '/home/himanshu/ros2_ws/src/build/bme_ros2_tutorials_cpp' returned '0': CMAKE_PREFIX_PATH=${CMAKE_PREFIX_PATH}:/home/himanshu/ros2_ws/install/ur_robot_driver:/home/himanshu/ros2_ws/install/ur_mogi_py:/home/himanshu/ros2_ws/install/open_manipulator_mogi_py:/home/himanshu/ros2_ws/install/mogi_trajectory_server:/home/himanshu/ros2_ws/install/map_merge_py:/home/himanshu/ros2_ws/install/bme_ros2_tutorials_py:/home/himanshu/ros2_ws/install/bme_ros2_simple_arm_py:/home/himanshu/ros2_ws/install/bme_ros2_navigation_py:/home/himanshu/ros2_ws/install/bme_gazebo_sensors_py:/opt/ros/jazzy DEBUGINFOD_URLS=https://debuginfod.ubuntu.com /usr/bin/cmake --install /home/himanshu/ros2_ws/src/build/bme_ros2_tutorials_cpp
