[0.015s] Invoking command in '/home/himanshu/ros2_ws/bme_ros2_tutorials_bringup/build/bme_ros2_tutorials_bringup': CMAKE_PREFIX_PATH=${CMAKE_PREFIX_PATH}:/opt/ros/jazzy CONDA_PROMPT_MODIFIER=(base) DEBUGINFOD_URLS=https://debuginfod.ubuntu.com /usr/bin/cmake --build /home/himanshu/ros2_ws/bme_ros2_tutorials_bringup/build/bme_ros2_tutorials_bringup -- -j8 -l8
[0.046s] -- Found ament_cmake: 2.5.4 (/opt/ros/jazzy/share/ament_cmake/cmake)
[0.317s] -- Found ament_lint_auto: 0.17.2 (/opt/ros/jazzy/share/ament_lint_auto/cmake)
[0.447s] -- Added test 'cppcheck' to perform static code analysis on C / C++ code
[0.448s] -- Configured cppcheck include dirs: 
[0.448s] -- Configured cppcheck exclude dirs and/or files: 
[0.448s] -- Added test 'flake8' to check Python code syntax and style conventions
[0.448s] -- Configured 'flake8' exclude dirs and/or files: 
[0.454s] -- Added test 'lint_cmake' to check CMake code style
[0.455s] -- Added test 'pep257' to check Python code against some of the docstring style conventions in PEP 257
[0.473s] -- Added test 'uncrustify' to check C / C++ code style
[0.474s] -- Configured uncrustify additional arguments: 
[0.477s] -- Added test 'xmllint' to check XML markup files
[0.478s] -- Configuring done (0.4s)
[0.484s] -- Generating done (0.0s)
[0.491s] -- Build files have been written to: /home/himanshu/ros2_ws/bme_ros2_tutorials_bringup/build/bme_ros2_tutorials_bringup
[0.520s] Invoked command in '/home/himanshu/ros2_ws/bme_ros2_tutorials_bringup/build/bme_ros2_tutorials_bringup' returned '0': CMAKE_PREFIX_PATH=${CMAKE_PREFIX_PATH}:/opt/ros/jazzy CONDA_PROMPT_MODIFIER=(base) DEBUGINFOD_URLS=https://debuginfod.ubuntu.com /usr/bin/cmake --build /home/himanshu/ros2_ws/bme_ros2_tutorials_bringup/build/bme_ros2_tutorials_bringup -- -j8 -l8
[0.533s] Invoking command in '/home/himanshu/ros2_ws/bme_ros2_tutorials_bringup/build/bme_ros2_tutorials_bringup': CMAKE_PREFIX_PATH=${CMAKE_PREFIX_PATH}:/opt/ros/jazzy CONDA_PROMPT_MODIFIER=(base) DEBUGINFOD_URLS=https://debuginfod.ubuntu.com /usr/bin/cmake --install /home/himanshu/ros2_ws/bme_ros2_tutorials_bringup/build/bme_ros2_tutorials_bringup
[0.543s] -- Install configuration: ""
[0.543s] -- Installing: /home/himanshu/ros2_ws/bme_ros2_tutorials_bringup/install/bme_ros2_tutorials_bringup/share/bme_ros2_tutorials_bringup/launch
[0.543s] -- Installing: /home/himanshu/ros2_ws/bme_ros2_tutorials_bringup/install/bme_ros2_tutorials_bringup/share/ament_index/resource_index/package_run_dependencies/bme_ros2_tutorials_bringup
[0.543s] -- Installing: /home/himanshu/ros2_ws/bme_ros2_tutorials_bringup/install/bme_ros2_tutorials_bringup/share/ament_index/resource_index/parent_prefix_path/bme_ros2_tutorials_bringup
[0.543s] -- Installing: /home/himanshu/ros2_ws/bme_ros2_tutorials_bringup/install/bme_ros2_tutorials_bringup/share/bme_ros2_tutorials_bringup/environment/ament_prefix_path.sh
[0.544s] -- Installing: /home/himanshu/ros2_ws/bme_ros2_tutorials_bringup/install/bme_ros2_tutorials_bringup/share/bme_ros2_tutorials_bringup/environment/ament_prefix_path.dsv
[0.544s] -- Installing: /home/himanshu/ros2_ws/bme_ros2_tutorials_bringup/install/bme_ros2_tutorials_bringup/share/bme_ros2_tutorials_bringup/environment/path.sh
[0.544s] -- Installing: /home/himanshu/ros2_ws/bme_ros2_tutorials_bringup/install/bme_ros2_tutorials_bringup/share/bme_ros2_tutorials_bringup/environment/path.dsv
[0.544s] -- Installing: /home/himanshu/ros2_ws/bme_ros2_tutorials_bringup/install/bme_ros2_tutorials_bringup/share/bme_ros2_tutorials_bringup/local_setup.bash
[0.545s] -- Installing: /home/himanshu/ros2_ws/bme_ros2_tutorials_bringup/install/bme_ros2_tutorials_bringup/share/bme_ros2_tutorials_bringup/local_setup.sh
[0.545s] -- Installing: /home/himanshu/ros2_ws/bme_ros2_tutorials_bringup/install/bme_ros2_tutorials_bringup/share/bme_ros2_tutorials_bringup/local_setup.zsh
[0.545s] -- Installing: /home/himanshu/ros2_ws/bme_ros2_tutorials_bringup/install/bme_ros2_tutorials_bringup/share/bme_ros2_tutorials_bringup/local_setup.dsv
[0.545s] -- Installing: /home/himanshu/ros2_ws/bme_ros2_tutorials_bringup/install/bme_ros2_tutorials_bringup/share/bme_ros2_tutorials_bringup/package.dsv
[0.545s] -- Installing: /home/himanshu/ros2_ws/bme_ros2_tutorials_bringup/install/bme_ros2_tutorials_bringup/share/ament_index/resource_index/packages/bme_ros2_tutorials_bringup
[0.546s] -- Installing: /home/himanshu/ros2_ws/bme_ros2_tutorials_bringup/install/bme_ros2_tutorials_bringup/share/bme_ros2_tutorials_bringup/cmake/bme_ros2_tutorials_bringupConfig.cmake
[0.546s] -- Installing: /home/himanshu/ros2_ws/bme_ros2_tutorials_bringup/install/bme_ros2_tutorials_bringup/share/bme_ros2_tutorials_bringup/cmake/bme_ros2_tutorials_bringupConfig-version.cmake
[0.546s] -- Installing: /home/himanshu/ros2_ws/bme_ros2_tutorials_bringup/install/bme_ros2_tutorials_bringup/share/bme_ros2_tutorials_bringup/package.xml
[0.549s] Invoked command in '/home/himanshu/ros2_ws/bme_ros2_tutorials_bringup/build/bme_ros2_tutorials_bringup' returned '0': CMAKE_PREFIX_PATH=${CMAKE_PREFIX_PATH}:/opt/ros/jazzy CONDA_PROMPT_MODIFIER=(base) DEBUGINFOD_URLS=https://debuginfod.ubuntu.com /usr/bin/cmake --install /home/himanshu/ros2_ws/bme_ros2_tutorials_bringup/build/bme_ros2_tutorials_bringup
