[4.359s] Invoking command in '/home/himanshu/ros2_ws/src/bme_ros2_simple_arm_py': DEBUGINFOD_URLS=https://debuginfod.ubuntu.com PYTHONPATH=/home/himanshu/ros2_ws/src/build/bme_ros2_simple_arm_py/prefix_override:/usr/lib/python3/dist-packages/colcon_core/task/python/colcon_distutils_commands:/home/himanshu/ros2_ws/src/install/bme_ros2_simple_arm_py/lib/python3.12/site-packages:${PYTHONPATH} /usr/bin/python3 -W ignore:setup.py install is deprecated -W ignore:easy_install command is deprecated setup.py egg_info --egg-base ../build/bme_ros2_simple_arm_py build --build-base /home/himanshu/ros2_ws/src/build/bme_ros2_simple_arm_py/build install --record /home/himanshu/ros2_ws/src/build/bme_ros2_simple_arm_py/install.log --single-version-externally-managed install_data
[6.039s] running egg_info
[6.043s] creating ../build/bme_ros2_simple_arm_py/bme_ros2_simple_arm_py.egg-info
[6.162s] writing ../build/bme_ros2_simple_arm_py/bme_ros2_simple_arm_py.egg-info/PKG-INFO
[6.164s] writing dependency_links to ../build/bme_ros2_simple_arm_py/bme_ros2_simple_arm_py.egg-info/dependency_links.txt
[6.165s] writing entry points to ../build/bme_ros2_simple_arm_py/bme_ros2_simple_arm_py.egg-info/entry_points.txt
[6.167s] writing requirements to ../build/bme_ros2_simple_arm_py/bme_ros2_simple_arm_py.egg-info/requires.txt
[6.167s] writing top-level names to ../build/bme_ros2_simple_arm_py/bme_ros2_simple_arm_py.egg-info/top_level.txt
[6.168s] writing manifest file '../build/bme_ros2_simple_arm_py/bme_ros2_simple_arm_py.egg-info/SOURCES.txt'
[6.406s] reading manifest file '../build/bme_ros2_simple_arm_py/bme_ros2_simple_arm_py.egg-info/SOURCES.txt'
[6.406s] writing manifest file '../build/bme_ros2_simple_arm_py/bme_ros2_simple_arm_py.egg-info/SOURCES.txt'
[6.407s] running build
[6.407s] running build_py
[6.407s] creating /home/himanshu/ros2_ws/src/build/bme_ros2_simple_arm_py/build
[6.408s] creating /home/himanshu/ros2_ws/src/build/bme_ros2_simple_arm_py/build/lib
[6.408s] creating /home/himanshu/ros2_ws/src/build/bme_ros2_simple_arm_py/build/lib/bme_ros2_simple_arm_py
[6.408s] copying bme_ros2_simple_arm_py/__init__.py -> /home/himanshu/ros2_ws/src/build/bme_ros2_simple_arm_py/build/lib/bme_ros2_simple_arm_py
[6.412s] copying bme_ros2_simple_arm_py/inverse_kinematics.py -> /home/himanshu/ros2_ws/src/build/bme_ros2_simple_arm_py/build/lib/bme_ros2_simple_arm_py
[6.413s] copying bme_ros2_simple_arm_py/send_joint_angles.py -> /home/himanshu/ros2_ws/src/build/bme_ros2_simple_arm_py/build/lib/bme_ros2_simple_arm_py
[6.416s] copying bme_ros2_simple_arm_py/test_inverse_kinematics.py -> /home/himanshu/ros2_ws/src/build/bme_ros2_simple_arm_py/build/lib/bme_ros2_simple_arm_py
[6.420s] running install
[6.449s] running install_lib
[6.580s] creating /home/himanshu/ros2_ws/src/install/bme_ros2_simple_arm_py/lib/python3.12/site-packages/bme_ros2_simple_arm_py
[6.581s] copying /home/himanshu/ros2_ws/src/build/bme_ros2_simple_arm_py/build/lib/bme_ros2_simple_arm_py/__init__.py -> /home/himanshu/ros2_ws/src/install/bme_ros2_simple_arm_py/lib/python3.12/site-packages/bme_ros2_simple_arm_py
[6.583s] copying /home/himanshu/ros2_ws/src/build/bme_ros2_simple_arm_py/build/lib/bme_ros2_simple_arm_py/inverse_kinematics.py -> /home/himanshu/ros2_ws/src/install/bme_ros2_simple_arm_py/lib/python3.12/site-packages/bme_ros2_simple_arm_py
[6.584s] copying /home/himanshu/ros2_ws/src/build/bme_ros2_simple_arm_py/build/lib/bme_ros2_simple_arm_py/send_joint_angles.py -> /home/himanshu/ros2_ws/src/install/bme_ros2_simple_arm_py/lib/python3.12/site-packages/bme_ros2_simple_arm_py
[6.585s] copying /home/himanshu/ros2_ws/src/build/bme_ros2_simple_arm_py/build/lib/bme_ros2_simple_arm_py/test_inverse_kinematics.py -> /home/himanshu/ros2_ws/src/install/bme_ros2_simple_arm_py/lib/python3.12/site-packages/bme_ros2_simple_arm_py
[6.587s] byte-compiling /home/himanshu/ros2_ws/src/install/bme_ros2_simple_arm_py/lib/python3.12/site-packages/bme_ros2_simple_arm_py/__init__.py to __init__.cpython-312.pyc
[6.588s] byte-compiling /home/himanshu/ros2_ws/src/install/bme_ros2_simple_arm_py/lib/python3.12/site-packages/bme_ros2_simple_arm_py/inverse_kinematics.py to inverse_kinematics.cpython-312.pyc
[6.594s] byte-compiling /home/himanshu/ros2_ws/src/install/bme_ros2_simple_arm_py/lib/python3.12/site-packages/bme_ros2_simple_arm_py/send_joint_angles.py to send_joint_angles.cpython-312.pyc
[6.597s] byte-compiling /home/himanshu/ros2_ws/src/install/bme_ros2_simple_arm_py/lib/python3.12/site-packages/bme_ros2_simple_arm_py/test_inverse_kinematics.py to test_inverse_kinematics.cpython-312.pyc
[6.604s] running install_data
[6.604s] creating /home/himanshu/ros2_ws/src/install/bme_ros2_simple_arm_py/share/ament_index
[6.605s] creating /home/himanshu/ros2_ws/src/install/bme_ros2_simple_arm_py/share/ament_index/resource_index
[6.605s] creating /home/himanshu/ros2_ws/src/install/bme_ros2_simple_arm_py/share/ament_index/resource_index/packages
[6.605s] copying resource/bme_ros2_simple_arm_py -> /home/himanshu/ros2_ws/src/install/bme_ros2_simple_arm_py/share/ament_index/resource_index/packages
[6.606s] copying package.xml -> /home/himanshu/ros2_ws/src/install/bme_ros2_simple_arm_py/share/bme_ros2_simple_arm_py
[6.606s] running install_egg_info
[6.727s] Copying ../build/bme_ros2_simple_arm_py/bme_ros2_simple_arm_py.egg-info to /home/himanshu/ros2_ws/src/install/bme_ros2_simple_arm_py/lib/python3.12/site-packages/bme_ros2_simple_arm_py-0.0.0-py3.12.egg-info
[6.731s] running install_scripts
[7.432s] Installing inverse_kinematics script to /home/himanshu/ros2_ws/src/install/bme_ros2_simple_arm_py/lib/bme_ros2_simple_arm_py
[7.432s] Installing send_joint_angles script to /home/himanshu/ros2_ws/src/install/bme_ros2_simple_arm_py/lib/bme_ros2_simple_arm_py
[7.433s] writing list of installed files to '/home/himanshu/ros2_ws/src/build/bme_ros2_simple_arm_py/install.log'
[7.542s] Invoked command in '/home/himanshu/ros2_ws/src/bme_ros2_simple_arm_py' returned '0': DEBUGINFOD_URLS=https://debuginfod.ubuntu.com PYTHONPATH=/home/himanshu/ros2_ws/src/build/bme_ros2_simple_arm_py/prefix_override:/usr/lib/python3/dist-packages/colcon_core/task/python/colcon_distutils_commands:/home/himanshu/ros2_ws/src/install/bme_ros2_simple_arm_py/lib/python3.12/site-packages:${PYTHONPATH} /usr/bin/python3 -W ignore:setup.py install is deprecated -W ignore:easy_install command is deprecated setup.py egg_info --egg-base ../build/bme_ros2_simple_arm_py build --build-base /home/himanshu/ros2_ws/src/build/bme_ros2_simple_arm_py/build install --record /home/himanshu/ros2_ws/src/build/bme_ros2_simple_arm_py/install.log --single-version-externally-managed install_data
