[0.017s] Invoking command in '/home/himanshu/ros2_ws/bme_ros2_tutorials_cpp/build/bme_ros2_tutorials_cpp': CMAKE_PREFIX_PATH=${CMAKE_PREFIX_PATH}:/opt/ros/jazzy CONDA_PROMPT_MODIFIER=(base) DEBUGINFOD_URLS=https://debuginfod.ubuntu.com /usr/bin/cmake /home/himanshu/ros2_ws/bme_ros2_tutorials_cpp -DCMAKE_INSTALL_PREFIX=/home/himanshu/ros2_ws/bme_ros2_tutorials_cpp/install/bme_ros2_tutorials_cpp
[0.238s] -- The C compiler identification is GNU 13.3.0
[0.426s] -- The CXX compiler identification is GNU 13.3.0
[0.450s] -- Detecting C compiler ABI info
[0.558s] -- Detecting C compiler ABI info - done
[0.568s] -- Check for working C compiler: /usr/bin/cc - skipped
[0.569s] -- Detecting C compile features
[0.570s] -- Detecting C compile features - done
[0.581s] -- Detecting CXX compiler ABI info
[0.704s] -- Detecting CXX compiler ABI info - done
[0.723s] -- Check for working CXX compiler: /usr/bin/c++ - skipped
[0.724s] -- Detecting CXX compile features
[0.725s] -- Detecting CXX compile features - done
[0.745s] -- Found ament_cmake: 2.5.4 (/opt/ros/jazzy/share/ament_cmake/cmake)
[0.940s] -- Found Python3: /home/himanshu/miniconda3/bin/python3 (found version "3.13.2") found components: Interpreter 
[1.142s] -- Found rclcpp: 28.1.9 (/opt/ros/jazzy/share/rclcpp/cmake)
[1.230s] -- Found rosidl_generator_c: 4.6.5 (/opt/ros/jazzy/share/rosidl_generator_c/cmake)
[1.255s] -- Found rosidl_generator_cpp: 4.6.5 (/opt/ros/jazzy/share/rosidl_generator_cpp/cmake)
[1.292s] -- Using all available rosidl_typesupport_c: rosidl_typesupport_fastrtps_c;rosidl_typesupport_introspection_c
[1.331s] -- Using all available rosidl_typesupport_cpp: rosidl_typesupport_fastrtps_cpp;rosidl_typesupport_introspection_cpp
[1.506s] -- Found rmw_implementation_cmake: 7.3.2 (/opt/ros/jazzy/share/rmw_implementation_cmake/cmake)
[1.513s] -- Found rmw_fastrtps_cpp: 8.4.2 (/opt/ros/jazzy/share/rmw_fastrtps_cpp/cmake)
[1.649s] -- Found OpenSSL: /usr/lib/x86_64-linux-gnu/libcrypto.so (found version "3.0.13")  
[1.693s] -- Found FastRTPS: /opt/ros/jazzy/include (Required is at least version "2.13") 
[1.735s] -- Using RMW implementation 'rmw_fastrtps_cpp' as default
[1.921s] -- Found std_msgs: 5.3.6 (/opt/ros/jazzy/share/std_msgs/cmake)
[1.958s] -- Found ament_lint_auto: 0.17.2 (/opt/ros/jazzy/share/ament_lint_auto/cmake)
[1.989s] Traceback (most recent call last):
[1.992s]   File "/opt/ros/jazzy/share/ament_cmake_core/cmake/core/package_xml_2_cmake.py", line 22, in <module>
[1.992s]     from catkin_pkg.package import parse_package_string
[1.992s] ModuleNotFoundError: No module named 'catkin_pkg'
[1.998s] [31mCMake Error at /opt/ros/jazzy/share/ament_cmake_core/cmake/core/ament_package_xml.cmake:95 (message):
[1.998s]   execute_process(/home/himanshu/miniconda3/bin/python3
[1.998s]   /opt/ros/jazzy/share/ament_cmake_core/cmake/core/package_xml_2_cmake.py
[1.998s]   /home/himanshu/ros2_ws/bme_ros2_tutorials_cpp/package.xml
[1.998s]   /home/himanshu/ros2_ws/bme_ros2_tutorials_cpp/build/bme_ros2_tutorials_cpp/ament_cmake_core/package.cmake)
[1.998s]   returned error code 1
[1.999s] Call Stack (most recent call first):
[1.999s]   /opt/ros/jazzy/share/ament_cmake_core/cmake/core/ament_package_xml.cmake:49 (_ament_package_xml)
[1.999s]   /opt/ros/jazzy/share/ament_lint_auto/cmake/ament_lint_auto_find_test_dependencies.cmake:31 (ament_package_xml)
[1.999s]   CMakeLists.txt:31 (ament_lint_auto_find_test_dependencies)
[1.999s] 
[1.999s] [0m
[2.000s] -- Configuring incomplete, errors occurred!
[2.012s] Invoked command in '/home/himanshu/ros2_ws/bme_ros2_tutorials_cpp/build/bme_ros2_tutorials_cpp' returned '1': CMAKE_PREFIX_PATH=${CMAKE_PREFIX_PATH}:/opt/ros/jazzy CONDA_PROMPT_MODIFIER=(base) DEBUGINFOD_URLS=https://debuginfod.ubuntu.com /usr/bin/cmake /home/himanshu/ros2_ws/bme_ros2_tutorials_cpp -DCMAKE_INSTALL_PREFIX=/home/himanshu/ros2_ws/bme_ros2_tutorials_cpp/install/bme_ros2_tutorials_cpp
