[0.020s] Invoking command in '/home/himanshu/ros2_ws/bme_ros2_tutorials_bringup/build/bme_ros2_tutorials_bringup': CMAKE_PREFIX_PATH=${CMAKE_PREFIX_PATH}:/home/himanshu/ros2_ws/install/bme_ros2_tutorials_py:/opt/ros/jazzy CONDA_PROMPT_MODIFIER=(base) DEBUGINFOD_URLS=https://debuginfod.ubuntu.com /usr/bin/cmake --build /home/himanshu/ros2_ws/bme_ros2_tutorials_bringup/build/bme_ros2_tutorials_bringup -- -j8 -l8
[0.071s] Invoked command in '/home/himanshu/ros2_ws/bme_ros2_tutorials_bringup/build/bme_ros2_tutorials_bringup' returned '0': CMAKE_PREFIX_PATH=${CMAKE_PREFIX_PATH}:/home/himanshu/ros2_ws/install/bme_ros2_tutorials_py:/opt/ros/jazzy CONDA_PROMPT_MODIFIER=(base) DEBUGINFOD_URLS=https://debuginfod.ubuntu.com /usr/bin/cmake --build /home/himanshu/ros2_ws/bme_ros2_tutorials_bringup/build/bme_ros2_tutorials_bringup -- -j8 -l8
[0.087s] Invoking command in '/home/himanshu/ros2_ws/bme_ros2_tutorials_bringup/build/bme_ros2_tutorials_bringup': CMAKE_PREFIX_PATH=${CMAKE_PREFIX_PATH}:/home/himanshu/ros2_ws/install/bme_ros2_tutorials_py:/opt/ros/jazzy CONDA_PROMPT_MODIFIER=(base) DEBUGINFOD_URLS=https://debuginfod.ubuntu.com /usr/bin/cmake --install /home/himanshu/ros2_ws/bme_ros2_tutorials_bringup/build/bme_ros2_tutorials_bringup
[0.103s] -- Install configuration: ""
[0.104s] -- Up-to-date: /home/himanshu/ros2_ws/bme_ros2_tutorials_bringup/install/bme_ros2_tutorials_bringup/share/bme_ros2_tutorials_bringup/launch
[0.104s] -- Installing: /home/himanshu/ros2_ws/bme_ros2_tutorials_bringup/install/bme_ros2_tutorials_bringup/share/bme_ros2_tutorials_bringup/launch/publisher_subscriber.launch.py
[0.105s] -- Up-to-date: /home/himanshu/ros2_ws/bme_ros2_tutorials_bringup/install/bme_ros2_tutorials_bringup/share/ament_index/resource_index/package_run_dependencies/bme_ros2_tutorials_bringup
[0.105s] -- Up-to-date: /home/himanshu/ros2_ws/bme_ros2_tutorials_bringup/install/bme_ros2_tutorials_bringup/share/ament_index/resource_index/parent_prefix_path/bme_ros2_tutorials_bringup
[0.106s] -- Up-to-date: /home/himanshu/ros2_ws/bme_ros2_tutorials_bringup/install/bme_ros2_tutorials_bringup/share/bme_ros2_tutorials_bringup/environment/ament_prefix_path.sh
[0.106s] -- Up-to-date: /home/himanshu/ros2_ws/bme_ros2_tutorials_bringup/install/bme_ros2_tutorials_bringup/share/bme_ros2_tutorials_bringup/environment/ament_prefix_path.dsv
[0.107s] -- Up-to-date: /home/himanshu/ros2_ws/bme_ros2_tutorials_bringup/install/bme_ros2_tutorials_bringup/share/bme_ros2_tutorials_bringup/environment/path.sh
[0.107s] -- Up-to-date: /home/himanshu/ros2_ws/bme_ros2_tutorials_bringup/install/bme_ros2_tutorials_bringup/share/bme_ros2_tutorials_bringup/environment/path.dsv
[0.107s] -- Up-to-date: /home/himanshu/ros2_ws/bme_ros2_tutorials_bringup/install/bme_ros2_tutorials_bringup/share/bme_ros2_tutorials_bringup/local_setup.bash
[0.108s] -- Up-to-date: /home/himanshu/ros2_ws/bme_ros2_tutorials_bringup/install/bme_ros2_tutorials_bringup/share/bme_ros2_tutorials_bringup/local_setup.sh
[0.108s] -- Up-to-date: /home/himanshu/ros2_ws/bme_ros2_tutorials_bringup/install/bme_ros2_tutorials_bringup/share/bme_ros2_tutorials_bringup/local_setup.zsh
[0.108s] -- Up-to-date: /home/himanshu/ros2_ws/bme_ros2_tutorials_bringup/install/bme_ros2_tutorials_bringup/share/bme_ros2_tutorials_bringup/local_setup.dsv
[0.108s] -- Installing: /home/himanshu/ros2_ws/bme_ros2_tutorials_bringup/install/bme_ros2_tutorials_bringup/share/bme_ros2_tutorials_bringup/package.dsv
[0.109s] -- Up-to-date: /home/himanshu/ros2_ws/bme_ros2_tutorials_bringup/install/bme_ros2_tutorials_bringup/share/ament_index/resource_index/packages/bme_ros2_tutorials_bringup
[0.109s] -- Up-to-date: /home/himanshu/ros2_ws/bme_ros2_tutorials_bringup/install/bme_ros2_tutorials_bringup/share/bme_ros2_tutorials_bringup/cmake/bme_ros2_tutorials_bringupConfig.cmake
[0.110s] -- Up-to-date: /home/himanshu/ros2_ws/bme_ros2_tutorials_bringup/install/bme_ros2_tutorials_bringup/share/bme_ros2_tutorials_bringup/cmake/bme_ros2_tutorials_bringupConfig-version.cmake
[0.110s] -- Up-to-date: /home/himanshu/ros2_ws/bme_ros2_tutorials_bringup/install/bme_ros2_tutorials_bringup/share/bme_ros2_tutorials_bringup/package.xml
[0.114s] Invoked command in '/home/himanshu/ros2_ws/bme_ros2_tutorials_bringup/build/bme_ros2_tutorials_bringup' returned '0': CMAKE_PREFIX_PATH=${CMAKE_PREFIX_PATH}:/home/himanshu/ros2_ws/install/bme_ros2_tutorials_py:/opt/ros/jazzy CONDA_PROMPT_MODIFIER=(base) DEBUGINFOD_URLS=https://debuginfod.ubuntu.com /usr/bin/cmake --install /home/himanshu/ros2_ws/bme_ros2_tutorials_bringup/build/bme_ros2_tutorials_bringup
