[0.086s] Invoking command in '/home/himanshu/ros2_ws/src/build/open_manipulator_description': CMAKE_PREFIX_PATH=${CMAKE_PREFIX_PATH}:/home/himanshu/ros2_ws/install/ur_robot_driver:/home/himanshu/ros2_ws/install/ur_mogi_py:/home/himanshu/ros2_ws/install/open_manipulator_mogi_py:/home/himanshu/ros2_ws/install/mogi_trajectory_server:/home/himanshu/ros2_ws/install/map_merge_py:/home/himanshu/ros2_ws/install/bme_ros2_tutorials_py:/home/himanshu/ros2_ws/install/bme_ros2_simple_arm_py:/home/himanshu/ros2_ws/install/bme_ros2_navigation_py:/home/himanshu/ros2_ws/install/bme_gazebo_sensors_py:/opt/ros/jazzy DEBUGINFOD_URLS=https://debuginfod.ubuntu.com /usr/bin/cmake /home/himanshu/ros2_ws/src/open_manipulator_description -DCMAKE_INSTALL_PREFIX=/home/himanshu/ros2_ws/src/install/open_manipulator_description
[0.304s] -- The C compiler identification is GNU 13.3.0
[0.528s] -- The CXX compiler identification is GNU 13.3.0
[0.592s] -- Detecting C compiler ABI info
[0.929s] -- Detecting C compiler ABI info - done
[0.978s] -- Check for working C compiler: /usr/bin/cc - skipped
[0.979s] -- Detecting C compile features
[0.981s] -- Detecting C compile features - done
[1.014s] -- Detecting CXX compiler ABI info
[1.395s] -- Detecting CXX compiler ABI info - done
[1.450s] -- Check for working CXX compiler: /usr/bin/c++ - skipped
[1.451s] -- Detecting CXX compile features
[1.455s] -- Detecting CXX compile features - done
[1.491s] -- Found ament_cmake: 2.5.4 (/opt/ros/jazzy/share/ament_cmake/cmake)
[2.510s] -- Found Python3: /usr/bin/python3 (found version "3.12.3") found components: Interpreter 
[4.561s] -- Configuring done (4.5s)
[4.603s] -- Generating done (0.0s)
[4.615s] -- Build files have been written to: /home/himanshu/ros2_ws/src/build/open_manipulator_description
[4.668s] Invoked command in '/home/himanshu/ros2_ws/src/build/open_manipulator_description' returned '0': CMAKE_PREFIX_PATH=${CMAKE_PREFIX_PATH}:/home/himanshu/ros2_ws/install/ur_robot_driver:/home/himanshu/ros2_ws/install/ur_mogi_py:/home/himanshu/ros2_ws/install/open_manipulator_mogi_py:/home/himanshu/ros2_ws/install/mogi_trajectory_server:/home/himanshu/ros2_ws/install/map_merge_py:/home/himanshu/ros2_ws/install/bme_ros2_tutorials_py:/home/himanshu/ros2_ws/install/bme_ros2_simple_arm_py:/home/himanshu/ros2_ws/install/bme_ros2_navigation_py:/home/himanshu/ros2_ws/install/bme_gazebo_sensors_py:/opt/ros/jazzy DEBUGINFOD_URLS=https://debuginfod.ubuntu.com /usr/bin/cmake /home/himanshu/ros2_ws/src/open_manipulator_description -DCMAKE_INSTALL_PREFIX=/home/himanshu/ros2_ws/src/install/open_manipulator_description
[4.669s] Invoking command in '/home/himanshu/ros2_ws/src/build/open_manipulator_description': CMAKE_PREFIX_PATH=${CMAKE_PREFIX_PATH}:/home/himanshu/ros2_ws/install/ur_robot_driver:/home/himanshu/ros2_ws/install/ur_mogi_py:/home/himanshu/ros2_ws/install/open_manipulator_mogi_py:/home/himanshu/ros2_ws/install/mogi_trajectory_server:/home/himanshu/ros2_ws/install/map_merge_py:/home/himanshu/ros2_ws/install/bme_ros2_tutorials_py:/home/himanshu/ros2_ws/install/bme_ros2_simple_arm_py:/home/himanshu/ros2_ws/install/bme_ros2_navigation_py:/home/himanshu/ros2_ws/install/bme_gazebo_sensors_py:/opt/ros/jazzy DEBUGINFOD_URLS=https://debuginfod.ubuntu.com /usr/bin/cmake --build /home/himanshu/ros2_ws/src/build/open_manipulator_description -- -j8 -l8
[11.044s] Invoked command in '/home/himanshu/ros2_ws/src/build/open_manipulator_description' returned '0': CMAKE_PREFIX_PATH=${CMAKE_PREFIX_PATH}:/home/himanshu/ros2_ws/install/ur_robot_driver:/home/himanshu/ros2_ws/install/ur_mogi_py:/home/himanshu/ros2_ws/install/open_manipulator_mogi_py:/home/himanshu/ros2_ws/install/mogi_trajectory_server:/home/himanshu/ros2_ws/install/map_merge_py:/home/himanshu/ros2_ws/install/bme_ros2_tutorials_py:/home/himanshu/ros2_ws/install/bme_ros2_simple_arm_py:/home/himanshu/ros2_ws/install/bme_ros2_navigation_py:/home/himanshu/ros2_ws/install/bme_gazebo_sensors_py:/opt/ros/jazzy DEBUGINFOD_URLS=https://debuginfod.ubuntu.com /usr/bin/cmake --build /home/himanshu/ros2_ws/src/build/open_manipulator_description -- -j8 -l8
[11.119s] Invoking command in '/home/himanshu/ros2_ws/src/build/open_manipulator_description': CMAKE_PREFIX_PATH=${CMAKE_PREFIX_PATH}:/home/himanshu/ros2_ws/install/ur_robot_driver:/home/himanshu/ros2_ws/install/ur_mogi_py:/home/himanshu/ros2_ws/install/open_manipulator_mogi_py:/home/himanshu/ros2_ws/install/mogi_trajectory_server:/home/himanshu/ros2_ws/install/map_merge_py:/home/himanshu/ros2_ws/install/bme_ros2_tutorials_py:/home/himanshu/ros2_ws/install/bme_ros2_simple_arm_py:/home/himanshu/ros2_ws/install/bme_ros2_navigation_py:/home/himanshu/ros2_ws/install/bme_gazebo_sensors_py:/opt/ros/jazzy DEBUGINFOD_URLS=https://debuginfod.ubuntu.com /usr/bin/cmake --install /home/himanshu/ros2_ws/src/build/open_manipulator_description
[11.199s] -- Install configuration: ""
[11.199s] -- Installing: /home/himanshu/ros2_ws/src/install/open_manipulator_description/share/open_manipulator_description/launch
[11.201s] -- Installing: /home/himanshu/ros2_ws/src/install/open_manipulator_description/share/open_manipulator_description/launch/model_y.launch.py
[11.202s] -- Installing: /home/himanshu/ros2_ws/src/install/open_manipulator_description/share/open_manipulator_description/launch/model_x.launch.py
[11.207s] -- Installing: /home/himanshu/ros2_ws/src/install/open_manipulator_description/share/open_manipulator_description/meshes
[11.207s] -- Installing: /home/himanshu/ros2_ws/src/install/open_manipulator_description/share/open_manipulator_description/meshes/om_x
[11.208s] -- Installing: /home/himanshu/ros2_ws/src/install/open_manipulator_description/share/open_manipulator_description/meshes/om_x/link3.stl
[11.215s] -- Installing: /home/himanshu/ros2_ws/src/install/open_manipulator_description/share/open_manipulator_description/meshes/om_x/link5.stl
[11.221s] -- Installing: /home/himanshu/ros2_ws/src/install/open_manipulator_description/share/open_manipulator_description/meshes/om_x/link4.stl
[11.228s] -- Installing: /home/himanshu/ros2_ws/src/install/open_manipulator_description/share/open_manipulator_description/meshes/om_x/link2.stl
[11.235s] -- Installing: /home/himanshu/ros2_ws/src/install/open_manipulator_description/share/open_manipulator_description/meshes/om_x/plate.stl
[11.241s] -- Installing: /home/himanshu/ros2_ws/src/install/open_manipulator_description/share/open_manipulator_description/meshes/om_x/gripper_right_palm.stl
[11.242s] -- Installing: /home/himanshu/ros2_ws/src/install/open_manipulator_description/share/open_manipulator_description/meshes/om_x/link1.stl
[11.259s] -- Installing: /home/himanshu/ros2_ws/src/install/open_manipulator_description/share/open_manipulator_description/meshes/om_x/gripper_left_palm.stl
[11.259s] -- Installing: /home/himanshu/ros2_ws/src/install/open_manipulator_description/share/open_manipulator_description/meshes/om_y_follower
[11.260s] -- Installing: /home/himanshu/ros2_ws/src/install/open_manipulator_description/share/open_manipulator_description/meshes/om_y_follower/link3.stl
[11.280s] -- Installing: /home/himanshu/ros2_ws/src/install/open_manipulator_description/share/open_manipulator_description/meshes/om_y_follower/link5.stl
[11.298s] -- Installing: /home/himanshu/ros2_ws/src/install/open_manipulator_description/share/open_manipulator_description/meshes/om_y_follower/link4.stl
[11.313s] -- Installing: /home/himanshu/ros2_ws/src/install/open_manipulator_description/share/open_manipulator_description/meshes/om_y_follower/flange.stl
[11.316s] -- Installing: /home/himanshu/ros2_ws/src/install/open_manipulator_description/share/open_manipulator_description/meshes/om_y_follower/link2.stl
[11.345s] -- Installing: /home/himanshu/ros2_ws/src/install/open_manipulator_description/share/open_manipulator_description/meshes/om_y_follower/link6.stl
[11.360s] -- Installing: /home/himanshu/ros2_ws/src/install/open_manipulator_description/share/open_manipulator_description/meshes/om_y_follower/base_unit.stl
[11.402s] -- Installing: /home/himanshu/ros2_ws/src/install/open_manipulator_description/share/open_manipulator_description/meshes/om_y_follower/link1.stl
[11.440s] -- Installing: /home/himanshu/ros2_ws/src/install/open_manipulator_description/share/open_manipulator_description/meshes/om_y_leader
[11.441s] -- Installing: /home/himanshu/ros2_ws/src/install/open_manipulator_description/share/open_manipulator_description/meshes/om_y_leader/link7.stl
[11.449s] -- Installing: /home/himanshu/ros2_ws/src/install/open_manipulator_description/share/open_manipulator_description/meshes/om_y_leader/link3.stl
[11.471s] -- Installing: /home/himanshu/ros2_ws/src/install/open_manipulator_description/share/open_manipulator_description/meshes/om_y_leader/link5.stl
[11.491s] -- Installing: /home/himanshu/ros2_ws/src/install/open_manipulator_description/share/open_manipulator_description/meshes/om_y_leader/link4.stl
[11.525s] -- Installing: /home/himanshu/ros2_ws/src/install/open_manipulator_description/share/open_manipulator_description/meshes/om_y_leader/base_link.stl
[11.552s] -- Installing: /home/himanshu/ros2_ws/src/install/open_manipulator_description/share/open_manipulator_description/meshes/om_y_leader/link2.stl
[11.615s] -- Installing: /home/himanshu/ros2_ws/src/install/open_manipulator_description/share/open_manipulator_description/meshes/om_y_leader/link6.stl
[11.643s] -- Installing: /home/himanshu/ros2_ws/src/install/open_manipulator_description/share/open_manipulator_description/meshes/om_y_leader/link1.stl
[11.665s] -- Installing: /home/himanshu/ros2_ws/src/install/open_manipulator_description/share/open_manipulator_description/meshes/om_y
[11.666s] -- Installing: /home/himanshu/ros2_ws/src/install/open_manipulator_description/share/open_manipulator_description/meshes/om_y/link3.stl
[11.697s] -- Installing: /home/himanshu/ros2_ws/src/install/open_manipulator_description/share/open_manipulator_description/meshes/om_y/link5.stl
[11.724s] -- Installing: /home/himanshu/ros2_ws/src/install/open_manipulator_description/share/open_manipulator_description/meshes/om_y/link4.stl
[11.751s] -- Installing: /home/himanshu/ros2_ws/src/install/open_manipulator_description/share/open_manipulator_description/meshes/om_y/flange.stl
[11.753s] -- Installing: /home/himanshu/ros2_ws/src/install/open_manipulator_description/share/open_manipulator_description/meshes/om_y/link2.stl
[11.796s] -- Installing: /home/himanshu/ros2_ws/src/install/open_manipulator_description/share/open_manipulator_description/meshes/om_y/link6.stl
[11.816s] -- Installing: /home/himanshu/ros2_ws/src/install/open_manipulator_description/share/open_manipulator_description/meshes/om_y/base_unit.stl
[11.877s] -- Installing: /home/himanshu/ros2_ws/src/install/open_manipulator_description/share/open_manipulator_description/meshes/om_y/link1.stl
[11.914s] -- Installing: /home/himanshu/ros2_ws/src/install/open_manipulator_description/share/open_manipulator_description/meshes/rh_p12_rn_a
[11.915s] -- Installing: /home/himanshu/ros2_ws/src/install/open_manipulator_description/share/open_manipulator_description/meshes/rh_p12_rn_a/l2.stl
[11.919s] -- Installing: /home/himanshu/ros2_ws/src/install/open_manipulator_description/share/open_manipulator_description/meshes/rh_p12_rn_a/l1.stl
[11.921s] -- Installing: /home/himanshu/ros2_ws/src/install/open_manipulator_description/share/open_manipulator_description/meshes/rh_p12_rn_a/r1.stl
[11.922s] -- Installing: /home/himanshu/ros2_ws/src/install/open_manipulator_description/share/open_manipulator_description/meshes/rh_p12_rn_a/base.stl
[11.935s] -- Installing: /home/himanshu/ros2_ws/src/install/open_manipulator_description/share/open_manipulator_description/meshes/rh_p12_rn_a/r2.stl
[11.936s] -- Installing: /home/himanshu/ros2_ws/src/install/open_manipulator_description/share/open_manipulator_description/rviz
[11.936s] -- Installing: /home/himanshu/ros2_ws/src/install/open_manipulator_description/share/open_manipulator_description/rviz/open_manipulator.rviz
[11.938s] -- Installing: /home/himanshu/ros2_ws/src/install/open_manipulator_description/share/open_manipulator_description/urdf
[11.938s] -- Installing: /home/himanshu/ros2_ws/src/install/open_manipulator_description/share/open_manipulator_description/urdf/om_x
[11.938s] -- Installing: /home/himanshu/ros2_ws/src/install/open_manipulator_description/share/open_manipulator_description/urdf/om_x/open_manipulator_x.urdf.xacro
[11.940s] -- Installing: /home/himanshu/ros2_ws/src/install/open_manipulator_description/share/open_manipulator_description/urdf/om_x/open_manipulator_x_arm.urdf.xacro
[11.945s] -- Installing: /home/himanshu/ros2_ws/src/install/open_manipulator_description/share/open_manipulator_description/urdf/om_y_leader
[11.946s] -- Installing: /home/himanshu/ros2_ws/src/install/open_manipulator_description/share/open_manipulator_description/urdf/om_y_leader/open_manipulator_y_leader_arm.urdf
[11.954s] -- Installing: /home/himanshu/ros2_ws/src/install/open_manipulator_description/share/open_manipulator_description/urdf/om_y_leader/open_manipulator_y_leader.urdf.xacro
[11.955s] -- Installing: /home/himanshu/ros2_ws/src/install/open_manipulator_description/share/open_manipulator_description/urdf/om_y
[11.955s] -- Installing: /home/himanshu/ros2_ws/src/install/open_manipulator_description/share/open_manipulator_description/urdf/om_y/open_manipulator_y_arm.urdf.xacro
[11.957s] -- Installing: /home/himanshu/ros2_ws/src/install/open_manipulator_description/share/open_manipulator_description/urdf/om_y/open_manipulator_y_follower.urdf
[11.958s] -- Installing: /home/himanshu/ros2_ws/src/install/open_manipulator_description/share/open_manipulator_description/urdf/om_y/open_manipulator_y_follower.urdf.xacro
[11.970s] -- Installing: /home/himanshu/ros2_ws/src/install/open_manipulator_description/share/open_manipulator_description/urdf/om_y/open_manipulator_y.urdf.xacro
[11.971s] -- Installing: /home/himanshu/ros2_ws/src/install/open_manipulator_description/share/open_manipulator_description/urdf/rh_p12_rn_a.urdf.xacro
[11.972s] -- Installing: /home/himanshu/ros2_ws/src/install/open_manipulator_description/share/open_manipulator_description/gazebo
[11.972s] -- Installing: /home/himanshu/ros2_ws/src/install/open_manipulator_description/share/open_manipulator_description/gazebo/rh_p12_rn_a.gazebo.xacro
[11.973s] -- Installing: /home/himanshu/ros2_ws/src/install/open_manipulator_description/share/open_manipulator_description/gazebo/open_manipulator_x.gazebo.xacro
[11.974s] -- Installing: /home/himanshu/ros2_ws/src/install/open_manipulator_description/share/open_manipulator_description/gazebo/open_manipulator_y_arm.gazebo.xacro
[11.980s] -- Installing: /home/himanshu/ros2_ws/src/install/open_manipulator_description/share/open_manipulator_description/ros2_control
[11.981s] -- Installing: /home/himanshu/ros2_ws/src/install/open_manipulator_description/share/open_manipulator_description/ros2_control/open_manipulator_y_follower_system.ros2_control.xacro
[11.989s] -- Installing: /home/himanshu/ros2_ws/src/install/open_manipulator_description/share/open_manipulator_description/ros2_control/open_manipulator_x_system.ros2_control.xacro
[11.990s] -- Installing: /home/himanshu/ros2_ws/src/install/open_manipulator_description/share/open_manipulator_description/ros2_control/open_manipulator_y_system.ros2_control.xacro
[12.000s] -- Installing: /home/himanshu/ros2_ws/src/install/open_manipulator_description/share/open_manipulator_description/ros2_control/open_manipulator_y_leader_system.ros2_control.xacro
[12.000s] -- Installing: /home/himanshu/ros2_ws/src/install/open_manipulator_description/share/ament_index/resource_index/package_run_dependencies/open_manipulator_description
[12.001s] -- Installing: /home/himanshu/ros2_ws/src/install/open_manipulator_description/share/ament_index/resource_index/parent_prefix_path/open_manipulator_description
[12.001s] -- Installing: /home/himanshu/ros2_ws/src/install/open_manipulator_description/share/open_manipulator_description/environment/ament_prefix_path.sh
[12.006s] -- Installing: /home/himanshu/ros2_ws/src/install/open_manipulator_description/share/open_manipulator_description/environment/ament_prefix_path.dsv
[12.007s] -- Installing: /home/himanshu/ros2_ws/src/install/open_manipulator_description/share/open_manipulator_description/environment/path.sh
[12.008s] -- Installing: /home/himanshu/ros2_ws/src/install/open_manipulator_description/share/open_manipulator_description/environment/path.dsv
[12.009s] -- Installing: /home/himanshu/ros2_ws/src/install/open_manipulator_description/share/open_manipulator_description/local_setup.bash
[12.022s] -- Installing: /home/himanshu/ros2_ws/src/install/open_manipulator_description/share/open_manipulator_description/local_setup.sh
[12.023s] -- Installing: /home/himanshu/ros2_ws/src/install/open_manipulator_description/share/open_manipulator_description/local_setup.zsh
[12.023s] -- Installing: /home/himanshu/ros2_ws/src/install/open_manipulator_description/share/open_manipulator_description/local_setup.dsv
[12.025s] -- Installing: /home/himanshu/ros2_ws/src/install/open_manipulator_description/share/open_manipulator_description/package.dsv
[12.025s] -- Installing: /home/himanshu/ros2_ws/src/install/open_manipulator_description/share/ament_index/resource_index/packages/open_manipulator_description
[12.028s] -- Installing: /home/himanshu/ros2_ws/src/install/open_manipulator_description/share/open_manipulator_description/cmake/open_manipulator_descriptionConfig.cmake
[12.029s] -- Installing: /home/himanshu/ros2_ws/src/install/open_manipulator_description/share/open_manipulator_description/cmake/open_manipulator_descriptionConfig-version.cmake
[12.038s] -- Installing: /home/himanshu/ros2_ws/src/install/open_manipulator_description/share/open_manipulator_description/package.xml
[12.216s] Invoked command in '/home/himanshu/ros2_ws/src/build/open_manipulator_description' returned '0': CMAKE_PREFIX_PATH=${CMAKE_PREFIX_PATH}:/home/himanshu/ros2_ws/install/ur_robot_driver:/home/himanshu/ros2_ws/install/ur_mogi_py:/home/himanshu/ros2_ws/install/open_manipulator_mogi_py:/home/himanshu/ros2_ws/install/mogi_trajectory_server:/home/himanshu/ros2_ws/install/map_merge_py:/home/himanshu/ros2_ws/install/bme_ros2_tutorials_py:/home/himanshu/ros2_ws/install/bme_ros2_simple_arm_py:/home/himanshu/ros2_ws/install/bme_ros2_navigation_py:/home/himanshu/ros2_ws/install/bme_gazebo_sensors_py:/opt/ros/jazzy DEBUGINFOD_URLS=https://debuginfod.ubuntu.com /usr/bin/cmake --install /home/himanshu/ros2_ws/src/build/open_manipulator_description
