[0.039s] Invoking command in '/home/himanshu/ros2_ws/src/build/open_manipulator_teleop': CMAKE_PREFIX_PATH=${CMAKE_PREFIX_PATH}:/home/himanshu/ros2_ws/install/ur_robot_driver:/home/himanshu/ros2_ws/install/ur_mogi_py:/home/himanshu/ros2_ws/install/open_manipulator_mogi_py:/home/himanshu/ros2_ws/install/mogi_trajectory_server:/home/himanshu/ros2_ws/install/map_merge_py:/home/himanshu/ros2_ws/install/bme_ros2_tutorials_py:/home/himanshu/ros2_ws/install/bme_ros2_simple_arm_py:/home/himanshu/ros2_ws/install/bme_ros2_navigation_py:/home/himanshu/ros2_ws/install/bme_gazebo_sensors_py:/opt/ros/jazzy DEBUGINFOD_URLS=https://debuginfod.ubuntu.com /usr/bin/cmake /home/himanshu/ros2_ws/src/open_manipulator_teleop -DCMAKE_INSTALL_PREFIX=/home/himanshu/ros2_ws/src/install/open_manipulator_teleop
[2.314s] -- The C compiler identification is GNU 13.3.0
[2.315s] -- The CXX compiler identification is GNU 13.3.0
[2.315s] -- Detecting C compiler ABI info
[2.315s] -- Detecting C compiler ABI info - done
[2.316s] -- Check for working C compiler: /usr/bin/cc - skipped
[2.316s] -- Detecting C compile features
[2.317s] -- Detecting C compile features - done
[2.317s] -- Detecting CXX compiler ABI info
[2.317s] -- Detecting CXX compiler ABI info - done
[2.326s] -- Check for working CXX compiler: /usr/bin/c++ - skipped
[2.326s] -- Detecting CXX compile features
[2.327s] -- Detecting CXX compile features - done
[2.327s] -- Found ament_cmake: 2.5.4 (/opt/ros/jazzy/share/ament_cmake/cmake)
[2.468s] -- Found Python3: /usr/bin/python3 (found version "3.12.3") found components: Interpreter 
[3.253s] -- Found rclcpp: 28.1.9 (/opt/ros/jazzy/share/rclcpp/cmake)
[3.600s] -- Found rosidl_generator_c: 4.6.5 (/opt/ros/jazzy/share/rosidl_generator_c/cmake)
[3.723s] -- Found rosidl_generator_cpp: 4.6.5 (/opt/ros/jazzy/share/rosidl_generator_cpp/cmake)
[3.851s] -- Using all available rosidl_typesupport_c: rosidl_typesupport_fastrtps_c;rosidl_typesupport_introspection_c
[3.993s] -- Using all available rosidl_typesupport_cpp: rosidl_typesupport_fastrtps_cpp;rosidl_typesupport_introspection_cpp
[4.624s] -- Found rmw_implementation_cmake: 7.3.2 (/opt/ros/jazzy/share/rmw_implementation_cmake/cmake)
[4.664s] -- Found rmw_fastrtps_cpp: 8.4.2 (/opt/ros/jazzy/share/rmw_fastrtps_cpp/cmake)
[5.145s] -- Found OpenSSL: /usr/lib/x86_64-linux-gnu/libcrypto.so (found version "3.0.13")  
[5.258s] -- Found FastRTPS: /opt/ros/jazzy/include (Required is at least version "2.13") 
[5.380s] -- Using RMW implementation 'rmw_fastrtps_cpp' as default
[5.934s] -- Found rclpy: 7.1.4 (/opt/ros/jazzy/share/rclpy/cmake)
[6.316s] -- Configuring done (6.2s)
[6.335s] -- Generating done (0.0s)
[6.341s] -- Build files have been written to: /home/himanshu/ros2_ws/src/build/open_manipulator_teleop
[6.371s] Invoked command in '/home/himanshu/ros2_ws/src/build/open_manipulator_teleop' returned '0': CMAKE_PREFIX_PATH=${CMAKE_PREFIX_PATH}:/home/himanshu/ros2_ws/install/ur_robot_driver:/home/himanshu/ros2_ws/install/ur_mogi_py:/home/himanshu/ros2_ws/install/open_manipulator_mogi_py:/home/himanshu/ros2_ws/install/mogi_trajectory_server:/home/himanshu/ros2_ws/install/map_merge_py:/home/himanshu/ros2_ws/install/bme_ros2_tutorials_py:/home/himanshu/ros2_ws/install/bme_ros2_simple_arm_py:/home/himanshu/ros2_ws/install/bme_ros2_navigation_py:/home/himanshu/ros2_ws/install/bme_gazebo_sensors_py:/opt/ros/jazzy DEBUGINFOD_URLS=https://debuginfod.ubuntu.com /usr/bin/cmake /home/himanshu/ros2_ws/src/open_manipulator_teleop -DCMAKE_INSTALL_PREFIX=/home/himanshu/ros2_ws/src/install/open_manipulator_teleop
[6.376s] Invoking command in '/home/himanshu/ros2_ws/src/build/open_manipulator_teleop': CMAKE_PREFIX_PATH=${CMAKE_PREFIX_PATH}:/home/himanshu/ros2_ws/install/ur_robot_driver:/home/himanshu/ros2_ws/install/ur_mogi_py:/home/himanshu/ros2_ws/install/open_manipulator_mogi_py:/home/himanshu/ros2_ws/install/mogi_trajectory_server:/home/himanshu/ros2_ws/install/map_merge_py:/home/himanshu/ros2_ws/install/bme_ros2_tutorials_py:/home/himanshu/ros2_ws/install/bme_ros2_simple_arm_py:/home/himanshu/ros2_ws/install/bme_ros2_navigation_py:/home/himanshu/ros2_ws/install/bme_gazebo_sensors_py:/opt/ros/jazzy DEBUGINFOD_URLS=https://debuginfod.ubuntu.com /usr/bin/cmake --build /home/himanshu/ros2_ws/src/build/open_manipulator_teleop -- -j8 -l8
[8.337s] Invoked command in '/home/himanshu/ros2_ws/src/build/open_manipulator_teleop' returned '0': CMAKE_PREFIX_PATH=${CMAKE_PREFIX_PATH}:/home/himanshu/ros2_ws/install/ur_robot_driver:/home/himanshu/ros2_ws/install/ur_mogi_py:/home/himanshu/ros2_ws/install/open_manipulator_mogi_py:/home/himanshu/ros2_ws/install/mogi_trajectory_server:/home/himanshu/ros2_ws/install/map_merge_py:/home/himanshu/ros2_ws/install/bme_ros2_tutorials_py:/home/himanshu/ros2_ws/install/bme_ros2_simple_arm_py:/home/himanshu/ros2_ws/install/bme_ros2_navigation_py:/home/himanshu/ros2_ws/install/bme_gazebo_sensors_py:/opt/ros/jazzy DEBUGINFOD_URLS=https://debuginfod.ubuntu.com /usr/bin/cmake --build /home/himanshu/ros2_ws/src/build/open_manipulator_teleop -- -j8 -l8
[8.339s] Invoking command in '/home/himanshu/ros2_ws/src/build/open_manipulator_teleop': CMAKE_PREFIX_PATH=${CMAKE_PREFIX_PATH}:/home/himanshu/ros2_ws/install/ur_robot_driver:/home/himanshu/ros2_ws/install/ur_mogi_py:/home/himanshu/ros2_ws/install/open_manipulator_mogi_py:/home/himanshu/ros2_ws/install/mogi_trajectory_server:/home/himanshu/ros2_ws/install/map_merge_py:/home/himanshu/ros2_ws/install/bme_ros2_tutorials_py:/home/himanshu/ros2_ws/install/bme_ros2_simple_arm_py:/home/himanshu/ros2_ws/install/bme_ros2_navigation_py:/home/himanshu/ros2_ws/install/bme_gazebo_sensors_py:/opt/ros/jazzy DEBUGINFOD_URLS=https://debuginfod.ubuntu.com /usr/bin/cmake --install /home/himanshu/ros2_ws/src/build/open_manipulator_teleop
[10.337s] -- Install configuration: ""
[10.338s] -- Installing: /home/himanshu/ros2_ws/src/install/open_manipulator_teleop/lib/open_manipulator_teleop/keyboard_control_x.py
[10.338s] -- Installing: /home/himanshu/ros2_ws/src/install/open_manipulator_teleop/lib/open_manipulator_teleop/keyboard_control_y.py
[10.338s] -- Installing: /home/himanshu/ros2_ws/src/install/open_manipulator_teleop/lib/open_manipulator_teleop/keyboard_control_y_follower.py
[10.339s] -- Installing: /home/himanshu/ros2_ws/src/install/open_manipulator_teleop/share/ament_index/resource_index/package_run_dependencies/open_manipulator_teleop
[10.339s] -- Installing: /home/himanshu/ros2_ws/src/install/open_manipulator_teleop/share/ament_index/resource_index/parent_prefix_path/open_manipulator_teleop
[10.339s] -- Installing: /home/himanshu/ros2_ws/src/install/open_manipulator_teleop/share/open_manipulator_teleop/environment/ament_prefix_path.sh
[10.340s] -- Installing: /home/himanshu/ros2_ws/src/install/open_manipulator_teleop/share/open_manipulator_teleop/environment/ament_prefix_path.dsv
[10.340s] -- Installing: /home/himanshu/ros2_ws/src/install/open_manipulator_teleop/share/open_manipulator_teleop/environment/path.sh
[10.340s] -- Installing: /home/himanshu/ros2_ws/src/install/open_manipulator_teleop/share/open_manipulator_teleop/environment/path.dsv
[10.345s] -- Installing: /home/himanshu/ros2_ws/src/install/open_manipulator_teleop/share/open_manipulator_teleop/local_setup.bash
[10.346s] -- Installing: /home/himanshu/ros2_ws/src/install/open_manipulator_teleop/share/open_manipulator_teleop/local_setup.sh
[10.347s] -- Installing: /home/himanshu/ros2_ws/src/install/open_manipulator_teleop/share/open_manipulator_teleop/local_setup.zsh
[10.347s] -- Installing: /home/himanshu/ros2_ws/src/install/open_manipulator_teleop/share/open_manipulator_teleop/local_setup.dsv
[10.347s] -- Installing: /home/himanshu/ros2_ws/src/install/open_manipulator_teleop/share/open_manipulator_teleop/package.dsv
[10.348s] -- Installing: /home/himanshu/ros2_ws/src/install/open_manipulator_teleop/share/ament_index/resource_index/packages/open_manipulator_teleop
[10.349s] -- Installing: /home/himanshu/ros2_ws/src/install/open_manipulator_teleop/share/open_manipulator_teleop/cmake/open_manipulator_teleopConfig.cmake
[10.349s] -- Installing: /home/himanshu/ros2_ws/src/install/open_manipulator_teleop/share/open_manipulator_teleop/cmake/open_manipulator_teleopConfig-version.cmake
[10.350s] -- Installing: /home/himanshu/ros2_ws/src/install/open_manipulator_teleop/share/open_manipulator_teleop/package.xml
[10.360s] Invoked command in '/home/himanshu/ros2_ws/src/build/open_manipulator_teleop' returned '0': CMAKE_PREFIX_PATH=${CMAKE_PREFIX_PATH}:/home/himanshu/ros2_ws/install/ur_robot_driver:/home/himanshu/ros2_ws/install/ur_mogi_py:/home/himanshu/ros2_ws/install/open_manipulator_mogi_py:/home/himanshu/ros2_ws/install/mogi_trajectory_server:/home/himanshu/ros2_ws/install/map_merge_py:/home/himanshu/ros2_ws/install/bme_ros2_tutorials_py:/home/himanshu/ros2_ws/install/bme_ros2_simple_arm_py:/home/himanshu/ros2_ws/install/bme_ros2_navigation_py:/home/himanshu/ros2_ws/install/bme_gazebo_sensors_py:/opt/ros/jazzy DEBUGINFOD_URLS=https://debuginfod.ubuntu.com /usr/bin/cmake --install /home/himanshu/ros2_ws/src/build/open_manipulator_teleop
