[0.417s] DEBUG:colcon:Command line arguments: ['/usr/bin/colcon', 'build']
[0.418s] DEBUG:colcon:Parsed command line arguments: Namespace(log_base=None, log_level=None, verb_name='build', build_base='build', install_base='install', merge_install=False, symlink_install=False, test_result_base=None, continue_on_error=False, executor='parallel', parallel_workers=8, event_handlers=None, ignore_user_meta=False, metas=['./colcon.meta'], base_paths=['.'], packages_ignore=None, packages_ignore_regex=None, paths=None, packages_up_to=None, packages_up_to_regex=None, packages_above=None, packages_above_and_dependencies=None, packages_above_depth=None, packages_select_by_dep=None, packages_skip_by_dep=None, packages_skip_up_to=None, packages_select_build_failed=False, packages_skip_build_finished=False, packages_select_test_failures=False, packages_skip_test_passed=False, packages_select=None, packages_skip=None, packages_select_regex=None, packages_skip_regex=None, packages_start=None, packages_end=None, allow_overriding=[], cmake_args=None, cmake_target=None, cmake_target_skip_unavailable=False, cmake_clean_cache=False, cmake_clean_first=False, cmake_force_configure=False, ament_cmake_args=None, catkin_cmake_args=None, catkin_skip_building_tests=False, mixin_files=None, mixin=None, verb_parser=<colcon_mixin.mixin.mixin_argument.MixinArgumentDecorator object at 0x7bdd1bb80c80>, verb_extension=<colcon_core.verb.build.BuildVerb object at 0x7bdd1bca89b0>, main=<bound method BuildVerb.main of <colcon_core.verb.build.BuildVerb object at 0x7bdd1bca89b0>>, mixin_verb=('build',))
[0.565s] Level 1:colcon.colcon_core.package_discovery:discover_packages(colcon_meta) check parameters
[0.565s] Level 1:colcon.colcon_core.package_discovery:discover_packages(recursive) check parameters
[0.566s] Level 1:colcon.colcon_core.package_discovery:discover_packages(ignore) check parameters
[0.566s] Level 1:colcon.colcon_core.package_discovery:discover_packages(path) check parameters
[0.566s] Level 1:colcon.colcon_core.package_discovery:discover_packages(colcon_meta) discover
[0.566s] Level 1:colcon.colcon_core.package_discovery:discover_packages(recursive) discover
[0.566s] INFO:colcon.colcon_core.package_discovery:Crawling recursively for packages in '/home/himanshu/ros2_ws/Week-3-4-Gazebo-basics/bme_gazebo_basics'
[0.566s] Level 1:colcon.colcon_core.package_identification:_identify(.) by extensions ['ignore', 'ignore_ament_install']
[0.566s] Level 1:colcon.colcon_core.package_identification:_identify(.) by extension 'ignore'
[0.567s] Level 1:colcon.colcon_core.package_identification:_identify(.) by extension 'ignore_ament_install'
[0.567s] Level 1:colcon.colcon_core.package_identification:_identify(.) by extensions ['colcon_pkg']
[0.567s] Level 1:colcon.colcon_core.package_identification:_identify(.) by extension 'colcon_pkg'
[0.567s] Level 1:colcon.colcon_core.package_identification:_identify(.) by extensions ['colcon_meta']
[0.567s] Level 1:colcon.colcon_core.package_identification:_identify(.) by extension 'colcon_meta'
[0.567s] Level 1:colcon.colcon_core.package_identification:_identify(.) by extensions ['ros']
[0.567s] Level 1:colcon.colcon_core.package_identification:_identify(.) by extension 'ros'
[0.666s] DEBUG:colcon.colcon_core.package_identification:Package '.' with type 'ros.ament_cmake' and name 'bme_gazebo_basics'
[0.666s] Level 1:colcon.colcon_core.package_discovery:discover_packages(recursive) using defaults
[0.667s] Level 1:colcon.colcon_core.package_discovery:discover_packages(ignore) discover
[0.667s] Level 1:colcon.colcon_core.package_discovery:discover_packages(ignore) using defaults
[0.667s] Level 1:colcon.colcon_core.package_discovery:discover_packages(path) discover
[0.667s] Level 1:colcon.colcon_core.package_discovery:discover_packages(path) using defaults
[0.740s] Level 1:colcon.colcon_core.package_discovery:discover_packages(prefix_path) check parameters
[0.740s] Level 1:colcon.colcon_core.package_discovery:discover_packages(prefix_path) discover
[0.757s] DEBUG:colcon.colcon_installed_package_information.package_discovery:Found 315 installed packages in /opt/ros/jazzy
[0.759s] Level 1:colcon.colcon_core.package_discovery:discover_packages(prefix_path) using defaults
[1.015s] Level 5:colcon.colcon_core.verb:set package 'bme_gazebo_basics' build argument 'cmake_args' from command line to 'None'
[1.015s] Level 5:colcon.colcon_core.verb:set package 'bme_gazebo_basics' build argument 'cmake_target' from command line to 'None'
[1.015s] Level 5:colcon.colcon_core.verb:set package 'bme_gazebo_basics' build argument 'cmake_target_skip_unavailable' from command line to 'False'
[1.015s] Level 5:colcon.colcon_core.verb:set package 'bme_gazebo_basics' build argument 'cmake_clean_cache' from command line to 'False'
[1.015s] Level 5:colcon.colcon_core.verb:set package 'bme_gazebo_basics' build argument 'cmake_clean_first' from command line to 'False'
[1.016s] Level 5:colcon.colcon_core.verb:set package 'bme_gazebo_basics' build argument 'cmake_force_configure' from command line to 'False'
[1.016s] Level 5:colcon.colcon_core.verb:set package 'bme_gazebo_basics' build argument 'ament_cmake_args' from command line to 'None'
[1.016s] Level 5:colcon.colcon_core.verb:set package 'bme_gazebo_basics' build argument 'catkin_cmake_args' from command line to 'None'
[1.016s] Level 5:colcon.colcon_core.verb:set package 'bme_gazebo_basics' build argument 'catkin_skip_building_tests' from command line to 'False'
[1.016s] DEBUG:colcon.colcon_core.verb:Building package 'bme_gazebo_basics' with the following arguments: {'ament_cmake_args': None, 'build_base': '/home/himanshu/ros2_ws/Week-3-4-Gazebo-basics/bme_gazebo_basics/build/bme_gazebo_basics', 'catkin_cmake_args': None, 'catkin_skip_building_tests': False, 'cmake_args': None, 'cmake_clean_cache': False, 'cmake_clean_first': False, 'cmake_force_configure': False, 'cmake_target': None, 'cmake_target_skip_unavailable': False, 'install_base': '/home/himanshu/ros2_ws/Week-3-4-Gazebo-basics/bme_gazebo_basics/install/bme_gazebo_basics', 'merge_install': False, 'path': '/home/himanshu/ros2_ws/Week-3-4-Gazebo-basics/bme_gazebo_basics', 'symlink_install': False, 'test_result_base': None}
[1.017s] INFO:colcon.colcon_core.executor:Executing jobs using 'parallel' executor
[1.020s] DEBUG:colcon.colcon_parallel_executor.executor.parallel:run_until_complete
[1.021s] INFO:colcon.colcon_ros.task.ament_cmake.build:Building ROS package in '/home/himanshu/ros2_ws/Week-3-4-Gazebo-basics/bme_gazebo_basics' with build type 'ament_cmake'
[1.021s] INFO:colcon.colcon_cmake.task.cmake.build:Building CMake package in '/home/himanshu/ros2_ws/Week-3-4-Gazebo-basics/bme_gazebo_basics'
[1.029s] INFO:colcon.colcon_core.plugin_system:Skipping extension 'colcon_core.shell.bat': Not used on non-Windows systems
[1.030s] INFO:colcon.colcon_core.shell:Skip shell extension 'powershell' for command environment: Not usable outside of PowerShell
[1.030s] DEBUG:colcon.colcon_core.shell:Skip shell extension 'dsv' for command environment
[1.046s] DEBUG:colcon.colcon_core.event_handler.log_command:Invoking command in '/home/himanshu/ros2_ws/Week-3-4-Gazebo-basics/bme_gazebo_basics/build/bme_gazebo_basics': CMAKE_PREFIX_PATH=${CMAKE_PREFIX_PATH}:/opt/ros/jazzy DEBUGINFOD_URLS=https://debuginfod.ubuntu.com /usr/bin/cmake /home/himanshu/ros2_ws/Week-3-4-Gazebo-basics/bme_gazebo_basics -DCMAKE_INSTALL_PREFIX=/home/himanshu/ros2_ws/Week-3-4-Gazebo-basics/bme_gazebo_basics/install/bme_gazebo_basics
[3.322s] DEBUG:colcon.colcon_core.event_handler.log_command:Invoked command in '/home/himanshu/ros2_ws/Week-3-4-Gazebo-basics/bme_gazebo_basics/build/bme_gazebo_basics' returned '0': CMAKE_PREFIX_PATH=${CMAKE_PREFIX_PATH}:/opt/ros/jazzy DEBUGINFOD_URLS=https://debuginfod.ubuntu.com /usr/bin/cmake /home/himanshu/ros2_ws/Week-3-4-Gazebo-basics/bme_gazebo_basics -DCMAKE_INSTALL_PREFIX=/home/himanshu/ros2_ws/Week-3-4-Gazebo-basics/bme_gazebo_basics/install/bme_gazebo_basics
[3.323s] DEBUG:colcon.colcon_core.event_handler.log_command:Invoking command in '/home/himanshu/ros2_ws/Week-3-4-Gazebo-basics/bme_gazebo_basics/build/bme_gazebo_basics': CMAKE_PREFIX_PATH=${CMAKE_PREFIX_PATH}:/opt/ros/jazzy DEBUGINFOD_URLS=https://debuginfod.ubuntu.com /usr/bin/cmake --build /home/himanshu/ros2_ws/Week-3-4-Gazebo-basics/bme_gazebo_basics/build/bme_gazebo_basics -- -j8 -l8
[3.374s] DEBUG:colcon.colcon_core.event_handler.log_command:Invoked command in '/home/himanshu/ros2_ws/Week-3-4-Gazebo-basics/bme_gazebo_basics/build/bme_gazebo_basics' returned '0': CMAKE_PREFIX_PATH=${CMAKE_PREFIX_PATH}:/opt/ros/jazzy DEBUGINFOD_URLS=https://debuginfod.ubuntu.com /usr/bin/cmake --build /home/himanshu/ros2_ws/Week-3-4-Gazebo-basics/bme_gazebo_basics/build/bme_gazebo_basics -- -j8 -l8
[3.388s] DEBUG:colcon.colcon_core.event_handler.log_command:Invoking command in '/home/himanshu/ros2_ws/Week-3-4-Gazebo-basics/bme_gazebo_basics/build/bme_gazebo_basics': CMAKE_PREFIX_PATH=${CMAKE_PREFIX_PATH}:/opt/ros/jazzy DEBUGINFOD_URLS=https://debuginfod.ubuntu.com /usr/bin/cmake --install /home/himanshu/ros2_ws/Week-3-4-Gazebo-basics/bme_gazebo_basics/build/bme_gazebo_basics
[3.439s] Level 1:colcon.colcon_core.environment:create_environment_scripts_only(bme_gazebo_basics)
[3.440s] DEBUG:colcon.colcon_core.event_handler.log_command:Invoked command in '/home/himanshu/ros2_ws/Week-3-4-Gazebo-basics/bme_gazebo_basics/build/bme_gazebo_basics' returned '0': CMAKE_PREFIX_PATH=${CMAKE_PREFIX_PATH}:/opt/ros/jazzy DEBUGINFOD_URLS=https://debuginfod.ubuntu.com /usr/bin/cmake --install /home/himanshu/ros2_ws/Week-3-4-Gazebo-basics/bme_gazebo_basics/build/bme_gazebo_basics
[3.449s] Level 1:colcon.colcon_core.environment:checking '/home/himanshu/ros2_ws/Week-3-4-Gazebo-basics/bme_gazebo_basics/install/bme_gazebo_basics' for CMake module files
[3.450s] Level 1:colcon.colcon_core.environment:checking '/home/himanshu/ros2_ws/Week-3-4-Gazebo-basics/bme_gazebo_basics/install/bme_gazebo_basics' for CMake config files
[3.451s] Level 1:colcon.colcon_core.shell:create_environment_hook('bme_gazebo_basics', 'cmake_prefix_path')
[3.451s] INFO:colcon.colcon_core.shell:Creating environment hook '/home/himanshu/ros2_ws/Week-3-4-Gazebo-basics/bme_gazebo_basics/install/bme_gazebo_basics/share/bme_gazebo_basics/hook/cmake_prefix_path.ps1'
[3.453s] INFO:colcon.colcon_core.shell:Creating environment descriptor '/home/himanshu/ros2_ws/Week-3-4-Gazebo-basics/bme_gazebo_basics/install/bme_gazebo_basics/share/bme_gazebo_basics/hook/cmake_prefix_path.dsv'
[3.454s] INFO:colcon.colcon_core.shell:Creating environment hook '/home/himanshu/ros2_ws/Week-3-4-Gazebo-basics/bme_gazebo_basics/install/bme_gazebo_basics/share/bme_gazebo_basics/hook/cmake_prefix_path.sh'
[3.455s] Level 1:colcon.colcon_core.environment:checking '/home/himanshu/ros2_ws/Week-3-4-Gazebo-basics/bme_gazebo_basics/install/bme_gazebo_basics/bin'
[3.455s] Level 1:colcon.colcon_core.environment:checking '/home/himanshu/ros2_ws/Week-3-4-Gazebo-basics/bme_gazebo_basics/install/bme_gazebo_basics/lib/pkgconfig/bme_gazebo_basics.pc'
[3.456s] Level 1:colcon.colcon_core.environment:checking '/home/himanshu/ros2_ws/Week-3-4-Gazebo-basics/bme_gazebo_basics/install/bme_gazebo_basics/lib/python3.12/site-packages'
[3.456s] Level 1:colcon.colcon_core.environment:checking '/home/himanshu/ros2_ws/Week-3-4-Gazebo-basics/bme_gazebo_basics/install/bme_gazebo_basics/bin'
[3.457s] INFO:colcon.colcon_core.shell:Creating package script '/home/himanshu/ros2_ws/Week-3-4-Gazebo-basics/bme_gazebo_basics/install/bme_gazebo_basics/share/bme_gazebo_basics/package.ps1'
[3.458s] INFO:colcon.colcon_core.shell:Creating package descriptor '/home/himanshu/ros2_ws/Week-3-4-Gazebo-basics/bme_gazebo_basics/install/bme_gazebo_basics/share/bme_gazebo_basics/package.dsv'
[3.459s] INFO:colcon.colcon_core.shell:Creating package script '/home/himanshu/ros2_ws/Week-3-4-Gazebo-basics/bme_gazebo_basics/install/bme_gazebo_basics/share/bme_gazebo_basics/package.sh'
[3.461s] INFO:colcon.colcon_core.shell:Creating package script '/home/himanshu/ros2_ws/Week-3-4-Gazebo-basics/bme_gazebo_basics/install/bme_gazebo_basics/share/bme_gazebo_basics/package.bash'
[3.463s] INFO:colcon.colcon_core.shell:Creating package script '/home/himanshu/ros2_ws/Week-3-4-Gazebo-basics/bme_gazebo_basics/install/bme_gazebo_basics/share/bme_gazebo_basics/package.zsh'
[3.465s] Level 1:colcon.colcon_core.environment:create_file_with_runtime_dependencies(/home/himanshu/ros2_ws/Week-3-4-Gazebo-basics/bme_gazebo_basics/install/bme_gazebo_basics/share/colcon-core/packages/bme_gazebo_basics)
[3.466s] Level 1:colcon.colcon_core.environment:create_environment_scripts_only(bme_gazebo_basics)
[3.467s] Level 1:colcon.colcon_core.environment:checking '/home/himanshu/ros2_ws/Week-3-4-Gazebo-basics/bme_gazebo_basics/install/bme_gazebo_basics' for CMake module files
[3.469s] Level 1:colcon.colcon_core.environment:checking '/home/himanshu/ros2_ws/Week-3-4-Gazebo-basics/bme_gazebo_basics/install/bme_gazebo_basics' for CMake config files
[3.469s] Level 1:colcon.colcon_core.shell:create_environment_hook('bme_gazebo_basics', 'cmake_prefix_path')
[3.470s] INFO:colcon.colcon_core.shell:Creating environment hook '/home/himanshu/ros2_ws/Week-3-4-Gazebo-basics/bme_gazebo_basics/install/bme_gazebo_basics/share/bme_gazebo_basics/hook/cmake_prefix_path.ps1'
[3.471s] INFO:colcon.colcon_core.shell:Creating environment descriptor '/home/himanshu/ros2_ws/Week-3-4-Gazebo-basics/bme_gazebo_basics/install/bme_gazebo_basics/share/bme_gazebo_basics/hook/cmake_prefix_path.dsv'
[3.471s] INFO:colcon.colcon_core.shell:Creating environment hook '/home/himanshu/ros2_ws/Week-3-4-Gazebo-basics/bme_gazebo_basics/install/bme_gazebo_basics/share/bme_gazebo_basics/hook/cmake_prefix_path.sh'
[3.472s] Level 1:colcon.colcon_core.environment:checking '/home/himanshu/ros2_ws/Week-3-4-Gazebo-basics/bme_gazebo_basics/install/bme_gazebo_basics/bin'
[3.473s] Level 1:colcon.colcon_core.environment:checking '/home/himanshu/ros2_ws/Week-3-4-Gazebo-basics/bme_gazebo_basics/install/bme_gazebo_basics/lib/pkgconfig/bme_gazebo_basics.pc'
[3.473s] Level 1:colcon.colcon_core.environment:checking '/home/himanshu/ros2_ws/Week-3-4-Gazebo-basics/bme_gazebo_basics/install/bme_gazebo_basics/lib/python3.12/site-packages'
[3.474s] Level 1:colcon.colcon_core.environment:checking '/home/himanshu/ros2_ws/Week-3-4-Gazebo-basics/bme_gazebo_basics/install/bme_gazebo_basics/bin'
[3.474s] INFO:colcon.colcon_core.shell:Creating package script '/home/himanshu/ros2_ws/Week-3-4-Gazebo-basics/bme_gazebo_basics/install/bme_gazebo_basics/share/bme_gazebo_basics/package.ps1'
[3.476s] INFO:colcon.colcon_core.shell:Creating package descriptor '/home/himanshu/ros2_ws/Week-3-4-Gazebo-basics/bme_gazebo_basics/install/bme_gazebo_basics/share/bme_gazebo_basics/package.dsv'
[3.478s] INFO:colcon.colcon_core.shell:Creating package script '/home/himanshu/ros2_ws/Week-3-4-Gazebo-basics/bme_gazebo_basics/install/bme_gazebo_basics/share/bme_gazebo_basics/package.sh'
[3.480s] INFO:colcon.colcon_core.shell:Creating package script '/home/himanshu/ros2_ws/Week-3-4-Gazebo-basics/bme_gazebo_basics/install/bme_gazebo_basics/share/bme_gazebo_basics/package.bash'
[3.481s] INFO:colcon.colcon_core.shell:Creating package script '/home/himanshu/ros2_ws/Week-3-4-Gazebo-basics/bme_gazebo_basics/install/bme_gazebo_basics/share/bme_gazebo_basics/package.zsh'
[3.482s] Level 1:colcon.colcon_core.environment:create_file_with_runtime_dependencies(/home/himanshu/ros2_ws/Week-3-4-Gazebo-basics/bme_gazebo_basics/install/bme_gazebo_basics/share/colcon-core/packages/bme_gazebo_basics)
[3.483s] DEBUG:colcon.colcon_parallel_executor.executor.parallel:closing loop
[3.483s] DEBUG:colcon.colcon_parallel_executor.executor.parallel:loop closed
[3.483s] DEBUG:colcon.colcon_parallel_executor.executor.parallel:run_until_complete finished with '0'
[3.484s] DEBUG:colcon.colcon_core.event_reactor:joining thread
[3.508s] INFO:colcon.colcon_core.plugin_system:Skipping extension 'colcon_notification.desktop_notification.terminal_notifier': Not used on non-Darwin systems
[3.509s] INFO:colcon.colcon_core.plugin_system:Skipping extension 'colcon_notification.desktop_notification.win32': Not used on non-Windows systems
[3.509s] INFO:colcon.colcon_notification.desktop_notification:Sending desktop notification using 'notify2'
[3.618s] DEBUG:colcon.colcon_core.event_reactor:joined thread
[3.619s] INFO:colcon.colcon_core.shell:Creating prefix script '/home/himanshu/ros2_ws/Week-3-4-Gazebo-basics/bme_gazebo_basics/install/local_setup.ps1'
[3.624s] INFO:colcon.colcon_core.shell:Creating prefix util module '/home/himanshu/ros2_ws/Week-3-4-Gazebo-basics/bme_gazebo_basics/install/_local_setup_util_ps1.py'
[3.632s] INFO:colcon.colcon_core.shell:Creating prefix chain script '/home/himanshu/ros2_ws/Week-3-4-Gazebo-basics/bme_gazebo_basics/install/setup.ps1'
[3.637s] INFO:colcon.colcon_core.shell:Creating prefix script '/home/himanshu/ros2_ws/Week-3-4-Gazebo-basics/bme_gazebo_basics/install/local_setup.sh'
[3.641s] INFO:colcon.colcon_core.shell:Creating prefix util module '/home/himanshu/ros2_ws/Week-3-4-Gazebo-basics/bme_gazebo_basics/install/_local_setup_util_sh.py'
[3.645s] INFO:colcon.colcon_core.shell:Creating prefix chain script '/home/himanshu/ros2_ws/Week-3-4-Gazebo-basics/bme_gazebo_basics/install/setup.sh'
[3.650s] INFO:colcon.colcon_core.shell:Creating prefix script '/home/himanshu/ros2_ws/Week-3-4-Gazebo-basics/bme_gazebo_basics/install/local_setup.bash'
[3.654s] INFO:colcon.colcon_core.shell:Creating prefix chain script '/home/himanshu/ros2_ws/Week-3-4-Gazebo-basics/bme_gazebo_basics/install/setup.bash'
[3.660s] INFO:colcon.colcon_core.shell:Creating prefix script '/home/himanshu/ros2_ws/Week-3-4-Gazebo-basics/bme_gazebo_basics/install/local_setup.zsh'
[3.663s] INFO:colcon.colcon_core.shell:Creating prefix chain script '/home/himanshu/ros2_ws/Week-3-4-Gazebo-basics/bme_gazebo_basics/install/setup.zsh'
