[0.433s] DEBUG:colcon:Command line arguments: ['/usr/bin/colcon', 'build']
[0.434s] DEBUG:colcon:Parsed command line arguments: Namespace(log_base=None, log_level=None, verb_name='build', build_base='build', install_base='install', merge_install=False, symlink_install=False, test_result_base=None, continue_on_error=False, executor='parallel', parallel_workers=8, event_handlers=None, ignore_user_meta=False, metas=['./colcon.meta'], base_paths=['.'], packages_ignore=None, packages_ignore_regex=None, paths=None, packages_up_to=None, packages_up_to_regex=None, packages_above=None, packages_above_and_dependencies=None, packages_above_depth=None, packages_select_by_dep=None, packages_skip_by_dep=None, packages_skip_up_to=None, packages_select_build_failed=False, packages_skip_build_finished=False, packages_select_test_failures=False, packages_skip_test_passed=False, packages_select=None, packages_skip=None, packages_select_regex=None, packages_skip_regex=None, packages_start=None, packages_end=None, allow_overriding=[], cmake_args=None, cmake_target=None, cmake_target_skip_unavailable=False, cmake_clean_cache=False, cmake_clean_first=False, cmake_force_configure=False, ament_cmake_args=None, catkin_cmake_args=None, catkin_skip_building_tests=False, mixin_files=None, mixin=None, verb_parser=<colcon_mixin.mixin.mixin_argument.MixinArgumentDecorator object at 0x7a8467d90ad0>, verb_extension=<colcon_core.verb.build.BuildVerb object at 0x7a8467ebd3a0>, main=<bound method BuildVerb.main of <colcon_core.verb.build.BuildVerb object at 0x7a8467ebd3a0>>, mixin_verb=('build',))
[0.622s] Level 1:colcon.colcon_core.package_discovery:discover_packages(colcon_meta) check parameters
[0.622s] Level 1:colcon.colcon_core.package_discovery:discover_packages(recursive) check parameters
[0.622s] Level 1:colcon.colcon_core.package_discovery:discover_packages(ignore) check parameters
[0.622s] Level 1:colcon.colcon_core.package_discovery:discover_packages(path) check parameters
[0.622s] Level 1:colcon.colcon_core.package_discovery:discover_packages(colcon_meta) discover
[0.622s] Level 1:colcon.colcon_core.package_discovery:discover_packages(recursive) discover
[0.622s] INFO:colcon.colcon_core.package_discovery:Crawling recursively for packages in '/home/himanshu/ros2_ws/bme_ros2_tutorials_cpp'
[0.622s] Level 1:colcon.colcon_core.package_identification:_identify(.) by extensions ['ignore', 'ignore_ament_install']
[0.623s] Level 1:colcon.colcon_core.package_identification:_identify(.) by extension 'ignore'
[0.623s] Level 1:colcon.colcon_core.package_identification:_identify(.) by extension 'ignore_ament_install'
[0.623s] Level 1:colcon.colcon_core.package_identification:_identify(.) by extensions ['colcon_pkg']
[0.623s] Level 1:colcon.colcon_core.package_identification:_identify(.) by extension 'colcon_pkg'
[0.623s] Level 1:colcon.colcon_core.package_identification:_identify(.) by extensions ['colcon_meta']
[0.623s] Level 1:colcon.colcon_core.package_identification:_identify(.) by extension 'colcon_meta'
[0.623s] Level 1:colcon.colcon_core.package_identification:_identify(.) by extensions ['ros']
[0.623s] Level 1:colcon.colcon_core.package_identification:_identify(.) by extension 'ros'
[0.670s] DEBUG:colcon.colcon_core.package_identification:Package '.' with type 'ros.ament_cmake' and name 'bme_ros2_tutorials_cpp'
[0.670s] Level 1:colcon.colcon_core.package_discovery:discover_packages(recursive) using defaults
[0.670s] Level 1:colcon.colcon_core.package_discovery:discover_packages(ignore) discover
[0.670s] Level 1:colcon.colcon_core.package_discovery:discover_packages(ignore) using defaults
[0.670s] Level 1:colcon.colcon_core.package_discovery:discover_packages(path) discover
[0.670s] Level 1:colcon.colcon_core.package_discovery:discover_packages(path) using defaults
[0.697s] Level 1:colcon.colcon_core.package_discovery:discover_packages(prefix_path) check parameters
[0.697s] Level 1:colcon.colcon_core.package_discovery:discover_packages(prefix_path) discover
[0.703s] DEBUG:colcon.colcon_installed_package_information.package_discovery:Found 285 installed packages in /opt/ros/jazzy
[0.704s] Level 1:colcon.colcon_core.package_discovery:discover_packages(prefix_path) using defaults
[0.764s] Level 5:colcon.colcon_core.verb:set package 'bme_ros2_tutorials_cpp' build argument 'cmake_args' from command line to 'None'
[0.764s] Level 5:colcon.colcon_core.verb:set package 'bme_ros2_tutorials_cpp' build argument 'cmake_target' from command line to 'None'
[0.765s] Level 5:colcon.colcon_core.verb:set package 'bme_ros2_tutorials_cpp' build argument 'cmake_target_skip_unavailable' from command line to 'False'
[0.765s] Level 5:colcon.colcon_core.verb:set package 'bme_ros2_tutorials_cpp' build argument 'cmake_clean_cache' from command line to 'False'
[0.765s] Level 5:colcon.colcon_core.verb:set package 'bme_ros2_tutorials_cpp' build argument 'cmake_clean_first' from command line to 'False'
[0.765s] Level 5:colcon.colcon_core.verb:set package 'bme_ros2_tutorials_cpp' build argument 'cmake_force_configure' from command line to 'False'
[0.765s] Level 5:colcon.colcon_core.verb:set package 'bme_ros2_tutorials_cpp' build argument 'ament_cmake_args' from command line to 'None'
[0.765s] Level 5:colcon.colcon_core.verb:set package 'bme_ros2_tutorials_cpp' build argument 'catkin_cmake_args' from command line to 'None'
[0.765s] Level 5:colcon.colcon_core.verb:set package 'bme_ros2_tutorials_cpp' build argument 'catkin_skip_building_tests' from command line to 'False'
[0.765s] DEBUG:colcon.colcon_core.verb:Building package 'bme_ros2_tutorials_cpp' with the following arguments: {'ament_cmake_args': None, 'build_base': '/home/himanshu/ros2_ws/bme_ros2_tutorials_cpp/build/bme_ros2_tutorials_cpp', 'catkin_cmake_args': None, 'catkin_skip_building_tests': False, 'cmake_args': None, 'cmake_clean_cache': False, 'cmake_clean_first': False, 'cmake_force_configure': False, 'cmake_target': None, 'cmake_target_skip_unavailable': False, 'install_base': '/home/himanshu/ros2_ws/bme_ros2_tutorials_cpp/install/bme_ros2_tutorials_cpp', 'merge_install': False, 'path': '/home/himanshu/ros2_ws/bme_ros2_tutorials_cpp', 'symlink_install': False, 'test_result_base': None}
[0.765s] INFO:colcon.colcon_core.executor:Executing jobs using 'parallel' executor
[0.766s] DEBUG:colcon.colcon_parallel_executor.executor.parallel:run_until_complete
[0.767s] INFO:colcon.colcon_ros.task.ament_cmake.build:Building ROS package in '/home/himanshu/ros2_ws/bme_ros2_tutorials_cpp' with build type 'ament_cmake'
[0.767s] INFO:colcon.colcon_cmake.task.cmake.build:Building CMake package in '/home/himanshu/ros2_ws/bme_ros2_tutorials_cpp'
[0.773s] INFO:colcon.colcon_core.plugin_system:Skipping extension 'colcon_core.shell.bat': Not used on non-Windows systems
[0.774s] INFO:colcon.colcon_core.shell:Skip shell extension 'powershell' for command environment: Not usable outside of PowerShell
[0.774s] DEBUG:colcon.colcon_core.shell:Skip shell extension 'dsv' for command environment
[0.789s] DEBUG:colcon.colcon_core.event_handler.log_command:Invoking command in '/home/himanshu/ros2_ws/bme_ros2_tutorials_cpp/build/bme_ros2_tutorials_cpp': CMAKE_PREFIX_PATH=${CMAKE_PREFIX_PATH}:/opt/ros/jazzy CONDA_PROMPT_MODIFIER=(base) DEBUGINFOD_URLS=https://debuginfod.ubuntu.com /usr/bin/cmake --build /home/himanshu/ros2_ws/bme_ros2_tutorials_cpp/build/bme_ros2_tutorials_cpp -- -j8 -l8
[15.088s] DEBUG:colcon.colcon_core.event_handler.log_command:Invoked command in '/home/himanshu/ros2_ws/bme_ros2_tutorials_cpp/build/bme_ros2_tutorials_cpp' returned '0': CMAKE_PREFIX_PATH=${CMAKE_PREFIX_PATH}:/opt/ros/jazzy CONDA_PROMPT_MODIFIER=(base) DEBUGINFOD_URLS=https://debuginfod.ubuntu.com /usr/bin/cmake --build /home/himanshu/ros2_ws/bme_ros2_tutorials_cpp/build/bme_ros2_tutorials_cpp -- -j8 -l8
[15.101s] DEBUG:colcon.colcon_core.event_handler.log_command:Invoking command in '/home/himanshu/ros2_ws/bme_ros2_tutorials_cpp/build/bme_ros2_tutorials_cpp': CMAKE_PREFIX_PATH=${CMAKE_PREFIX_PATH}:/opt/ros/jazzy CONDA_PROMPT_MODIFIER=(base) DEBUGINFOD_URLS=https://debuginfod.ubuntu.com /usr/bin/cmake --install /home/himanshu/ros2_ws/bme_ros2_tutorials_cpp/build/bme_ros2_tutorials_cpp
[15.122s] Level 1:colcon.colcon_core.environment:create_environment_scripts_only(bme_ros2_tutorials_cpp)
[15.123s] DEBUG:colcon.colcon_core.event_handler.log_command:Invoked command in '/home/himanshu/ros2_ws/bme_ros2_tutorials_cpp/build/bme_ros2_tutorials_cpp' returned '0': CMAKE_PREFIX_PATH=${CMAKE_PREFIX_PATH}:/opt/ros/jazzy CONDA_PROMPT_MODIFIER=(base) DEBUGINFOD_URLS=https://debuginfod.ubuntu.com /usr/bin/cmake --install /home/himanshu/ros2_ws/bme_ros2_tutorials_cpp/build/bme_ros2_tutorials_cpp
[15.130s] Level 1:colcon.colcon_core.environment:checking '/home/himanshu/ros2_ws/bme_ros2_tutorials_cpp/install/bme_ros2_tutorials_cpp' for CMake module files
[15.131s] Level 1:colcon.colcon_core.environment:checking '/home/himanshu/ros2_ws/bme_ros2_tutorials_cpp/install/bme_ros2_tutorials_cpp' for CMake config files
[15.131s] Level 1:colcon.colcon_core.shell:create_environment_hook('bme_ros2_tutorials_cpp', 'cmake_prefix_path')
[15.132s] INFO:colcon.colcon_core.shell:Creating environment hook '/home/himanshu/ros2_ws/bme_ros2_tutorials_cpp/install/bme_ros2_tutorials_cpp/share/bme_ros2_tutorials_cpp/hook/cmake_prefix_path.ps1'
[15.133s] INFO:colcon.colcon_core.shell:Creating environment descriptor '/home/himanshu/ros2_ws/bme_ros2_tutorials_cpp/install/bme_ros2_tutorials_cpp/share/bme_ros2_tutorials_cpp/hook/cmake_prefix_path.dsv'
[15.133s] INFO:colcon.colcon_core.shell:Creating environment hook '/home/himanshu/ros2_ws/bme_ros2_tutorials_cpp/install/bme_ros2_tutorials_cpp/share/bme_ros2_tutorials_cpp/hook/cmake_prefix_path.sh'
[15.135s] Level 1:colcon.colcon_core.environment:checking '/home/himanshu/ros2_ws/bme_ros2_tutorials_cpp/install/bme_ros2_tutorials_cpp/lib'
[15.135s] Level 1:colcon.colcon_core.environment:checking '/home/himanshu/ros2_ws/bme_ros2_tutorials_cpp/install/bme_ros2_tutorials_cpp/bin'
[15.135s] Level 1:colcon.colcon_core.environment:checking '/home/himanshu/ros2_ws/bme_ros2_tutorials_cpp/install/bme_ros2_tutorials_cpp/lib/pkgconfig/bme_ros2_tutorials_cpp.pc'
[15.135s] Level 1:colcon.colcon_core.environment:checking '/home/himanshu/ros2_ws/bme_ros2_tutorials_cpp/install/bme_ros2_tutorials_cpp/lib/python3.12/site-packages'
[15.136s] Level 1:colcon.colcon_core.environment:checking '/home/himanshu/ros2_ws/bme_ros2_tutorials_cpp/install/bme_ros2_tutorials_cpp/bin'
[15.136s] INFO:colcon.colcon_core.shell:Creating package script '/home/himanshu/ros2_ws/bme_ros2_tutorials_cpp/install/bme_ros2_tutorials_cpp/share/bme_ros2_tutorials_cpp/package.ps1'
[15.137s] INFO:colcon.colcon_core.shell:Creating package descriptor '/home/himanshu/ros2_ws/bme_ros2_tutorials_cpp/install/bme_ros2_tutorials_cpp/share/bme_ros2_tutorials_cpp/package.dsv'
[15.138s] INFO:colcon.colcon_core.shell:Creating package script '/home/himanshu/ros2_ws/bme_ros2_tutorials_cpp/install/bme_ros2_tutorials_cpp/share/bme_ros2_tutorials_cpp/package.sh'
[15.139s] INFO:colcon.colcon_core.shell:Creating package script '/home/himanshu/ros2_ws/bme_ros2_tutorials_cpp/install/bme_ros2_tutorials_cpp/share/bme_ros2_tutorials_cpp/package.bash'
[15.140s] INFO:colcon.colcon_core.shell:Creating package script '/home/himanshu/ros2_ws/bme_ros2_tutorials_cpp/install/bme_ros2_tutorials_cpp/share/bme_ros2_tutorials_cpp/package.zsh'
[15.141s] Level 1:colcon.colcon_core.environment:create_file_with_runtime_dependencies(/home/himanshu/ros2_ws/bme_ros2_tutorials_cpp/install/bme_ros2_tutorials_cpp/share/colcon-core/packages/bme_ros2_tutorials_cpp)
[15.142s] Level 1:colcon.colcon_core.environment:create_environment_scripts_only(bme_ros2_tutorials_cpp)
[15.142s] Level 1:colcon.colcon_core.environment:checking '/home/himanshu/ros2_ws/bme_ros2_tutorials_cpp/install/bme_ros2_tutorials_cpp' for CMake module files
[15.142s] Level 1:colcon.colcon_core.environment:checking '/home/himanshu/ros2_ws/bme_ros2_tutorials_cpp/install/bme_ros2_tutorials_cpp' for CMake config files
[15.143s] Level 1:colcon.colcon_core.shell:create_environment_hook('bme_ros2_tutorials_cpp', 'cmake_prefix_path')
[15.143s] INFO:colcon.colcon_core.shell:Creating environment hook '/home/himanshu/ros2_ws/bme_ros2_tutorials_cpp/install/bme_ros2_tutorials_cpp/share/bme_ros2_tutorials_cpp/hook/cmake_prefix_path.ps1'
[15.143s] INFO:colcon.colcon_core.shell:Creating environment descriptor '/home/himanshu/ros2_ws/bme_ros2_tutorials_cpp/install/bme_ros2_tutorials_cpp/share/bme_ros2_tutorials_cpp/hook/cmake_prefix_path.dsv'
[15.144s] INFO:colcon.colcon_core.shell:Creating environment hook '/home/himanshu/ros2_ws/bme_ros2_tutorials_cpp/install/bme_ros2_tutorials_cpp/share/bme_ros2_tutorials_cpp/hook/cmake_prefix_path.sh'
[15.144s] Level 1:colcon.colcon_core.environment:checking '/home/himanshu/ros2_ws/bme_ros2_tutorials_cpp/install/bme_ros2_tutorials_cpp/lib'
[15.145s] Level 1:colcon.colcon_core.environment:checking '/home/himanshu/ros2_ws/bme_ros2_tutorials_cpp/install/bme_ros2_tutorials_cpp/bin'
[15.145s] Level 1:colcon.colcon_core.environment:checking '/home/himanshu/ros2_ws/bme_ros2_tutorials_cpp/install/bme_ros2_tutorials_cpp/lib/pkgconfig/bme_ros2_tutorials_cpp.pc'
[15.145s] Level 1:colcon.colcon_core.environment:checking '/home/himanshu/ros2_ws/bme_ros2_tutorials_cpp/install/bme_ros2_tutorials_cpp/lib/python3.12/site-packages'
[15.145s] Level 1:colcon.colcon_core.environment:checking '/home/himanshu/ros2_ws/bme_ros2_tutorials_cpp/install/bme_ros2_tutorials_cpp/bin'
[15.145s] INFO:colcon.colcon_core.shell:Creating package script '/home/himanshu/ros2_ws/bme_ros2_tutorials_cpp/install/bme_ros2_tutorials_cpp/share/bme_ros2_tutorials_cpp/package.ps1'
[15.146s] INFO:colcon.colcon_core.shell:Creating package descriptor '/home/himanshu/ros2_ws/bme_ros2_tutorials_cpp/install/bme_ros2_tutorials_cpp/share/bme_ros2_tutorials_cpp/package.dsv'
[15.147s] INFO:colcon.colcon_core.shell:Creating package script '/home/himanshu/ros2_ws/bme_ros2_tutorials_cpp/install/bme_ros2_tutorials_cpp/share/bme_ros2_tutorials_cpp/package.sh'
[15.147s] INFO:colcon.colcon_core.shell:Creating package script '/home/himanshu/ros2_ws/bme_ros2_tutorials_cpp/install/bme_ros2_tutorials_cpp/share/bme_ros2_tutorials_cpp/package.bash'
[15.148s] INFO:colcon.colcon_core.shell:Creating package script '/home/himanshu/ros2_ws/bme_ros2_tutorials_cpp/install/bme_ros2_tutorials_cpp/share/bme_ros2_tutorials_cpp/package.zsh'
[15.148s] Level 1:colcon.colcon_core.environment:create_file_with_runtime_dependencies(/home/himanshu/ros2_ws/bme_ros2_tutorials_cpp/install/bme_ros2_tutorials_cpp/share/colcon-core/packages/bme_ros2_tutorials_cpp)
[15.148s] DEBUG:colcon.colcon_parallel_executor.executor.parallel:closing loop
[15.149s] DEBUG:colcon.colcon_parallel_executor.executor.parallel:loop closed
[15.149s] DEBUG:colcon.colcon_parallel_executor.executor.parallel:run_until_complete finished with '0'
[15.150s] DEBUG:colcon.colcon_core.event_reactor:joining thread
[15.165s] INFO:colcon.colcon_core.plugin_system:Skipping extension 'colcon_notification.desktop_notification.terminal_notifier': Not used on non-Darwin systems
[15.166s] INFO:colcon.colcon_core.plugin_system:Skipping extension 'colcon_notification.desktop_notification.win32': Not used on non-Windows systems
[15.166s] INFO:colcon.colcon_notification.desktop_notification:Sending desktop notification using 'notify2'
[15.310s] DEBUG:colcon.colcon_core.event_reactor:joined thread
[15.311s] INFO:colcon.colcon_core.shell:Creating prefix script '/home/himanshu/ros2_ws/bme_ros2_tutorials_cpp/install/local_setup.ps1'
[15.317s] INFO:colcon.colcon_core.shell:Creating prefix util module '/home/himanshu/ros2_ws/bme_ros2_tutorials_cpp/install/_local_setup_util_ps1.py'
[15.322s] INFO:colcon.colcon_core.shell:Creating prefix chain script '/home/himanshu/ros2_ws/bme_ros2_tutorials_cpp/install/setup.ps1'
[15.327s] INFO:colcon.colcon_core.shell:Creating prefix script '/home/himanshu/ros2_ws/bme_ros2_tutorials_cpp/install/local_setup.sh'
[15.330s] INFO:colcon.colcon_core.shell:Creating prefix util module '/home/himanshu/ros2_ws/bme_ros2_tutorials_cpp/install/_local_setup_util_sh.py'
[15.333s] INFO:colcon.colcon_core.shell:Creating prefix chain script '/home/himanshu/ros2_ws/bme_ros2_tutorials_cpp/install/setup.sh'
[15.336s] INFO:colcon.colcon_core.shell:Creating prefix script '/home/himanshu/ros2_ws/bme_ros2_tutorials_cpp/install/local_setup.bash'
[15.338s] INFO:colcon.colcon_core.shell:Creating prefix chain script '/home/himanshu/ros2_ws/bme_ros2_tutorials_cpp/install/setup.bash'
[15.342s] INFO:colcon.colcon_core.shell:Creating prefix script '/home/himanshu/ros2_ws/bme_ros2_tutorials_cpp/install/local_setup.zsh'
[15.344s] INFO:colcon.colcon_core.shell:Creating prefix chain script '/home/himanshu/ros2_ws/bme_ros2_tutorials_cpp/install/setup.zsh'
