[0.053s] Invoking command in '/home/himanshu/ros2_ws/src/build/open_manipulator_mogi': CMAKE_PREFIX_PATH=${CMAKE_PREFIX_PATH}:/home/himanshu/ros2_ws/install/ur_robot_driver:/home/himanshu/ros2_ws/install/ur_mogi_py:/home/himanshu/ros2_ws/install/open_manipulator_mogi_py:/home/himanshu/ros2_ws/install/mogi_trajectory_server:/home/himanshu/ros2_ws/install/map_merge_py:/home/himanshu/ros2_ws/install/bme_ros2_tutorials_py:/home/himanshu/ros2_ws/install/bme_ros2_simple_arm_py:/home/himanshu/ros2_ws/install/bme_ros2_navigation_py:/home/himanshu/ros2_ws/install/bme_gazebo_sensors_py:/opt/ros/jazzy DEBUGINFOD_URLS=https://debuginfod.ubuntu.com /usr/bin/cmake /home/himanshu/ros2_ws/src/open_manipulator_mogi -DCMAKE_INSTALL_PREFIX=/home/himanshu/ros2_ws/src/install/open_manipulator_mogi
[20.570s] -- The C compiler identification is GNU 13.3.0
[20.570s] -- The CXX compiler identification is GNU 13.3.0
[20.570s] -- Detecting C compiler ABI info
[20.571s] -- Detecting C compiler ABI info - done
[20.571s] -- Check for working C compiler: /usr/bin/cc - skipped
[20.571s] -- Detecting C compile features
[20.571s] -- Detecting C compile features - done
[20.571s] -- Detecting CXX compiler ABI info
[20.571s] -- Detecting CXX compiler ABI info - done
[20.572s] -- Check for working CXX compiler: /usr/bin/c++ - skipped
[20.572s] -- Detecting CXX compile features
[20.572s] -- Detecting CXX compile features - done
[20.572s] -- Found ament_cmake: 2.5.4 (/opt/ros/jazzy/share/ament_cmake/cmake)
[20.572s] -- Found Python3: /usr/bin/python3 (found version "3.12.3") found components: Interpreter 
[20.572s] -- Found ament_lint_auto: 0.17.2 (/opt/ros/jazzy/share/ament_lint_auto/cmake)
[20.573s] -- Added test 'flake8' to check Python code syntax and style conventions
[20.573s] -- Configured 'flake8' exclude dirs and/or files: 
[20.573s] -- Added test 'lint_cmake' to check CMake code style
[20.573s] -- Added test 'pep257' to check Python code against some of the docstring style conventions in PEP 257
[20.574s] -- Added test 'xmllint' to check XML markup files
[20.574s] -- Configuring done (4.5s)
[20.574s] -- Generating done (0.0s)
[20.574s] -- Build files have been written to: /home/himanshu/ros2_ws/src/build/open_manipulator_mogi
[20.610s] Invoked command in '/home/himanshu/ros2_ws/src/build/open_manipulator_mogi' returned '0': CMAKE_PREFIX_PATH=${CMAKE_PREFIX_PATH}:/home/himanshu/ros2_ws/install/ur_robot_driver:/home/himanshu/ros2_ws/install/ur_mogi_py:/home/himanshu/ros2_ws/install/open_manipulator_mogi_py:/home/himanshu/ros2_ws/install/mogi_trajectory_server:/home/himanshu/ros2_ws/install/map_merge_py:/home/himanshu/ros2_ws/install/bme_ros2_tutorials_py:/home/himanshu/ros2_ws/install/bme_ros2_simple_arm_py:/home/himanshu/ros2_ws/install/bme_ros2_navigation_py:/home/himanshu/ros2_ws/install/bme_gazebo_sensors_py:/opt/ros/jazzy DEBUGINFOD_URLS=https://debuginfod.ubuntu.com /usr/bin/cmake /home/himanshu/ros2_ws/src/open_manipulator_mogi -DCMAKE_INSTALL_PREFIX=/home/himanshu/ros2_ws/src/install/open_manipulator_mogi
[20.612s] Invoking command in '/home/himanshu/ros2_ws/src/build/open_manipulator_mogi': CMAKE_PREFIX_PATH=${CMAKE_PREFIX_PATH}:/home/himanshu/ros2_ws/install/ur_robot_driver:/home/himanshu/ros2_ws/install/ur_mogi_py:/home/himanshu/ros2_ws/install/open_manipulator_mogi_py:/home/himanshu/ros2_ws/install/mogi_trajectory_server:/home/himanshu/ros2_ws/install/map_merge_py:/home/himanshu/ros2_ws/install/bme_ros2_tutorials_py:/home/himanshu/ros2_ws/install/bme_ros2_simple_arm_py:/home/himanshu/ros2_ws/install/bme_ros2_navigation_py:/home/himanshu/ros2_ws/install/bme_gazebo_sensors_py:/opt/ros/jazzy DEBUGINFOD_URLS=https://debuginfod.ubuntu.com /usr/bin/cmake --build /home/himanshu/ros2_ws/src/build/open_manipulator_mogi -- -j8 -l8
[20.754s] Invoked command in '/home/himanshu/ros2_ws/src/build/open_manipulator_mogi' returned '0': CMAKE_PREFIX_PATH=${CMAKE_PREFIX_PATH}:/home/himanshu/ros2_ws/install/ur_robot_driver:/home/himanshu/ros2_ws/install/ur_mogi_py:/home/himanshu/ros2_ws/install/open_manipulator_mogi_py:/home/himanshu/ros2_ws/install/mogi_trajectory_server:/home/himanshu/ros2_ws/install/map_merge_py:/home/himanshu/ros2_ws/install/bme_ros2_tutorials_py:/home/himanshu/ros2_ws/install/bme_ros2_simple_arm_py:/home/himanshu/ros2_ws/install/bme_ros2_navigation_py:/home/himanshu/ros2_ws/install/bme_gazebo_sensors_py:/opt/ros/jazzy DEBUGINFOD_URLS=https://debuginfod.ubuntu.com /usr/bin/cmake --build /home/himanshu/ros2_ws/src/build/open_manipulator_mogi -- -j8 -l8
[20.755s] Invoking command in '/home/himanshu/ros2_ws/src/build/open_manipulator_mogi': CMAKE_PREFIX_PATH=${CMAKE_PREFIX_PATH}:/home/himanshu/ros2_ws/install/ur_robot_driver:/home/himanshu/ros2_ws/install/ur_mogi_py:/home/himanshu/ros2_ws/install/open_manipulator_mogi_py:/home/himanshu/ros2_ws/install/mogi_trajectory_server:/home/himanshu/ros2_ws/install/map_merge_py:/home/himanshu/ros2_ws/install/bme_ros2_tutorials_py:/home/himanshu/ros2_ws/install/bme_ros2_simple_arm_py:/home/himanshu/ros2_ws/install/bme_ros2_navigation_py:/home/himanshu/ros2_ws/install/bme_gazebo_sensors_py:/opt/ros/jazzy DEBUGINFOD_URLS=https://debuginfod.ubuntu.com /usr/bin/cmake --install /home/himanshu/ros2_ws/src/build/open_manipulator_mogi
[24.155s] -- Install configuration: ""
[24.156s] -- Installing: /home/himanshu/ros2_ws/src/install/open_manipulator_mogi/share/open_manipulator_mogi/config
[24.156s] -- Installing: /home/himanshu/ros2_ws/src/install/open_manipulator_mogi/share/open_manipulator_mogi/config/gz_bridge.yaml
[24.156s] -- Installing: /home/himanshu/ros2_ws/src/install/open_manipulator_mogi/share/open_manipulator_mogi/launch
[24.156s] -- Installing: /home/himanshu/ros2_ws/src/install/open_manipulator_mogi/share/open_manipulator_mogi/launch/simulation_moveit_bringup.launch.py
[24.157s] -- Installing: /home/himanshu/ros2_ws/src/install/open_manipulator_mogi/share/open_manipulator_mogi/launch/simulation_bringup.launch.py
[24.157s] -- Installing: /home/himanshu/ros2_ws/src/install/open_manipulator_mogi/share/open_manipulator_mogi/rviz
[24.157s] -- Installing: /home/himanshu/ros2_ws/src/install/open_manipulator_mogi/share/open_manipulator_mogi/rviz/rviz.rviz
[24.158s] -- Installing: /home/himanshu/ros2_ws/src/install/open_manipulator_mogi/share/open_manipulator_mogi/worlds
[24.158s] -- Installing: /home/himanshu/ros2_ws/src/install/open_manipulator_mogi/share/open_manipulator_mogi/worlds/world.sdf
[24.158s] -- Installing: /home/himanshu/ros2_ws/src/install/open_manipulator_mogi/share/open_manipulator_mogi/worlds/empty.sdf
[24.158s] -- Installing: /home/himanshu/ros2_ws/src/install/open_manipulator_mogi/share/ament_index/resource_index/package_run_dependencies/open_manipulator_mogi
[24.159s] -- Installing: /home/himanshu/ros2_ws/src/install/open_manipulator_mogi/share/ament_index/resource_index/parent_prefix_path/open_manipulator_mogi
[24.159s] -- Installing: /home/himanshu/ros2_ws/src/install/open_manipulator_mogi/share/open_manipulator_mogi/environment/ament_prefix_path.sh
[24.160s] -- Installing: /home/himanshu/ros2_ws/src/install/open_manipulator_mogi/share/open_manipulator_mogi/environment/ament_prefix_path.dsv
[24.161s] -- Installing: /home/himanshu/ros2_ws/src/install/open_manipulator_mogi/share/open_manipulator_mogi/environment/path.sh
[24.161s] -- Installing: /home/himanshu/ros2_ws/src/install/open_manipulator_mogi/share/open_manipulator_mogi/environment/path.dsv
[24.162s] -- Installing: /home/himanshu/ros2_ws/src/install/open_manipulator_mogi/share/open_manipulator_mogi/local_setup.bash
[24.162s] -- Installing: /home/himanshu/ros2_ws/src/install/open_manipulator_mogi/share/open_manipulator_mogi/local_setup.sh
[24.162s] -- Installing: /home/himanshu/ros2_ws/src/install/open_manipulator_mogi/share/open_manipulator_mogi/local_setup.zsh
[24.163s] -- Installing: /home/himanshu/ros2_ws/src/install/open_manipulator_mogi/share/open_manipulator_mogi/local_setup.dsv
[24.163s] -- Installing: /home/himanshu/ros2_ws/src/install/open_manipulator_mogi/share/open_manipulator_mogi/package.dsv
[24.163s] -- Installing: /home/himanshu/ros2_ws/src/install/open_manipulator_mogi/share/ament_index/resource_index/packages/open_manipulator_mogi
[24.165s] -- Installing: /home/himanshu/ros2_ws/src/install/open_manipulator_mogi/share/open_manipulator_mogi/cmake/open_manipulator_mogiConfig.cmake
[24.165s] -- Installing: /home/himanshu/ros2_ws/src/install/open_manipulator_mogi/share/open_manipulator_mogi/cmake/open_manipulator_mogiConfig-version.cmake
[24.165s] -- Installing: /home/himanshu/ros2_ws/src/install/open_manipulator_mogi/share/open_manipulator_mogi/package.xml
[24.171s] Invoked command in '/home/himanshu/ros2_ws/src/build/open_manipulator_mogi' returned '0': CMAKE_PREFIX_PATH=${CMAKE_PREFIX_PATH}:/home/himanshu/ros2_ws/install/ur_robot_driver:/home/himanshu/ros2_ws/install/ur_mogi_py:/home/himanshu/ros2_ws/install/open_manipulator_mogi_py:/home/himanshu/ros2_ws/install/mogi_trajectory_server:/home/himanshu/ros2_ws/install/map_merge_py:/home/himanshu/ros2_ws/install/bme_ros2_tutorials_py:/home/himanshu/ros2_ws/install/bme_ros2_simple_arm_py:/home/himanshu/ros2_ws/install/bme_ros2_navigation_py:/home/himanshu/ros2_ws/install/bme_gazebo_sensors_py:/opt/ros/jazzy DEBUGINFOD_URLS=https://debuginfod.ubuntu.com /usr/bin/cmake --install /home/himanshu/ros2_ws/src/build/open_manipulator_mogi
