[0.015s] Invoking command in '/home/himanshu/ros2_ws/bme_ros2_tutorials_bringup/build/bme_ros2_tutorials_bringup': CMAKE_PREFIX_PATH=${CMAKE_PREFIX_PATH}:/opt/ros/jazzy CONDA_PROMPT_MODIFIER=(base) DEBUGINFOD_URLS=https://debuginfod.ubuntu.com /usr/bin/cmake --build /home/himanshu/ros2_ws/bme_ros2_tutorials_bringup/build/bme_ros2_tutorials_bringup -- -j8 -l8
[0.046s] -- Found ament_cmake: 2.5.4 (/opt/ros/jazzy/share/ament_cmake/cmake)
[0.347s] -- Found ament_lint_auto: 0.17.2 (/opt/ros/jazzy/share/ament_lint_auto/cmake)
[0.487s] -- Added test 'cppcheck' to perform static code analysis on C / C++ code
[0.487s] -- Configured cppcheck include dirs: 
[0.487s] -- Configured cppcheck exclude dirs and/or files: 
[0.489s] -- Added test 'flake8' to check Python code syntax and style conventions
[0.490s] -- Configured 'flake8' exclude dirs and/or files: 
[0.493s] -- Added test 'lint_cmake' to check CMake code style
[0.495s] -- Added test 'pep257' to check Python code against some of the docstring style conventions in PEP 257
[0.512s] -- Added test 'uncrustify' to check C / C++ code style
[0.512s] -- Configured uncrustify additional arguments: 
[0.514s] -- Added test 'xmllint' to check XML markup files
[0.515s] -- Configuring done (0.5s)
[0.520s] -- Generating done (0.0s)
[0.522s] -- Build files have been written to: /home/himanshu/ros2_ws/bme_ros2_tutorials_bringup/build/bme_ros2_tutorials_bringup
[0.549s] Invoked command in '/home/himanshu/ros2_ws/bme_ros2_tutorials_bringup/build/bme_ros2_tutorials_bringup' returned '0': CMAKE_PREFIX_PATH=${CMAKE_PREFIX_PATH}:/opt/ros/jazzy CONDA_PROMPT_MODIFIER=(base) DEBUGINFOD_URLS=https://debuginfod.ubuntu.com /usr/bin/cmake --build /home/himanshu/ros2_ws/bme_ros2_tutorials_bringup/build/bme_ros2_tutorials_bringup -- -j8 -l8
[0.561s] Invoking command in '/home/himanshu/ros2_ws/bme_ros2_tutorials_bringup/build/bme_ros2_tutorials_bringup': CMAKE_PREFIX_PATH=${CMAKE_PREFIX_PATH}:/opt/ros/jazzy CONDA_PROMPT_MODIFIER=(base) DEBUGINFOD_URLS=https://debuginfod.ubuntu.com /usr/bin/cmake --install /home/himanshu/ros2_ws/bme_ros2_tutorials_bringup/build/bme_ros2_tutorials_bringup
[0.570s] -- Install configuration: ""
[0.571s] -- Up-to-date: /home/himanshu/ros2_ws/bme_ros2_tutorials_bringup/install/bme_ros2_tutorials_bringup/share/bme_ros2_tutorials_bringup/launch
[0.571s] -- Up-to-date: /home/himanshu/ros2_ws/bme_ros2_tutorials_bringup/install/bme_ros2_tutorials_bringup/share/ament_index/resource_index/package_run_dependencies/bme_ros2_tutorials_bringup
[0.571s] -- Installing: /home/himanshu/ros2_ws/bme_ros2_tutorials_bringup/install/bme_ros2_tutorials_bringup/share/ament_index/resource_index/parent_prefix_path/bme_ros2_tutorials_bringup
[0.571s] -- Up-to-date: /home/himanshu/ros2_ws/bme_ros2_tutorials_bringup/install/bme_ros2_tutorials_bringup/share/bme_ros2_tutorials_bringup/environment/ament_prefix_path.sh
[0.571s] -- Up-to-date: /home/himanshu/ros2_ws/bme_ros2_tutorials_bringup/install/bme_ros2_tutorials_bringup/share/bme_ros2_tutorials_bringup/environment/ament_prefix_path.dsv
[0.571s] -- Up-to-date: /home/himanshu/ros2_ws/bme_ros2_tutorials_bringup/install/bme_ros2_tutorials_bringup/share/bme_ros2_tutorials_bringup/environment/path.sh
[0.572s] -- Up-to-date: /home/himanshu/ros2_ws/bme_ros2_tutorials_bringup/install/bme_ros2_tutorials_bringup/share/bme_ros2_tutorials_bringup/environment/path.dsv
[0.572s] -- Up-to-date: /home/himanshu/ros2_ws/bme_ros2_tutorials_bringup/install/bme_ros2_tutorials_bringup/share/bme_ros2_tutorials_bringup/local_setup.bash
[0.572s] -- Up-to-date: /home/himanshu/ros2_ws/bme_ros2_tutorials_bringup/install/bme_ros2_tutorials_bringup/share/bme_ros2_tutorials_bringup/local_setup.sh
[0.572s] -- Up-to-date: /home/himanshu/ros2_ws/bme_ros2_tutorials_bringup/install/bme_ros2_tutorials_bringup/share/bme_ros2_tutorials_bringup/local_setup.zsh
[0.572s] -- Up-to-date: /home/himanshu/ros2_ws/bme_ros2_tutorials_bringup/install/bme_ros2_tutorials_bringup/share/bme_ros2_tutorials_bringup/local_setup.dsv
[0.572s] -- Installing: /home/himanshu/ros2_ws/bme_ros2_tutorials_bringup/install/bme_ros2_tutorials_bringup/share/bme_ros2_tutorials_bringup/package.dsv
[0.572s] -- Up-to-date: /home/himanshu/ros2_ws/bme_ros2_tutorials_bringup/install/bme_ros2_tutorials_bringup/share/ament_index/resource_index/packages/bme_ros2_tutorials_bringup
[0.572s] -- Up-to-date: /home/himanshu/ros2_ws/bme_ros2_tutorials_bringup/install/bme_ros2_tutorials_bringup/share/bme_ros2_tutorials_bringup/cmake/bme_ros2_tutorials_bringupConfig.cmake
[0.572s] -- Up-to-date: /home/himanshu/ros2_ws/bme_ros2_tutorials_bringup/install/bme_ros2_tutorials_bringup/share/bme_ros2_tutorials_bringup/cmake/bme_ros2_tutorials_bringupConfig-version.cmake
[0.573s] -- Up-to-date: /home/himanshu/ros2_ws/bme_ros2_tutorials_bringup/install/bme_ros2_tutorials_bringup/share/bme_ros2_tutorials_bringup/package.xml
[0.574s] Invoked command in '/home/himanshu/ros2_ws/bme_ros2_tutorials_bringup/build/bme_ros2_tutorials_bringup' returned '0': CMAKE_PREFIX_PATH=${CMAKE_PREFIX_PATH}:/opt/ros/jazzy CONDA_PROMPT_MODIFIER=(base) DEBUGINFOD_URLS=https://debuginfod.ubuntu.com /usr/bin/cmake --install /home/himanshu/ros2_ws/bme_ros2_tutorials_bringup/build/bme_ros2_tutorials_bringup
