[0.078s] Invoking command in '/home/himanshu/ros2_ws/src/build/ur_client_library': CMAKE_PREFIX_PATH=${CMAKE_PREFIX_PATH}:/home/himanshu/ros2_ws/install/ur_robot_driver:/home/himanshu/ros2_ws/install/ur_mogi_py:/home/himanshu/ros2_ws/install/open_manipulator_mogi_py:/home/himanshu/ros2_ws/install/mogi_trajectory_server:/home/himanshu/ros2_ws/install/map_merge_py:/home/himanshu/ros2_ws/install/bme_ros2_tutorials_py:/home/himanshu/ros2_ws/install/bme_ros2_simple_arm_py:/home/himanshu/ros2_ws/install/bme_ros2_navigation_py:/home/himanshu/ros2_ws/install/bme_gazebo_sensors_py:/opt/ros/jazzy DEBUGINFOD_URLS=https://debuginfod.ubuntu.com /usr/bin/cmake /home/himanshu/ros2_ws/src/Universal_Robots_Client_Library -DCMAKE_INSTALL_PREFIX=/home/himanshu/ros2_ws/src/install/ur_client_library
[0.291s] -- The C compiler identification is GNU 13.3.0
[0.511s] -- The CXX compiler identification is GNU 13.3.0
[0.571s] -- Detecting C compiler ABI info
[0.905s] -- Detecting C compiler ABI info - done
[0.946s] -- Check for working C compiler: /usr/bin/cc - skipped
[0.949s] -- Detecting C compile features
[0.949s] -- Detecting C compile features - done
[0.986s] -- Detecting CXX compiler ABI info
[1.390s] -- Detecting CXX compiler ABI info - done
[1.441s] -- Check for working CXX compiler: /usr/bin/c++ - skipped
[1.443s] -- Detecting CXX compile features
[1.443s] -- Detecting CXX compile features - done
[1.446s] [0mur_client_library: You did not request a specific build type: selecting 'RelWithDebInfo'.[0m
[1.451s] -- Performing Test CMAKE_HAVE_LIBC_PTHREAD
[1.812s] -- Performing Test CMAKE_HAVE_LIBC_PTHREAD - Success
[1.816s] -- Found Threads: TRUE  
[1.817s] -- Building tests disabled.
[1.835s] -- Configuring done (1.7s)
[1.928s] -- Generating done (0.1s)
[1.946s] -- Build files have been written to: /home/himanshu/ros2_ws/src/build/ur_client_library
[1.969s] Invoked command in '/home/himanshu/ros2_ws/src/build/ur_client_library' returned '0': CMAKE_PREFIX_PATH=${CMAKE_PREFIX_PATH}:/home/himanshu/ros2_ws/install/ur_robot_driver:/home/himanshu/ros2_ws/install/ur_mogi_py:/home/himanshu/ros2_ws/install/open_manipulator_mogi_py:/home/himanshu/ros2_ws/install/mogi_trajectory_server:/home/himanshu/ros2_ws/install/map_merge_py:/home/himanshu/ros2_ws/install/bme_ros2_tutorials_py:/home/himanshu/ros2_ws/install/bme_ros2_simple_arm_py:/home/himanshu/ros2_ws/install/bme_ros2_navigation_py:/home/himanshu/ros2_ws/install/bme_gazebo_sensors_py:/opt/ros/jazzy DEBUGINFOD_URLS=https://debuginfod.ubuntu.com /usr/bin/cmake /home/himanshu/ros2_ws/src/Universal_Robots_Client_Library -DCMAKE_INSTALL_PREFIX=/home/himanshu/ros2_ws/src/install/ur_client_library
[1.970s] Invoking command in '/home/himanshu/ros2_ws/src/build/ur_client_library': CMAKE_PREFIX_PATH=${CMAKE_PREFIX_PATH}:/home/himanshu/ros2_ws/install/ur_robot_driver:/home/himanshu/ros2_ws/install/ur_mogi_py:/home/himanshu/ros2_ws/install/open_manipulator_mogi_py:/home/himanshu/ros2_ws/install/mogi_trajectory_server:/home/himanshu/ros2_ws/install/map_merge_py:/home/himanshu/ros2_ws/install/bme_ros2_tutorials_py:/home/himanshu/ros2_ws/install/bme_ros2_simple_arm_py:/home/himanshu/ros2_ws/install/bme_ros2_navigation_py:/home/himanshu/ros2_ws/install/bme_gazebo_sensors_py:/opt/ros/jazzy DEBUGINFOD_URLS=https://debuginfod.ubuntu.com /usr/bin/cmake --build /home/himanshu/ros2_ws/src/build/ur_client_library -- -j8 -l8
[5.109s] [  1%] [32mBuilding CXX object CMakeFiles/urcl.dir/src/comm/tcp_socket.cpp.o[0m
[5.109s] [  3%] [32mBuilding CXX object CMakeFiles/urcl.dir/src/comm/tcp_server.cpp.o[0m
[5.110s] [  4%] [32mBuilding CXX object CMakeFiles/urcl.dir/src/control/script_sender.cpp.o[0m
[5.110s] [  6%] [32mBuilding CXX object CMakeFiles/urcl.dir/src/control/reverse_interface.cpp.o[0m
[5.110s] [  8%] [32mBuilding CXX object CMakeFiles/urcl.dir/src/primary/primary_package.cpp.o[0m
[5.111s] [  9%] [32mBuilding CXX object CMakeFiles/urcl.dir/src/control/trajectory_point_interface.cpp.o[0m
[5.111s] [ 11%] [32mBuilding CXX object CMakeFiles/urcl.dir/src/control/script_command_interface.cpp.o[0m
[5.111s] [ 12%] [32mBuilding CXX object CMakeFiles/urcl.dir/src/primary/primary_client.cpp.o[0m
[5.564s] [ 14%] [32mBuilding CXX object CMakeFiles/urcl.dir/src/primary/robot_message.cpp.o[0m
[7.049s] [ 16%] [32mBuilding CXX object CMakeFiles/urcl.dir/src/primary/robot_state.cpp.o[0m
[7.187s] [ 17%] [32mBuilding CXX object CMakeFiles/urcl.dir/src/primary/robot_message/version_message.cpp.o[0m
[7.671s] [ 19%] [32mBuilding CXX object CMakeFiles/urcl.dir/src/primary/robot_message/error_code_message.cpp.o[0m
[8.239s] [ 20%] [32mBuilding CXX object CMakeFiles/urcl.dir/src/primary/robot_state/kinematics_info.cpp.o[0m
[8.454s] [ 22%] [32mBuilding CXX object CMakeFiles/urcl.dir/src/primary/robot_state/robot_mode_data.cpp.o[0m
[8.860s] [ 24%] [32mBuilding CXX object CMakeFiles/urcl.dir/src/primary/robot_state/configuration_data.cpp.o[0m
[9.083s] [ 25%] [32mBuilding CXX object CMakeFiles/urcl.dir/src/rtde/control_package_pause.cpp.o[0m
[10.742s] [ 27%] [32mBuilding CXX object CMakeFiles/urcl.dir/src/rtde/control_package_setup_inputs.cpp.o[0m
[11.229s] [ 29%] [32mBuilding CXX object CMakeFiles/urcl.dir/src/rtde/control_package_setup_outputs.cpp.o[0m
[12.899s] [ 30%] [32mBuilding CXX object CMakeFiles/urcl.dir/src/rtde/control_package_start.cpp.o[0m
[12.995s] [ 32%] [32mBuilding CXX object CMakeFiles/urcl.dir/src/rtde/data_package.cpp.o[0m
[14.170s] [ 33%] [32mBuilding CXX object CMakeFiles/urcl.dir/src/rtde/get_urcontrol_version.cpp.o[0m
[14.322s] [ 35%] [32mBuilding CXX object CMakeFiles/urcl.dir/src/rtde/request_protocol_version.cpp.o[0m
[16.440s] [ 37%] [32mBuilding CXX object CMakeFiles/urcl.dir/src/rtde/rtde_package.cpp.o[0m
[17.692s] [ 38%] [32mBuilding CXX object CMakeFiles/urcl.dir/src/rtde/text_message.cpp.o[0m
[18.219s] [ 40%] [32mBuilding CXX object CMakeFiles/urcl.dir/src/rtde/rtde_client.cpp.o[0m
[18.712s] [ 41%] [32mBuilding CXX object CMakeFiles/urcl.dir/src/ur/ur_driver.cpp.o[0m
[20.021s] [ 43%] [32mBuilding CXX object CMakeFiles/urcl.dir/src/ur/calibration_checker.cpp.o[0m
[20.081s] [ 45%] [32mBuilding CXX object CMakeFiles/urcl.dir/src/ur/dashboard_client.cpp.o[0m
[49.540s] [ 46%] [32mBuilding CXX object CMakeFiles/urcl.dir/src/example_robot_wrapper.cpp.o[0m
[56.960s] [ 48%] [32mBuilding CXX object CMakeFiles/urcl.dir/src/log.cpp.o[0m
[58.005s] [ 50%] [32mBuilding CXX object CMakeFiles/urcl.dir/src/helpers.cpp.o[0m
[60.725s] [ 51%] [32mBuilding CXX object CMakeFiles/urcl.dir/src/default_log_handler.cpp.o[0m
[61.989s] [ 53%] [32mBuilding CXX object CMakeFiles/urcl.dir/src/rtde/rtde_writer.cpp.o[0m
[71.411s] [ 54%] [32mBuilding CXX object CMakeFiles/urcl.dir/src/ur/version_information.cpp.o[0m
[73.733s] [ 56%] [32mBuilding CXX object CMakeFiles/urcl.dir/src/ur/robot_receive_timeout.cpp.o[0m
[76.636s] [ 58%] [32mBuilding CXX object CMakeFiles/urcl.dir/src/ur/tool_communication.cpp.o[0m
[78.645s] [ 59%] [32mBuilding CXX object CMakeFiles/urcl.dir/src/ur/instruction_executor.cpp.o[0m
[85.037s] [ 61%] [32m[1mLinking CXX shared library liburcl.so[0m
[86.168s] [ 61%] Built target urcl
[86.297s] [ 62%] [32mBuilding CXX object examples/CMakeFiles/driver_example.dir/full_driver.cpp.o[0m
[92.369s] [ 64%] [32m[1mLinking CXX executable driver_example[0m
[92.725s] [ 64%] Built target driver_example
[92.819s] [ 66%] [32mBuilding CXX object examples/CMakeFiles/freedrive_example.dir/freedrive_example.cpp.o[0m
[96.391s] [ 67%] [32m[1mLinking CXX executable freedrive_example[0m
[96.640s] [ 67%] Built target freedrive_example
[96.708s] [ 69%] [32mBuilding CXX object examples/CMakeFiles/force_mode_example.dir/force_mode_example.cpp.o[0m
[100.571s] [ 70%] [32m[1mLinking CXX executable force_mode_example[0m
[100.842s] [ 70%] Built target force_mode_example
[100.897s] [ 72%] [32mBuilding CXX object examples/CMakeFiles/script_sender_example.dir/script_sender.cpp.o[0m
[103.169s] [ 74%] [32m[1mLinking CXX executable script_sender_example[0m
[103.452s] [ 74%] Built target script_sender_example
[103.534s] [ 75%] [32mBuilding CXX object examples/CMakeFiles/trajectory_point_interface_example.dir/trajectory_point_interface.cpp.o[0m
[108.634s] [ 77%] [32m[1mLinking CXX executable trajectory_point_interface_example[0m
[108.976s] [ 77%] Built target trajectory_point_interface_example
[109.068s] [ 79%] [32mBuilding CXX object examples/CMakeFiles/instruction_executor.dir/instruction_executor.cpp.o[0m
[114.529s] [ 80%] [32m[1mLinking CXX executable instruction_executor[0m
[114.774s] [ 80%] Built target instruction_executor
[114.847s] [ 82%] [32mBuilding CXX object examples/CMakeFiles/tool_contact_example.dir/tool_contact_example.cpp.o[0m
[118.813s] [ 83%] [32m[1mLinking CXX executable tool_contact_example[0m
[119.150s] [ 83%] Built target tool_contact_example
[119.265s] [ 85%] [32mBuilding CXX object examples/CMakeFiles/spline_example.dir/spline_example.cpp.o[0m
[125.607s] [ 87%] [32m[1mLinking CXX executable spline_example[0m
[125.824s] [ 87%] Built target spline_example
[125.882s] [ 88%] [32mBuilding CXX object examples/CMakeFiles/dashboard_example.dir/dashboard_example.cpp.o[0m
[128.099s] [ 90%] [32m[1mLinking CXX executable dashboard_example[0m
[128.314s] [ 90%] Built target dashboard_example
[128.375s] [ 91%] [32mBuilding CXX object examples/CMakeFiles/rtde_client_example.dir/rtde_client.cpp.o[0m
[131.465s] [ 93%] [32m[1mLinking CXX executable rtde_client_example[0m
[131.671s] [ 93%] Built target rtde_client_example
[131.724s] [ 95%] [32mBuilding CXX object examples/CMakeFiles/primary_pipeline_calibration_example.dir/primary_pipeline_calibration.cpp.o[0m
[134.856s] [ 96%] [32m[1mLinking CXX executable primary_pipeline_calibration_example[0m
[135.069s] [ 96%] Built target primary_pipeline_calibration_example
[135.127s] [ 98%] [32mBuilding CXX object examples/CMakeFiles/primary_pipeline_example.dir/primary_pipeline.cpp.o[0m
[138.224s] [100%] [32m[1mLinking CXX executable primary_pipeline_example[0m
[138.457s] [100%] Built target primary_pipeline_example
[138.495s] Invoked command in '/home/himanshu/ros2_ws/src/build/ur_client_library' returned '0': CMAKE_PREFIX_PATH=${CMAKE_PREFIX_PATH}:/home/himanshu/ros2_ws/install/ur_robot_driver:/home/himanshu/ros2_ws/install/ur_mogi_py:/home/himanshu/ros2_ws/install/open_manipulator_mogi_py:/home/himanshu/ros2_ws/install/mogi_trajectory_server:/home/himanshu/ros2_ws/install/map_merge_py:/home/himanshu/ros2_ws/install/bme_ros2_tutorials_py:/home/himanshu/ros2_ws/install/bme_ros2_simple_arm_py:/home/himanshu/ros2_ws/install/bme_ros2_navigation_py:/home/himanshu/ros2_ws/install/bme_gazebo_sensors_py:/opt/ros/jazzy DEBUGINFOD_URLS=https://debuginfod.ubuntu.com /usr/bin/cmake --build /home/himanshu/ros2_ws/src/build/ur_client_library -- -j8 -l8
[138.499s] Invoking command in '/home/himanshu/ros2_ws/src/build/ur_client_library': CMAKE_PREFIX_PATH=${CMAKE_PREFIX_PATH}:/home/himanshu/ros2_ws/install/ur_robot_driver:/home/himanshu/ros2_ws/install/ur_mogi_py:/home/himanshu/ros2_ws/install/open_manipulator_mogi_py:/home/himanshu/ros2_ws/install/mogi_trajectory_server:/home/himanshu/ros2_ws/install/map_merge_py:/home/himanshu/ros2_ws/install/bme_ros2_tutorials_py:/home/himanshu/ros2_ws/install/bme_ros2_simple_arm_py:/home/himanshu/ros2_ws/install/bme_ros2_navigation_py:/home/himanshu/ros2_ws/install/bme_gazebo_sensors_py:/opt/ros/jazzy DEBUGINFOD_URLS=https://debuginfod.ubuntu.com /usr/bin/cmake --install /home/himanshu/ros2_ws/src/build/ur_client_library
[138.522s] -- Install configuration: "RelWithDebInfo"
[138.523s] -- Installing: /home/himanshu/ros2_ws/src/install/ur_client_library/lib/liburcl.so
[138.545s] -- Installing: /home/himanshu/ros2_ws/src/install/ur_client_library/include
[138.545s] -- Installing: /home/himanshu/ros2_ws/src/install/ur_client_library/include/ur_client_library
[138.546s] -- Installing: /home/himanshu/ros2_ws/src/install/ur_client_library/include/ur_client_library/control
[138.546s] -- Installing: /home/himanshu/ros2_ws/src/install/ur_client_library/include/ur_client_library/control/motion_primitives.h
[138.547s] -- Installing: /home/himanshu/ros2_ws/src/install/ur_client_library/include/ur_client_library/control/script_sender.h
[138.547s] -- Installing: /home/himanshu/ros2_ws/src/install/ur_client_library/include/ur_client_library/control/script_command_interface.h
[138.547s] -- Installing: /home/himanshu/ros2_ws/src/install/ur_client_library/include/ur_client_library/control/trajectory_point_interface.h
[138.548s] -- Installing: /home/himanshu/ros2_ws/src/install/ur_client_library/include/ur_client_library/control/reverse_interface.h
[138.548s] -- Installing: /home/himanshu/ros2_ws/src/install/ur_client_library/include/ur_client_library/rtde
[138.548s] -- Installing: /home/himanshu/ros2_ws/src/install/ur_client_library/include/ur_client_library/rtde/control_package_pause.h
[138.549s] -- Installing: /home/himanshu/ros2_ws/src/install/ur_client_library/include/ur_client_library/rtde/rtde_parser.h
[138.549s] -- Installing: /home/himanshu/ros2_ws/src/install/ur_client_library/include/ur_client_library/rtde/request_protocol_version.h
[138.550s] -- Installing: /home/himanshu/ros2_ws/src/install/ur_client_library/include/ur_client_library/rtde/text_message.h
[138.550s] -- Installing: /home/himanshu/ros2_ws/src/install/ur_client_library/include/ur_client_library/rtde/.clang-tidy
[138.551s] -- Installing: /home/himanshu/ros2_ws/src/install/ur_client_library/include/ur_client_library/rtde/get_urcontrol_version.h
[138.551s] -- Installing: /home/himanshu/ros2_ws/src/install/ur_client_library/include/ur_client_library/rtde/rtde_client.h
[138.552s] -- Installing: /home/himanshu/ros2_ws/src/install/ur_client_library/include/ur_client_library/rtde/data_package.h
[138.552s] -- Installing: /home/himanshu/ros2_ws/src/install/ur_client_library/include/ur_client_library/rtde/package_header.h
[138.552s] -- Installing: /home/himanshu/ros2_ws/src/install/ur_client_library/include/ur_client_library/rtde/rtde_package.h
[138.553s] -- Installing: /home/himanshu/ros2_ws/src/install/ur_client_library/include/ur_client_library/rtde/control_package_start.h
[138.553s] -- Installing: /home/himanshu/ros2_ws/src/install/ur_client_library/include/ur_client_library/rtde/control_package_setup_inputs.h
[138.554s] -- Installing: /home/himanshu/ros2_ws/src/install/ur_client_library/include/ur_client_library/rtde/control_package_setup_outputs.h
[138.554s] -- Installing: /home/himanshu/ros2_ws/src/install/ur_client_library/include/ur_client_library/rtde/rtde_writer.h
[138.554s] -- Installing: /home/himanshu/ros2_ws/src/install/ur_client_library/include/ur_client_library/exceptions.h
[138.555s] -- Installing: /home/himanshu/ros2_ws/src/install/ur_client_library/include/ur_client_library/primary
[138.555s] -- Installing: /home/himanshu/ros2_ws/src/install/ur_client_library/include/ur_client_library/primary/robot_state
[138.556s] -- Installing: /home/himanshu/ros2_ws/src/install/ur_client_library/include/ur_client_library/primary/robot_state/robot_mode_data.h
[138.556s] -- Installing: /home/himanshu/ros2_ws/src/install/ur_client_library/include/ur_client_library/primary/robot_state/kinematics_info.h
[138.556s] -- Installing: /home/himanshu/ros2_ws/src/install/ur_client_library/include/ur_client_library/primary/robot_state/configuration_data.h
[138.556s] -- Installing: /home/himanshu/ros2_ws/src/install/ur_client_library/include/ur_client_library/primary/robot_message.h
[138.557s] -- Installing: /home/himanshu/ros2_ws/src/install/ur_client_library/include/ur_client_library/primary/.clang-tidy
[138.557s] -- Installing: /home/himanshu/ros2_ws/src/install/ur_client_library/include/ur_client_library/primary/primary_parser.h
[138.557s] -- Installing: /home/himanshu/ros2_ws/src/install/ur_client_library/include/ur_client_library/primary/primary_package.h
[138.558s] -- Installing: /home/himanshu/ros2_ws/src/install/ur_client_library/include/ur_client_library/primary/package_header.h
[138.558s] -- Installing: /home/himanshu/ros2_ws/src/install/ur_client_library/include/ur_client_library/primary/abstract_primary_consumer.h
[138.558s] -- Installing: /home/himanshu/ros2_ws/src/install/ur_client_library/include/ur_client_library/primary/robot_state.h
[138.558s] -- Installing: /home/himanshu/ros2_ws/src/install/ur_client_library/include/ur_client_library/primary/primary_consumer.h
[138.559s] -- Installing: /home/himanshu/ros2_ws/src/install/ur_client_library/include/ur_client_library/primary/robot_message
[138.559s] -- Installing: /home/himanshu/ros2_ws/src/install/ur_client_library/include/ur_client_library/primary/robot_message/error_code_message.h
[138.559s] -- Installing: /home/himanshu/ros2_ws/src/install/ur_client_library/include/ur_client_library/primary/robot_message/version_message.h
[138.559s] -- Installing: /home/himanshu/ros2_ws/src/install/ur_client_library/include/ur_client_library/primary/primary_client.h
[138.560s] -- Installing: /home/himanshu/ros2_ws/src/install/ur_client_library/include/ur_client_library/ur
[138.560s] -- Installing: /home/himanshu/ros2_ws/src/install/ur_client_library/include/ur_client_library/ur/calibration_checker.h
[138.560s] -- Installing: /home/himanshu/ros2_ws/src/install/ur_client_library/include/ur_client_library/ur/ur_driver.h
[138.561s] -- Installing: /home/himanshu/ros2_ws/src/install/ur_client_library/include/ur_client_library/ur/robot_receive_timeout.h
[138.561s] -- Installing: /home/himanshu/ros2_ws/src/install/ur_client_library/include/ur_client_library/ur/instruction_executor.h
[138.561s] -- Installing: /home/himanshu/ros2_ws/src/install/ur_client_library/include/ur_client_library/ur/dashboard_client.h
[138.562s] -- Installing: /home/himanshu/ros2_ws/src/install/ur_client_library/include/ur_client_library/ur/tool_communication.h
[138.562s] -- Installing: /home/himanshu/ros2_ws/src/install/ur_client_library/include/ur_client_library/ur/datatypes.h
[138.562s] -- Installing: /home/himanshu/ros2_ws/src/install/ur_client_library/include/ur_client_library/ur/version_information.h
[138.563s] -- Installing: /home/himanshu/ros2_ws/src/install/ur_client_library/include/ur_client_library/default_log_handler.h
[138.563s] -- Installing: /home/himanshu/ros2_ws/src/install/ur_client_library/include/ur_client_library/log.h
[138.563s] -- Installing: /home/himanshu/ros2_ws/src/install/ur_client_library/include/ur_client_library/comm
[138.564s] -- Installing: /home/himanshu/ros2_ws/src/install/ur_client_library/include/ur_client_library/comm/pipeline.h
[138.564s] -- Installing: /home/himanshu/ros2_ws/src/install/ur_client_library/include/ur_client_library/comm/tcp_socket.h
[138.564s] -- Installing: /home/himanshu/ros2_ws/src/install/ur_client_library/include/ur_client_library/comm/producer.h
[138.565s] -- Installing: /home/himanshu/ros2_ws/src/install/ur_client_library/include/ur_client_library/comm/stream.h
[138.565s] -- Installing: /home/himanshu/ros2_ws/src/install/ur_client_library/include/ur_client_library/comm/socket_t.h
[138.565s] -- Installing: /home/himanshu/ros2_ws/src/install/ur_client_library/include/ur_client_library/comm/shell_consumer.h
[138.565s] -- Installing: /home/himanshu/ros2_ws/src/install/ur_client_library/include/ur_client_library/comm/package_serializer.h
[138.566s] -- Installing: /home/himanshu/ros2_ws/src/install/ur_client_library/include/ur_client_library/comm/parser.h
[138.566s] -- Installing: /home/himanshu/ros2_ws/src/install/ur_client_library/include/ur_client_library/comm/tcp_server.h
[138.566s] -- Installing: /home/himanshu/ros2_ws/src/install/ur_client_library/include/ur_client_library/comm/package.h
[138.566s] -- Installing: /home/himanshu/ros2_ws/src/install/ur_client_library/include/ur_client_library/comm/control_mode.h
[138.567s] -- Installing: /home/himanshu/ros2_ws/src/install/ur_client_library/include/ur_client_library/comm/bin_parser.h
[138.567s] -- Installing: /home/himanshu/ros2_ws/src/install/ur_client_library/include/ur_client_library/queue
[138.567s] -- Installing: /home/himanshu/ros2_ws/src/install/ur_client_library/include/ur_client_library/queue/.clang-tidy
[138.568s] -- Installing: /home/himanshu/ros2_ws/src/install/ur_client_library/include/ur_client_library/queue/LICENSE.md
[138.568s] -- Installing: /home/himanshu/ros2_ws/src/install/ur_client_library/include/ur_client_library/queue/atomicops.h
[138.568s] -- Installing: /home/himanshu/ros2_ws/src/install/ur_client_library/include/ur_client_library/queue/readerwriterqueue.h
[138.569s] -- Installing: /home/himanshu/ros2_ws/src/install/ur_client_library/include/ur_client_library/types.h
[138.569s] -- Installing: /home/himanshu/ros2_ws/src/install/ur_client_library/include/ur_client_library/example_robot_wrapper.h
[138.569s] -- Installing: /home/himanshu/ros2_ws/src/install/ur_client_library/include/ur_client_library/helpers.h
[138.570s] -- Installing: /home/himanshu/ros2_ws/src/install/ur_client_library/lib/cmake/ur_client_library/urclTargets.cmake
[138.570s] -- Installing: /home/himanshu/ros2_ws/src/install/ur_client_library/lib/cmake/ur_client_library/urclTargets-relwithdebinfo.cmake
[138.570s] -- Installing: /home/himanshu/ros2_ws/src/install/ur_client_library/lib/ur_client_library/start_ursim.sh
[138.570s] -- Installing: /home/himanshu/ros2_ws/src/install/ur_client_library/lib/cmake/ur_client_library/ur_client_libraryConfig.cmake
[138.571s] -- Installing: /home/himanshu/ros2_ws/src/install/ur_client_library/share/ur_client_library/package.xml
[138.572s] -- Installing: /home/himanshu/ros2_ws/src/install/ur_client_library/share/ament_index/resource_index/packages/ur_client_library
[138.572s] -- Installing: /home/himanshu/ros2_ws/src/install/ur_client_library/share/ur_client_library/hook/ament_prefix_path.dsv
[138.573s] -- Installing: /home/himanshu/ros2_ws/src/install/ur_client_library/share/ur_client_library/hook/ros_package_path.dsv
[138.573s] -- Installing: /home/himanshu/ros2_ws/src/install/ur_client_library/share/ur_client_library/resources
[138.574s] -- Installing: /home/himanshu/ros2_ws/src/install/ur_client_library/share/ur_client_library/resources/external_control.urscript
[138.580s] Invoked command in '/home/himanshu/ros2_ws/src/build/ur_client_library' returned '0': CMAKE_PREFIX_PATH=${CMAKE_PREFIX_PATH}:/home/himanshu/ros2_ws/install/ur_robot_driver:/home/himanshu/ros2_ws/install/ur_mogi_py:/home/himanshu/ros2_ws/install/open_manipulator_mogi_py:/home/himanshu/ros2_ws/install/mogi_trajectory_server:/home/himanshu/ros2_ws/install/map_merge_py:/home/himanshu/ros2_ws/install/bme_ros2_tutorials_py:/home/himanshu/ros2_ws/install/bme_ros2_simple_arm_py:/home/himanshu/ros2_ws/install/bme_ros2_navigation_py:/home/himanshu/ros2_ws/install/bme_gazebo_sensors_py:/opt/ros/jazzy DEBUGINFOD_URLS=https://debuginfod.ubuntu.com /usr/bin/cmake --install /home/himanshu/ros2_ws/src/build/ur_client_library
