[0.095s] Invoking command in '/home/himanshu/ros2_ws/src/build/ur_description': CMAKE_PREFIX_PATH=${CMAKE_PREFIX_PATH}:/home/himanshu/ros2_ws/install/ur_robot_driver:/home/himanshu/ros2_ws/install/ur_mogi_py:/home/himanshu/ros2_ws/install/open_manipulator_mogi_py:/home/himanshu/ros2_ws/install/mogi_trajectory_server:/home/himanshu/ros2_ws/install/map_merge_py:/home/himanshu/ros2_ws/install/bme_ros2_tutorials_py:/home/himanshu/ros2_ws/install/bme_ros2_simple_arm_py:/home/himanshu/ros2_ws/install/bme_ros2_navigation_py:/home/himanshu/ros2_ws/install/bme_gazebo_sensors_py:/opt/ros/jazzy DEBUGINFOD_URLS=https://debuginfod.ubuntu.com /usr/bin/cmake /home/himanshu/ros2_ws/src/Universal_Robots_ROS2_Description -DCMAKE_INSTALL_PREFIX=/home/himanshu/ros2_ws/src/install/ur_description
[0.320s] -- The C compiler identification is GNU 13.3.0
[0.541s] -- The CXX compiler identification is GNU 13.3.0
[0.607s] -- Detecting C compiler ABI info
[0.936s] -- Detecting C compiler ABI info - done
[0.977s] -- Check for working C compiler: /usr/bin/cc - skipped
[0.977s] -- Detecting C compile features
[0.981s] -- Detecting C compile features - done
[1.010s] -- Detecting CXX compiler ABI info
[1.397s] -- Detecting CXX compiler ABI info - done
[1.442s] -- Check for working CXX compiler: /usr/bin/c++ - skipped
[1.443s] -- Detecting CXX compile features
[1.444s] -- Detecting CXX compile features - done
[1.471s] -- Found ament_cmake: 2.5.4 (/opt/ros/jazzy/share/ament_cmake/cmake)
[2.322s] -- Found Python3: /usr/bin/python3 (found version "3.12.3") found components: Interpreter 
[3.311s] -- Found ament_cmake_pytest: 2.5.4 (/opt/ros/jazzy/share/ament_cmake_pytest/cmake)
[10.985s] -- Configuring done (10.9s)
[11.010s] -- Generating done (0.0s)
[11.027s] -- Build files have been written to: /home/himanshu/ros2_ws/src/build/ur_description
[11.155s] Invoked command in '/home/himanshu/ros2_ws/src/build/ur_description' returned '0': CMAKE_PREFIX_PATH=${CMAKE_PREFIX_PATH}:/home/himanshu/ros2_ws/install/ur_robot_driver:/home/himanshu/ros2_ws/install/ur_mogi_py:/home/himanshu/ros2_ws/install/open_manipulator_mogi_py:/home/himanshu/ros2_ws/install/mogi_trajectory_server:/home/himanshu/ros2_ws/install/map_merge_py:/home/himanshu/ros2_ws/install/bme_ros2_tutorials_py:/home/himanshu/ros2_ws/install/bme_ros2_simple_arm_py:/home/himanshu/ros2_ws/install/bme_ros2_navigation_py:/home/himanshu/ros2_ws/install/bme_gazebo_sensors_py:/opt/ros/jazzy DEBUGINFOD_URLS=https://debuginfod.ubuntu.com /usr/bin/cmake /home/himanshu/ros2_ws/src/Universal_Robots_ROS2_Description -DCMAKE_INSTALL_PREFIX=/home/himanshu/ros2_ws/src/install/ur_description
[11.156s] Invoking command in '/home/himanshu/ros2_ws/src/build/ur_description': CMAKE_PREFIX_PATH=${CMAKE_PREFIX_PATH}:/home/himanshu/ros2_ws/install/ur_robot_driver:/home/himanshu/ros2_ws/install/ur_mogi_py:/home/himanshu/ros2_ws/install/open_manipulator_mogi_py:/home/himanshu/ros2_ws/install/mogi_trajectory_server:/home/himanshu/ros2_ws/install/map_merge_py:/home/himanshu/ros2_ws/install/bme_ros2_tutorials_py:/home/himanshu/ros2_ws/install/bme_ros2_simple_arm_py:/home/himanshu/ros2_ws/install/bme_ros2_navigation_py:/home/himanshu/ros2_ws/install/bme_gazebo_sensors_py:/opt/ros/jazzy DEBUGINFOD_URLS=https://debuginfod.ubuntu.com /usr/bin/cmake --build /home/himanshu/ros2_ws/src/build/ur_description -- -j8 -l8
[12.148s] Invoked command in '/home/himanshu/ros2_ws/src/build/ur_description' returned '0': CMAKE_PREFIX_PATH=${CMAKE_PREFIX_PATH}:/home/himanshu/ros2_ws/install/ur_robot_driver:/home/himanshu/ros2_ws/install/ur_mogi_py:/home/himanshu/ros2_ws/install/open_manipulator_mogi_py:/home/himanshu/ros2_ws/install/mogi_trajectory_server:/home/himanshu/ros2_ws/install/map_merge_py:/home/himanshu/ros2_ws/install/bme_ros2_tutorials_py:/home/himanshu/ros2_ws/install/bme_ros2_simple_arm_py:/home/himanshu/ros2_ws/install/bme_ros2_navigation_py:/home/himanshu/ros2_ws/install/bme_gazebo_sensors_py:/opt/ros/jazzy DEBUGINFOD_URLS=https://debuginfod.ubuntu.com /usr/bin/cmake --build /home/himanshu/ros2_ws/src/build/ur_description -- -j8 -l8
[12.149s] Invoking command in '/home/himanshu/ros2_ws/src/build/ur_description': CMAKE_PREFIX_PATH=${CMAKE_PREFIX_PATH}:/home/himanshu/ros2_ws/install/ur_robot_driver:/home/himanshu/ros2_ws/install/ur_mogi_py:/home/himanshu/ros2_ws/install/open_manipulator_mogi_py:/home/himanshu/ros2_ws/install/mogi_trajectory_server:/home/himanshu/ros2_ws/install/map_merge_py:/home/himanshu/ros2_ws/install/bme_ros2_tutorials_py:/home/himanshu/ros2_ws/install/bme_ros2_simple_arm_py:/home/himanshu/ros2_ws/install/bme_ros2_navigation_py:/home/himanshu/ros2_ws/install/bme_gazebo_sensors_py:/opt/ros/jazzy DEBUGINFOD_URLS=https://debuginfod.ubuntu.com /usr/bin/cmake --install /home/himanshu/ros2_ws/src/build/ur_description
[12.219s] -- Install configuration: ""
[12.219s] -- Installing: /home/himanshu/ros2_ws/src/install/ur_description/share/ur_description/config
[12.219s] -- Installing: /home/himanshu/ros2_ws/src/install/ur_description/share/ur_description/config/ur16e
[12.220s] -- Installing: /home/himanshu/ros2_ws/src/install/ur_description/share/ur_description/config/ur16e/physical_parameters.yaml
[12.220s] -- Installing: /home/himanshu/ros2_ws/src/install/ur_description/share/ur_description/config/ur16e/visual_parameters.yaml
[12.220s] -- Installing: /home/himanshu/ros2_ws/src/install/ur_description/share/ur_description/config/ur16e/default_kinematics.yaml
[12.221s] -- Installing: /home/himanshu/ros2_ws/src/install/ur_description/share/ur_description/config/ur16e/joint_limits.yaml
[12.221s] -- Installing: /home/himanshu/ros2_ws/src/install/ur_description/share/ur_description/config/ur12e
[12.228s] -- Installing: /home/himanshu/ros2_ws/src/install/ur_description/share/ur_description/config/ur12e/physical_parameters.yaml
[12.229s] -- Installing: /home/himanshu/ros2_ws/src/install/ur_description/share/ur_description/config/ur12e/visual_parameters.yaml
[12.229s] -- Installing: /home/himanshu/ros2_ws/src/install/ur_description/share/ur_description/config/ur12e/default_kinematics.yaml
[12.229s] -- Installing: /home/himanshu/ros2_ws/src/install/ur_description/share/ur_description/config/ur12e/joint_limits.yaml
[12.230s] -- Installing: /home/himanshu/ros2_ws/src/install/ur_description/share/ur_description/config/ur3
[12.230s] -- Installing: /home/himanshu/ros2_ws/src/install/ur_description/share/ur_description/config/ur3/physical_parameters.yaml
[12.230s] -- Installing: /home/himanshu/ros2_ws/src/install/ur_description/share/ur_description/config/ur3/visual_parameters.yaml
[12.230s] -- Installing: /home/himanshu/ros2_ws/src/install/ur_description/share/ur_description/config/ur3/default_kinematics.yaml
[12.236s] -- Installing: /home/himanshu/ros2_ws/src/install/ur_description/share/ur_description/config/ur3/joint_limits.yaml
[12.236s] -- Installing: /home/himanshu/ros2_ws/src/install/ur_description/share/ur_description/config/ur3e
[12.237s] -- Installing: /home/himanshu/ros2_ws/src/install/ur_description/share/ur_description/config/ur3e/physical_parameters.yaml
[12.237s] -- Installing: /home/himanshu/ros2_ws/src/install/ur_description/share/ur_description/config/ur3e/visual_parameters.yaml
[12.245s] -- Installing: /home/himanshu/ros2_ws/src/install/ur_description/share/ur_description/config/ur3e/default_kinematics.yaml
[12.249s] -- Installing: /home/himanshu/ros2_ws/src/install/ur_description/share/ur_description/config/ur3e/joint_limits.yaml
[12.249s] -- Installing: /home/himanshu/ros2_ws/src/install/ur_description/share/ur_description/config/ur7e
[12.250s] -- Installing: /home/himanshu/ros2_ws/src/install/ur_description/share/ur_description/config/ur7e/physical_parameters.yaml
[12.250s] -- Installing: /home/himanshu/ros2_ws/src/install/ur_description/share/ur_description/config/ur7e/visual_parameters.yaml
[12.250s] -- Installing: /home/himanshu/ros2_ws/src/install/ur_description/share/ur_description/config/ur7e/default_kinematics.yaml
[12.251s] -- Installing: /home/himanshu/ros2_ws/src/install/ur_description/share/ur_description/config/ur7e/joint_limits.yaml
[12.255s] -- Installing: /home/himanshu/ros2_ws/src/install/ur_description/share/ur_description/config/ur20
[12.255s] -- Installing: /home/himanshu/ros2_ws/src/install/ur_description/share/ur_description/config/ur20/physical_parameters.yaml
[12.256s] -- Installing: /home/himanshu/ros2_ws/src/install/ur_description/share/ur_description/config/ur20/visual_parameters.yaml
[12.260s] -- Installing: /home/himanshu/ros2_ws/src/install/ur_description/share/ur_description/config/ur20/default_kinematics.yaml
[12.260s] -- Installing: /home/himanshu/ros2_ws/src/install/ur_description/share/ur_description/config/ur20/joint_limits.yaml
[12.261s] -- Installing: /home/himanshu/ros2_ws/src/install/ur_description/share/ur_description/config/ur10e
[12.261s] -- Installing: /home/himanshu/ros2_ws/src/install/ur_description/share/ur_description/config/ur10e/physical_parameters.yaml
[12.261s] -- Installing: /home/himanshu/ros2_ws/src/install/ur_description/share/ur_description/config/ur10e/visual_parameters.yaml
[12.262s] -- Installing: /home/himanshu/ros2_ws/src/install/ur_description/share/ur_description/config/ur10e/default_kinematics.yaml
[12.262s] -- Installing: /home/himanshu/ros2_ws/src/install/ur_description/share/ur_description/config/ur10e/joint_limits.yaml
[12.262s] -- Installing: /home/himanshu/ros2_ws/src/install/ur_description/share/ur_description/config/ur5
[12.262s] -- Installing: /home/himanshu/ros2_ws/src/install/ur_description/share/ur_description/config/ur5/physical_parameters.yaml
[12.263s] -- Installing: /home/himanshu/ros2_ws/src/install/ur_description/share/ur_description/config/ur5/visual_parameters.yaml
[12.263s] -- Installing: /home/himanshu/ros2_ws/src/install/ur_description/share/ur_description/config/ur5/default_kinematics.yaml
[12.263s] -- Installing: /home/himanshu/ros2_ws/src/install/ur_description/share/ur_description/config/ur5/joint_limits.yaml
[12.263s] -- Installing: /home/himanshu/ros2_ws/src/install/ur_description/share/ur_description/config/ur5e
[12.264s] -- Installing: /home/himanshu/ros2_ws/src/install/ur_description/share/ur_description/config/ur5e/physical_parameters.yaml
[12.276s] -- Installing: /home/himanshu/ros2_ws/src/install/ur_description/share/ur_description/config/ur5e/visual_parameters.yaml
[12.276s] -- Installing: /home/himanshu/ros2_ws/src/install/ur_description/share/ur_description/config/ur5e/default_kinematics.yaml
[12.277s] -- Installing: /home/himanshu/ros2_ws/src/install/ur_description/share/ur_description/config/ur5e/joint_limits.yaml
[12.277s] -- Installing: /home/himanshu/ros2_ws/src/install/ur_description/share/ur_description/config/ur10
[12.277s] -- Installing: /home/himanshu/ros2_ws/src/install/ur_description/share/ur_description/config/ur10/physical_parameters.yaml
[12.278s] -- Installing: /home/himanshu/ros2_ws/src/install/ur_description/share/ur_description/config/ur10/visual_parameters.yaml
[12.278s] -- Installing: /home/himanshu/ros2_ws/src/install/ur_description/share/ur_description/config/ur10/default_kinematics.yaml
[12.278s] -- Installing: /home/himanshu/ros2_ws/src/install/ur_description/share/ur_description/config/ur10/joint_limits.yaml
[12.279s] -- Installing: /home/himanshu/ros2_ws/src/install/ur_description/share/ur_description/config/initial_positions.yaml
[12.279s] -- Installing: /home/himanshu/ros2_ws/src/install/ur_description/share/ur_description/config/ur30
[12.279s] -- Installing: /home/himanshu/ros2_ws/src/install/ur_description/share/ur_description/config/ur30/physical_parameters.yaml
[12.280s] -- Installing: /home/himanshu/ros2_ws/src/install/ur_description/share/ur_description/config/ur30/visual_parameters.yaml
[12.291s] -- Installing: /home/himanshu/ros2_ws/src/install/ur_description/share/ur_description/config/ur30/default_kinematics.yaml
[12.292s] -- Installing: /home/himanshu/ros2_ws/src/install/ur_description/share/ur_description/config/ur30/joint_limits.yaml
[12.292s] -- Installing: /home/himanshu/ros2_ws/src/install/ur_description/share/ur_description/launch
[12.305s] -- Installing: /home/himanshu/ros2_ws/src/install/ur_description/share/ur_description/launch/view_ur.launch.py
[12.305s] -- Installing: /home/himanshu/ros2_ws/src/install/ur_description/share/ur_description/meshes
[12.305s] -- Installing: /home/himanshu/ros2_ws/src/install/ur_description/share/ur_description/meshes/ur16e
[12.306s] -- Installing: /home/himanshu/ros2_ws/src/install/ur_description/share/ur_description/meshes/ur16e/visual
[12.306s] -- Installing: /home/himanshu/ros2_ws/src/install/ur_description/share/ur_description/meshes/ur16e/visual/forearm.dae
[12.306s] -- Installing: /home/himanshu/ros2_ws/src/install/ur_description/share/ur_description/meshes/ur16e/visual/upperarm.dae
[12.306s] -- Installing: /home/himanshu/ros2_ws/src/install/ur_description/share/ur_description/meshes/ur16e/collision
[12.307s] -- Installing: /home/himanshu/ros2_ws/src/install/ur_description/share/ur_description/meshes/ur16e/collision/upperarm.stl
[12.309s] -- Installing: /home/himanshu/ros2_ws/src/install/ur_description/share/ur_description/meshes/ur16e/collision/forearm.stl
[12.310s] -- Installing: /home/himanshu/ros2_ws/src/install/ur_description/share/ur_description/meshes/ur3
[12.310s] -- Installing: /home/himanshu/ros2_ws/src/install/ur_description/share/ur_description/meshes/ur3/visual
[12.311s] -- Installing: /home/himanshu/ros2_ws/src/install/ur_description/share/ur_description/meshes/ur3/visual/forearm.dae
[12.313s] -- Installing: /home/himanshu/ros2_ws/src/install/ur_description/share/ur_description/meshes/ur3/visual/wrist1.dae
[12.313s] -- Installing: /home/himanshu/ros2_ws/src/install/ur_description/share/ur_description/meshes/ur3/visual/base.dae
[12.314s] -- Installing: /home/himanshu/ros2_ws/src/install/ur_description/share/ur_description/meshes/ur3/visual/upperarm.dae
[12.314s] -- Installing: /home/himanshu/ros2_ws/src/install/ur_description/share/ur_description/meshes/ur3/visual/wrist3.dae
[12.314s] -- Installing: /home/himanshu/ros2_ws/src/install/ur_description/share/ur_description/meshes/ur3/visual/shoulder.dae
[12.315s] -- Installing: /home/himanshu/ros2_ws/src/install/ur_description/share/ur_description/meshes/ur3/visual/wrist2.dae
[12.327s] -- Installing: /home/himanshu/ros2_ws/src/install/ur_description/share/ur_description/meshes/ur3/collision
[12.327s] -- Installing: /home/himanshu/ros2_ws/src/install/ur_description/share/ur_description/meshes/ur3/collision/base.stl
[12.328s] -- Installing: /home/himanshu/ros2_ws/src/install/ur_description/share/ur_description/meshes/ur3/collision/upperarm.stl
[12.328s] -- Installing: /home/himanshu/ros2_ws/src/install/ur_description/share/ur_description/meshes/ur3/collision/shoulder.stl
[12.328s] -- Installing: /home/himanshu/ros2_ws/src/install/ur_description/share/ur_description/meshes/ur3/collision/wrist2.stl
[12.329s] -- Installing: /home/himanshu/ros2_ws/src/install/ur_description/share/ur_description/meshes/ur3/collision/forearm.stl
[12.349s] -- Installing: /home/himanshu/ros2_ws/src/install/ur_description/share/ur_description/meshes/ur3/collision/wrist3.stl
[12.349s] -- Installing: /home/himanshu/ros2_ws/src/install/ur_description/share/ur_description/meshes/ur3/collision/wrist1.stl
[12.350s] -- Installing: /home/himanshu/ros2_ws/src/install/ur_description/share/ur_description/meshes/ur3e
[12.350s] -- Installing: /home/himanshu/ros2_ws/src/install/ur_description/share/ur_description/meshes/ur3e/visual
[12.350s] -- Installing: /home/himanshu/ros2_ws/src/install/ur_description/share/ur_description/meshes/ur3e/visual/forearm.dae
[12.350s] -- Installing: /home/himanshu/ros2_ws/src/install/ur_description/share/ur_description/meshes/ur3e/visual/wrist1.dae
[12.351s] -- Installing: /home/himanshu/ros2_ws/src/install/ur_description/share/ur_description/meshes/ur3e/visual/base.dae
[12.351s] -- Installing: /home/himanshu/ros2_ws/src/install/ur_description/share/ur_description/meshes/ur3e/visual/upperarm.dae
[12.351s] -- Installing: /home/himanshu/ros2_ws/src/install/ur_description/share/ur_description/meshes/ur3e/visual/wrist3.dae
[12.351s] -- Installing: /home/himanshu/ros2_ws/src/install/ur_description/share/ur_description/meshes/ur3e/visual/shoulder.dae
[12.355s] -- Installing: /home/himanshu/ros2_ws/src/install/ur_description/share/ur_description/meshes/ur3e/visual/wrist2.dae
[12.356s] -- Installing: /home/himanshu/ros2_ws/src/install/ur_description/share/ur_description/meshes/ur3e/collision
[12.359s] -- Installing: /home/himanshu/ros2_ws/src/install/ur_description/share/ur_description/meshes/ur3e/collision/base.stl
[12.360s] -- Installing: /home/himanshu/ros2_ws/src/install/ur_description/share/ur_description/meshes/ur3e/collision/upperarm.stl
[12.360s] -- Installing: /home/himanshu/ros2_ws/src/install/ur_description/share/ur_description/meshes/ur3e/collision/shoulder.stl
[12.360s] -- Installing: /home/himanshu/ros2_ws/src/install/ur_description/share/ur_description/meshes/ur3e/collision/wrist2.stl
[12.360s] -- Installing: /home/himanshu/ros2_ws/src/install/ur_description/share/ur_description/meshes/ur3e/collision/forearm.stl
[12.361s] -- Installing: /home/himanshu/ros2_ws/src/install/ur_description/share/ur_description/meshes/ur3e/collision/wrist3.stl
[12.361s] -- Installing: /home/himanshu/ros2_ws/src/install/ur_description/share/ur_description/meshes/ur3e/collision/wrist1.stl
[12.361s] -- Installing: /home/himanshu/ros2_ws/src/install/ur_description/share/ur_description/meshes/ur20
[12.361s] -- Installing: /home/himanshu/ros2_ws/src/install/ur_description/share/ur_description/meshes/ur20/visual
[12.362s] -- Installing: /home/himanshu/ros2_ws/src/install/ur_description/share/ur_description/meshes/ur20/visual/forearm.dae
[12.369s] -- Installing: /home/himanshu/ros2_ws/src/install/ur_description/share/ur_description/meshes/ur20/visual/wrist1.dae
[12.369s] -- Installing: /home/himanshu/ros2_ws/src/install/ur_description/share/ur_description/meshes/ur20/visual/base.dae
[12.369s] -- Installing: /home/himanshu/ros2_ws/src/install/ur_description/share/ur_description/meshes/ur20/visual/upperarm.dae
[12.373s] -- Installing: /home/himanshu/ros2_ws/src/install/ur_description/share/ur_description/meshes/ur20/visual/wrist3.dae
[12.373s] -- Installing: /home/himanshu/ros2_ws/src/install/ur_description/share/ur_description/meshes/ur20/visual/shoulder.dae
[12.373s] -- Installing: /home/himanshu/ros2_ws/src/install/ur_description/share/ur_description/meshes/ur20/visual/UR20_DIFF_8bit_2K.png
[12.383s] -- Installing: /home/himanshu/ros2_ws/src/install/ur_description/share/ur_description/meshes/ur20/visual/wrist2.dae
[12.384s] -- Installing: /home/himanshu/ros2_ws/src/install/ur_description/share/ur_description/meshes/ur20/LICENSE.txt
[12.384s] -- Installing: /home/himanshu/ros2_ws/src/install/ur_description/share/ur_description/meshes/ur20/collision
[12.384s] -- Installing: /home/himanshu/ros2_ws/src/install/ur_description/share/ur_description/meshes/ur20/collision/base.stl
[12.384s] -- Installing: /home/himanshu/ros2_ws/src/install/ur_description/share/ur_description/meshes/ur20/collision/upperarm.stl
[12.385s] -- Installing: /home/himanshu/ros2_ws/src/install/ur_description/share/ur_description/meshes/ur20/collision/shoulder.stl
[12.385s] -- Installing: /home/himanshu/ros2_ws/src/install/ur_description/share/ur_description/meshes/ur20/collision/wrist2.stl
[12.385s] -- Installing: /home/himanshu/ros2_ws/src/install/ur_description/share/ur_description/meshes/ur20/collision/forearm.stl
[12.386s] -- Installing: /home/himanshu/ros2_ws/src/install/ur_description/share/ur_description/meshes/ur20/collision/wrist3.stl
[12.386s] -- Installing: /home/himanshu/ros2_ws/src/install/ur_description/share/ur_description/meshes/ur20/collision/wrist1.stl
[12.386s] -- Installing: /home/himanshu/ros2_ws/src/install/ur_description/share/ur_description/meshes/ur10e
[12.391s] -- Installing: /home/himanshu/ros2_ws/src/install/ur_description/share/ur_description/meshes/ur10e/visual
[12.406s] -- Installing: /home/himanshu/ros2_ws/src/install/ur_description/share/ur_description/meshes/ur10e/visual/forearm.dae
[12.406s] -- Installing: /home/himanshu/ros2_ws/src/install/ur_description/share/ur_description/meshes/ur10e/visual/wrist1.dae
[12.406s] -- Installing: /home/himanshu/ros2_ws/src/install/ur_description/share/ur_description/meshes/ur10e/visual/base.dae
[12.407s] -- Installing: /home/himanshu/ros2_ws/src/install/ur_description/share/ur_description/meshes/ur10e/visual/upperarm.dae
[12.407s] -- Installing: /home/himanshu/ros2_ws/src/install/ur_description/share/ur_description/meshes/ur10e/visual/wrist3.dae
[12.407s] -- Installing: /home/himanshu/ros2_ws/src/install/ur_description/share/ur_description/meshes/ur10e/visual/shoulder.dae
[12.408s] -- Installing: /home/himanshu/ros2_ws/src/install/ur_description/share/ur_description/meshes/ur10e/visual/wrist2.dae
[12.416s] -- Installing: /home/himanshu/ros2_ws/src/install/ur_description/share/ur_description/meshes/ur10e/collision
[12.417s] -- Installing: /home/himanshu/ros2_ws/src/install/ur_description/share/ur_description/meshes/ur10e/collision/base.stl
[12.417s] -- Installing: /home/himanshu/ros2_ws/src/install/ur_description/share/ur_description/meshes/ur10e/collision/upperarm.stl
[12.417s] -- Installing: /home/himanshu/ros2_ws/src/install/ur_description/share/ur_description/meshes/ur10e/collision/shoulder.stl
[12.418s] -- Installing: /home/himanshu/ros2_ws/src/install/ur_description/share/ur_description/meshes/ur10e/collision/wrist2.stl
[12.418s] -- Installing: /home/himanshu/ros2_ws/src/install/ur_description/share/ur_description/meshes/ur10e/collision/forearm.stl
[12.418s] -- Installing: /home/himanshu/ros2_ws/src/install/ur_description/share/ur_description/meshes/ur10e/collision/wrist3.stl
[12.418s] -- Installing: /home/himanshu/ros2_ws/src/install/ur_description/share/ur_description/meshes/ur10e/collision/wrist1.stl
[12.419s] -- Installing: /home/himanshu/ros2_ws/src/install/ur_description/share/ur_description/meshes/ur5
[12.425s] -- Installing: /home/himanshu/ros2_ws/src/install/ur_description/share/ur_description/meshes/ur5/visual
[12.425s] -- Installing: /home/himanshu/ros2_ws/src/install/ur_description/share/ur_description/meshes/ur5/visual/forearm.dae
[12.432s] -- Installing: /home/himanshu/ros2_ws/src/install/ur_description/share/ur_description/meshes/ur5/visual/wrist1.dae
[12.432s] -- Installing: /home/himanshu/ros2_ws/src/install/ur_description/share/ur_description/meshes/ur5/visual/base.dae
[12.433s] -- Installing: /home/himanshu/ros2_ws/src/install/ur_description/share/ur_description/meshes/ur5/visual/upperarm.dae
[12.436s] -- Installing: /home/himanshu/ros2_ws/src/install/ur_description/share/ur_description/meshes/ur5/visual/wrist3.dae
[12.436s] -- Installing: /home/himanshu/ros2_ws/src/install/ur_description/share/ur_description/meshes/ur5/visual/shoulder.dae
[12.455s] -- Installing: /home/himanshu/ros2_ws/src/install/ur_description/share/ur_description/meshes/ur5/visual/wrist2.dae
[12.455s] -- Installing: /home/himanshu/ros2_ws/src/install/ur_description/share/ur_description/meshes/ur5/collision
[12.455s] -- Installing: /home/himanshu/ros2_ws/src/install/ur_description/share/ur_description/meshes/ur5/collision/base.stl
[12.456s] -- Installing: /home/himanshu/ros2_ws/src/install/ur_description/share/ur_description/meshes/ur5/collision/upperarm.stl
[12.456s] -- Installing: /home/himanshu/ros2_ws/src/install/ur_description/share/ur_description/meshes/ur5/collision/shoulder.stl
[12.456s] -- Installing: /home/himanshu/ros2_ws/src/install/ur_description/share/ur_description/meshes/ur5/collision/wrist2.stl
[12.457s] -- Installing: /home/himanshu/ros2_ws/src/install/ur_description/share/ur_description/meshes/ur5/collision/forearm.stl
[12.457s] -- Installing: /home/himanshu/ros2_ws/src/install/ur_description/share/ur_description/meshes/ur5/collision/wrist3.stl
[12.457s] -- Installing: /home/himanshu/ros2_ws/src/install/ur_description/share/ur_description/meshes/ur5/collision/wrist1.stl
[12.469s] -- Installing: /home/himanshu/ros2_ws/src/install/ur_description/share/ur_description/meshes/ur5e
[12.470s] -- Installing: /home/himanshu/ros2_ws/src/install/ur_description/share/ur_description/meshes/ur5e/visual
[12.470s] -- Installing: /home/himanshu/ros2_ws/src/install/ur_description/share/ur_description/meshes/ur5e/visual/forearm.dae
[12.470s] -- Installing: /home/himanshu/ros2_ws/src/install/ur_description/share/ur_description/meshes/ur5e/visual/wrist1.dae
[12.471s] -- Installing: /home/himanshu/ros2_ws/src/install/ur_description/share/ur_description/meshes/ur5e/visual/base.dae
[12.471s] -- Installing: /home/himanshu/ros2_ws/src/install/ur_description/share/ur_description/meshes/ur5e/visual/upperarm.dae
[12.471s] -- Installing: /home/himanshu/ros2_ws/src/install/ur_description/share/ur_description/meshes/ur5e/visual/wrist3.dae
[12.472s] -- Installing: /home/himanshu/ros2_ws/src/install/ur_description/share/ur_description/meshes/ur5e/visual/shoulder.dae
[12.472s] -- Installing: /home/himanshu/ros2_ws/src/install/ur_description/share/ur_description/meshes/ur5e/visual/wrist2.dae
[12.484s] -- Installing: /home/himanshu/ros2_ws/src/install/ur_description/share/ur_description/meshes/ur5e/collision
[12.484s] -- Installing: /home/himanshu/ros2_ws/src/install/ur_description/share/ur_description/meshes/ur5e/collision/base.stl
[12.485s] -- Installing: /home/himanshu/ros2_ws/src/install/ur_description/share/ur_description/meshes/ur5e/collision/upperarm.stl
[12.485s] -- Installing: /home/himanshu/ros2_ws/src/install/ur_description/share/ur_description/meshes/ur5e/collision/shoulder.stl
[12.485s] -- Installing: /home/himanshu/ros2_ws/src/install/ur_description/share/ur_description/meshes/ur5e/collision/wrist2.stl
[12.486s] -- Installing: /home/himanshu/ros2_ws/src/install/ur_description/share/ur_description/meshes/ur5e/collision/forearm.stl
[12.486s] -- Installing: /home/himanshu/ros2_ws/src/install/ur_description/share/ur_description/meshes/ur5e/collision/wrist3.stl
[12.486s] -- Installing: /home/himanshu/ros2_ws/src/install/ur_description/share/ur_description/meshes/ur5e/collision/wrist1.stl
[12.489s] -- Installing: /home/himanshu/ros2_ws/src/install/ur_description/share/ur_description/meshes/ur10
[12.493s] -- Installing: /home/himanshu/ros2_ws/src/install/ur_description/share/ur_description/meshes/ur10/visual
[12.494s] -- Installing: /home/himanshu/ros2_ws/src/install/ur_description/share/ur_description/meshes/ur10/visual/forearm.dae
[12.494s] -- Installing: /home/himanshu/ros2_ws/src/install/ur_description/share/ur_description/meshes/ur10/visual/wrist1.dae
[12.494s] -- Installing: /home/himanshu/ros2_ws/src/install/ur_description/share/ur_description/meshes/ur10/visual/base.dae
[12.494s] -- Installing: /home/himanshu/ros2_ws/src/install/ur_description/share/ur_description/meshes/ur10/visual/upperarm.dae
[12.499s] -- Installing: /home/himanshu/ros2_ws/src/install/ur_description/share/ur_description/meshes/ur10/visual/wrist3.dae
[12.502s] -- Installing: /home/himanshu/ros2_ws/src/install/ur_description/share/ur_description/meshes/ur10/visual/shoulder.dae
[12.502s] -- Installing: /home/himanshu/ros2_ws/src/install/ur_description/share/ur_description/meshes/ur10/visual/wrist2.dae
[12.502s] -- Installing: /home/himanshu/ros2_ws/src/install/ur_description/share/ur_description/meshes/ur10/collision
[12.505s] -- Installing: /home/himanshu/ros2_ws/src/install/ur_description/share/ur_description/meshes/ur10/collision/base.stl
[12.505s] -- Installing: /home/himanshu/ros2_ws/src/install/ur_description/share/ur_description/meshes/ur10/collision/upperarm.stl
[12.509s] -- Installing: /home/himanshu/ros2_ws/src/install/ur_description/share/ur_description/meshes/ur10/collision/shoulder.stl
[12.511s] -- Installing: /home/himanshu/ros2_ws/src/install/ur_description/share/ur_description/meshes/ur10/collision/wrist2.stl
[12.514s] -- Installing: /home/himanshu/ros2_ws/src/install/ur_description/share/ur_description/meshes/ur10/collision/forearm.stl
[12.527s] -- Installing: /home/himanshu/ros2_ws/src/install/ur_description/share/ur_description/meshes/ur10/collision/wrist3.stl
[12.528s] -- Installing: /home/himanshu/ros2_ws/src/install/ur_description/share/ur_description/meshes/ur10/collision/wrist1.stl
[12.528s] -- Installing: /home/himanshu/ros2_ws/src/install/ur_description/share/ur_description/meshes/ur30
[12.528s] -- Installing: /home/himanshu/ros2_ws/src/install/ur_description/share/ur_description/meshes/ur30/visual
[12.529s] -- Installing: /home/himanshu/ros2_ws/src/install/ur_description/share/ur_description/meshes/ur30/visual/forearm.dae
[12.529s] -- Installing: /home/himanshu/ros2_ws/src/install/ur_description/share/ur_description/meshes/ur30/visual/upperarm.dae
[12.529s] -- Installing: /home/himanshu/ros2_ws/src/install/ur_description/share/ur_description/meshes/ur30/visual/UR30_DIFF_8bit_2K.png
[12.530s] -- Installing: /home/himanshu/ros2_ws/src/install/ur_description/share/ur_description/meshes/ur30/LICENSE.txt
[12.530s] -- Installing: /home/himanshu/ros2_ws/src/install/ur_description/share/ur_description/meshes/ur30/collision
[12.530s] -- Installing: /home/himanshu/ros2_ws/src/install/ur_description/share/ur_description/meshes/ur30/collision/upperarm.stl
[12.531s] -- Installing: /home/himanshu/ros2_ws/src/install/ur_description/share/ur_description/meshes/ur30/collision/forearm.stl
[12.547s] -- Installing: /home/himanshu/ros2_ws/src/install/ur_description/share/ur_description/rviz
[12.548s] -- Installing: /home/himanshu/ros2_ws/src/install/ur_description/share/ur_description/rviz/view_robot.rviz
[12.548s] -- Installing: /home/himanshu/ros2_ws/src/install/ur_description/share/ur_description/urdf
[12.549s] -- Installing: /home/himanshu/ros2_ws/src/install/ur_description/share/ur_description/urdf/ur.urdf.xacro
[12.549s] -- Installing: /home/himanshu/ros2_ws/src/install/ur_description/share/ur_description/urdf/ros2_control_mock_hardware.xacro
[12.549s] -- Installing: /home/himanshu/ros2_ws/src/install/ur_description/share/ur_description/urdf/inc
[12.550s] -- Installing: /home/himanshu/ros2_ws/src/install/ur_description/share/ur_description/urdf/inc/ur_joint_control.xacro
[12.550s] -- Installing: /home/himanshu/ros2_ws/src/install/ur_description/share/ur_description/urdf/inc/ur_common.xacro
[12.550s] -- Installing: /home/himanshu/ros2_ws/src/install/ur_description/share/ur_description/urdf/inc/ur_sensors.xacro
[12.551s] -- Installing: /home/himanshu/ros2_ws/src/install/ur_description/share/ur_description/urdf/inc/ur_transmissions.xacro
[12.555s] -- Installing: /home/himanshu/ros2_ws/src/install/ur_description/share/ur_description/urdf/ur_mocked.urdf.xacro
[12.556s] -- Installing: /home/himanshu/ros2_ws/src/install/ur_description/share/ur_description/urdf/ur_macro.xacro
[12.556s] -- Installing: /home/himanshu/ros2_ws/src/install/ur_description/share/ur_description/test
[12.556s] -- Installing: /home/himanshu/ros2_ws/src/install/ur_description/share/ur_description/test/test_view_ur_launch.py
[12.556s] -- Installing: /home/himanshu/ros2_ws/src/install/ur_description/share/ur_description/test/test_ur_urdf_xacro.py
[12.557s] -- Installing: /home/himanshu/ros2_ws/src/install/ur_description/share/ament_index/resource_index/package_run_dependencies/ur_description
[12.557s] -- Installing: /home/himanshu/ros2_ws/src/install/ur_description/share/ament_index/resource_index/parent_prefix_path/ur_description
[12.557s] -- Installing: /home/himanshu/ros2_ws/src/install/ur_description/share/ur_description/environment/ament_prefix_path.sh
[12.557s] -- Installing: /home/himanshu/ros2_ws/src/install/ur_description/share/ur_description/environment/ament_prefix_path.dsv
[12.558s] -- Installing: /home/himanshu/ros2_ws/src/install/ur_description/share/ur_description/environment/path.sh
[12.582s] -- Installing: /home/himanshu/ros2_ws/src/install/ur_description/share/ur_description/environment/path.dsv
[12.582s] -- Installing: /home/himanshu/ros2_ws/src/install/ur_description/share/ur_description/local_setup.bash
[12.583s] -- Installing: /home/himanshu/ros2_ws/src/install/ur_description/share/ur_description/local_setup.sh
[12.583s] -- Installing: /home/himanshu/ros2_ws/src/install/ur_description/share/ur_description/local_setup.zsh
[12.583s] -- Installing: /home/himanshu/ros2_ws/src/install/ur_description/share/ur_description/local_setup.dsv
[12.584s] -- Installing: /home/himanshu/ros2_ws/src/install/ur_description/share/ur_description/package.dsv
[12.584s] -- Installing: /home/himanshu/ros2_ws/src/install/ur_description/share/ament_index/resource_index/packages/ur_description
[12.584s] -- Installing: /home/himanshu/ros2_ws/src/install/ur_description/share/ur_description/cmake/ur_descriptionConfig.cmake
[12.584s] -- Installing: /home/himanshu/ros2_ws/src/install/ur_description/share/ur_description/cmake/ur_descriptionConfig-version.cmake
[12.585s] -- Installing: /home/himanshu/ros2_ws/src/install/ur_description/share/ur_description/package.xml
[12.623s] Invoked command in '/home/himanshu/ros2_ws/src/build/ur_description' returned '0': CMAKE_PREFIX_PATH=${CMAKE_PREFIX_PATH}:/home/himanshu/ros2_ws/install/ur_robot_driver:/home/himanshu/ros2_ws/install/ur_mogi_py:/home/himanshu/ros2_ws/install/open_manipulator_mogi_py:/home/himanshu/ros2_ws/install/mogi_trajectory_server:/home/himanshu/ros2_ws/install/map_merge_py:/home/himanshu/ros2_ws/install/bme_ros2_tutorials_py:/home/himanshu/ros2_ws/install/bme_ros2_simple_arm_py:/home/himanshu/ros2_ws/install/bme_ros2_navigation_py:/home/himanshu/ros2_ws/install/bme_gazebo_sensors_py:/opt/ros/jazzy DEBUGINFOD_URLS=https://debuginfod.ubuntu.com /usr/bin/cmake --install /home/himanshu/ros2_ws/src/build/ur_description
