-- The C compiler identification is GNU 13.3.0
-- The CXX compiler identification is GNU 13.3.0
-- Detecting C compiler ABI info
-- Detecting C compiler ABI info - done
-- Check for working C compiler: /usr/bin/cc - skipped
-- Detecting C compile features
-- Detecting C compile features - done
-- Detecting CXX compiler ABI info
-- Detecting CXX compiler ABI info - done
-- Check for working CXX compiler: /usr/bin/c++ - skipped
-- Detecting CXX compile features
-- Detecting CXX compile features - done
-- Found ament_cmake: 2.5.4 (/opt/ros/jazzy/share/ament_cmake/cmake)
-- Found Python3: /usr/bin/python3 (found version "3.12.3") found components: Interpreter 
-- Found rosidl_default_generators: 1.6.0 (/opt/ros/jazzy/share/rosidl_default_generators/cmake)
-- Using all available rosidl_typesupport_c: rosidl_typesupport_fastrtps_c;rosidl_typesupport_introspection_c
-- Using all available rosidl_typesupport_cpp: rosidl_typesupport_fastrtps_cpp;rosidl_typesupport_introspection_cpp
-- Found rosidl_adapter: 4.6.5 (/opt/ros/jazzy/share/rosidl_adapter/cmake)
-- Found ament_cmake_ros: 0.12.0 (/opt/ros/jazzy/share/ament_cmake_ros/cmake)
-- Using all available rosidl_typesupport_c: rosidl_typesupport_fastrtps_c;rosidl_typesupport_introspection_c
-- Using all available rosidl_typesupport_cpp: rosidl_typesupport_fastrtps_cpp;rosidl_typesupport_introspection_cpp
-- Found python_cmake_module: 0.11.1 (/opt/ros/jazzy/share/python_cmake_module/cmake)
-- Found PythonExtra: /usr/bin/python3  
-- Found Python3: /usr/bin/python3 (found version "3.12.3") found components: Interpreter Development NumPy Development.Module Development.Embed 
-- Found ament_lint_auto: 0.17.2 (/opt/ros/jazzy/share/ament_lint_auto/cmake)
-- Added test 'lint_cmake' to check CMake code style
-- Added test 'xmllint' to check XML markup files
-- Configuring done (25.9s)
-- Generating done (0.2s)
-- Build files have been written to: /home/himanshu/ros2_ws/src/build/bme_ros2_tutorials_interfaces
[  2%] [34m[1mGenerating type hashes for ROS interfaces[0m
[  2%] Built target bme_ros2_tutorials_interfaces__rosidl_generator_type_description
[  2%] Built target ament_cmake_python_copy_bme_ros2_tutorials_interfaces
[  5%] [34m[1mGenerating C code for ROS interfaces[0m
[  8%] [32mBuilding C object CMakeFiles/bme_ros2_tutorials_interfaces__rosidl_generator_c.dir/rosidl_generator_c/bme_ros2_tutorials_interfaces/srv/detail/custom_calc__description.c.o[0m
[ 11%] [32mBuilding C object CMakeFiles/bme_ros2_tutorials_interfaces__rosidl_generator_c.dir/rosidl_generator_c/bme_ros2_tutorials_interfaces/srv/detail/custom_calc__type_support.c.o[0m
[ 14%] [32mBuilding C object CMakeFiles/bme_ros2_tutorials_interfaces__rosidl_generator_c.dir/rosidl_generator_c/bme_ros2_tutorials_interfaces/srv/detail/custom_calc__functions.c.o[0m
[ 17%] [32m[1mLinking C shared library libbme_ros2_tutorials_interfaces__rosidl_generator_c.so[0m
[ 17%] Built target bme_ros2_tutorials_interfaces__rosidl_generator_c
running egg_info
creating bme_ros2_tutorials_interfaces.egg-info
writing bme_ros2_tutorials_interfaces.egg-info/PKG-INFO
writing dependency_links to bme_ros2_tutorials_interfaces.egg-info/dependency_links.txt
writing top-level names to bme_ros2_tutorials_interfaces.egg-info/top_level.txt
writing manifest file 'bme_ros2_tutorials_interfaces.egg-info/SOURCES.txt'
reading manifest file 'bme_ros2_tutorials_interfaces.egg-info/SOURCES.txt'
writing manifest file 'bme_ros2_tutorials_interfaces.egg-info/SOURCES.txt'
[ 17%] Built target ament_cmake_python_build_bme_ros2_tutorials_interfaces_egg
[ 20%] [34m[1mGenerating C type support dispatch for ROS interfaces[0m
[ 23%] [32mBuilding CXX object CMakeFiles/bme_ros2_tutorials_interfaces__rosidl_typesupport_c.dir/rosidl_typesupport_c/bme_ros2_tutorials_interfaces/srv/custom_calc__type_support.cpp.o[0m
[ 26%] [32m[1mLinking CXX shared library libbme_ros2_tutorials_interfaces__rosidl_typesupport_c.so[0m
[ 26%] Built target bme_ros2_tutorials_interfaces__rosidl_typesupport_c
[ 29%] [34m[1mGenerating C introspection for ROS interfaces[0m
[ 32%] [32mBuilding C object CMakeFiles/bme_ros2_tutorials_interfaces__rosidl_typesupport_introspection_c.dir/rosidl_typesupport_introspection_c/bme_ros2_tutorials_interfaces/srv/detail/custom_calc__type_support.c.o[0m
[ 35%] [32m[1mLinking C shared library libbme_ros2_tutorials_interfaces__rosidl_typesupport_introspection_c.so[0m
[ 35%] Built target bme_ros2_tutorials_interfaces__rosidl_typesupport_introspection_c
[ 38%] [34m[1mGenerating C type support for eProsima Fast-RTPS[0m
[ 41%] [32mBuilding CXX object CMakeFiles/bme_ros2_tutorials_interfaces__rosidl_typesupport_fastrtps_c.dir/rosidl_typesupport_fastrtps_c/bme_ros2_tutorials_interfaces/srv/detail/custom_calc__type_support_c.cpp.o[0m
[ 44%] [32m[1mLinking CXX shared library libbme_ros2_tutorials_interfaces__rosidl_typesupport_fastrtps_c.so[0m
[ 44%] Built target bme_ros2_tutorials_interfaces__rosidl_typesupport_fastrtps_c
[ 47%] [34m[1mGenerating C++ code for ROS interfaces[0m
[ 47%] Built target bme_ros2_tutorials_interfaces__cpp
[ 50%] [34m[1mGenerating C++ type support for eProsima Fast-RTPS[0m
[ 52%] [32mBuilding CXX object CMakeFiles/bme_ros2_tutorials_interfaces__rosidl_typesupport_fastrtps_cpp.dir/rosidl_typesupport_fastrtps_cpp/bme_ros2_tutorials_interfaces/srv/detail/dds_fastrtps/custom_calc__type_support.cpp.o[0m
[ 55%] [32m[1mLinking CXX shared library libbme_ros2_tutorials_interfaces__rosidl_typesupport_fastrtps_cpp.so[0m
[ 55%] Built target bme_ros2_tutorials_interfaces__rosidl_typesupport_fastrtps_cpp
[ 58%] [34m[1mGenerating C++ type support dispatch for ROS interfaces[0m
[ 61%] [32mBuilding CXX object CMakeFiles/bme_ros2_tutorials_interfaces__rosidl_typesupport_cpp.dir/rosidl_typesupport_cpp/bme_ros2_tutorials_interfaces/srv/custom_calc__type_support.cpp.o[0m
[ 64%] [32m[1mLinking CXX shared library libbme_ros2_tutorials_interfaces__rosidl_typesupport_cpp.so[0m
[ 64%] Built target bme_ros2_tutorials_interfaces__rosidl_typesupport_cpp
[ 67%] [34m[1mGenerating C++ introspection for ROS interfaces[0m
[ 70%] [32mBuilding CXX object CMakeFiles/bme_ros2_tutorials_interfaces__rosidl_typesupport_introspection_cpp.dir/rosidl_typesupport_introspection_cpp/bme_ros2_tutorials_interfaces/srv/detail/custom_calc__type_support.cpp.o[0m
[ 73%] [32m[1mLinking CXX shared library libbme_ros2_tutorials_interfaces__rosidl_typesupport_introspection_cpp.so[0m
[ 73%] Built target bme_ros2_tutorials_interfaces__rosidl_typesupport_introspection_cpp
[ 73%] Built target bme_ros2_tutorials_interfaces
[ 76%] [34m[1mGenerating Python code for ROS interfaces[0m
[ 76%] Built target bme_ros2_tutorials_interfaces__py
[ 79%] [32mBuilding C object CMakeFiles/bme_ros2_tutorials_interfaces__rosidl_generator_py.dir/rosidl_generator_py/bme_ros2_tutorials_interfaces/srv/_custom_calc_s.c.o[0m
[ 82%] [32m[1mLinking C shared library libbme_ros2_tutorials_interfaces__rosidl_generator_py.so[0m
[ 82%] Built target bme_ros2_tutorials_interfaces__rosidl_generator_py
[ 85%] [32mBuilding C object CMakeFiles/bme_ros2_tutorials_interfaces_s__rosidl_typesupport_fastrtps_c.dir/rosidl_generator_py/bme_ros2_tutorials_interfaces/_bme_ros2_tutorials_interfaces_s.ep.rosidl_typesupport_fastrtps_c.c.o[0m
[ 88%] [32m[1mLinking C shared module rosidl_generator_py/bme_ros2_tutorials_interfaces/bme_ros2_tutorials_interfaces_s__rosidl_typesupport_fastrtps_c.so[0m
[ 88%] Built target bme_ros2_tutorials_interfaces_s__rosidl_typesupport_fastrtps_c
[ 91%] [32mBuilding C object CMakeFiles/bme_ros2_tutorials_interfaces_s__rosidl_typesupport_c.dir/rosidl_generator_py/bme_ros2_tutorials_interfaces/_bme_ros2_tutorials_interfaces_s.ep.rosidl_typesupport_c.c.o[0m
[ 94%] [32m[1mLinking C shared module rosidl_generator_py/bme_ros2_tutorials_interfaces/bme_ros2_tutorials_interfaces_s__rosidl_typesupport_c.so[0m
[ 94%] Built target bme_ros2_tutorials_interfaces_s__rosidl_typesupport_c
[ 97%] [32mBuilding C object CMakeFiles/bme_ros2_tutorials_interfaces_s__rosidl_typesupport_introspection_c.dir/rosidl_generator_py/bme_ros2_tutorials_interfaces/_bme_ros2_tutorials_interfaces_s.ep.rosidl_typesupport_introspection_c.c.o[0m
[100%] [32m[1mLinking C shared module rosidl_generator_py/bme_ros2_tutorials_interfaces/bme_ros2_tutorials_interfaces_s__rosidl_typesupport_introspection_c.so[0m
[100%] Built target bme_ros2_tutorials_interfaces_s__rosidl_typesupport_introspection_c
-- Install configuration: ""
-- Installing: /home/himanshu/ros2_ws/src/install/bme_ros2_tutorials_interfaces/share/ament_index/resource_index/rosidl_interfaces/bme_ros2_tutorials_interfaces
-- Installing: /home/himanshu/ros2_ws/src/install/bme_ros2_tutorials_interfaces/share/bme_ros2_tutorials_interfaces/srv/CustomCalc.json
-- Installing: /home/himanshu/ros2_ws/src/install/bme_ros2_tutorials_interfaces/include/bme_ros2_tutorials_interfaces/bme_ros2_tutorials_interfaces
-- Installing: /home/himanshu/ros2_ws/src/install/bme_ros2_tutorials_interfaces/include/bme_ros2_tutorials_interfaces/bme_ros2_tutorials_interfaces/msg
-- Installing: /home/himanshu/ros2_ws/src/install/bme_ros2_tutorials_interfaces/include/bme_ros2_tutorials_interfaces/bme_ros2_tutorials_interfaces/msg/rosidl_generator_c__visibility_control.h
-- Installing: /home/himanshu/ros2_ws/src/install/bme_ros2_tutorials_interfaces/include/bme_ros2_tutorials_interfaces/bme_ros2_tutorials_interfaces/srv
-- Installing: /home/himanshu/ros2_ws/src/install/bme_ros2_tutorials_interfaces/include/bme_ros2_tutorials_interfaces/bme_ros2_tutorials_interfaces/srv/detail
-- Installing: /home/himanshu/ros2_ws/src/install/bme_ros2_tutorials_interfaces/include/bme_ros2_tutorials_interfaces/bme_ros2_tutorials_interfaces/srv/detail/custom_calc__struct.h
-- Installing: /home/himanshu/ros2_ws/src/install/bme_ros2_tutorials_interfaces/include/bme_ros2_tutorials_interfaces/bme_ros2_tutorials_interfaces/srv/detail/custom_calc__type_support.c
-- Installing: /home/himanshu/ros2_ws/src/install/bme_ros2_tutorials_interfaces/include/bme_ros2_tutorials_interfaces/bme_ros2_tutorials_interfaces/srv/detail/custom_calc__description.c
-- Installing: /home/himanshu/ros2_ws/src/install/bme_ros2_tutorials_interfaces/include/bme_ros2_tutorials_interfaces/bme_ros2_tutorials_interfaces/srv/detail/custom_calc__type_support.h
-- Installing: /home/himanshu/ros2_ws/src/install/bme_ros2_tutorials_interfaces/include/bme_ros2_tutorials_interfaces/bme_ros2_tutorials_interfaces/srv/detail/custom_calc__functions.h
-- Installing: /home/himanshu/ros2_ws/src/install/bme_ros2_tutorials_interfaces/include/bme_ros2_tutorials_interfaces/bme_ros2_tutorials_interfaces/srv/detail/custom_calc__functions.c
-- Installing: /home/himanshu/ros2_ws/src/install/bme_ros2_tutorials_interfaces/include/bme_ros2_tutorials_interfaces/bme_ros2_tutorials_interfaces/srv/custom_calc.h
-- Installing: /home/himanshu/ros2_ws/src/install/bme_ros2_tutorials_interfaces/share/bme_ros2_tutorials_interfaces/environment/library_path.sh
-- Installing: /home/himanshu/ros2_ws/src/install/bme_ros2_tutorials_interfaces/share/bme_ros2_tutorials_interfaces/environment/library_path.dsv
-- Installing: /home/himanshu/ros2_ws/src/install/bme_ros2_tutorials_interfaces/lib/libbme_ros2_tutorials_interfaces__rosidl_generator_c.so
-- Set non-toolchain portion of runtime path of "/home/himanshu/ros2_ws/src/install/bme_ros2_tutorials_interfaces/lib/libbme_ros2_tutorials_interfaces__rosidl_generator_c.so" to ""
-- Up-to-date: /home/himanshu/ros2_ws/src/install/bme_ros2_tutorials_interfaces/include/bme_ros2_tutorials_interfaces/bme_ros2_tutorials_interfaces
-- Up-to-date: /home/himanshu/ros2_ws/src/install/bme_ros2_tutorials_interfaces/include/bme_ros2_tutorials_interfaces/bme_ros2_tutorials_interfaces/msg
-- Installing: /home/himanshu/ros2_ws/src/install/bme_ros2_tutorials_interfaces/include/bme_ros2_tutorials_interfaces/bme_ros2_tutorials_interfaces/msg/rosidl_typesupport_fastrtps_c__visibility_control.h
-- Up-to-date: /home/himanshu/ros2_ws/src/install/bme_ros2_tutorials_interfaces/include/bme_ros2_tutorials_interfaces/bme_ros2_tutorials_interfaces/srv
-- Up-to-date: /home/himanshu/ros2_ws/src/install/bme_ros2_tutorials_interfaces/include/bme_ros2_tutorials_interfaces/bme_ros2_tutorials_interfaces/srv/detail
-- Installing: /home/himanshu/ros2_ws/src/install/bme_ros2_tutorials_interfaces/include/bme_ros2_tutorials_interfaces/bme_ros2_tutorials_interfaces/srv/detail/custom_calc__rosidl_typesupport_fastrtps_c.h
-- Installing: /home/himanshu/ros2_ws/src/install/bme_ros2_tutorials_interfaces/lib/libbme_ros2_tutorials_interfaces__rosidl_typesupport_fastrtps_c.so
-- Set non-toolchain portion of runtime path of "/home/himanshu/ros2_ws/src/install/bme_ros2_tutorials_interfaces/lib/libbme_ros2_tutorials_interfaces__rosidl_typesupport_fastrtps_c.so" to ""
-- Up-to-date: /home/himanshu/ros2_ws/src/install/bme_ros2_tutorials_interfaces/include/bme_ros2_tutorials_interfaces/bme_ros2_tutorials_interfaces
-- Up-to-date: /home/himanshu/ros2_ws/src/install/bme_ros2_tutorials_interfaces/include/bme_ros2_tutorials_interfaces/bme_ros2_tutorials_interfaces/msg
-- Installing: /home/himanshu/ros2_ws/src/install/bme_ros2_tutorials_interfaces/include/bme_ros2_tutorials_interfaces/bme_ros2_tutorials_interfaces/msg/rosidl_typesupport_introspection_c__visibility_control.h
-- Up-to-date: /home/himanshu/ros2_ws/src/install/bme_ros2_tutorials_interfaces/include/bme_ros2_tutorials_interfaces/bme_ros2_tutorials_interfaces/srv
-- Up-to-date: /home/himanshu/ros2_ws/src/install/bme_ros2_tutorials_interfaces/include/bme_ros2_tutorials_interfaces/bme_ros2_tutorials_interfaces/srv/detail
-- Installing: /home/himanshu/ros2_ws/src/install/bme_ros2_tutorials_interfaces/include/bme_ros2_tutorials_interfaces/bme_ros2_tutorials_interfaces/srv/detail/custom_calc__type_support.c
-- Installing: /home/himanshu/ros2_ws/src/install/bme_ros2_tutorials_interfaces/include/bme_ros2_tutorials_interfaces/bme_ros2_tutorials_interfaces/srv/detail/custom_calc__rosidl_typesupport_introspection_c.h
-- Installing: /home/himanshu/ros2_ws/src/install/bme_ros2_tutorials_interfaces/lib/libbme_ros2_tutorials_interfaces__rosidl_typesupport_introspection_c.so
-- Set non-toolchain portion of runtime path of "/home/himanshu/ros2_ws/src/install/bme_ros2_tutorials_interfaces/lib/libbme_ros2_tutorials_interfaces__rosidl_typesupport_introspection_c.so" to ""
-- Installing: /home/himanshu/ros2_ws/src/install/bme_ros2_tutorials_interfaces/lib/libbme_ros2_tutorials_interfaces__rosidl_typesupport_c.so
-- Set non-toolchain portion of runtime path of "/home/himanshu/ros2_ws/src/install/bme_ros2_tutorials_interfaces/lib/libbme_ros2_tutorials_interfaces__rosidl_typesupport_c.so" to ""
-- Up-to-date: /home/himanshu/ros2_ws/src/install/bme_ros2_tutorials_interfaces/include/bme_ros2_tutorials_interfaces/bme_ros2_tutorials_interfaces
-- Up-to-date: /home/himanshu/ros2_ws/src/install/bme_ros2_tutorials_interfaces/include/bme_ros2_tutorials_interfaces/bme_ros2_tutorials_interfaces/msg
-- Installing: /home/himanshu/ros2_ws/src/install/bme_ros2_tutorials_interfaces/include/bme_ros2_tutorials_interfaces/bme_ros2_tutorials_interfaces/msg/rosidl_generator_cpp__visibility_control.hpp
-- Up-to-date: /home/himanshu/ros2_ws/src/install/bme_ros2_tutorials_interfaces/include/bme_ros2_tutorials_interfaces/bme_ros2_tutorials_interfaces/srv
-- Up-to-date: /home/himanshu/ros2_ws/src/install/bme_ros2_tutorials_interfaces/include/bme_ros2_tutorials_interfaces/bme_ros2_tutorials_interfaces/srv/detail
-- Installing: /home/himanshu/ros2_ws/src/install/bme_ros2_tutorials_interfaces/include/bme_ros2_tutorials_interfaces/bme_ros2_tutorials_interfaces/srv/detail/custom_calc__traits.hpp
-- Installing: /home/himanshu/ros2_ws/src/install/bme_ros2_tutorials_interfaces/include/bme_ros2_tutorials_interfaces/bme_ros2_tutorials_interfaces/srv/detail/custom_calc__builder.hpp
-- Installing: /home/himanshu/ros2_ws/src/install/bme_ros2_tutorials_interfaces/include/bme_ros2_tutorials_interfaces/bme_ros2_tutorials_interfaces/srv/detail/custom_calc__type_support.hpp
-- Installing: /home/himanshu/ros2_ws/src/install/bme_ros2_tutorials_interfaces/include/bme_ros2_tutorials_interfaces/bme_ros2_tutorials_interfaces/srv/detail/custom_calc__struct.hpp
-- Installing: /home/himanshu/ros2_ws/src/install/bme_ros2_tutorials_interfaces/include/bme_ros2_tutorials_interfaces/bme_ros2_tutorials_interfaces/srv/custom_calc.hpp
-- Up-to-date: /home/himanshu/ros2_ws/src/install/bme_ros2_tutorials_interfaces/include/bme_ros2_tutorials_interfaces/bme_ros2_tutorials_interfaces
-- Up-to-date: /home/himanshu/ros2_ws/src/install/bme_ros2_tutorials_interfaces/include/bme_ros2_tutorials_interfaces/bme_ros2_tutorials_interfaces/msg
-- Installing: /home/himanshu/ros2_ws/src/install/bme_ros2_tutorials_interfaces/include/bme_ros2_tutorials_interfaces/bme_ros2_tutorials_interfaces/msg/rosidl_typesupport_fastrtps_cpp__visibility_control.h
-- Up-to-date: /home/himanshu/ros2_ws/src/install/bme_ros2_tutorials_interfaces/include/bme_ros2_tutorials_interfaces/bme_ros2_tutorials_interfaces/srv
-- Up-to-date: /home/himanshu/ros2_ws/src/install/bme_ros2_tutorials_interfaces/include/bme_ros2_tutorials_interfaces/bme_ros2_tutorials_interfaces/srv/detail
-- Installing: /home/himanshu/ros2_ws/src/install/bme_ros2_tutorials_interfaces/include/bme_ros2_tutorials_interfaces/bme_ros2_tutorials_interfaces/srv/detail/dds_fastrtps
-- Installing: /home/himanshu/ros2_ws/src/install/bme_ros2_tutorials_interfaces/include/bme_ros2_tutorials_interfaces/bme_ros2_tutorials_interfaces/srv/detail/custom_calc__rosidl_typesupport_fastrtps_cpp.hpp
-- Installing: /home/himanshu/ros2_ws/src/install/bme_ros2_tutorials_interfaces/lib/libbme_ros2_tutorials_interfaces__rosidl_typesupport_fastrtps_cpp.so
-- Set non-toolchain portion of runtime path of "/home/himanshu/ros2_ws/src/install/bme_ros2_tutorials_interfaces/lib/libbme_ros2_tutorials_interfaces__rosidl_typesupport_fastrtps_cpp.so" to ""
-- Up-to-date: /home/himanshu/ros2_ws/src/install/bme_ros2_tutorials_interfaces/include/bme_ros2_tutorials_interfaces/bme_ros2_tutorials_interfaces
-- Up-to-date: /home/himanshu/ros2_ws/src/install/bme_ros2_tutorials_interfaces/include/bme_ros2_tutorials_interfaces/bme_ros2_tutorials_interfaces/srv
-- Up-to-date: /home/himanshu/ros2_ws/src/install/bme_ros2_tutorials_interfaces/include/bme_ros2_tutorials_interfaces/bme_ros2_tutorials_interfaces/srv/detail
-- Installing: /home/himanshu/ros2_ws/src/install/bme_ros2_tutorials_interfaces/include/bme_ros2_tutorials_interfaces/bme_ros2_tutorials_interfaces/srv/detail/custom_calc__rosidl_typesupport_introspection_cpp.hpp
-- Installing: /home/himanshu/ros2_ws/src/install/bme_ros2_tutorials_interfaces/include/bme_ros2_tutorials_interfaces/bme_ros2_tutorials_interfaces/srv/detail/custom_calc__type_support.cpp
-- Installing: /home/himanshu/ros2_ws/src/install/bme_ros2_tutorials_interfaces/lib/libbme_ros2_tutorials_interfaces__rosidl_typesupport_introspection_cpp.so
-- Set non-toolchain portion of runtime path of "/home/himanshu/ros2_ws/src/install/bme_ros2_tutorials_interfaces/lib/libbme_ros2_tutorials_interfaces__rosidl_typesupport_introspection_cpp.so" to ""
-- Installing: /home/himanshu/ros2_ws/src/install/bme_ros2_tutorials_interfaces/lib/libbme_ros2_tutorials_interfaces__rosidl_typesupport_cpp.so
-- Set non-toolchain portion of runtime path of "/home/himanshu/ros2_ws/src/install/bme_ros2_tutorials_interfaces/lib/libbme_ros2_tutorials_interfaces__rosidl_typesupport_cpp.so" to ""
-- Installing: /home/himanshu/ros2_ws/src/install/bme_ros2_tutorials_interfaces/share/bme_ros2_tutorials_interfaces/environment/pythonpath.sh
-- Installing: /home/himanshu/ros2_ws/src/install/bme_ros2_tutorials_interfaces/share/bme_ros2_tutorials_interfaces/environment/pythonpath.dsv
-- Installing: /home/himanshu/ros2_ws/src/install/bme_ros2_tutorials_interfaces/lib/python3.12/site-packages/bme_ros2_tutorials_interfaces-0.0.0-py3.12.egg-info
-- Installing: /home/himanshu/ros2_ws/src/install/bme_ros2_tutorials_interfaces/lib/python3.12/site-packages/bme_ros2_tutorials_interfaces-0.0.0-py3.12.egg-info/dependency_links.txt
-- Installing: /home/himanshu/ros2_ws/src/install/bme_ros2_tutorials_interfaces/lib/python3.12/site-packages/bme_ros2_tutorials_interfaces-0.0.0-py3.12.egg-info/PKG-INFO
-- Installing: /home/himanshu/ros2_ws/src/install/bme_ros2_tutorials_interfaces/lib/python3.12/site-packages/bme_ros2_tutorials_interfaces-0.0.0-py3.12.egg-info/SOURCES.txt
-- Installing: /home/himanshu/ros2_ws/src/install/bme_ros2_tutorials_interfaces/lib/python3.12/site-packages/bme_ros2_tutorials_interfaces-0.0.0-py3.12.egg-info/top_level.txt
-- Installing: /home/himanshu/ros2_ws/src/install/bme_ros2_tutorials_interfaces/lib/python3.12/site-packages/bme_ros2_tutorials_interfaces
-- Installing: /home/himanshu/ros2_ws/src/install/bme_ros2_tutorials_interfaces/lib/python3.12/site-packages/bme_ros2_tutorials_interfaces/__init__.py
-- Installing: /home/himanshu/ros2_ws/src/install/bme_ros2_tutorials_interfaces/lib/python3.12/site-packages/bme_ros2_tutorials_interfaces/bme_ros2_tutorials_interfaces_s__rosidl_typesupport_c.so
-- Installing: /home/himanshu/ros2_ws/src/install/bme_ros2_tutorials_interfaces/lib/python3.12/site-packages/bme_ros2_tutorials_interfaces/_bme_ros2_tutorials_interfaces_s.ep.rosidl_typesupport_c.c
-- Installing: /home/himanshu/ros2_ws/src/install/bme_ros2_tutorials_interfaces/lib/python3.12/site-packages/bme_ros2_tutorials_interfaces/_bme_ros2_tutorials_interfaces_s.ep.rosidl_typesupport_introspection_c.c
-- Installing: /home/himanshu/ros2_ws/src/install/bme_ros2_tutorials_interfaces/lib/python3.12/site-packages/bme_ros2_tutorials_interfaces/bme_ros2_tutorials_interfaces_s__rosidl_typesupport_introspection_c.so
-- Installing: /home/himanshu/ros2_ws/src/install/bme_ros2_tutorials_interfaces/lib/python3.12/site-packages/bme_ros2_tutorials_interfaces/bme_ros2_tutorials_interfaces_s__rosidl_typesupport_fastrtps_c.so
-- Installing: /home/himanshu/ros2_ws/src/install/bme_ros2_tutorials_interfaces/lib/python3.12/site-packages/bme_ros2_tutorials_interfaces/_bme_ros2_tutorials_interfaces_s.ep.rosidl_typesupport_fastrtps_c.c
-- Installing: /home/himanshu/ros2_ws/src/install/bme_ros2_tutorials_interfaces/lib/python3.12/site-packages/bme_ros2_tutorials_interfaces/srv
-- Installing: /home/himanshu/ros2_ws/src/install/bme_ros2_tutorials_interfaces/lib/python3.12/site-packages/bme_ros2_tutorials_interfaces/srv/__init__.py
-- Installing: /home/himanshu/ros2_ws/src/install/bme_ros2_tutorials_interfaces/lib/python3.12/site-packages/bme_ros2_tutorials_interfaces/srv/_custom_calc_s.c
-- Installing: /home/himanshu/ros2_ws/src/install/bme_ros2_tutorials_interfaces/lib/python3.12/site-packages/bme_ros2_tutorials_interfaces/srv/_custom_calc.py
Listing '/home/himanshu/ros2_ws/src/install/bme_ros2_tutorials_interfaces/lib/python3.12/site-packages/bme_ros2_tutorials_interfaces'...
Compiling '/home/himanshu/ros2_ws/src/install/bme_ros2_tutorials_interfaces/lib/python3.12/site-packages/bme_ros2_tutorials_interfaces/__init__.py'...
Listing '/home/himanshu/ros2_ws/src/install/bme_ros2_tutorials_interfaces/lib/python3.12/site-packages/bme_ros2_tutorials_interfaces/srv'...
Compiling '/home/himanshu/ros2_ws/src/install/bme_ros2_tutorials_interfaces/lib/python3.12/site-packages/bme_ros2_tutorials_interfaces/srv/__init__.py'...
Compiling '/home/himanshu/ros2_ws/src/install/bme_ros2_tutorials_interfaces/lib/python3.12/site-packages/bme_ros2_tutorials_interfaces/srv/_custom_calc.py'...
-- Installing: /home/himanshu/ros2_ws/src/install/bme_ros2_tutorials_interfaces/lib/python3.12/site-packages/bme_ros2_tutorials_interfaces/bme_ros2_tutorials_interfaces_s__rosidl_typesupport_fastrtps_c.so
-- Set non-toolchain portion of runtime path of "/home/himanshu/ros2_ws/src/install/bme_ros2_tutorials_interfaces/lib/python3.12/site-packages/bme_ros2_tutorials_interfaces/bme_ros2_tutorials_interfaces_s__rosidl_typesupport_fastrtps_c.so" to ""
-- Installing: /home/himanshu/ros2_ws/src/install/bme_ros2_tutorials_interfaces/lib/python3.12/site-packages/bme_ros2_tutorials_interfaces/bme_ros2_tutorials_interfaces_s__rosidl_typesupport_introspection_c.so
-- Set non-toolchain portion of runtime path of "/home/himanshu/ros2_ws/src/install/bme_ros2_tutorials_interfaces/lib/python3.12/site-packages/bme_ros2_tutorials_interfaces/bme_ros2_tutorials_interfaces_s__rosidl_typesupport_introspection_c.so" to ""
-- Installing: /home/himanshu/ros2_ws/src/install/bme_ros2_tutorials_interfaces/lib/python3.12/site-packages/bme_ros2_tutorials_interfaces/bme_ros2_tutorials_interfaces_s__rosidl_typesupport_c.so
-- Set non-toolchain portion of runtime path of "/home/himanshu/ros2_ws/src/install/bme_ros2_tutorials_interfaces/lib/python3.12/site-packages/bme_ros2_tutorials_interfaces/bme_ros2_tutorials_interfaces_s__rosidl_typesupport_c.so" to ""
-- Installing: /home/himanshu/ros2_ws/src/install/bme_ros2_tutorials_interfaces/lib/libbme_ros2_tutorials_interfaces__rosidl_generator_py.so
-- Set non-toolchain portion of runtime path of "/home/himanshu/ros2_ws/src/install/bme_ros2_tutorials_interfaces/lib/libbme_ros2_tutorials_interfaces__rosidl_generator_py.so" to ""
-- Installing: /home/himanshu/ros2_ws/src/install/bme_ros2_tutorials_interfaces/share/bme_ros2_tutorials_interfaces/srv/CustomCalc.idl
-- Installing: /home/himanshu/ros2_ws/src/install/bme_ros2_tutorials_interfaces/share/bme_ros2_tutorials_interfaces/srv/CustomCalc.srv
-- Installing: /home/himanshu/ros2_ws/src/install/bme_ros2_tutorials_interfaces/share/ament_index/resource_index/package_run_dependencies/bme_ros2_tutorials_interfaces
-- Installing: /home/himanshu/ros2_ws/src/install/bme_ros2_tutorials_interfaces/share/ament_index/resource_index/parent_prefix_path/bme_ros2_tutorials_interfaces
-- Installing: /home/himanshu/ros2_ws/src/install/bme_ros2_tutorials_interfaces/share/bme_ros2_tutorials_interfaces/environment/ament_prefix_path.sh
-- Installing: /home/himanshu/ros2_ws/src/install/bme_ros2_tutorials_interfaces/share/bme_ros2_tutorials_interfaces/environment/ament_prefix_path.dsv
-- Installing: /home/himanshu/ros2_ws/src/install/bme_ros2_tutorials_interfaces/share/bme_ros2_tutorials_interfaces/environment/path.sh
-- Installing: /home/himanshu/ros2_ws/src/install/bme_ros2_tutorials_interfaces/share/bme_ros2_tutorials_interfaces/environment/path.dsv
-- Installing: /home/himanshu/ros2_ws/src/install/bme_ros2_tutorials_interfaces/share/bme_ros2_tutorials_interfaces/local_setup.bash
-- Installing: /home/himanshu/ros2_ws/src/install/bme_ros2_tutorials_interfaces/share/bme_ros2_tutorials_interfaces/local_setup.sh
-- Installing: /home/himanshu/ros2_ws/src/install/bme_ros2_tutorials_interfaces/share/bme_ros2_tutorials_interfaces/local_setup.zsh
-- Installing: /home/himanshu/ros2_ws/src/install/bme_ros2_tutorials_interfaces/share/bme_ros2_tutorials_interfaces/local_setup.dsv
-- Installing: /home/himanshu/ros2_ws/src/install/bme_ros2_tutorials_interfaces/share/bme_ros2_tutorials_interfaces/package.dsv
-- Installing: /home/himanshu/ros2_ws/src/install/bme_ros2_tutorials_interfaces/share/ament_index/resource_index/packages/bme_ros2_tutorials_interfaces
-- Installing: /home/himanshu/ros2_ws/src/install/bme_ros2_tutorials_interfaces/share/bme_ros2_tutorials_interfaces/cmake/export_bme_ros2_tutorials_interfaces__rosidl_generator_cExport.cmake
-- Installing: /home/himanshu/ros2_ws/src/install/bme_ros2_tutorials_interfaces/share/bme_ros2_tutorials_interfaces/cmake/export_bme_ros2_tutorials_interfaces__rosidl_generator_cExport-noconfig.cmake
-- Installing: /home/himanshu/ros2_ws/src/install/bme_ros2_tutorials_interfaces/share/bme_ros2_tutorials_interfaces/cmake/export_bme_ros2_tutorials_interfaces__rosidl_typesupport_fastrtps_cExport.cmake
-- Installing: /home/himanshu/ros2_ws/src/install/bme_ros2_tutorials_interfaces/share/bme_ros2_tutorials_interfaces/cmake/export_bme_ros2_tutorials_interfaces__rosidl_typesupport_fastrtps_cExport-noconfig.cmake
-- Installing: /home/himanshu/ros2_ws/src/install/bme_ros2_tutorials_interfaces/share/bme_ros2_tutorials_interfaces/cmake/bme_ros2_tutorials_interfaces__rosidl_typesupport_introspection_cExport.cmake
-- Installing: /home/himanshu/ros2_ws/src/install/bme_ros2_tutorials_interfaces/share/bme_ros2_tutorials_interfaces/cmake/bme_ros2_tutorials_interfaces__rosidl_typesupport_introspection_cExport-noconfig.cmake
-- Installing: /home/himanshu/ros2_ws/src/install/bme_ros2_tutorials_interfaces/share/bme_ros2_tutorials_interfaces/cmake/bme_ros2_tutorials_interfaces__rosidl_typesupport_cExport.cmake
-- Installing: /home/himanshu/ros2_ws/src/install/bme_ros2_tutorials_interfaces/share/bme_ros2_tutorials_interfaces/cmake/bme_ros2_tutorials_interfaces__rosidl_typesupport_cExport-noconfig.cmake
-- Installing: /home/himanshu/ros2_ws/src/install/bme_ros2_tutorials_interfaces/share/bme_ros2_tutorials_interfaces/cmake/export_bme_ros2_tutorials_interfaces__rosidl_generator_cppExport.cmake
-- Installing: /home/himanshu/ros2_ws/src/install/bme_ros2_tutorials_interfaces/share/bme_ros2_tutorials_interfaces/cmake/export_bme_ros2_tutorials_interfaces__rosidl_typesupport_fastrtps_cppExport.cmake
-- Installing: /home/himanshu/ros2_ws/src/install/bme_ros2_tutorials_interfaces/share/bme_ros2_tutorials_interfaces/cmake/export_bme_ros2_tutorials_interfaces__rosidl_typesupport_fastrtps_cppExport-noconfig.cmake
-- Installing: /home/himanshu/ros2_ws/src/install/bme_ros2_tutorials_interfaces/share/bme_ros2_tutorials_interfaces/cmake/bme_ros2_tutorials_interfaces__rosidl_typesupport_introspection_cppExport.cmake
-- Installing: /home/himanshu/ros2_ws/src/install/bme_ros2_tutorials_interfaces/share/bme_ros2_tutorials_interfaces/cmake/bme_ros2_tutorials_interfaces__rosidl_typesupport_introspection_cppExport-noconfig.cmake
-- Installing: /home/himanshu/ros2_ws/src/install/bme_ros2_tutorials_interfaces/share/bme_ros2_tutorials_interfaces/cmake/bme_ros2_tutorials_interfaces__rosidl_typesupport_cppExport.cmake
-- Installing: /home/himanshu/ros2_ws/src/install/bme_ros2_tutorials_interfaces/share/bme_ros2_tutorials_interfaces/cmake/bme_ros2_tutorials_interfaces__rosidl_typesupport_cppExport-noconfig.cmake
-- Installing: /home/himanshu/ros2_ws/src/install/bme_ros2_tutorials_interfaces/share/bme_ros2_tutorials_interfaces/cmake/export_bme_ros2_tutorials_interfaces__rosidl_generator_pyExport.cmake
-- Installing: /home/himanshu/ros2_ws/src/install/bme_ros2_tutorials_interfaces/share/bme_ros2_tutorials_interfaces/cmake/export_bme_ros2_tutorials_interfaces__rosidl_generator_pyExport-noconfig.cmake
-- Installing: /home/himanshu/ros2_ws/src/install/bme_ros2_tutorials_interfaces/share/bme_ros2_tutorials_interfaces/cmake/rosidl_cmake-extras.cmake
-- Installing: /home/himanshu/ros2_ws/src/install/bme_ros2_tutorials_interfaces/share/bme_ros2_tutorials_interfaces/cmake/ament_cmake_export_dependencies-extras.cmake
-- Installing: /home/himanshu/ros2_ws/src/install/bme_ros2_tutorials_interfaces/share/bme_ros2_tutorials_interfaces/cmake/ament_cmake_export_include_directories-extras.cmake
-- Installing: /home/himanshu/ros2_ws/src/install/bme_ros2_tutorials_interfaces/share/bme_ros2_tutorials_interfaces/cmake/ament_cmake_export_libraries-extras.cmake
-- Installing: /home/himanshu/ros2_ws/src/install/bme_ros2_tutorials_interfaces/share/bme_ros2_tutorials_interfaces/cmake/ament_cmake_export_targets-extras.cmake
-- Installing: /home/himanshu/ros2_ws/src/install/bme_ros2_tutorials_interfaces/share/bme_ros2_tutorials_interfaces/cmake/rosidl_cmake_export_typesupport_targets-extras.cmake
-- Installing: /home/himanshu/ros2_ws/src/install/bme_ros2_tutorials_interfaces/share/bme_ros2_tutorials_interfaces/cmake/rosidl_cmake_export_typesupport_libraries-extras.cmake
-- Installing: /home/himanshu/ros2_ws/src/install/bme_ros2_tutorials_interfaces/share/bme_ros2_tutorials_interfaces/cmake/bme_ros2_tutorials_interfacesConfig.cmake
-- Installing: /home/himanshu/ros2_ws/src/install/bme_ros2_tutorials_interfaces/share/bme_ros2_tutorials_interfaces/cmake/bme_ros2_tutorials_interfacesConfig-version.cmake
-- Installing: /home/himanshu/ros2_ws/src/install/bme_ros2_tutorials_interfaces/share/bme_ros2_tutorials_interfaces/package.xml
