[0.064s] Invoking command in '/home/himanshu/ros2_ws/src/build/bme_ros2_tutorials_interfaces': CMAKE_PREFIX_PATH=${CMAKE_PREFIX_PATH}:/home/himanshu/ros2_ws/install/ur_robot_driver:/home/himanshu/ros2_ws/install/ur_mogi_py:/home/himanshu/ros2_ws/install/open_manipulator_mogi_py:/home/himanshu/ros2_ws/install/mogi_trajectory_server:/home/himanshu/ros2_ws/install/map_merge_py:/home/himanshu/ros2_ws/install/bme_ros2_tutorials_py:/home/himanshu/ros2_ws/install/bme_ros2_simple_arm_py:/home/himanshu/ros2_ws/install/bme_ros2_navigation_py:/home/himanshu/ros2_ws/install/bme_gazebo_sensors_py:/opt/ros/jazzy DEBUGINFOD_URLS=https://debuginfod.ubuntu.com /usr/bin/cmake /home/himanshu/ros2_ws/src/bme_ros2_tutorials_interfaces -DCMAKE_INSTALL_PREFIX=/home/himanshu/ros2_ws/src/install/bme_ros2_tutorials_interfaces
[0.273s] -- The C compiler identification is GNU 13.3.0
[0.485s] -- The CXX compiler identification is GNU 13.3.0
[0.546s] -- Detecting C compiler ABI info
[0.877s] -- Detecting C compiler ABI info - done
[0.920s] -- Check for working C compiler: /usr/bin/cc - skipped
[0.920s] -- Detecting C compile features
[0.925s] -- Detecting C compile features - done
[0.958s] -- Detecting CXX compiler ABI info
[1.324s] -- Detecting CXX compiler ABI info - done
[1.375s] -- Check for working CXX compiler: /usr/bin/c++ - skipped
[1.375s] -- Detecting CXX compile features
[1.375s] -- Detecting CXX compile features - done
[1.404s] -- Found ament_cmake: 2.5.4 (/opt/ros/jazzy/share/ament_cmake/cmake)
[2.214s] -- Found Python3: /usr/bin/python3 (found version "3.12.3") found components: Interpreter 
[3.256s] -- Found rosidl_default_generators: 1.6.0 (/opt/ros/jazzy/share/rosidl_default_generators/cmake)
[3.559s] -- Using all available rosidl_typesupport_c: rosidl_typesupport_fastrtps_c;rosidl_typesupport_introspection_c
[4.861s] -- Using all available rosidl_typesupport_cpp: rosidl_typesupport_fastrtps_cpp;rosidl_typesupport_introspection_cpp
[5.597s] -- Found rosidl_adapter: 4.6.5 (/opt/ros/jazzy/share/rosidl_adapter/cmake)
[10.208s] -- Found ament_cmake_ros: 0.12.0 (/opt/ros/jazzy/share/ament_cmake_ros/cmake)
[13.294s] -- Using all available rosidl_typesupport_c: rosidl_typesupport_fastrtps_c;rosidl_typesupport_introspection_c
[19.462s] -- Using all available rosidl_typesupport_cpp: rosidl_typesupport_fastrtps_cpp;rosidl_typesupport_introspection_cpp
[19.624s] -- Found python_cmake_module: 0.11.1 (/opt/ros/jazzy/share/python_cmake_module/cmake)
[20.620s] -- Found PythonExtra: /usr/bin/python3  
[25.014s] -- Found Python3: /usr/bin/python3 (found version "3.12.3") found components: Interpreter Development NumPy Development.Module Development.Embed 
[25.440s] -- Found ament_lint_auto: 0.17.2 (/opt/ros/jazzy/share/ament_lint_auto/cmake)
[25.876s] -- Added test 'lint_cmake' to check CMake code style
[25.895s] -- Added test 'xmllint' to check XML markup files
[25.938s] -- Configuring done (25.9s)
[26.233s] -- Generating done (0.2s)
[26.342s] -- Build files have been written to: /home/himanshu/ros2_ws/src/build/bme_ros2_tutorials_interfaces
[26.429s] Invoked command in '/home/himanshu/ros2_ws/src/build/bme_ros2_tutorials_interfaces' returned '0': CMAKE_PREFIX_PATH=${CMAKE_PREFIX_PATH}:/home/himanshu/ros2_ws/install/ur_robot_driver:/home/himanshu/ros2_ws/install/ur_mogi_py:/home/himanshu/ros2_ws/install/open_manipulator_mogi_py:/home/himanshu/ros2_ws/install/mogi_trajectory_server:/home/himanshu/ros2_ws/install/map_merge_py:/home/himanshu/ros2_ws/install/bme_ros2_tutorials_py:/home/himanshu/ros2_ws/install/bme_ros2_simple_arm_py:/home/himanshu/ros2_ws/install/bme_ros2_navigation_py:/home/himanshu/ros2_ws/install/bme_gazebo_sensors_py:/opt/ros/jazzy DEBUGINFOD_URLS=https://debuginfod.ubuntu.com /usr/bin/cmake /home/himanshu/ros2_ws/src/bme_ros2_tutorials_interfaces -DCMAKE_INSTALL_PREFIX=/home/himanshu/ros2_ws/src/install/bme_ros2_tutorials_interfaces
[26.431s] Invoking command in '/home/himanshu/ros2_ws/src/build/bme_ros2_tutorials_interfaces': CMAKE_PREFIX_PATH=${CMAKE_PREFIX_PATH}:/home/himanshu/ros2_ws/install/ur_robot_driver:/home/himanshu/ros2_ws/install/ur_mogi_py:/home/himanshu/ros2_ws/install/open_manipulator_mogi_py:/home/himanshu/ros2_ws/install/mogi_trajectory_server:/home/himanshu/ros2_ws/install/map_merge_py:/home/himanshu/ros2_ws/install/bme_ros2_tutorials_py:/home/himanshu/ros2_ws/install/bme_ros2_simple_arm_py:/home/himanshu/ros2_ws/install/bme_ros2_navigation_py:/home/himanshu/ros2_ws/install/bme_gazebo_sensors_py:/opt/ros/jazzy DEBUGINFOD_URLS=https://debuginfod.ubuntu.com /usr/bin/cmake --build /home/himanshu/ros2_ws/src/build/bme_ros2_tutorials_interfaces -- -j8 -l8
[31.009s] [  2%] [34m[1mGenerating type hashes for ROS interfaces[0m
[31.009s] [  2%] Built target bme_ros2_tutorials_interfaces__rosidl_generator_type_description
[31.009s] [  2%] Built target ament_cmake_python_copy_bme_ros2_tutorials_interfaces
[31.010s] [  5%] [34m[1mGenerating C code for ROS interfaces[0m
[31.010s] [  8%] [32mBuilding C object CMakeFiles/bme_ros2_tutorials_interfaces__rosidl_generator_c.dir/rosidl_generator_c/bme_ros2_tutorials_interfaces/srv/detail/custom_calc__description.c.o[0m
[31.029s] [ 11%] [32mBuilding C object CMakeFiles/bme_ros2_tutorials_interfaces__rosidl_generator_c.dir/rosidl_generator_c/bme_ros2_tutorials_interfaces/srv/detail/custom_calc__type_support.c.o[0m
[31.330s] [ 14%] [32mBuilding C object CMakeFiles/bme_ros2_tutorials_interfaces__rosidl_generator_c.dir/rosidl_generator_c/bme_ros2_tutorials_interfaces/srv/detail/custom_calc__functions.c.o[0m
[31.775s] [ 17%] [32m[1mLinking C shared library libbme_ros2_tutorials_interfaces__rosidl_generator_c.so[0m
[31.961s] [ 17%] Built target bme_ros2_tutorials_interfaces__rosidl_generator_c
[33.311s] running egg_info
[33.315s] creating bme_ros2_tutorials_interfaces.egg-info
[33.430s] writing bme_ros2_tutorials_interfaces.egg-info/PKG-INFO
[33.431s] writing dependency_links to bme_ros2_tutorials_interfaces.egg-info/dependency_links.txt
[33.432s] writing top-level names to bme_ros2_tutorials_interfaces.egg-info/top_level.txt
[33.433s] writing manifest file 'bme_ros2_tutorials_interfaces.egg-info/SOURCES.txt'
[33.870s] reading manifest file 'bme_ros2_tutorials_interfaces.egg-info/SOURCES.txt'
[33.872s] writing manifest file 'bme_ros2_tutorials_interfaces.egg-info/SOURCES.txt'
[34.074s] [ 17%] Built target ament_cmake_python_build_bme_ros2_tutorials_interfaces_egg
[34.151s] [ 20%] [34m[1mGenerating C type support dispatch for ROS interfaces[0m
[35.531s] [ 23%] [32mBuilding CXX object CMakeFiles/bme_ros2_tutorials_interfaces__rosidl_typesupport_c.dir/rosidl_typesupport_c/bme_ros2_tutorials_interfaces/srv/custom_calc__type_support.cpp.o[0m
[35.802s] [ 26%] [32m[1mLinking CXX shared library libbme_ros2_tutorials_interfaces__rosidl_typesupport_c.so[0m
[35.994s] [ 26%] Built target bme_ros2_tutorials_interfaces__rosidl_typesupport_c
[36.036s] [ 29%] [34m[1mGenerating C introspection for ROS interfaces[0m
[37.235s] [ 32%] [32mBuilding C object CMakeFiles/bme_ros2_tutorials_interfaces__rosidl_typesupport_introspection_c.dir/rosidl_typesupport_introspection_c/bme_ros2_tutorials_interfaces/srv/detail/custom_calc__type_support.c.o[0m
[37.493s] [ 35%] [32m[1mLinking C shared library libbme_ros2_tutorials_interfaces__rosidl_typesupport_introspection_c.so[0m
[37.646s] [ 35%] Built target bme_ros2_tutorials_interfaces__rosidl_typesupport_introspection_c
[37.690s] [ 38%] [34m[1mGenerating C type support for eProsima Fast-RTPS[0m
[39.229s] [ 41%] [32mBuilding CXX object CMakeFiles/bme_ros2_tutorials_interfaces__rosidl_typesupport_fastrtps_c.dir/rosidl_typesupport_fastrtps_c/bme_ros2_tutorials_interfaces/srv/detail/custom_calc__type_support_c.cpp.o[0m
[41.299s] [ 44%] [32m[1mLinking CXX shared library libbme_ros2_tutorials_interfaces__rosidl_typesupport_fastrtps_c.so[0m
[41.486s] [ 44%] Built target bme_ros2_tutorials_interfaces__rosidl_typesupport_fastrtps_c
[41.570s] [ 47%] [34m[1mGenerating C++ code for ROS interfaces[0m
[43.104s] [ 47%] Built target bme_ros2_tutorials_interfaces__cpp
[43.142s] [ 50%] [34m[1mGenerating C++ type support for eProsima Fast-RTPS[0m
[44.537s] [ 52%] [32mBuilding CXX object CMakeFiles/bme_ros2_tutorials_interfaces__rosidl_typesupport_fastrtps_cpp.dir/rosidl_typesupport_fastrtps_cpp/bme_ros2_tutorials_interfaces/srv/detail/dds_fastrtps/custom_calc__type_support.cpp.o[0m
[46.847s] [ 55%] [32m[1mLinking CXX shared library libbme_ros2_tutorials_interfaces__rosidl_typesupport_fastrtps_cpp.so[0m
[47.227s] [ 55%] Built target bme_ros2_tutorials_interfaces__rosidl_typesupport_fastrtps_cpp
[47.268s] [ 58%] [34m[1mGenerating C++ type support dispatch for ROS interfaces[0m
[48.251s] [ 61%] [32mBuilding CXX object CMakeFiles/bme_ros2_tutorials_interfaces__rosidl_typesupport_cpp.dir/rosidl_typesupport_cpp/bme_ros2_tutorials_interfaces/srv/custom_calc__type_support.cpp.o[0m
[49.701s] [ 64%] [32m[1mLinking CXX shared library libbme_ros2_tutorials_interfaces__rosidl_typesupport_cpp.so[0m
[50.049s] [ 64%] Built target bme_ros2_tutorials_interfaces__rosidl_typesupport_cpp
[50.092s] [ 67%] [34m[1mGenerating C++ introspection for ROS interfaces[0m
[51.162s] [ 70%] [32mBuilding CXX object CMakeFiles/bme_ros2_tutorials_interfaces__rosidl_typesupport_introspection_cpp.dir/rosidl_typesupport_introspection_cpp/bme_ros2_tutorials_interfaces/srv/detail/custom_calc__type_support.cpp.o[0m
[52.600s] [ 73%] [32m[1mLinking CXX shared library libbme_ros2_tutorials_interfaces__rosidl_typesupport_introspection_cpp.so[0m
[52.916s] [ 73%] Built target bme_ros2_tutorials_interfaces__rosidl_typesupport_introspection_cpp
[52.983s] [ 73%] Built target bme_ros2_tutorials_interfaces
[53.066s] [ 76%] [34m[1mGenerating Python code for ROS interfaces[0m
[54.829s] [ 76%] Built target bme_ros2_tutorials_interfaces__py
[54.935s] [ 79%] [32mBuilding C object CMakeFiles/bme_ros2_tutorials_interfaces__rosidl_generator_py.dir/rosidl_generator_py/bme_ros2_tutorials_interfaces/srv/_custom_calc_s.c.o[0m
[55.800s] [ 82%] [32m[1mLinking C shared library libbme_ros2_tutorials_interfaces__rosidl_generator_py.so[0m
[55.987s] [ 82%] Built target bme_ros2_tutorials_interfaces__rosidl_generator_py
[56.104s] [ 85%] [32mBuilding C object CMakeFiles/bme_ros2_tutorials_interfaces_s__rosidl_typesupport_fastrtps_c.dir/rosidl_generator_py/bme_ros2_tutorials_interfaces/_bme_ros2_tutorials_interfaces_s.ep.rosidl_typesupport_fastrtps_c.c.o[0m
[56.553s] [ 88%] [32m[1mLinking C shared module rosidl_generator_py/bme_ros2_tutorials_interfaces/bme_ros2_tutorials_interfaces_s__rosidl_typesupport_fastrtps_c.so[0m
[56.679s] [ 88%] Built target bme_ros2_tutorials_interfaces_s__rosidl_typesupport_fastrtps_c
[56.769s] [ 91%] [32mBuilding C object CMakeFiles/bme_ros2_tutorials_interfaces_s__rosidl_typesupport_c.dir/rosidl_generator_py/bme_ros2_tutorials_interfaces/_bme_ros2_tutorials_interfaces_s.ep.rosidl_typesupport_c.c.o[0m
[57.202s] [ 94%] [32m[1mLinking C shared module rosidl_generator_py/bme_ros2_tutorials_interfaces/bme_ros2_tutorials_interfaces_s__rosidl_typesupport_c.so[0m
[57.335s] [ 94%] Built target bme_ros2_tutorials_interfaces_s__rosidl_typesupport_c
[57.433s] [ 97%] [32mBuilding C object CMakeFiles/bme_ros2_tutorials_interfaces_s__rosidl_typesupport_introspection_c.dir/rosidl_generator_py/bme_ros2_tutorials_interfaces/_bme_ros2_tutorials_interfaces_s.ep.rosidl_typesupport_introspection_c.c.o[0m
[57.883s] [100%] [32m[1mLinking C shared module rosidl_generator_py/bme_ros2_tutorials_interfaces/bme_ros2_tutorials_interfaces_s__rosidl_typesupport_introspection_c.so[0m
[58.038s] [100%] Built target bme_ros2_tutorials_interfaces_s__rosidl_typesupport_introspection_c
[58.221s] Invoked command in '/home/himanshu/ros2_ws/src/build/bme_ros2_tutorials_interfaces' returned '0': CMAKE_PREFIX_PATH=${CMAKE_PREFIX_PATH}:/home/himanshu/ros2_ws/install/ur_robot_driver:/home/himanshu/ros2_ws/install/ur_mogi_py:/home/himanshu/ros2_ws/install/open_manipulator_mogi_py:/home/himanshu/ros2_ws/install/mogi_trajectory_server:/home/himanshu/ros2_ws/install/map_merge_py:/home/himanshu/ros2_ws/install/bme_ros2_tutorials_py:/home/himanshu/ros2_ws/install/bme_ros2_simple_arm_py:/home/himanshu/ros2_ws/install/bme_ros2_navigation_py:/home/himanshu/ros2_ws/install/bme_gazebo_sensors_py:/opt/ros/jazzy DEBUGINFOD_URLS=https://debuginfod.ubuntu.com /usr/bin/cmake --build /home/himanshu/ros2_ws/src/build/bme_ros2_tutorials_interfaces -- -j8 -l8
[58.228s] Invoking command in '/home/himanshu/ros2_ws/src/build/bme_ros2_tutorials_interfaces': CMAKE_PREFIX_PATH=${CMAKE_PREFIX_PATH}:/home/himanshu/ros2_ws/install/ur_robot_driver:/home/himanshu/ros2_ws/install/ur_mogi_py:/home/himanshu/ros2_ws/install/open_manipulator_mogi_py:/home/himanshu/ros2_ws/install/mogi_trajectory_server:/home/himanshu/ros2_ws/install/map_merge_py:/home/himanshu/ros2_ws/install/bme_ros2_tutorials_py:/home/himanshu/ros2_ws/install/bme_ros2_simple_arm_py:/home/himanshu/ros2_ws/install/bme_ros2_navigation_py:/home/himanshu/ros2_ws/install/bme_gazebo_sensors_py:/opt/ros/jazzy DEBUGINFOD_URLS=https://debuginfod.ubuntu.com /usr/bin/cmake --install /home/himanshu/ros2_ws/src/build/bme_ros2_tutorials_interfaces
[60.439s] -- Install configuration: ""
[60.439s] -- Installing: /home/himanshu/ros2_ws/src/install/bme_ros2_tutorials_interfaces/share/ament_index/resource_index/rosidl_interfaces/bme_ros2_tutorials_interfaces
[60.440s] -- Installing: /home/himanshu/ros2_ws/src/install/bme_ros2_tutorials_interfaces/share/bme_ros2_tutorials_interfaces/srv/CustomCalc.json
[60.441s] -- Installing: /home/himanshu/ros2_ws/src/install/bme_ros2_tutorials_interfaces/include/bme_ros2_tutorials_interfaces/bme_ros2_tutorials_interfaces
[60.441s] -- Installing: /home/himanshu/ros2_ws/src/install/bme_ros2_tutorials_interfaces/include/bme_ros2_tutorials_interfaces/bme_ros2_tutorials_interfaces/msg
[60.442s] -- Installing: /home/himanshu/ros2_ws/src/install/bme_ros2_tutorials_interfaces/include/bme_ros2_tutorials_interfaces/bme_ros2_tutorials_interfaces/msg/rosidl_generator_c__visibility_control.h
[60.442s] -- Installing: /home/himanshu/ros2_ws/src/install/bme_ros2_tutorials_interfaces/include/bme_ros2_tutorials_interfaces/bme_ros2_tutorials_interfaces/srv
[60.442s] -- Installing: /home/himanshu/ros2_ws/src/install/bme_ros2_tutorials_interfaces/include/bme_ros2_tutorials_interfaces/bme_ros2_tutorials_interfaces/srv/detail
[60.443s] -- Installing: /home/himanshu/ros2_ws/src/install/bme_ros2_tutorials_interfaces/include/bme_ros2_tutorials_interfaces/bme_ros2_tutorials_interfaces/srv/detail/custom_calc__struct.h
[60.443s] -- Installing: /home/himanshu/ros2_ws/src/install/bme_ros2_tutorials_interfaces/include/bme_ros2_tutorials_interfaces/bme_ros2_tutorials_interfaces/srv/detail/custom_calc__type_support.c
[60.444s] -- Installing: /home/himanshu/ros2_ws/src/install/bme_ros2_tutorials_interfaces/include/bme_ros2_tutorials_interfaces/bme_ros2_tutorials_interfaces/srv/detail/custom_calc__description.c
[60.444s] -- Installing: /home/himanshu/ros2_ws/src/install/bme_ros2_tutorials_interfaces/include/bme_ros2_tutorials_interfaces/bme_ros2_tutorials_interfaces/srv/detail/custom_calc__type_support.h
[60.445s] -- Installing: /home/himanshu/ros2_ws/src/install/bme_ros2_tutorials_interfaces/include/bme_ros2_tutorials_interfaces/bme_ros2_tutorials_interfaces/srv/detail/custom_calc__functions.h
[60.445s] -- Installing: /home/himanshu/ros2_ws/src/install/bme_ros2_tutorials_interfaces/include/bme_ros2_tutorials_interfaces/bme_ros2_tutorials_interfaces/srv/detail/custom_calc__functions.c
[60.446s] -- Installing: /home/himanshu/ros2_ws/src/install/bme_ros2_tutorials_interfaces/include/bme_ros2_tutorials_interfaces/bme_ros2_tutorials_interfaces/srv/custom_calc.h
[60.446s] -- Installing: /home/himanshu/ros2_ws/src/install/bme_ros2_tutorials_interfaces/share/bme_ros2_tutorials_interfaces/environment/library_path.sh
[60.446s] -- Installing: /home/himanshu/ros2_ws/src/install/bme_ros2_tutorials_interfaces/share/bme_ros2_tutorials_interfaces/environment/library_path.dsv
[60.447s] -- Installing: /home/himanshu/ros2_ws/src/install/bme_ros2_tutorials_interfaces/lib/libbme_ros2_tutorials_interfaces__rosidl_generator_c.so
[60.447s] -- Set non-toolchain portion of runtime path of "/home/himanshu/ros2_ws/src/install/bme_ros2_tutorials_interfaces/lib/libbme_ros2_tutorials_interfaces__rosidl_generator_c.so" to ""
[60.448s] -- Up-to-date: /home/himanshu/ros2_ws/src/install/bme_ros2_tutorials_interfaces/include/bme_ros2_tutorials_interfaces/bme_ros2_tutorials_interfaces
[60.448s] -- Up-to-date: /home/himanshu/ros2_ws/src/install/bme_ros2_tutorials_interfaces/include/bme_ros2_tutorials_interfaces/bme_ros2_tutorials_interfaces/msg
[60.451s] -- Installing: /home/himanshu/ros2_ws/src/install/bme_ros2_tutorials_interfaces/include/bme_ros2_tutorials_interfaces/bme_ros2_tutorials_interfaces/msg/rosidl_typesupport_fastrtps_c__visibility_control.h
[60.452s] -- Up-to-date: /home/himanshu/ros2_ws/src/install/bme_ros2_tutorials_interfaces/include/bme_ros2_tutorials_interfaces/bme_ros2_tutorials_interfaces/srv
[60.453s] -- Up-to-date: /home/himanshu/ros2_ws/src/install/bme_ros2_tutorials_interfaces/include/bme_ros2_tutorials_interfaces/bme_ros2_tutorials_interfaces/srv/detail
[60.454s] -- Installing: /home/himanshu/ros2_ws/src/install/bme_ros2_tutorials_interfaces/include/bme_ros2_tutorials_interfaces/bme_ros2_tutorials_interfaces/srv/detail/custom_calc__rosidl_typesupport_fastrtps_c.h
[60.455s] -- Installing: /home/himanshu/ros2_ws/src/install/bme_ros2_tutorials_interfaces/lib/libbme_ros2_tutorials_interfaces__rosidl_typesupport_fastrtps_c.so
[60.456s] -- Set non-toolchain portion of runtime path of "/home/himanshu/ros2_ws/src/install/bme_ros2_tutorials_interfaces/lib/libbme_ros2_tutorials_interfaces__rosidl_typesupport_fastrtps_c.so" to ""
[60.456s] -- Up-to-date: /home/himanshu/ros2_ws/src/install/bme_ros2_tutorials_interfaces/include/bme_ros2_tutorials_interfaces/bme_ros2_tutorials_interfaces
[60.457s] -- Up-to-date: /home/himanshu/ros2_ws/src/install/bme_ros2_tutorials_interfaces/include/bme_ros2_tutorials_interfaces/bme_ros2_tutorials_interfaces/msg
[60.457s] -- Installing: /home/himanshu/ros2_ws/src/install/bme_ros2_tutorials_interfaces/include/bme_ros2_tutorials_interfaces/bme_ros2_tutorials_interfaces/msg/rosidl_typesupport_introspection_c__visibility_control.h
[60.458s] -- Up-to-date: /home/himanshu/ros2_ws/src/install/bme_ros2_tutorials_interfaces/include/bme_ros2_tutorials_interfaces/bme_ros2_tutorials_interfaces/srv
[60.458s] -- Up-to-date: /home/himanshu/ros2_ws/src/install/bme_ros2_tutorials_interfaces/include/bme_ros2_tutorials_interfaces/bme_ros2_tutorials_interfaces/srv/detail
[60.458s] -- Installing: /home/himanshu/ros2_ws/src/install/bme_ros2_tutorials_interfaces/include/bme_ros2_tutorials_interfaces/bme_ros2_tutorials_interfaces/srv/detail/custom_calc__type_support.c
[60.459s] -- Installing: /home/himanshu/ros2_ws/src/install/bme_ros2_tutorials_interfaces/include/bme_ros2_tutorials_interfaces/bme_ros2_tutorials_interfaces/srv/detail/custom_calc__rosidl_typesupport_introspection_c.h
[60.459s] -- Installing: /home/himanshu/ros2_ws/src/install/bme_ros2_tutorials_interfaces/lib/libbme_ros2_tutorials_interfaces__rosidl_typesupport_introspection_c.so
[60.460s] -- Set non-toolchain portion of runtime path of "/home/himanshu/ros2_ws/src/install/bme_ros2_tutorials_interfaces/lib/libbme_ros2_tutorials_interfaces__rosidl_typesupport_introspection_c.so" to ""
[60.460s] -- Installing: /home/himanshu/ros2_ws/src/install/bme_ros2_tutorials_interfaces/lib/libbme_ros2_tutorials_interfaces__rosidl_typesupport_c.so
[60.460s] -- Set non-toolchain portion of runtime path of "/home/himanshu/ros2_ws/src/install/bme_ros2_tutorials_interfaces/lib/libbme_ros2_tutorials_interfaces__rosidl_typesupport_c.so" to ""
[60.461s] -- Up-to-date: /home/himanshu/ros2_ws/src/install/bme_ros2_tutorials_interfaces/include/bme_ros2_tutorials_interfaces/bme_ros2_tutorials_interfaces
[60.461s] -- Up-to-date: /home/himanshu/ros2_ws/src/install/bme_ros2_tutorials_interfaces/include/bme_ros2_tutorials_interfaces/bme_ros2_tutorials_interfaces/msg
[60.462s] -- Installing: /home/himanshu/ros2_ws/src/install/bme_ros2_tutorials_interfaces/include/bme_ros2_tutorials_interfaces/bme_ros2_tutorials_interfaces/msg/rosidl_generator_cpp__visibility_control.hpp
[60.462s] -- Up-to-date: /home/himanshu/ros2_ws/src/install/bme_ros2_tutorials_interfaces/include/bme_ros2_tutorials_interfaces/bme_ros2_tutorials_interfaces/srv
[60.462s] -- Up-to-date: /home/himanshu/ros2_ws/src/install/bme_ros2_tutorials_interfaces/include/bme_ros2_tutorials_interfaces/bme_ros2_tutorials_interfaces/srv/detail
[60.463s] -- Installing: /home/himanshu/ros2_ws/src/install/bme_ros2_tutorials_interfaces/include/bme_ros2_tutorials_interfaces/bme_ros2_tutorials_interfaces/srv/detail/custom_calc__traits.hpp
[60.467s] -- Installing: /home/himanshu/ros2_ws/src/install/bme_ros2_tutorials_interfaces/include/bme_ros2_tutorials_interfaces/bme_ros2_tutorials_interfaces/srv/detail/custom_calc__builder.hpp
[60.467s] -- Installing: /home/himanshu/ros2_ws/src/install/bme_ros2_tutorials_interfaces/include/bme_ros2_tutorials_interfaces/bme_ros2_tutorials_interfaces/srv/detail/custom_calc__type_support.hpp
[60.483s] -- Installing: /home/himanshu/ros2_ws/src/install/bme_ros2_tutorials_interfaces/include/bme_ros2_tutorials_interfaces/bme_ros2_tutorials_interfaces/srv/detail/custom_calc__struct.hpp
[60.483s] -- Installing: /home/himanshu/ros2_ws/src/install/bme_ros2_tutorials_interfaces/include/bme_ros2_tutorials_interfaces/bme_ros2_tutorials_interfaces/srv/custom_calc.hpp
[60.484s] -- Up-to-date: /home/himanshu/ros2_ws/src/install/bme_ros2_tutorials_interfaces/include/bme_ros2_tutorials_interfaces/bme_ros2_tutorials_interfaces
[60.484s] -- Up-to-date: /home/himanshu/ros2_ws/src/install/bme_ros2_tutorials_interfaces/include/bme_ros2_tutorials_interfaces/bme_ros2_tutorials_interfaces/msg
[60.485s] -- Installing: /home/himanshu/ros2_ws/src/install/bme_ros2_tutorials_interfaces/include/bme_ros2_tutorials_interfaces/bme_ros2_tutorials_interfaces/msg/rosidl_typesupport_fastrtps_cpp__visibility_control.h
[60.486s] -- Up-to-date: /home/himanshu/ros2_ws/src/install/bme_ros2_tutorials_interfaces/include/bme_ros2_tutorials_interfaces/bme_ros2_tutorials_interfaces/srv
[60.486s] -- Up-to-date: /home/himanshu/ros2_ws/src/install/bme_ros2_tutorials_interfaces/include/bme_ros2_tutorials_interfaces/bme_ros2_tutorials_interfaces/srv/detail
[60.487s] -- Installing: /home/himanshu/ros2_ws/src/install/bme_ros2_tutorials_interfaces/include/bme_ros2_tutorials_interfaces/bme_ros2_tutorials_interfaces/srv/detail/dds_fastrtps
[60.489s] -- Installing: /home/himanshu/ros2_ws/src/install/bme_ros2_tutorials_interfaces/include/bme_ros2_tutorials_interfaces/bme_ros2_tutorials_interfaces/srv/detail/custom_calc__rosidl_typesupport_fastrtps_cpp.hpp
[60.490s] -- Installing: /home/himanshu/ros2_ws/src/install/bme_ros2_tutorials_interfaces/lib/libbme_ros2_tutorials_interfaces__rosidl_typesupport_fastrtps_cpp.so
[60.490s] -- Set non-toolchain portion of runtime path of "/home/himanshu/ros2_ws/src/install/bme_ros2_tutorials_interfaces/lib/libbme_ros2_tutorials_interfaces__rosidl_typesupport_fastrtps_cpp.so" to ""
[60.490s] -- Up-to-date: /home/himanshu/ros2_ws/src/install/bme_ros2_tutorials_interfaces/include/bme_ros2_tutorials_interfaces/bme_ros2_tutorials_interfaces
[60.491s] -- Up-to-date: /home/himanshu/ros2_ws/src/install/bme_ros2_tutorials_interfaces/include/bme_ros2_tutorials_interfaces/bme_ros2_tutorials_interfaces/srv
[60.491s] -- Up-to-date: /home/himanshu/ros2_ws/src/install/bme_ros2_tutorials_interfaces/include/bme_ros2_tutorials_interfaces/bme_ros2_tutorials_interfaces/srv/detail
[60.492s] -- Installing: /home/himanshu/ros2_ws/src/install/bme_ros2_tutorials_interfaces/include/bme_ros2_tutorials_interfaces/bme_ros2_tutorials_interfaces/srv/detail/custom_calc__rosidl_typesupport_introspection_cpp.hpp
[60.492s] -- Installing: /home/himanshu/ros2_ws/src/install/bme_ros2_tutorials_interfaces/include/bme_ros2_tutorials_interfaces/bme_ros2_tutorials_interfaces/srv/detail/custom_calc__type_support.cpp
[60.493s] -- Installing: /home/himanshu/ros2_ws/src/install/bme_ros2_tutorials_interfaces/lib/libbme_ros2_tutorials_interfaces__rosidl_typesupport_introspection_cpp.so
[60.493s] -- Set non-toolchain portion of runtime path of "/home/himanshu/ros2_ws/src/install/bme_ros2_tutorials_interfaces/lib/libbme_ros2_tutorials_interfaces__rosidl_typesupport_introspection_cpp.so" to ""
[60.493s] -- Installing: /home/himanshu/ros2_ws/src/install/bme_ros2_tutorials_interfaces/lib/libbme_ros2_tutorials_interfaces__rosidl_typesupport_cpp.so
[60.494s] -- Set non-toolchain portion of runtime path of "/home/himanshu/ros2_ws/src/install/bme_ros2_tutorials_interfaces/lib/libbme_ros2_tutorials_interfaces__rosidl_typesupport_cpp.so" to ""
[60.494s] -- Installing: /home/himanshu/ros2_ws/src/install/bme_ros2_tutorials_interfaces/share/bme_ros2_tutorials_interfaces/environment/pythonpath.sh
[60.495s] -- Installing: /home/himanshu/ros2_ws/src/install/bme_ros2_tutorials_interfaces/share/bme_ros2_tutorials_interfaces/environment/pythonpath.dsv
[60.495s] -- Installing: /home/himanshu/ros2_ws/src/install/bme_ros2_tutorials_interfaces/lib/python3.12/site-packages/bme_ros2_tutorials_interfaces-0.0.0-py3.12.egg-info
[60.496s] -- Installing: /home/himanshu/ros2_ws/src/install/bme_ros2_tutorials_interfaces/lib/python3.12/site-packages/bme_ros2_tutorials_interfaces-0.0.0-py3.12.egg-info/dependency_links.txt
[60.496s] -- Installing: /home/himanshu/ros2_ws/src/install/bme_ros2_tutorials_interfaces/lib/python3.12/site-packages/bme_ros2_tutorials_interfaces-0.0.0-py3.12.egg-info/PKG-INFO
[60.496s] -- Installing: /home/himanshu/ros2_ws/src/install/bme_ros2_tutorials_interfaces/lib/python3.12/site-packages/bme_ros2_tutorials_interfaces-0.0.0-py3.12.egg-info/SOURCES.txt
[60.498s] -- Installing: /home/himanshu/ros2_ws/src/install/bme_ros2_tutorials_interfaces/lib/python3.12/site-packages/bme_ros2_tutorials_interfaces-0.0.0-py3.12.egg-info/top_level.txt
[60.498s] -- Installing: /home/himanshu/ros2_ws/src/install/bme_ros2_tutorials_interfaces/lib/python3.12/site-packages/bme_ros2_tutorials_interfaces
[60.499s] -- Installing: /home/himanshu/ros2_ws/src/install/bme_ros2_tutorials_interfaces/lib/python3.12/site-packages/bme_ros2_tutorials_interfaces/__init__.py
[60.499s] -- Installing: /home/himanshu/ros2_ws/src/install/bme_ros2_tutorials_interfaces/lib/python3.12/site-packages/bme_ros2_tutorials_interfaces/bme_ros2_tutorials_interfaces_s__rosidl_typesupport_c.so
[60.500s] -- Installing: /home/himanshu/ros2_ws/src/install/bme_ros2_tutorials_interfaces/lib/python3.12/site-packages/bme_ros2_tutorials_interfaces/_bme_ros2_tutorials_interfaces_s.ep.rosidl_typesupport_c.c
[60.500s] -- Installing: /home/himanshu/ros2_ws/src/install/bme_ros2_tutorials_interfaces/lib/python3.12/site-packages/bme_ros2_tutorials_interfaces/_bme_ros2_tutorials_interfaces_s.ep.rosidl_typesupport_introspection_c.c
[60.501s] -- Installing: /home/himanshu/ros2_ws/src/install/bme_ros2_tutorials_interfaces/lib/python3.12/site-packages/bme_ros2_tutorials_interfaces/bme_ros2_tutorials_interfaces_s__rosidl_typesupport_introspection_c.so
[60.501s] -- Installing: /home/himanshu/ros2_ws/src/install/bme_ros2_tutorials_interfaces/lib/python3.12/site-packages/bme_ros2_tutorials_interfaces/bme_ros2_tutorials_interfaces_s__rosidl_typesupport_fastrtps_c.so
[60.501s] -- Installing: /home/himanshu/ros2_ws/src/install/bme_ros2_tutorials_interfaces/lib/python3.12/site-packages/bme_ros2_tutorials_interfaces/_bme_ros2_tutorials_interfaces_s.ep.rosidl_typesupport_fastrtps_c.c
[60.503s] -- Installing: /home/himanshu/ros2_ws/src/install/bme_ros2_tutorials_interfaces/lib/python3.12/site-packages/bme_ros2_tutorials_interfaces/srv
[60.504s] -- Installing: /home/himanshu/ros2_ws/src/install/bme_ros2_tutorials_interfaces/lib/python3.12/site-packages/bme_ros2_tutorials_interfaces/srv/__init__.py
[60.504s] -- Installing: /home/himanshu/ros2_ws/src/install/bme_ros2_tutorials_interfaces/lib/python3.12/site-packages/bme_ros2_tutorials_interfaces/srv/_custom_calc_s.c
[60.505s] -- Installing: /home/himanshu/ros2_ws/src/install/bme_ros2_tutorials_interfaces/lib/python3.12/site-packages/bme_ros2_tutorials_interfaces/srv/_custom_calc.py
[60.505s] Listing '/home/himanshu/ros2_ws/src/install/bme_ros2_tutorials_interfaces/lib/python3.12/site-packages/bme_ros2_tutorials_interfaces'...
[60.505s] Compiling '/home/himanshu/ros2_ws/src/install/bme_ros2_tutorials_interfaces/lib/python3.12/site-packages/bme_ros2_tutorials_interfaces/__init__.py'...
[60.512s] Listing '/home/himanshu/ros2_ws/src/install/bme_ros2_tutorials_interfaces/lib/python3.12/site-packages/bme_ros2_tutorials_interfaces/srv'...
[60.512s] Compiling '/home/himanshu/ros2_ws/src/install/bme_ros2_tutorials_interfaces/lib/python3.12/site-packages/bme_ros2_tutorials_interfaces/srv/__init__.py'...
[60.512s] Compiling '/home/himanshu/ros2_ws/src/install/bme_ros2_tutorials_interfaces/lib/python3.12/site-packages/bme_ros2_tutorials_interfaces/srv/_custom_calc.py'...
[60.513s] -- Installing: /home/himanshu/ros2_ws/src/install/bme_ros2_tutorials_interfaces/lib/python3.12/site-packages/bme_ros2_tutorials_interfaces/bme_ros2_tutorials_interfaces_s__rosidl_typesupport_fastrtps_c.so
[60.513s] -- Set non-toolchain portion of runtime path of "/home/himanshu/ros2_ws/src/install/bme_ros2_tutorials_interfaces/lib/python3.12/site-packages/bme_ros2_tutorials_interfaces/bme_ros2_tutorials_interfaces_s__rosidl_typesupport_fastrtps_c.so" to ""
[60.523s] -- Installing: /home/himanshu/ros2_ws/src/install/bme_ros2_tutorials_interfaces/lib/python3.12/site-packages/bme_ros2_tutorials_interfaces/bme_ros2_tutorials_interfaces_s__rosidl_typesupport_introspection_c.so
[60.523s] -- Set non-toolchain portion of runtime path of "/home/himanshu/ros2_ws/src/install/bme_ros2_tutorials_interfaces/lib/python3.12/site-packages/bme_ros2_tutorials_interfaces/bme_ros2_tutorials_interfaces_s__rosidl_typesupport_introspection_c.so" to ""
[60.523s] -- Installing: /home/himanshu/ros2_ws/src/install/bme_ros2_tutorials_interfaces/lib/python3.12/site-packages/bme_ros2_tutorials_interfaces/bme_ros2_tutorials_interfaces_s__rosidl_typesupport_c.so
[60.523s] -- Set non-toolchain portion of runtime path of "/home/himanshu/ros2_ws/src/install/bme_ros2_tutorials_interfaces/lib/python3.12/site-packages/bme_ros2_tutorials_interfaces/bme_ros2_tutorials_interfaces_s__rosidl_typesupport_c.so" to ""
[60.524s] -- Installing: /home/himanshu/ros2_ws/src/install/bme_ros2_tutorials_interfaces/lib/libbme_ros2_tutorials_interfaces__rosidl_generator_py.so
[60.524s] -- Set non-toolchain portion of runtime path of "/home/himanshu/ros2_ws/src/install/bme_ros2_tutorials_interfaces/lib/libbme_ros2_tutorials_interfaces__rosidl_generator_py.so" to ""
[60.524s] -- Installing: /home/himanshu/ros2_ws/src/install/bme_ros2_tutorials_interfaces/share/bme_ros2_tutorials_interfaces/srv/CustomCalc.idl
[60.525s] -- Installing: /home/himanshu/ros2_ws/src/install/bme_ros2_tutorials_interfaces/share/bme_ros2_tutorials_interfaces/srv/CustomCalc.srv
[60.525s] -- Installing: /home/himanshu/ros2_ws/src/install/bme_ros2_tutorials_interfaces/share/ament_index/resource_index/package_run_dependencies/bme_ros2_tutorials_interfaces
[60.525s] -- Installing: /home/himanshu/ros2_ws/src/install/bme_ros2_tutorials_interfaces/share/ament_index/resource_index/parent_prefix_path/bme_ros2_tutorials_interfaces
[60.525s] -- Installing: /home/himanshu/ros2_ws/src/install/bme_ros2_tutorials_interfaces/share/bme_ros2_tutorials_interfaces/environment/ament_prefix_path.sh
[60.526s] -- Installing: /home/himanshu/ros2_ws/src/install/bme_ros2_tutorials_interfaces/share/bme_ros2_tutorials_interfaces/environment/ament_prefix_path.dsv
[60.526s] -- Installing: /home/himanshu/ros2_ws/src/install/bme_ros2_tutorials_interfaces/share/bme_ros2_tutorials_interfaces/environment/path.sh
[60.531s] -- Installing: /home/himanshu/ros2_ws/src/install/bme_ros2_tutorials_interfaces/share/bme_ros2_tutorials_interfaces/environment/path.dsv
[60.532s] -- Installing: /home/himanshu/ros2_ws/src/install/bme_ros2_tutorials_interfaces/share/bme_ros2_tutorials_interfaces/local_setup.bash
[60.532s] -- Installing: /home/himanshu/ros2_ws/src/install/bme_ros2_tutorials_interfaces/share/bme_ros2_tutorials_interfaces/local_setup.sh
[60.533s] -- Installing: /home/himanshu/ros2_ws/src/install/bme_ros2_tutorials_interfaces/share/bme_ros2_tutorials_interfaces/local_setup.zsh
[60.533s] -- Installing: /home/himanshu/ros2_ws/src/install/bme_ros2_tutorials_interfaces/share/bme_ros2_tutorials_interfaces/local_setup.dsv
[60.533s] -- Installing: /home/himanshu/ros2_ws/src/install/bme_ros2_tutorials_interfaces/share/bme_ros2_tutorials_interfaces/package.dsv
[60.534s] -- Installing: /home/himanshu/ros2_ws/src/install/bme_ros2_tutorials_interfaces/share/ament_index/resource_index/packages/bme_ros2_tutorials_interfaces
[60.534s] -- Installing: /home/himanshu/ros2_ws/src/install/bme_ros2_tutorials_interfaces/share/bme_ros2_tutorials_interfaces/cmake/export_bme_ros2_tutorials_interfaces__rosidl_generator_cExport.cmake
[60.540s] -- Installing: /home/himanshu/ros2_ws/src/install/bme_ros2_tutorials_interfaces/share/bme_ros2_tutorials_interfaces/cmake/export_bme_ros2_tutorials_interfaces__rosidl_generator_cExport-noconfig.cmake
[60.540s] -- Installing: /home/himanshu/ros2_ws/src/install/bme_ros2_tutorials_interfaces/share/bme_ros2_tutorials_interfaces/cmake/export_bme_ros2_tutorials_interfaces__rosidl_typesupport_fastrtps_cExport.cmake
[60.541s] -- Installing: /home/himanshu/ros2_ws/src/install/bme_ros2_tutorials_interfaces/share/bme_ros2_tutorials_interfaces/cmake/export_bme_ros2_tutorials_interfaces__rosidl_typesupport_fastrtps_cExport-noconfig.cmake
[60.541s] -- Installing: /home/himanshu/ros2_ws/src/install/bme_ros2_tutorials_interfaces/share/bme_ros2_tutorials_interfaces/cmake/bme_ros2_tutorials_interfaces__rosidl_typesupport_introspection_cExport.cmake
[60.541s] -- Installing: /home/himanshu/ros2_ws/src/install/bme_ros2_tutorials_interfaces/share/bme_ros2_tutorials_interfaces/cmake/bme_ros2_tutorials_interfaces__rosidl_typesupport_introspection_cExport-noconfig.cmake
[60.542s] -- Installing: /home/himanshu/ros2_ws/src/install/bme_ros2_tutorials_interfaces/share/bme_ros2_tutorials_interfaces/cmake/bme_ros2_tutorials_interfaces__rosidl_typesupport_cExport.cmake
[60.542s] -- Installing: /home/himanshu/ros2_ws/src/install/bme_ros2_tutorials_interfaces/share/bme_ros2_tutorials_interfaces/cmake/bme_ros2_tutorials_interfaces__rosidl_typesupport_cExport-noconfig.cmake
[60.543s] -- Installing: /home/himanshu/ros2_ws/src/install/bme_ros2_tutorials_interfaces/share/bme_ros2_tutorials_interfaces/cmake/export_bme_ros2_tutorials_interfaces__rosidl_generator_cppExport.cmake
[60.543s] -- Installing: /home/himanshu/ros2_ws/src/install/bme_ros2_tutorials_interfaces/share/bme_ros2_tutorials_interfaces/cmake/export_bme_ros2_tutorials_interfaces__rosidl_typesupport_fastrtps_cppExport.cmake
[60.543s] -- Installing: /home/himanshu/ros2_ws/src/install/bme_ros2_tutorials_interfaces/share/bme_ros2_tutorials_interfaces/cmake/export_bme_ros2_tutorials_interfaces__rosidl_typesupport_fastrtps_cppExport-noconfig.cmake
[60.549s] -- Installing: /home/himanshu/ros2_ws/src/install/bme_ros2_tutorials_interfaces/share/bme_ros2_tutorials_interfaces/cmake/bme_ros2_tutorials_interfaces__rosidl_typesupport_introspection_cppExport.cmake
[60.550s] -- Installing: /home/himanshu/ros2_ws/src/install/bme_ros2_tutorials_interfaces/share/bme_ros2_tutorials_interfaces/cmake/bme_ros2_tutorials_interfaces__rosidl_typesupport_introspection_cppExport-noconfig.cmake
[60.550s] -- Installing: /home/himanshu/ros2_ws/src/install/bme_ros2_tutorials_interfaces/share/bme_ros2_tutorials_interfaces/cmake/bme_ros2_tutorials_interfaces__rosidl_typesupport_cppExport.cmake
[60.555s] -- Installing: /home/himanshu/ros2_ws/src/install/bme_ros2_tutorials_interfaces/share/bme_ros2_tutorials_interfaces/cmake/bme_ros2_tutorials_interfaces__rosidl_typesupport_cppExport-noconfig.cmake
[60.556s] -- Installing: /home/himanshu/ros2_ws/src/install/bme_ros2_tutorials_interfaces/share/bme_ros2_tutorials_interfaces/cmake/export_bme_ros2_tutorials_interfaces__rosidl_generator_pyExport.cmake
[60.556s] -- Installing: /home/himanshu/ros2_ws/src/install/bme_ros2_tutorials_interfaces/share/bme_ros2_tutorials_interfaces/cmake/export_bme_ros2_tutorials_interfaces__rosidl_generator_pyExport-noconfig.cmake
[60.574s] -- Installing: /home/himanshu/ros2_ws/src/install/bme_ros2_tutorials_interfaces/share/bme_ros2_tutorials_interfaces/cmake/rosidl_cmake-extras.cmake
[60.575s] -- Installing: /home/himanshu/ros2_ws/src/install/bme_ros2_tutorials_interfaces/share/bme_ros2_tutorials_interfaces/cmake/ament_cmake_export_dependencies-extras.cmake
[60.579s] -- Installing: /home/himanshu/ros2_ws/src/install/bme_ros2_tutorials_interfaces/share/bme_ros2_tutorials_interfaces/cmake/ament_cmake_export_include_directories-extras.cmake
[60.579s] -- Installing: /home/himanshu/ros2_ws/src/install/bme_ros2_tutorials_interfaces/share/bme_ros2_tutorials_interfaces/cmake/ament_cmake_export_libraries-extras.cmake
[60.579s] -- Installing: /home/himanshu/ros2_ws/src/install/bme_ros2_tutorials_interfaces/share/bme_ros2_tutorials_interfaces/cmake/ament_cmake_export_targets-extras.cmake
[60.580s] -- Installing: /home/himanshu/ros2_ws/src/install/bme_ros2_tutorials_interfaces/share/bme_ros2_tutorials_interfaces/cmake/rosidl_cmake_export_typesupport_targets-extras.cmake
[60.580s] -- Installing: /home/himanshu/ros2_ws/src/install/bme_ros2_tutorials_interfaces/share/bme_ros2_tutorials_interfaces/cmake/rosidl_cmake_export_typesupport_libraries-extras.cmake
[60.580s] -- Installing: /home/himanshu/ros2_ws/src/install/bme_ros2_tutorials_interfaces/share/bme_ros2_tutorials_interfaces/cmake/bme_ros2_tutorials_interfacesConfig.cmake
[60.581s] -- Installing: /home/himanshu/ros2_ws/src/install/bme_ros2_tutorials_interfaces/share/bme_ros2_tutorials_interfaces/cmake/bme_ros2_tutorials_interfacesConfig-version.cmake
[60.581s] -- Installing: /home/himanshu/ros2_ws/src/install/bme_ros2_tutorials_interfaces/share/bme_ros2_tutorials_interfaces/package.xml
[60.601s] Invoked command in '/home/himanshu/ros2_ws/src/build/bme_ros2_tutorials_interfaces' returned '0': CMAKE_PREFIX_PATH=${CMAKE_PREFIX_PATH}:/home/himanshu/ros2_ws/install/ur_robot_driver:/home/himanshu/ros2_ws/install/ur_mogi_py:/home/himanshu/ros2_ws/install/open_manipulator_mogi_py:/home/himanshu/ros2_ws/install/mogi_trajectory_server:/home/himanshu/ros2_ws/install/map_merge_py:/home/himanshu/ros2_ws/install/bme_ros2_tutorials_py:/home/himanshu/ros2_ws/install/bme_ros2_simple_arm_py:/home/himanshu/ros2_ws/install/bme_ros2_navigation_py:/home/himanshu/ros2_ws/install/bme_gazebo_sensors_py:/opt/ros/jazzy DEBUGINFOD_URLS=https://debuginfod.ubuntu.com /usr/bin/cmake --install /home/himanshu/ros2_ws/src/build/bme_ros2_tutorials_interfaces
