-- The C compiler identification is GNU 13.3.0
-- The CXX compiler identification is GNU 13.3.0
-- Detecting C compiler ABI info
-- Detecting C compiler ABI info - done
-- Check for working C compiler: /usr/bin/cc - skipped
-- Detecting C compile features
-- Detecting C compile features - done
-- Detecting CXX compiler ABI info
-- Detecting CXX compiler ABI info - done
-- Check for working CXX compiler: /usr/bin/c++ - skipped
-- Detecting CXX compile features
-- Detecting CXX compile features - done
-- Found ament_cmake: 2.5.4 (/opt/ros/jazzy/share/ament_cmake/cmake)
-- Found Python3: /usr/bin/python3 (found version "3.12.3") found components: Interpreter 
-- Found rclcpp: 28.1.9 (/opt/ros/jazzy/share/rclcpp/cmake)
-- Found rosidl_generator_c: 4.6.5 (/opt/ros/jazzy/share/rosidl_generator_c/cmake)
-- Found rosidl_generator_cpp: 4.6.5 (/opt/ros/jazzy/share/rosidl_generator_cpp/cmake)
-- Using all available rosidl_typesupport_c: rosidl_typesupport_fastrtps_c;rosidl_typesupport_introspection_c
-- Using all available rosidl_typesupport_cpp: rosidl_typesupport_fastrtps_cpp;rosidl_typesupport_introspection_cpp
-- Found rmw_implementation_cmake: 7.3.2 (/opt/ros/jazzy/share/rmw_implementation_cmake/cmake)
-- Found rmw_fastrtps_cpp: 8.4.2 (/opt/ros/jazzy/share/rmw_fastrtps_cpp/cmake)
-- Found OpenSSL: /usr/lib/x86_64-linux-gnu/libcrypto.so (found version "3.0.13")  
-- Found FastRTPS: /opt/ros/jazzy/include (Required is at least version "2.13") 
-- Using RMW implementation 'rmw_fastrtps_cpp' as default
-- Found geometry_msgs: 5.3.6 (/opt/ros/jazzy/share/geometry_msgs/cmake)
-- Found image_geometry: 4.1.0 (/opt/ros/jazzy/share/image_geometry/cmake)
-- Found map_msgs: 2.4.1 (/opt/ros/jazzy/share/map_msgs/cmake)
-- Found tf2_geometry_msgs: 0.36.11 (/opt/ros/jazzy/share/tf2_geometry_msgs/cmake)
-- Found eigen3_cmake_module: 0.3.0 (/opt/ros/jazzy/share/eigen3_cmake_module/cmake)
-- Found Eigen3: TRUE (found version "3.4.0") 
-- Ensuring Eigen3 include directory is part of orocos-kdl CMake target
-- Found Boost: /usr/lib/x86_64-linux-gnu/cmake/Boost-1.83.0/BoostConfig.cmake (found version "1.83.0") found components: thread 
-- Found OpenCV: /usr (found version "4.6.0") 
-- Found ament_lint_auto: 0.17.2 (/opt/ros/jazzy/share/ament_lint_auto/cmake)
-- Found ament_cmake_gtest: 2.5.4 (/opt/ros/jazzy/share/ament_cmake_gtest/cmake)
--2025-06-15 02:45:48--  https://raw.githubusercontent.com/hrnr/m-explore-extra/master/map_merge/hector_maps/map00.pgm
Resolving raw.githubusercontent.com (raw.githubusercontent.com)... 2606:50c0:8003::154, 2606:50c0:8000::154, 2606:50c0:8001::154, ...
Connecting to raw.githubusercontent.com (raw.githubusercontent.com)|2606:50c0:8003::154|:443... connected.
HTTP request sent, awaiting response... 200 OK
Length: 4194362 (4.0M) [application/octet-stream]
Saving to: ‘/home/himanshu/ros2_ws/src/build/multirobot_map_merge/map00.pgm’

     0K .......... .......... .......... .......... ..........  1%  251K 16s
    50K .......... .......... .......... .......... ..........  2%  234K 16s
   100K .......... .......... .......... .......... ..........  3% 38.3M 11s
   150K .......... .......... .......... .......... ..........  4%  247K 12s
   200K .......... .......... .......... .......... ..........  6%  841K 10s
   250K .......... .......... .......... .......... ..........  7%  431K 10s
   300K .......... .......... .......... .......... ..........  8%  360K 10s
   350K .......... .......... .......... .......... ..........  9% 3.84M 9s
   400K .......... .......... .......... .......... .......... 10%  605K 8s
   450K .......... .......... .......... .......... .......... 12%  409K 8s
   500K .......... .......... .......... .......... .......... 13%  528K 8s
   550K .......... .......... .......... .......... .......... 14% 2.06M 7s
   600K .......... .......... .......... .......... .......... 15%  294K 8s
   650K .......... .......... .......... .......... .......... 17% 1.53M 7s
   700K .......... .......... .......... .......... .......... 18%  502K 7s
   750K .......... .......... .......... .......... .......... 19% 1.54M 7s
   800K .......... .......... .......... .......... .......... 20%  309K 7s
   850K .......... .......... .......... .......... .......... 21% 3.24M 6s
   900K .......... .......... .......... .......... .......... 23%  682K 6s
   950K .......... .......... .......... .......... .......... 24%  497K 6s
  1000K .......... .......... .......... .......... .......... 25%  416K 6s
  1050K .......... .......... .......... .......... .......... 26% 29.7M 6s
  1100K .......... .......... .......... .......... .......... 28%  600K 6s
  1150K .......... .......... .......... .......... .......... 29% 3.38M 5s
  1200K .......... .......... .......... .......... .......... 30%  404K 5s
  1250K .......... .......... .......... .......... .......... 31%  723K 5s
  1300K .......... .......... .......... .......... .......... 32%  493K 5s
  1350K .......... .......... .......... .......... .......... 34% 26.0M 5s
  1400K .......... .......... .......... .......... .......... 35% 2.17M 5s
  1450K .......... .......... .......... .......... .......... 36%  473K 4s
  1500K .......... .......... .......... .......... .......... 37%  281K 5s
  1550K .......... .......... .......... .......... .......... 39% 7.87M 4s
  1600K .......... .......... .......... .......... .......... 40% 13.7M 4s
  1650K .......... .......... .......... .......... .......... 41%  536K 4s
  1700K .......... .......... .......... .......... .......... 42%  229K 4s
  1750K .......... .......... .......... .......... .......... 43% 26.5M 4s
  1800K .......... .......... .......... .......... .......... 45% 15.9M 4s
  1850K .......... .......... .......... .......... .......... 46%  598K 4s
  1900K .......... .......... .......... .......... .......... 47%  375K 4s
  1950K .......... .......... .......... .......... .......... 48%  513K 4s
  2000K .......... .......... .......... .......... .......... 50% 13.9M 3s
  2050K .......... .......... .......... .......... .......... 51% 2.56M 3s
  2100K .......... .......... .......... .......... .......... 52%  677K 3s
  2150K .......... .......... .......... .......... .......... 53%  436K 3s
  2200K .......... .......... .......... .......... .......... 54% 4.67M 3s
  2250K .......... .......... .......... .......... .......... 56%  479K 3s
  2300K .......... .......... .......... .......... .......... 57% 12.4M 3s
  2350K .......... .......... .......... .......... .......... 58%  550K 3s
  2400K .......... .......... .......... .......... .......... 59%  510K 3s
  2450K .......... .......... .......... .......... .......... 61% 30.7M 3s
  2500K .......... .......... .......... .......... .......... 62% 1.09M 2s
  2550K .......... .......... .......... .......... .......... 63%  643K 2s
  2600K .......... .......... .......... .......... .......... 64% 9.03M 2s
  2650K .......... .......... .......... .......... .......... 65%  658K 2s
  2700K .......... .......... .......... .......... .......... 67%  402K 2s
  2750K .......... .......... .......... .......... .......... 68% 12.0M 2s
  2800K .......... .......... .......... .......... .......... 69% 8.23M 2s
  2850K .......... .......... .......... .......... .......... 70%  485K 2s
  2900K .......... .......... .......... .......... .......... 72% 7.36M 2s
  2950K .......... .......... .......... .......... .......... 73% 2.66M 2s
  3000K .......... .......... .......... .......... .......... 74%  311K 2s
  3050K .......... .......... .......... .......... .......... 75% 9.64M 1s
  3100K .......... .......... .......... .......... .......... 76%  577K 1s
  3150K .......... .......... .......... .......... .......... 78%  485K 1s
  3200K .......... .......... .......... .......... .......... 79% 30.9M 1s
  3250K .......... .......... .......... .......... .......... 80% 7.61M 1s
  3300K .......... .......... .......... .......... .......... 81% 9.67M 1s
  3350K .......... .......... .......... .......... .......... 83%  479K 1s
  3400K .......... .......... .......... .......... .......... 84% 7.82M 1s
  3450K .......... .......... .......... .......... .......... 85%  625K 1s
  3500K .......... .......... .......... .......... .......... 86%  455K 1s
  3550K .......... .......... .......... .......... .......... 87% 28.7M 1s
  3600K .......... .......... .......... .......... .......... 89% 17.6M 1s
  3650K .......... .......... .......... .......... .......... 90% 22.6M 1s
  3700K .......... .......... .......... .......... .......... 91% 3.43M 0s
  3750K .......... .......... .......... .......... .......... 92%  662K 0s
  3800K .......... .......... .......... .......... .......... 93% 1.99M 0s
  3850K .......... .......... .......... .......... .......... 95%  631K 0s
  3900K .......... .......... .......... .......... .......... 96% 2.15M 0s
  3950K .......... .......... .......... .......... .......... 97%  528K 0s
  4000K .......... .......... .......... .......... .......... 98% 5.72M 0s
  4050K .......... .......... .......... .......... ......    100% 20.6M=5.4s

2025-06-15 02:45:54 (759 KB/s) - ‘/home/himanshu/ros2_ws/src/build/multirobot_map_merge/map00.pgm’ saved [4194362/4194362]

Checking MD5 sum of /home/himanshu/ros2_ws/src/build/multirobot_map_merge/map00.pgm
/home/himanshu/ros2_ws/src/build/multirobot_map_merge/map00.pgm: OK
--2025-06-15 02:45:54--  https://raw.githubusercontent.com/hrnr/m-explore-extra/master/map_merge/hector_maps/map05.pgm
Resolving raw.githubusercontent.com (raw.githubusercontent.com)... 2606:50c0:8000::154, 2606:50c0:8001::154, 2606:50c0:8003::154, ...
Connecting to raw.githubusercontent.com (raw.githubusercontent.com)|2606:50c0:8000::154|:443... connected.
HTTP request sent, awaiting response... 200 OK
Length: 4194362 (4.0M) [application/octet-stream]
Saving to: ‘/home/himanshu/ros2_ws/src/build/multirobot_map_merge/map05.pgm’

     0K .......... .......... .......... .......... ..........  1%  188K 21s
    50K .......... .......... .......... .......... ..........  2%  566K 14s
   100K .......... .......... .......... .......... ..........  3%  538K 12s
   150K .......... .......... .......... .......... ..........  4%  616K 10s
   200K .......... .......... .......... .......... ..........  6% 1.82M 9s
   250K .......... .......... .......... .......... ..........  7%  502K 8s
   300K .......... .......... .......... .......... ..........  8% 5.06M 7s
   350K .......... .......... .......... .......... ..........  9% 2.88M 6s
   400K .......... .......... .......... .......... .......... 10%  763K 6s
   450K .......... .......... .......... .......... .......... 12% 3.85M 5s
   500K .......... .......... .......... .......... .......... 13%  823K 5s
   550K .......... .......... .......... .......... .......... 14%  490K 5s
   600K .......... .......... .......... .......... .......... 15% 13.5M 5s
   650K .......... .......... .......... .......... .......... 17% 12.5M 5s
   700K .......... .......... .......... .......... .......... 18% 19.0M 4s
   750K .......... .......... .......... .......... .......... 19% 6.11M 4s
   800K .......... .......... .......... .......... .......... 20% 26.7M 4s
   850K .......... .......... .......... .......... .......... 21% 81.5K 6s
   900K .......... .......... .......... .......... .......... 23% 22.4M 5s
   950K .......... .......... .......... .......... .......... 24% 35.6M 5s
  1000K .......... .......... .......... .......... .......... 25% 94.7M 5s
  1050K .......... .......... .......... .......... .......... 26% 94.5M 4s
  1100K .......... .......... .......... .......... .......... 28% 95.0M 4s
  1150K .......... .......... .......... .......... .......... 29% 18.5M 4s
  1200K .......... .......... .......... .......... .......... 30% 23.6M 4s
  1250K .......... .......... .......... .......... .......... 31% 78.5M 3s
  1300K .......... .......... .......... .......... .......... 32% 71.1M 3s
  1350K .......... .......... .......... .......... .......... 34% 30.8M 3s
  1400K .......... .......... .......... .......... .......... 35% 82.8M 3s
  1450K .......... .......... .......... .......... .......... 36% 10.6M 3s
  1500K .......... .......... .......... .......... .......... 37%  168K 3s
  1550K .......... .......... .......... .......... .......... 39% 33.5M 3s
  1600K .......... .......... .......... .......... .......... 40% 92.8M 3s
  1650K .......... .......... .......... .......... .......... 41% 6.91M 3s
  1700K .......... .......... .......... .......... .......... 42%  604K 3s
  1750K .......... .......... .......... .......... .......... 43%  408K 3s
  1800K .......... .......... .......... .......... .......... 45%  717K 3s
  1850K .......... .......... .......... .......... .......... 46% 15.7M 2s
  1900K .......... .......... .......... .......... .......... 47% 23.3M 2s
  1950K .......... .......... .......... .......... .......... 48%  494K 2s
  2000K .......... .......... .......... .......... .......... 50%  437K 2s
  2050K .......... .......... .......... .......... .......... 51% 24.5M 2s
  2100K .......... .......... .......... .......... .......... 52% 3.10M 2s
  2150K .......... .......... .......... .......... .......... 53%  690K 2s
  2200K .......... .......... .......... .......... .......... 54% 21.0M 2s
  2250K .......... .......... .......... .......... .......... 56%  391K 2s
  2300K .......... .......... .......... .......... .......... 57%  458K 2s
  2350K .......... .......... .......... .......... .......... 58% 13.2M 2s
  2400K .......... .......... .......... .......... .......... 59%  740K 2s
  2450K .......... .......... .......... .......... .......... 61% 5.68M 2s
  2500K .......... .......... .......... .......... .......... 62% 7.08M 2s
  2550K .......... .......... .......... .......... .......... 63%  481K 2s
  2600K .......... .......... .......... .......... .......... 64%  610K 2s
  2650K .......... .......... .......... .......... .......... 65% 4.78M 2s
  2700K .......... .......... .......... .......... .......... 67%  493K 2s
  2750K .......... .......... .......... .......... .......... 68% 30.0M 1s
  2800K .......... .......... .......... .......... .......... 69%  386K 1s
  2850K .......... .......... .......... .......... .......... 70% 7.93M 1s
  2900K .......... .......... .......... .......... .......... 72% 30.2M 1s
  2950K .......... .......... .......... .......... .......... 73%  866K 1s
  3000K .......... .......... .......... .......... .......... 74% 6.24M 1s
  3050K .......... .......... .......... .......... .......... 75%  437K 1s
  3100K .......... .......... .......... .......... .......... 76%  600K 1s
  3150K .......... .......... .......... .......... .......... 78% 6.40M 1s
  3200K .......... .......... .......... .......... .......... 79% 2.43M 1s
  3250K .......... .......... .......... .......... .......... 80%  615K 1s
  3300K .......... .......... .......... .......... .......... 81% 33.1M 1s
  3350K .......... .......... .......... .......... .......... 83% 9.30M 1s
  3400K .......... .......... .......... .......... .......... 84%  477K 1s
  3450K .......... .......... .......... .......... .......... 85% 1.91M 1s
  3500K .......... .......... .......... .......... .......... 86%  759K 1s
  3550K .......... .......... .......... .......... .......... 87%  469K 1s
  3600K .......... .......... .......... .......... .......... 89% 32.0M 0s
  3650K .......... .......... .......... .......... .......... 90% 3.08M 0s
  3700K .......... .......... .......... .......... .......... 91% 3.36M 0s
  3750K .......... .......... .......... .......... .......... 92%  720K 0s
  3800K .......... .......... .......... .......... .......... 93% 1.84M 0s
  3850K .......... .......... .......... .......... .......... 95%  268K 0s
  3900K .......... .......... .......... .......... .......... 96% 23.5M 0s
  3950K .......... .......... .......... .......... .......... 97% 5.55M 0s
  4000K .......... .......... .......... .......... .......... 98% 3.77M 0s
  4050K .......... .......... .......... .......... ......    100%  692K=4.3s

2025-06-15 02:46:00 (949 KB/s) - ‘/home/himanshu/ros2_ws/src/build/multirobot_map_merge/map05.pgm’ saved [4194362/4194362]

Checking MD5 sum of /home/himanshu/ros2_ws/src/build/multirobot_map_merge/map05.pgm
/home/himanshu/ros2_ws/src/build/multirobot_map_merge/map05.pgm: OK
--2025-06-15 02:46:00--  https://raw.githubusercontent.com/hrnr/m-explore-extra/master/map_merge/gmapping_maps/2011-08-09-12-22-52.pgm
Resolving raw.githubusercontent.com (raw.githubusercontent.com)... 2606:50c0:8002::154, 2606:50c0:8001::154, 2606:50c0:8003::154, ...
Connecting to raw.githubusercontent.com (raw.githubusercontent.com)|2606:50c0:8002::154|:443... connected.
HTTP request sent, awaiting response... 200 OK
Length: 16000058 (15M) [application/octet-stream]
Saving to: ‘/home/himanshu/ros2_ws/src/build/multirobot_map_merge/2011-08-09-12-22-52.pgm’

     0K .......... .......... .......... .......... ..........  0%  281K 55s
    50K .......... .......... .......... .......... ..........  0%  239K 60s
   100K .......... .......... .......... .......... ..........  0%  940K 45s
   150K .......... .......... .......... .......... ..........  1%  382K 44s
   200K .......... .......... .......... .......... ..........  1%  435K 42s
   250K .......... .......... .......... .......... ..........  1% 3.96M 36s
   300K .......... .......... .......... .......... ..........  2% 1.78M 32s
   350K .......... .......... .......... .......... ..........  2% 11.3M 28s
   400K .......... .......... .......... .......... ..........  2%  774K 27s
   450K .......... .......... .......... .......... ..........  3%  252K 30s
   500K .......... .......... .......... .......... ..........  3% 4.87M 27s
   550K .......... .......... .......... .......... ..........  3% 5.85M 25s
   600K .......... .......... .......... .......... ..........  4% 25.1M 23s
   650K .......... .......... .......... .......... ..........  4%  173K 28s
   700K .......... .......... .......... .......... ..........  4% 76.8M 26s
   750K .......... .......... .......... .......... ..........  5% 78.9M 24s
   800K .......... .......... .......... .......... ..........  5% 78.2M 23s
   850K .......... .......... .......... .......... ..........  5% 7.82M 21s
   900K .......... .......... .......... .......... ..........  6% 69.7M 20s
   950K .......... .......... .......... .......... ..........  6% 51.2M 19s
  1000K .......... .......... .......... .......... ..........  6% 18.3M 18s
  1050K .......... .......... .......... .......... ..........  7%  571K 19s
  1100K .......... .......... .......... .......... ..........  7% 11.4M 18s
  1150K .......... .......... .......... .......... ..........  7%  929K 18s
  1200K .......... .......... .......... .......... ..........  7% 1.06M 17s
  1250K .......... .......... .......... .......... ..........  8% 2.22M 17s
  1300K .......... .......... .......... .......... ..........  8%  518K 17s
  1350K .......... .......... .......... .......... ..........  8% 7.67M 17s
  1400K .......... .......... .......... .......... ..........  9% 2.07M 16s
  1450K .......... .......... .......... .......... ..........  9%  854K 16s
  1500K .......... .......... .......... .......... ..........  9% 7.93M 16s
  1550K .......... .......... .......... .......... .......... 10%  541K 16s
  1600K .......... .......... .......... .......... .......... 10% 11.0M 15s
  1650K .......... .......... .......... .......... .......... 10% 7.00M 15s
  1700K .......... .......... .......... .......... .......... 11% 3.10M 15s
  1750K .......... .......... .......... .......... .......... 11%  480K 15s
  1800K .......... .......... .......... .......... .......... 11% 2.74M 15s
  1850K .......... .......... .......... .......... .......... 12%  879K 15s
  1900K .......... .......... .......... .......... .......... 12% 4.29M 14s
  1950K .......... .......... .......... .......... .......... 12%  498K 15s
  2000K .......... .......... .......... .......... .......... 13% 45.0M 14s
  2050K .......... .......... .......... .......... .......... 13% 5.73M 14s
  2100K .......... .......... .......... .......... .......... 13% 17.0M 13s
  2150K .......... .......... .......... .......... .......... 14% 3.88M 13s
  2200K .......... .......... .......... .......... .......... 14%  281K 14s
  2250K .......... .......... .......... .......... .......... 14% 2.61M 14s
  2300K .......... .......... .......... .......... .......... 15%  157K 15s
  2350K .......... .......... .......... .......... .......... 15%  739K 15s
  2400K .......... .......... .......... .......... .......... 15% 49.7M 15s
  2450K .......... .......... .......... .......... .......... 15% 86.3M 14s
  2500K .......... .......... .......... .......... .......... 16% 89.4M 14s
  2550K .......... .......... .......... .......... .......... 16%  222K 15s
  2600K .......... .......... .......... .......... .......... 16% 26.4M 15s
  2650K .......... .......... .......... .......... .......... 17%  185K 15s
  2700K .......... .......... .......... .......... .......... 17% 87.7M 15s
  2750K .......... .......... .......... .......... .......... 17%  911K 15s
  2800K .......... .......... .......... .......... .......... 18% 62.2M 15s
  2850K .......... .......... .......... .......... .......... 18% 5.53M 14s
  2900K .......... .......... .......... .......... .......... 18%  312K 15s
  2950K .......... .......... .......... .......... .......... 19%  154K 16s
  3000K .......... .......... .......... .......... .......... 19% 68.9M 16s
  3050K .......... .......... .......... .......... .......... 19% 84.5M 15s
  3100K .......... .......... .......... .......... .......... 20%  603K 15s
  3150K .......... .......... .......... .......... .......... 20%  379K 16s
  3200K .......... .......... .......... .......... .......... 20% 7.36M 15s
  3250K .......... .......... .......... .......... .......... 21%  298K 16s
  3300K .......... .......... .......... .......... .......... 21%  427K 16s
  3350K .......... .......... .......... .......... .......... 21% 28.9M 15s
  3400K .......... .......... .......... .......... .......... 22%  503K 16s
  3450K .......... .......... .......... .......... .......... 22%  522K 16s
  3500K .......... .......... .......... .......... .......... 22%  531K 16s
  3550K .......... .......... .......... .......... .......... 23%  423K 16s
  3600K .......... .......... .......... .......... .......... 23%  489K 16s
  3650K .......... .......... .......... .......... .......... 23% 21.9M 15s
  3700K .......... .......... .......... .......... .......... 23%  579K 15s
  3750K .......... .......... .......... .......... .......... 24%  443K 16s
  3800K .......... .......... .......... .......... .......... 24% 1.74M 15s
  3850K .......... .......... .......... .......... .......... 24%  761K 15s
  3900K .......... .......... .......... .......... .......... 25%  388K 15s
  3950K .......... .......... .......... .......... .......... 25%  792K 15s
  4000K .......... .......... .......... .......... .......... 25%  225K 16s
  4050K .......... .......... .......... .......... .......... 26% 94.2M 16s
  4100K .......... .......... .......... .......... .......... 26%  419K 16s
  4150K .......... .......... .......... .......... .......... 26%  603K 16s
  4200K .......... .......... .......... .......... .......... 27%  452K 16s
  4250K .......... .......... .......... .......... .......... 27%  523K 16s
  4300K .......... .......... .......... .......... .......... 27%  409K 16s
  4350K .......... .......... .......... .......... .......... 28%  498K 16s
  4400K .......... .......... .......... .......... .......... 28%  265K 16s
  4450K .......... .......... .......... .......... .......... 28% 4.50M 16s
  4500K .......... .......... .......... .......... .......... 29%  544K 16s
  4550K .......... .......... .......... .......... .......... 29%  486K 16s
  4600K .......... .......... .......... .......... .......... 29%  643K 16s
  4650K .......... .......... .......... .......... .......... 30%  424K 16s
  4700K .......... .......... .......... .......... .......... 30%  608K 16s
  4750K .......... .......... .......... .......... .......... 30%  929K 15s
  4800K .......... .......... .......... .......... .......... 31%  293K 16s
  4850K .......... .......... .......... .......... .......... 31%  789K 16s
  4900K .......... .......... .......... .......... .......... 31%  924K 15s
  4950K .......... .......... .......... .......... .......... 31%  178K 16s
  5000K .......... .......... .......... .......... .......... 32% 85.4M 16s
  5050K .......... .......... .......... .......... .......... 32% 67.1M 15s
  5100K .......... .......... .......... .......... .......... 32%  892K 15s
  5150K .......... .......... .......... .......... .......... 33%  440K 15s
  5200K .......... .......... .......... .......... .......... 33%  309K 15s
  5250K .......... .......... .......... .......... .......... 33%  710K 15s
  5300K .......... .......... .......... .......... .......... 34%  537K 15s
  5350K .......... .......... .......... .......... .......... 34%  501K 15s
  5400K .......... .......... .......... .......... .......... 34%  327K 15s
  5450K .......... .......... .......... .......... .......... 35%  472K 15s
  5500K .......... .......... .......... .......... .......... 35%  487K 15s
  5550K .......... .......... .......... .......... .......... 35%  257K 15s
  5600K .......... .......... .......... .......... .......... 36%  483K 15s
  5650K .......... .......... .......... .......... .......... 36%  402K 15s
  5700K .......... .......... .......... .......... .......... 36%  546K 15s
  5750K .......... .......... .......... .......... .......... 37%  448K 15s
  5800K .......... .......... .......... .......... .......... 37%  604K 15s
  5850K .......... .......... .......... .......... .......... 37%  213K 15s
  5900K .......... .......... .......... .......... .......... 38% 1.84M 15s
  5950K .......... .......... .......... .......... .......... 38%  331K 15s
  6000K .......... .......... .......... .......... .......... 38%  899K 15s
  6050K .......... .......... .......... .......... .......... 39%  640K 15s
  6100K .......... .......... .......... .......... .......... 39%  528K 15s
  6150K .......... .......... .......... .......... .......... 39%  800K 15s
  6200K .......... .......... .......... .......... .......... 39%  326K 15s
  6250K .......... .......... .......... .......... .......... 40%  536K 15s
  6300K .......... .......... .......... .......... .......... 40%  349K 15s
  6350K .......... .......... .......... .......... .......... 40%  745K 15s
  6400K .......... .......... .......... .......... .......... 41%  521K 15s
  6450K .......... .......... .......... .......... .......... 41%  600K 15s
  6500K .......... .......... .......... .......... .......... 41%  237K 15s
  6550K .......... .......... .......... .......... .......... 42% 95.2M 15s
  6600K .......... .......... .......... .......... .......... 42%  488K 15s
  6650K .......... .......... .......... .......... .......... 42%  381K 15s
  6700K .......... .......... .......... .......... .......... 43%  364K 15s
  6750K .......... .......... .......... .......... .......... 43%  544K 14s
  6800K .......... .......... .......... .......... .......... 43%  425K 14s
  6850K .......... .......... .......... .......... .......... 44%  403K 14s
  6900K .......... .......... .......... .......... .......... 44%  375K 14s
  6950K .......... .......... .......... .......... .......... 44%  597K 14s
  7000K .......... .......... .......... .......... .......... 45%  358K 14s
  7050K .......... .......... .......... .......... .......... 45%  626K 14s
  7100K .......... .......... .......... .......... .......... 45%  460K 14s
  7150K .......... .......... .......... .......... .......... 46%  471K 14s
  7200K .......... .......... .......... .......... .......... 46%  749K 14s
  7250K .......... .......... .......... .......... .......... 46%  343K 14s
  7300K .......... .......... .......... .......... .......... 47%  725K 14s
  7350K .......... .......... .......... .......... .......... 47%  409K 14s
  7400K .......... .......... .......... .......... .......... 47%  410K 14s
  7450K .......... .......... .......... .......... .......... 47%  297K 14s
  7500K .......... .......... .......... .......... .......... 48% 1.61M 14s
  7550K .......... .......... .......... .......... .......... 48%  684K 14s
  7600K .......... .......... .......... .......... .......... 48%  437K 13s
  7650K .......... .......... .......... .......... .......... 49%  265K 13s
  7700K .......... .......... .......... .......... .......... 49%  487K 13s
  7750K .......... .......... .......... .......... .......... 49% 1.23M 13s
  7800K .......... .......... .......... .......... .......... 50%  318K 13s
  7850K .......... .......... .......... .......... .......... 50%  958K 13s
  7900K .......... .......... .......... .......... .......... 50%  608K 13s
  7950K .......... .......... .......... .......... .......... 51%  256K 13s
  8000K .......... .......... .......... .......... .......... 51% 16.2M 13s
  8050K .......... .......... .......... .......... .......... 51%  261K 13s
  8100K .......... .......... .......... .......... .......... 52%  420K 13s
  8150K .......... .......... .......... .......... .......... 52%  599K 13s
  8200K .......... .......... .......... .......... .......... 52%  482K 13s
  8250K .......... .......... .......... .......... .......... 53%  344K 13s
  8300K .......... .......... .......... .......... .......... 53%  804K 13s
  8350K .......... .......... .......... .......... .......... 53%  330K 13s
  8400K .......... .......... .......... .......... .......... 54%  489K 12s
  8450K .......... .......... .......... .......... .......... 54%  455K 12s
  8500K .......... .......... .......... .......... .......... 54%  735K 12s
  8550K .......... .......... .......... .......... .......... 55%  417K 12s
  8600K .......... .......... .......... .......... .......... 55%  624K 12s
  8650K .......... .......... .......... .......... .......... 55%  805K 12s
  8700K .......... .......... .......... .......... .......... 55%  400K 12s
  8750K .......... .......... .......... .......... .......... 56%  435K 12s
  8800K .......... .......... .......... .......... .......... 56%  516K 12s
  8850K .......... .......... .......... .......... .......... 56%  471K 12s
  8900K .......... .......... .......... .......... .......... 57%  246K 12s
  8950K .......... .......... .......... .......... .......... 57% 28.1M 12s
  9000K .......... .......... .......... .......... .......... 57%  482K 12s
  9050K .......... .......... .......... .......... .......... 58%  252K 12s
  9100K .......... .......... .......... .......... .......... 58% 34.3M 11s
  9150K .......... .......... .......... .......... .......... 58%  313K 11s
  9200K .......... .......... .......... .......... .......... 59%  530K 11s
  9250K .......... .......... .......... .......... .......... 59%  536K 11s
  9300K .......... .......... .......... .......... .......... 59%  542K 11s
  9350K .......... .......... .......... .......... .......... 60%  784K 11s
  9400K .......... .......... .......... .......... .......... 60%  538K 11s
  9450K .......... .......... .......... .......... .......... 60%  650K 11s
  9500K .......... .......... .......... .......... .......... 61%  584K 11s
  9550K .......... .......... .......... .......... .......... 61%  266K 11s
  9600K .......... .......... .......... .......... .......... 61%  645K 11s
  9650K .......... .......... .......... .......... .......... 62%  454K 11s
  9700K .......... .......... .......... .......... .......... 62%  523K 10s
  9750K .......... .......... .......... .......... .......... 62%  469K 10s
  9800K .......... .......... .......... .......... .......... 63% 3.44M 10s
  9850K .......... .......... .......... .......... .......... 63%  429K 10s
  9900K .......... .......... .......... .......... .......... 63%  603K 10s
  9950K .......... .......... .......... .......... .......... 63%  482K 10s
 10000K .......... .......... .......... .......... .......... 64%  418K 10s
 10050K .......... .......... .......... .......... .......... 64%  621K 10s
 10100K .......... .......... .......... .......... .......... 64%  532K 10s
 10150K .......... .......... .......... .......... .......... 65%  774K 10s
 10200K .......... .......... .......... .......... .......... 65%  808K 10s
 10250K .......... .......... .......... .......... .......... 65%  402K 9s
 10300K .......... .......... .......... .......... .......... 66%  952K 9s
 10350K .......... .......... .......... .......... .......... 66%  557K 9s
 10400K .......... .......... .......... .......... .......... 66%  223K 9s
 10450K .......... .......... .......... .......... .......... 67%  420K 9s
 10500K .......... .......... .......... .......... .......... 67% 26.3M 9s
 10550K .......... .......... .......... .......... .......... 67%  267K 9s
 10600K .......... .......... .......... .......... .......... 68% 5.77M 9s
 10650K .......... .......... .......... .......... .......... 68%  424K 9s
 10700K .......... .......... .......... .......... .......... 68%  628K 9s
 10750K .......... .......... .......... .......... .......... 69%  446K 9s
 10800K .......... .......... .......... .......... .......... 69% 11.3M 8s
 10850K .......... .......... .......... .......... .......... 69%  438K 8s
 10900K .......... .......... .......... .......... .......... 70%  636K 8s
 10950K .......... .......... .......... .......... .......... 70%  493K 8s
 11000K .......... .......... .......... .......... .......... 70% 25.9M 8s
 11050K .......... .......... .......... .......... .......... 71% 1.25M 8s
 11100K .......... .......... .......... .......... .......... 71%  788K 8s
 11150K .......... .......... .......... .......... .......... 71%  488K 8s
 11200K .......... .......... .......... .......... .......... 71%  411K 8s
 11250K .......... .......... .......... .......... .......... 72% 17.8M 8s
 11300K .......... .......... .......... .......... .......... 72%  612K 8s
 11350K .......... .......... .......... .......... .......... 72% 3.90M 7s
 11400K .......... .......... .......... .......... .......... 73%  263K 7s
 11450K .......... .......... .......... .......... .......... 73% 1.45M 7s
 11500K .......... .......... .......... .......... .......... 73%  671K 7s
 11550K .......... .......... .......... .......... .......... 74% 7.22M 7s
 11600K .......... .......... .......... .......... .......... 74%  480K 7s
 11650K .......... .......... .......... .......... .......... 74% 2.03M 7s
 11700K .......... .......... .......... .......... .......... 75%  950K 7s
 11750K .......... .......... .......... .......... .......... 75% 1.05M 7s
 11800K .......... .......... .......... .......... .......... 75% 1.84M 7s
 11850K .......... .......... .......... .......... .......... 76% 1.26M 6s
 11900K .......... .......... .......... .......... .......... 76% 1.37M 6s
 11950K .......... .......... .......... .......... .......... 76%  794K 6s
 12000K .......... .......... .......... .......... .......... 77%  445K 6s
 12050K .......... .......... .......... .......... .......... 77% 7.52M 6s
 12100K .......... .......... .......... .......... .......... 77%  458K 6s
 12150K .......... .......... .......... .......... .......... 78% 2.18M 6s
 12200K .......... .......... .......... .......... .......... 78% 6.47M 6s
 12250K .......... .......... .......... .......... .......... 78%  816K 6s
 12300K .......... .......... .......... .......... .......... 79%  493K 6s
 12350K .......... .......... .......... .......... .......... 79% 2.02M 6s
 12400K .......... .......... .......... .......... .......... 79%  520K 5s
 12450K .......... .......... .......... .......... .......... 79% 6.14M 5s
 12500K .......... .......... .......... .......... .......... 80% 17.7M 5s
 12550K .......... .......... .......... .......... .......... 80% 2.13M 5s
 12600K .......... .......... .......... .......... .......... 80%  946K 5s
 12650K .......... .......... .......... .......... .......... 81%  436K 5s
 12700K .......... .......... .......... .......... .......... 81% 1.61M 5s
 12750K .......... .......... .......... .......... .......... 81%  835K 5s
 12800K .......... .......... .......... .......... .......... 82% 9.19M 5s
 12850K .......... .......... .......... .......... .......... 82%  491K 5s
 12900K .......... .......... .......... .......... .......... 82% 32.1M 4s
 12950K .......... .......... .......... .......... .......... 83% 2.20M 4s
 13000K .......... .......... .......... .......... .......... 83%  502K 4s
 13050K .......... .......... .......... .......... .......... 83% 6.08M 4s
 13100K .......... .......... .......... .......... .......... 84% 7.08M 4s
 13150K .......... .......... .......... .......... .......... 84%  701K 4s
 13200K .......... .......... .......... .......... .......... 84%  512K 4s
 13250K .......... .......... .......... .......... .......... 85% 17.1M 4s
 13300K .......... .......... .......... .......... .......... 85% 24.0M 4s
 13350K .......... .......... .......... .......... .......... 85% 2.26M 4s
 13400K .......... .......... .......... .......... .......... 86%  531K 4s
 13450K .......... .......... .......... .......... .......... 86% 10.2M 3s
 13500K .......... .......... .......... .......... .......... 86%  633K 3s
 13550K .......... .......... .......... .......... .......... 87% 12.4M 3s
 13600K .......... .......... .......... .......... .......... 87% 8.61M 3s
 13650K .......... .......... .......... .......... .......... 87%  495K 3s
 13700K .......... .......... .......... .......... .......... 87% 26.4M 3s
 13750K .......... .......... .......... .......... .......... 88% 5.78M 3s
 13800K .......... .......... .......... .......... .......... 88% 7.68M 3s
 13850K .......... .......... .......... .......... .......... 88%  642K 3s
 13900K .......... .......... .......... .......... .......... 89% 17.0M 3s
 13950K .......... .......... .......... .......... .......... 89% 10.1M 3s
 14000K .......... .......... .......... .......... .......... 89%  525K 3s
 14050K .......... .......... .......... .......... .......... 90% 14.5M 2s
 14100K .......... .......... .......... .......... .......... 90% 2.05M 2s
 14150K .......... .......... .......... .......... .......... 90% 1.39M 2s
 14200K .......... .......... .......... .......... .......... 91%  805K 2s
 14250K .......... .......... .......... .......... .......... 91% 6.40M 2s
 14300K .......... .......... .......... .......... .......... 91% 3.23M 2s
 14350K .......... .......... .......... .......... .......... 92%  155K 2s
 14400K .......... .......... .......... .......... .......... 92% 88.2M 2s
 14450K .......... .......... .......... .......... .......... 92% 94.1M 2s
 14500K .......... .......... .......... .......... .......... 93% 81.6M 2s
 14550K .......... .......... .......... .......... .......... 93% 87.5M 2s
 14600K .......... .......... .......... .......... .......... 93% 89.0M 2s
 14650K .......... .......... .......... .......... .......... 94% 61.2M 1s
 14700K .......... .......... .......... .......... .......... 94% 82.2M 1s
 14750K .......... .......... .......... .......... .......... 94%  526K 1s
 14800K .......... .......... .......... .......... .......... 95% 1.88M 1s
 14850K .......... .......... .......... .......... .......... 95%  901K 1s
 14900K .......... .......... .......... .......... .......... 95% 2.92M 1s
 14950K .......... .......... .......... .......... .......... 95%  496K 1s
 15000K .......... .......... .......... .......... .......... 96%  174K 1s
 15050K .......... .......... .......... .......... .......... 96% 1.85M 1s
 15100K .......... .......... .......... .......... .......... 96% 83.5M 1s
 15150K .......... .......... .......... .......... .......... 97%  268K 1s
 15200K .......... .......... .......... .......... .......... 97% 1.82M 1s
 15250K .......... .......... .......... .......... .......... 97%  131K 1s
 15300K .......... .......... .......... .......... .......... 98% 12.0M 0s
 15350K .......... .......... .......... .......... .......... 98% 57.4M 0s
 15400K .......... .......... .......... .......... .......... 98%  253K 0s
 15450K .......... .......... .......... .......... .......... 99%  285K 0s
 15500K .......... .......... .......... .......... .......... 99%  247K 0s
 15550K .......... .......... .......... .......... .......... 99%  222K 0s
 15600K .......... .......... .....                           100%  131M=25s

2025-06-15 02:46:26 (626 KB/s) - ‘/home/himanshu/ros2_ws/src/build/multirobot_map_merge/2011-08-09-12-22-52.pgm’ saved [16000058/16000058]

Checking MD5 sum of /home/himanshu/ros2_ws/src/build/multirobot_map_merge/2011-08-09-12-22-52.pgm
/home/himanshu/ros2_ws/src/build/multirobot_map_merge/2011-08-09-12-22-52.pgm: OK
--2025-06-15 02:46:26--  https://raw.githubusercontent.com/hrnr/m-explore-extra/master/map_merge/gmapping_maps/2012-01-28-11-12-01.pgm
Resolving raw.githubusercontent.com (raw.githubusercontent.com)... 2606:50c0:8001::154, 2606:50c0:8003::154, 2606:50c0:8002::154, ...
Connecting to raw.githubusercontent.com (raw.githubusercontent.com)|2606:50c0:8001::154|:443... connected.
HTTP request sent, awaiting response... 200 OK
Length: 16000058 (15M) [application/octet-stream]
Saving to: ‘/home/himanshu/ros2_ws/src/build/multirobot_map_merge/2012-01-28-11-12-01.pgm’

     0K .......... .......... .......... .......... ..........  0%  262K 60s
    50K .......... .......... .......... .......... ..........  0%  294K 56s
   100K .......... .......... .......... .......... ..........  0% 1.15M 42s
   150K .......... .......... .......... .......... ..........  1%  461K 40s
   200K .......... .......... .......... .......... ..........  1% 1.37M 34s
   250K .......... .......... .......... .......... ..........  1%  210K 40s
   300K .......... .......... .......... .......... ..........  2% 89.6M 34s
   350K .......... .......... .......... .......... ..........  2% 73.3M 30s
   400K .......... .......... .......... .......... ..........  2%  102M 27s
   450K .......... .......... .......... .......... ..........  3% 96.3M 24s
   500K .......... .......... .......... .......... ..........  3% 7.12M 22s
   550K .......... .......... .......... .......... ..........  3%  454K 23s
   600K .......... .......... .......... .......... ..........  4%  632K 23s
   650K .......... .......... .......... .......... ..........  4% 2.93M 21s
   700K .......... .......... .......... .......... ..........  4%  444K 22s
   750K .......... .......... .......... .......... ..........  5% 7.07M 21s
   800K .......... .......... .......... .......... ..........  5%  734K 21s
   850K .......... .......... .......... .......... ..........  5%  498K 21s
   900K .......... .......... .......... .......... ..........  6%  377K 22s
   950K .......... .......... .......... .......... ..........  6%  662K 22s
  1000K .......... .......... .......... .......... ..........  6% 7.09M 21s
  1050K .......... .......... .......... .......... ..........  7% 17.0M 20s
  1100K .......... .......... .......... .......... ..........  7% 3.69M 19s
  1150K .......... .......... .......... .......... ..........  7%  566K 19s
  1200K .......... .......... .......... .......... ..........  7%  256K 21s
  1250K .......... .......... .......... .......... ..........  8% 6.41M 20s
  1300K .......... .......... .......... .......... ..........  8% 16.8M 19s
  1350K .......... .......... .......... .......... ..........  8% 5.51M 19s
  1400K .......... .......... .......... .......... ..........  9%  508K 19s
  1450K .......... .......... .......... .......... ..........  9%  222K 20s
  1500K .......... .......... .......... .......... ..........  9% 24.0M 20s
  1550K .......... .......... .......... .......... .......... 10% 15.2M 19s
  1600K .......... .......... .......... .......... .......... 10% 17.1M 18s
  1650K .......... .......... .......... .......... .......... 10%  784K 18s
  1700K .......... .......... .......... .......... .......... 11% 9.82M 18s
  1750K .......... .......... .......... .......... .......... 11%  227K 19s
  1800K .......... .......... .......... .......... .......... 11% 18.3M 18s
  1850K .......... .......... .......... .......... .......... 12% 31.3M 18s
  1900K .......... .......... .......... .......... .......... 12% 5.38M 17s
  1950K .......... .......... .......... .......... .......... 12%  687K 17s
  2000K .......... .......... .......... .......... .......... 13%  498K 17s
  2050K .......... .......... .......... .......... .......... 13% 2.69M 17s
  2100K .......... .......... .......... .......... .......... 13% 2.43M 17s
  2150K .......... .......... .......... .......... .......... 14%  770K 17s
  2200K .......... .......... .......... .......... .......... 14% 1.45M 16s
  2250K .......... .......... .......... .......... .......... 14%  721K 16s
  2300K .......... .......... .......... .......... .......... 15% 23.1M 16s
  2350K .......... .......... .......... .......... .......... 15%  421K 16s
  2400K .......... .......... .......... .......... .......... 15% 24.3M 16s
  2450K .......... .......... .......... .......... .......... 15% 6.27M 16s
  2500K .......... .......... .......... .......... .......... 16%  674K 16s
  2550K .......... .......... .......... .......... .......... 16% 29.8M 15s
  2600K .......... .......... .......... .......... .......... 16% 6.12M 15s
  2650K .......... .......... .......... .......... .......... 17%  259K 16s
  2700K .......... .......... .......... .......... .......... 17% 12.5M 15s
  2750K .......... .......... .......... .......... .......... 17%  510K 15s
  2800K .......... .......... .......... .......... .......... 18% 12.4M 15s
  2850K .......... .......... .......... .......... .......... 18% 8.96M 15s
  2900K .......... .......... .......... .......... .......... 18% 21.3M 14s
  2950K .......... .......... .......... .......... .......... 19%  443K 15s
  3000K .......... .......... .......... .......... .......... 19% 6.46M 14s
  3050K .......... .......... .......... .......... .......... 19%  680K 14s
  3100K .......... .......... .......... .......... .......... 20% 6.26M 14s
  3150K .......... .......... .......... .......... .......... 20%  517K 14s
  3200K .......... .......... .......... .......... .......... 20% 7.42M 14s
  3250K .......... .......... .......... .......... .......... 21% 4.88M 14s
  3300K .......... .......... .......... .......... .......... 21%  451K 14s
  3350K .......... .......... .......... .......... .......... 21% 7.88M 14s
  3400K .......... .......... .......... .......... .......... 22% 31.7M 13s
  3450K .......... .......... .......... .......... .......... 22%  278K 14s
  3500K .......... .......... .......... .......... .......... 22% 5.14M 14s
  3550K .......... .......... .......... .......... .......... 23% 5.22M 13s
  3600K .......... .......... .......... .......... .......... 23% 3.41M 13s
  3650K .......... .......... .......... .......... .......... 23%  803K 13s
  3700K .......... .......... .......... .......... .......... 23% 1.45M 13s
  3750K .......... .......... .......... .......... .......... 24%  725K 13s
  3800K .......... .......... .......... .......... .......... 24% 3.44M 13s
  3850K .......... .......... .......... .......... .......... 24%  478K 13s
  3900K .......... .......... .......... .......... .......... 25% 4.87M 13s
  3950K .......... .......... .......... .......... .......... 25% 23.6M 12s
  4000K .......... .......... .......... .......... .......... 25% 8.38M 12s
  4050K .......... .......... .......... .......... .......... 26%  684K 12s
  4100K .......... .......... .......... .......... .......... 26% 6.10M 12s
  4150K .......... .......... .......... .......... .......... 26%  560K 12s
  4200K .......... .......... .......... .......... .......... 27% 3.32M 12s
  4250K .......... .......... .......... .......... .......... 27% 2.44M 12s
  4300K .......... .......... .......... .......... .......... 27%  688K 12s
  4350K .......... .......... .......... .......... .......... 28% 12.1M 12s
  4400K .......... .......... .......... .......... .......... 28% 1.54M 12s
  4450K .......... .......... .......... .......... .......... 28%  790K 12s
  4500K .......... .......... .......... .......... .......... 29% 2.95M 11s
  4550K .......... .......... .......... .......... .......... 29%  501K 12s
  4600K .......... .......... .......... .......... .......... 29% 21.1M 11s
  4650K .......... .......... .......... .......... .......... 30% 3.69M 11s
  4700K .......... .......... .......... .......... .......... 30%  654K 11s
  4750K .......... .......... .......... .......... .......... 30% 35.5M 11s
  4800K .......... .......... .......... .......... .......... 31% 16.3M 11s
  4850K .......... .......... .......... .......... .......... 31%  403K 11s
  4900K .......... .......... .......... .......... .......... 31%  476K 11s
  4950K .......... .......... .......... .......... .......... 31% 9.26M 11s
  5000K .......... .......... .......... .......... .......... 32%  734K 11s
  5050K .......... .......... .......... .......... .......... 32% 22.9M 11s
  5100K .......... .......... .......... .......... .......... 32% 6.32M 11s
  5150K .......... .......... .......... .......... .......... 33% 31.9M 10s
  5200K .......... .......... .......... .......... .......... 33%  497K 10s
  5250K .......... .......... .......... .......... .......... 33% 1.66M 10s
  5300K .......... .......... .......... .......... .......... 34%  789K 10s
  5350K .......... .......... .......... .......... .......... 34%  488K 10s
  5400K .......... .......... .......... .......... .......... 34% 11.8M 10s
  5450K .......... .......... .......... .......... .......... 35% 8.20M 10s
  5500K .......... .......... .......... .......... .......... 35% 5.61M 10s
  5550K .......... .......... .......... .......... .......... 35%  453K 10s
  5600K .......... .......... .......... .......... .......... 36% 25.7M 10s
  5650K .......... .......... .......... .......... .......... 36%  669K 10s
  5700K .......... .......... .......... .......... .......... 36% 4.31M 10s
  5750K .......... .......... .......... .......... .......... 37%  492K 10s
  5800K .......... .......... .......... .......... .......... 37% 3.19M 10s
  5850K .......... .......... .......... .......... .......... 37% 35.7M 10s
  5900K .......... .......... .......... .......... .......... 38% 10.3M 10s
  5950K .......... .......... .......... .......... .......... 38%  289K 10s
  6000K .......... .......... .......... .......... .......... 38% 27.1M 10s
  6050K .......... .......... .......... .......... .......... 39%  442K 10s
  6100K .......... .......... .......... .......... .......... 39% 4.51M 9s
  6150K .......... .......... .......... .......... .......... 39%  628K 9s
  6200K .......... .......... .......... .......... .......... 39% 6.11M 9s
  6250K .......... .......... .......... .......... .......... 40%  519K 9s
  6300K .......... .......... .......... .......... .......... 40% 5.12M 9s
  6350K .......... .......... .......... .......... .......... 40% 5.99M 9s
  6400K .......... .......... .......... .......... .......... 41% 69.2M 9s
  6450K .......... .......... .......... .......... .......... 41%  602K 9s
  6500K .......... .......... .......... .......... .......... 41% 6.43M 9s
  6550K .......... .......... .......... .......... .......... 42% 27.5M 9s
  6600K .......... .......... .......... .......... .......... 42%  527K 9s
  6650K .......... .......... .......... .......... .......... 42% 2.11M 9s
  6700K .......... .......... .......... .......... .......... 43%  526K 9s
  6750K .......... .......... .......... .......... .......... 43% 17.0M 9s
  6800K .......... .......... .......... .......... .......... 43% 21.6M 9s
  6850K .......... .......... .......... .......... .......... 44% 5.83M 8s
  6900K .......... .......... .......... .......... .......... 44%  287K 9s
  6950K .......... .......... .......... .......... .......... 44% 6.00M 8s
  7000K .......... .......... .......... .......... .......... 45%  420K 8s
  7050K .......... .......... .......... .......... .......... 45% 22.2M 8s
  7100K .......... .......... .......... .......... .......... 45% 7.99M 8s
  7150K .......... .......... .......... .......... .......... 46% 22.2M 8s
  7200K .......... .......... .......... .......... .......... 46% 2.64M 8s
  7250K .......... .......... .......... .......... .......... 46%  772K 8s
  7300K .......... .......... .......... .......... .......... 47%  255K 8s
  7350K .......... .......... .......... .......... .......... 47% 37.6M 8s
  7400K .......... .......... .......... .......... .......... 47%  492K 8s
  7450K .......... .......... .......... .......... .......... 47% 19.4M 8s
  7500K .......... .......... .......... .......... .......... 48% 20.5M 8s
  7550K .......... .......... .......... .......... .......... 48% 4.10M 8s
  7600K .......... .......... .......... .......... .......... 48% 29.6M 8s
  7650K .......... .......... .......... .......... .......... 49%  483K 8s
  7700K .......... .......... .......... .......... .......... 49%  522K 8s
  7750K .......... .......... .......... .......... .......... 49%  506K 8s
  7800K .......... .......... .......... .......... .......... 50% 17.4M 8s
  7850K .......... .......... .......... .......... .......... 50% 20.6M 8s
  7900K .......... .......... .......... .......... .......... 50% 9.14M 7s
  7950K .......... .......... .......... .......... .......... 51%  551K 7s
  8000K .......... .......... .......... .......... .......... 51% 32.6M 7s
  8050K .......... .......... .......... .......... .......... 51%  245K 7s
  8100K .......... .......... .......... .......... .......... 52% 30.8M 7s
  8150K .......... .......... .......... .......... .......... 52% 7.03M 7s
  8200K .......... .......... .......... .......... .......... 52% 31.5M 7s
  8250K .......... .......... .......... .......... .......... 53% 2.14M 7s
  8300K .......... .......... .......... .......... .......... 53%  836K 7s
  8350K .......... .......... .......... .......... .......... 53%  496K 7s
  8400K .......... .......... .......... .......... .......... 54%  470K 7s
  8450K .......... .......... .......... .......... .......... 54% 30.8M 7s
  8500K .......... .......... .......... .......... .......... 54% 2.20M 7s
  8550K .......... .......... .......... .......... .......... 55%  642K 7s
  8600K .......... .......... .......... .......... .......... 55% 73.5M 7s
  8650K .......... .......... .......... .......... .......... 55% 8.57M 7s
  8700K .......... .......... .......... .......... .......... 55% 4.06M 7s
  8750K .......... .......... .......... .......... .......... 56%  494K 7s
  8800K .......... .......... .......... .......... .......... 56% 4.59M 7s
  8850K .......... .......... .......... .......... .......... 56%  684K 6s
  8900K .......... .......... .......... .......... .......... 57% 15.8M 6s
  8950K .......... .......... .......... .......... .......... 57%  501K 6s
  9000K .......... .......... .......... .......... .......... 57% 25.5M 6s
  9050K .......... .......... .......... .......... .......... 58% 1.44M 6s
  9100K .......... .......... .......... .......... .......... 58%  561K 6s
  9150K .......... .......... .......... .......... .......... 58% 11.8M 6s
  9200K .......... .......... .......... .......... .......... 59% 6.43M 6s
  9250K .......... .......... .......... .......... .......... 59% 3.68M 6s
  9300K .......... .......... .......... .......... .......... 59%  881K 6s
  9350K .......... .......... .......... .......... .......... 60% 6.67M 6s
  9400K .......... .......... .......... .......... .......... 60%  245K 6s
  9450K .......... .......... .......... .......... .......... 60% 9.98M 6s
  9500K .......... .......... .......... .......... .......... 61%  538K 6s
  9550K .......... .......... .......... .......... .......... 61% 7.62M 6s
  9600K .......... .......... .......... .......... .......... 61% 6.82M 6s
  9650K .......... .......... .......... .......... .......... 62% 13.1M 6s
  9700K .......... .......... .......... .......... .......... 62%  472K 6s
  9750K .......... .......... .......... .......... .......... 62% 2.59M 6s
  9800K .......... .......... .......... .......... .......... 63%  647K 6s
  9850K .......... .......... .......... .......... .......... 63%  489K 6s
  9900K .......... .......... .......... .......... .......... 63% 31.9M 5s
  9950K .......... .......... .......... .......... .......... 63% 3.35M 5s
 10000K .......... .......... .......... .......... .......... 64%  252K 5s
 10050K .......... .......... .......... .......... .......... 64% 94.7M 5s
 10100K .......... .......... .......... .......... .......... 64% 97.1M 5s
 10150K .......... .......... .......... .......... .......... 65%  553K 5s
 10200K .......... .......... .......... .......... .......... 65% 12.5M 5s
 10250K .......... .......... .......... .......... .......... 65%  578K 5s
 10300K .......... .......... .......... .......... .......... 66%  468K 5s
 10350K .......... .......... .......... .......... .......... 66% 31.8M 5s
 10400K .......... .......... .......... .......... .......... 66% 9.33M 5s
 10450K .......... .......... .......... .......... .......... 67% 2.83M 5s
 10500K .......... .......... .......... .......... .......... 67%  670K 5s
 10550K .......... .......... .......... .......... .......... 67%  466K 5s
 10600K .......... .......... .......... .......... .......... 68%  902K 5s
 10650K .......... .......... .......... .......... .......... 68%  845K 5s
 10700K .......... .......... .......... .......... .......... 68% 10.8M 5s
 10750K .......... .......... .......... .......... .......... 69% 8.19M 5s
 10800K .......... .......... .......... .......... .......... 69%  278K 5s
 10850K .......... .......... .......... .......... .......... 69% 7.31M 5s
 10900K .......... .......... .......... .......... .......... 70% 17.3M 5s
 10950K .......... .......... .......... .......... .......... 70% 3.42M 4s
 11000K .......... .......... .......... .......... .......... 70%  474K 4s
 11050K .......... .......... .......... .......... .......... 71%  418K 4s
 11100K .......... .......... .......... .......... .......... 71%  807K 4s
 11150K .......... .......... .......... .......... .......... 71% 27.1M 4s
 11200K .......... .......... .......... .......... .......... 71% 8.87M 4s
 11250K .......... .......... .......... .......... .......... 72% 1.66M 4s
 11300K .......... .......... .......... .......... .......... 72%  784K 4s
 11350K .......... .......... .......... .......... .......... 72%  222K 4s
 11400K .......... .......... .......... .......... .......... 73% 10.9M 4s
 11450K .......... .......... .......... .......... .......... 73% 30.6M 4s
 11500K .......... .......... .......... .......... .......... 73% 4.32M 4s
 11550K .......... .......... .......... .......... .......... 74%  774K 4s
 11600K .......... .......... .......... .......... .......... 74% 14.0M 4s
 11650K .......... .......... .......... .......... .......... 74%  473K 4s
 11700K .......... .......... .......... .......... .......... 75% 2.24M 4s
 11750K .......... .......... .......... .......... .......... 75%  670K 4s
 11800K .......... .......... .......... .......... .......... 75% 11.2M 4s
 11850K .......... .......... .......... .......... .......... 76% 35.6M 4s
 11900K .......... .......... .......... .......... .......... 76%  412K 4s
 11950K .......... .......... .......... .......... .......... 76% 3.16M 4s
 12000K .......... .......... .......... .......... .......... 77%  620K 3s
 12050K .......... .......... .......... .......... .......... 77% 6.77M 3s
 12100K .......... .......... .......... .......... .......... 77% 2.38M 3s
 12150K .......... .......... .......... .......... .......... 78%  830K 3s
 12200K .......... .......... .......... .......... .......... 78% 1.51M 3s
 12250K .......... .......... .......... .......... .......... 78%  690K 3s
 12300K .......... .......... .......... .......... .......... 79% 19.9M 3s
 12350K .......... .......... .......... .......... .......... 79%  434K 3s
 12400K .......... .......... .......... .......... .......... 79% 14.1M 3s
 12450K .......... .......... .......... .......... .......... 79% 8.46M 3s
 12500K .......... .......... .......... .......... .......... 80% 12.8M 3s
 12550K .......... .......... .......... .......... .......... 80%  688K 3s
 12600K .......... .......... .......... .......... .......... 80% 3.72M 3s
 12650K .......... .......... .......... .......... .......... 81%  408K 3s
 12700K .......... .......... .......... .......... .......... 81% 14.3M 3s
 12750K .......... .......... .......... .......... .......... 81% 8.53M 3s
 12800K .......... .......... .......... .......... .......... 82%  836K 3s
 12850K .......... .......... .......... .......... .......... 82% 11.6M 3s
 12900K .......... .......... .......... .......... .......... 82%  517K 3s
 12950K .......... .......... .......... .......... .......... 83% 24.2M 3s
 13000K .......... .......... .......... .......... .......... 83% 1.88M 2s
 13050K .......... .......... .......... .......... .......... 83%  507K 2s
 13100K .......... .......... .......... .......... .......... 84% 5.43M 2s
 13150K .......... .......... .......... .......... .......... 84% 13.7M 2s
 13200K .......... .......... .......... .......... .......... 84%  236K 2s
 13250K .......... .......... .......... .......... .......... 85%  840K 2s
 13300K .......... .......... .......... .......... .......... 85% 94.9M 2s
 13350K .......... .......... .......... .......... .......... 85%  109M 2s
 13400K .......... .......... .......... .......... .......... 86% 62.6M 2s
 13450K .......... .......... .......... .......... .......... 86%  104M 2s
 13500K .......... .......... .......... .......... .......... 86% 63.2M 2s
 13550K .......... .......... .......... .......... .......... 87%  430K 2s
 13600K .......... .......... .......... .......... .......... 87% 7.65M 2s
 13650K .......... .......... .......... .......... .......... 87%  505K 2s
 13700K .......... .......... .......... .......... .......... 87% 6.01M 2s
 13750K .......... .......... .......... .......... .......... 88%  279K 2s
 13800K .......... .......... .......... .......... .......... 88%  541K 2s
 13850K .......... .......... .......... .......... .......... 88% 1.70M 2s
 13900K .......... .......... .......... .......... .......... 89%  585K 2s
 13950K .......... .......... .......... .......... .......... 89% 9.09M 2s
 14000K .......... .......... .......... .......... .......... 89% 30.5M 2s
 14050K .......... .......... .......... .......... .......... 90%  453K 1s
 14100K .......... .......... .......... .......... .......... 90% 4.12M 1s
 14150K .......... .......... .......... .......... .......... 90%  644K 1s
 14200K .......... .......... .......... .......... .......... 91%  494K 1s
 14250K .......... .......... .......... .......... .......... 91% 8.98M 1s
 14300K .......... .......... .......... .......... .......... 91% 3.28M 1s
 14350K .......... .......... .......... .......... .......... 92%  487K 1s
 14400K .......... .......... .......... .......... .......... 92% 7.19M 1s
 14450K .......... .......... .......... .......... .......... 92%  661K 1s
 14500K .......... .......... .......... .......... .......... 93% 8.62M 1s
 14550K .......... .......... .......... .......... .......... 93%  491K 1s
 14600K .......... .......... .......... .......... .......... 93% 26.7M 1s
 14650K .......... .......... .......... .......... .......... 94% 2.39M 1s
 14700K .......... .......... .......... .......... .......... 94%  620K 1s
 14750K .......... .......... .......... .......... .......... 94%  487K 1s
 14800K .......... .......... .......... .......... .......... 95% 9.09M 1s
 14850K .......... .......... .......... .......... .......... 95% 2.83M 1s
 14900K .......... .......... .......... .......... .......... 95%  507K 1s
 14950K .......... .......... .......... .......... .......... 95% 12.9M 1s
 15000K .......... .......... .......... .......... .......... 96%  273K 1s
 15050K .......... .......... .......... .......... .......... 96% 19.2M 1s
 15100K .......... .......... .......... .......... .......... 96% 3.73M 0s
 15150K .......... .......... .......... .......... .......... 97%  583K 0s
 15200K .......... .......... .......... .......... .......... 97% 29.7M 0s
 15250K .......... .......... .......... .......... .......... 97%  234K 0s
 15300K .......... .......... .......... .......... .......... 98% 4.80M 0s
 15350K .......... .......... .......... .......... .......... 98% 17.5M 0s
 15400K .......... .......... .......... .......... .......... 98% 6.23M 0s
 15450K .......... .......... .......... .......... .......... 99%  714K 0s
 15500K .......... .......... .......... .......... .......... 99% 37.8M 0s
 15550K .......... .......... .......... .......... .......... 99%  455K 0s
 15600K .......... .......... .....                           100% 22.8M=15s

2025-06-15 02:46:43 (1.01 MB/s) - ‘/home/himanshu/ros2_ws/src/build/multirobot_map_merge/2012-01-28-11-12-01.pgm’ saved [16000058/16000058]

Checking MD5 sum of /home/himanshu/ros2_ws/src/build/multirobot_map_merge/2012-01-28-11-12-01.pgm
/home/himanshu/ros2_ws/src/build/multirobot_map_merge/2012-01-28-11-12-01.pgm: OK
-- Found gtest sources under '/opt/ros/jazzy/src/gtest_vendor': C++ tests using 'Google Test' will be built
-- Found Threads: TRUE  
-- Added test 'cppcheck' to perform static code analysis on C / C++ code
-- Configured cppcheck include dirs: /home/himanshu/ros2_ws/src/map_merge/include;$<BUILD_INTERFACE:/home/himanshu/ros2_ws/src/map_merge/include>
-- Configured cppcheck exclude dirs and/or files: 
-- Added test 'flake8' to check Python code syntax and style conventions
-- Configured 'flake8' exclude dirs and/or files: 
-- Added test 'lint_cmake' to check CMake code style
-- Added test 'pep257' to check Python code against some of the docstring style conventions in PEP 257
-- Added test 'uncrustify' to check C / C++ code style
-- Configured uncrustify additional arguments: 
-- Added test 'xmllint' to check XML markup files
-- Configuring done (66.5s)
-- Generating done (0.3s)
-- Build files have been written to: /home/himanshu/ros2_ws/src/build/multirobot_map_merge
[  8%] [32mBuilding CXX object CMakeFiles/combine_grids.dir/src/combine_grids/grid_compositor.cpp.o[0m
[ 16%] [32mBuilding CXX object CMakeFiles/combine_grids.dir/src/combine_grids/grid_warper.cpp.o[0m
[ 25%] [32mBuilding CXX object gtest/CMakeFiles/gtest_main.dir/src/gtest_main.cc.o[0m
[ 33%] [32m[1mLinking CXX static library libgtest_main.a[0m
[ 33%] Built target gtest_main
[ 41%] [32mBuilding CXX object CMakeFiles/combine_grids.dir/src/combine_grids/merging_pipeline.cpp.o[0m
[ 50%] [32m[1mLinking CXX static library libcombine_grids.a[0m
[ 50%] Built target combine_grids
[ 58%] [32mBuilding CXX object CMakeFiles/map_merge.dir/src/map_merge.cpp.o[0m
[ 66%] [32mBuilding CXX object gtest/CMakeFiles/gtest.dir/src/gtest-all.cc.o[0m
[ 75%] [32m[1mLinking CXX static library libgtest.a[0m
[ 75%] Built target gtest
[ 83%] [32mBuilding CXX object CMakeFiles/test_merging_pipeline.dir/test/test_merging_pipeline.cpp.o[0m
[ 91%] [32m[1mLinking CXX executable test_merging_pipeline[0m
[ 91%] Built target test_merging_pipeline
[100%] [32m[1mLinking CXX executable map_merge[0m
[100%] Built target map_merge
-- Install configuration: ""
-- Installing: /home/himanshu/ros2_ws/src/install/multirobot_map_merge/include/map_merge/
-- Installing: /home/himanshu/ros2_ws/src/install/multirobot_map_merge/include/map_merge//ros1_names.hpp
-- Installing: /home/himanshu/ros2_ws/src/install/multirobot_map_merge/include/map_merge//map_merge.h
-- Installing: /home/himanshu/ros2_ws/src/install/multirobot_map_merge/share/multirobot_map_merge/launch
-- Installing: /home/himanshu/ros2_ws/src/install/multirobot_map_merge/share/multirobot_map_merge/launch/tb3_simulation
-- Installing: /home/himanshu/ros2_ws/src/install/multirobot_map_merge/share/multirobot_map_merge/launch/tb3_simulation/slam_toolbox.py
-- Installing: /home/himanshu/ros2_ws/src/install/multirobot_map_merge/share/multirobot_map_merge/launch/tb3_simulation/bringup_launch.py
-- Installing: /home/himanshu/ros2_ws/src/install/multirobot_map_merge/share/multirobot_map_merge/launch/tb3_simulation/config
-- Installing: /home/himanshu/ros2_ws/src/install/multirobot_map_merge/share/multirobot_map_merge/launch/tb3_simulation/config/nav2_multirobot_params_1.yaml
-- Installing: /home/himanshu/ros2_ws/src/install/multirobot_map_merge/share/multirobot_map_merge/launch/tb3_simulation/config/nav2_multirobot_params_2.yaml
-- Installing: /home/himanshu/ros2_ws/src/install/multirobot_map_merge/share/multirobot_map_merge/launch/tb3_simulation/worlds
-- Installing: /home/himanshu/ros2_ws/src/install/multirobot_map_merge/share/multirobot_map_merge/launch/tb3_simulation/worlds/world_only.model
-- Installing: /home/himanshu/ros2_ws/src/install/multirobot_map_merge/share/multirobot_map_merge/launch/tb3_simulation/multi_tb3_simulation_launch.py
-- Installing: /home/himanshu/ros2_ws/src/install/multirobot_map_merge/share/multirobot_map_merge/launch/tb3_simulation/tb3_simulation_launch.py
-- Installing: /home/himanshu/ros2_ws/src/install/multirobot_map_merge/share/multirobot_map_merge/launch/map_merge.launch.py
-- Installing: /home/himanshu/ros2_ws/src/install/multirobot_map_merge/share/multirobot_map_merge/launch/map_merge.rviz
-- Installing: /home/himanshu/ros2_ws/src/install/multirobot_map_merge/share/multirobot_map_merge/launch/from_map_server.launch.py
-- Installing: /home/himanshu/ros2_ws/src/install/multirobot_map_merge/share/multirobot_map_merge/config
-- Installing: /home/himanshu/ros2_ws/src/install/multirobot_map_merge/share/multirobot_map_merge/config/params.yaml
-- Installing: /home/himanshu/ros2_ws/src/install/multirobot_map_merge/lib/libcombine_grids.a
-- Installing: /home/himanshu/ros2_ws/src/install/multirobot_map_merge/lib/multirobot_map_merge/map_merge
-- Set non-toolchain portion of runtime path of "/home/himanshu/ros2_ws/src/install/multirobot_map_merge/lib/multirobot_map_merge/map_merge" to ""
-- Installing: /home/himanshu/ros2_ws/src/install/multirobot_map_merge/share/multirobot_map_merge/environment/library_path.sh
-- Installing: /home/himanshu/ros2_ws/src/install/multirobot_map_merge/share/multirobot_map_merge/environment/library_path.dsv
-- Installing: /home/himanshu/ros2_ws/src/install/multirobot_map_merge/share/ament_index/resource_index/package_run_dependencies/multirobot_map_merge
-- Installing: /home/himanshu/ros2_ws/src/install/multirobot_map_merge/share/ament_index/resource_index/parent_prefix_path/multirobot_map_merge
-- Installing: /home/himanshu/ros2_ws/src/install/multirobot_map_merge/share/multirobot_map_merge/environment/ament_prefix_path.sh
-- Installing: /home/himanshu/ros2_ws/src/install/multirobot_map_merge/share/multirobot_map_merge/environment/ament_prefix_path.dsv
-- Installing: /home/himanshu/ros2_ws/src/install/multirobot_map_merge/share/multirobot_map_merge/environment/path.sh
-- Installing: /home/himanshu/ros2_ws/src/install/multirobot_map_merge/share/multirobot_map_merge/environment/path.dsv
-- Installing: /home/himanshu/ros2_ws/src/install/multirobot_map_merge/share/multirobot_map_merge/local_setup.bash
-- Installing: /home/himanshu/ros2_ws/src/install/multirobot_map_merge/share/multirobot_map_merge/local_setup.sh
-- Installing: /home/himanshu/ros2_ws/src/install/multirobot_map_merge/share/multirobot_map_merge/local_setup.zsh
-- Installing: /home/himanshu/ros2_ws/src/install/multirobot_map_merge/share/multirobot_map_merge/local_setup.dsv
-- Installing: /home/himanshu/ros2_ws/src/install/multirobot_map_merge/share/multirobot_map_merge/package.dsv
-- Installing: /home/himanshu/ros2_ws/src/install/multirobot_map_merge/share/ament_index/resource_index/packages/multirobot_map_merge
-- Installing: /home/himanshu/ros2_ws/src/install/multirobot_map_merge/share/multirobot_map_merge/cmake/ament_cmake_export_include_directories-extras.cmake
-- Installing: /home/himanshu/ros2_ws/src/install/multirobot_map_merge/share/multirobot_map_merge/cmake/ament_cmake_export_libraries-extras.cmake
-- Installing: /home/himanshu/ros2_ws/src/install/multirobot_map_merge/share/multirobot_map_merge/cmake/multirobot_map_mergeConfig.cmake
-- Installing: /home/himanshu/ros2_ws/src/install/multirobot_map_merge/share/multirobot_map_merge/cmake/multirobot_map_mergeConfig-version.cmake
-- Installing: /home/himanshu/ros2_ws/src/install/multirobot_map_merge/share/multirobot_map_merge/package.xml
