running egg_info
creating ../build/open_manipulator_mogi_py/open_manipulator_mogi_py.egg-info
writing ../build/open_manipulator_mogi_py/open_manipulator_mogi_py.egg-info/PKG-INFO
writing dependency_links to ../build/open_manipulator_mogi_py/open_manipulator_mogi_py.egg-info/dependency_links.txt
writing entry points to ../build/open_manipulator_mogi_py/open_manipulator_mogi_py.egg-info/entry_points.txt
writing requirements to ../build/open_manipulator_mogi_py/open_manipulator_mogi_py.egg-info/requires.txt
writing top-level names to ../build/open_manipulator_mogi_py/open_manipulator_mogi_py.egg-info/top_level.txt
writing manifest file '../build/open_manipulator_mogi_py/open_manipulator_mogi_py.egg-info/SOURCES.txt'
reading manifest file '../build/open_manipulator_mogi_py/open_manipulator_mogi_py.egg-info/SOURCES.txt'
writing manifest file '../build/open_manipulator_mogi_py/open_manipulator_mogi_py.egg-info/SOURCES.txt'
running build
running build_py
creating /home/himanshu/ros2_ws/src/build/open_manipulator_mogi_py/build
creating /home/himanshu/ros2_ws/src/build/open_manipulator_mogi_py/build/lib
creating /home/himanshu/ros2_ws/src/build/open_manipulator_mogi_py/build/lib/open_manipulator_mogi_py
copying open_manipulator_mogi_py/__init__.py -> /home/himanshu/ros2_ws/src/build/open_manipulator_mogi_py/build/lib/open_manipulator_mogi_py
copying open_manipulator_mogi_py/open_gripper.py -> /home/himanshu/ros2_ws/src/build/open_manipulator_mogi_py/build/lib/open_manipulator_mogi_py
copying open_manipulator_mogi_py/inverse_kinematics.py -> /home/himanshu/ros2_ws/src/build/open_manipulator_mogi_py/build/lib/open_manipulator_mogi_py
copying open_manipulator_mogi_py/send_joint_angles.py -> /home/himanshu/ros2_ws/src/build/open_manipulator_mogi_py/build/lib/open_manipulator_mogi_py
copying open_manipulator_mogi_py/close_gripper.py -> /home/himanshu/ros2_ws/src/build/open_manipulator_mogi_py/build/lib/open_manipulator_mogi_py
running install
running install_lib
creating /home/himanshu/ros2_ws/src/install/open_manipulator_mogi_py/lib/python3.12/site-packages/open_manipulator_mogi_py
copying /home/himanshu/ros2_ws/src/build/open_manipulator_mogi_py/build/lib/open_manipulator_mogi_py/__init__.py -> /home/himanshu/ros2_ws/src/install/open_manipulator_mogi_py/lib/python3.12/site-packages/open_manipulator_mogi_py
copying /home/himanshu/ros2_ws/src/build/open_manipulator_mogi_py/build/lib/open_manipulator_mogi_py/open_gripper.py -> /home/himanshu/ros2_ws/src/install/open_manipulator_mogi_py/lib/python3.12/site-packages/open_manipulator_mogi_py
copying /home/himanshu/ros2_ws/src/build/open_manipulator_mogi_py/build/lib/open_manipulator_mogi_py/inverse_kinematics.py -> /home/himanshu/ros2_ws/src/install/open_manipulator_mogi_py/lib/python3.12/site-packages/open_manipulator_mogi_py
copying /home/himanshu/ros2_ws/src/build/open_manipulator_mogi_py/build/lib/open_manipulator_mogi_py/send_joint_angles.py -> /home/himanshu/ros2_ws/src/install/open_manipulator_mogi_py/lib/python3.12/site-packages/open_manipulator_mogi_py
copying /home/himanshu/ros2_ws/src/build/open_manipulator_mogi_py/build/lib/open_manipulator_mogi_py/close_gripper.py -> /home/himanshu/ros2_ws/src/install/open_manipulator_mogi_py/lib/python3.12/site-packages/open_manipulator_mogi_py
byte-compiling /home/himanshu/ros2_ws/src/install/open_manipulator_mogi_py/lib/python3.12/site-packages/open_manipulator_mogi_py/__init__.py to __init__.cpython-312.pyc
byte-compiling /home/himanshu/ros2_ws/src/install/open_manipulator_mogi_py/lib/python3.12/site-packages/open_manipulator_mogi_py/open_gripper.py to open_gripper.cpython-312.pyc
byte-compiling /home/himanshu/ros2_ws/src/install/open_manipulator_mogi_py/lib/python3.12/site-packages/open_manipulator_mogi_py/inverse_kinematics.py to inverse_kinematics.cpython-312.pyc
byte-compiling /home/himanshu/ros2_ws/src/install/open_manipulator_mogi_py/lib/python3.12/site-packages/open_manipulator_mogi_py/send_joint_angles.py to send_joint_angles.cpython-312.pyc
byte-compiling /home/himanshu/ros2_ws/src/install/open_manipulator_mogi_py/lib/python3.12/site-packages/open_manipulator_mogi_py/close_gripper.py to close_gripper.cpython-312.pyc
running install_data
creating /home/himanshu/ros2_ws/src/install/open_manipulator_mogi_py/share/ament_index
creating /home/himanshu/ros2_ws/src/install/open_manipulator_mogi_py/share/ament_index/resource_index
creating /home/himanshu/ros2_ws/src/install/open_manipulator_mogi_py/share/ament_index/resource_index/packages
copying resource/open_manipulator_mogi_py -> /home/himanshu/ros2_ws/src/install/open_manipulator_mogi_py/share/ament_index/resource_index/packages
copying package.xml -> /home/himanshu/ros2_ws/src/install/open_manipulator_mogi_py/share/open_manipulator_mogi_py
running install_egg_info
Copying ../build/open_manipulator_mogi_py/open_manipulator_mogi_py.egg-info to /home/himanshu/ros2_ws/src/install/open_manipulator_mogi_py/lib/python3.12/site-packages/open_manipulator_mogi_py-1.0.0-py3.12.egg-info
running install_scripts
Installing close_gripper script to /home/himanshu/ros2_ws/src/install/open_manipulator_mogi_py/lib/open_manipulator_mogi_py
Installing inverse_kinematics script to /home/himanshu/ros2_ws/src/install/open_manipulator_mogi_py/lib/open_manipulator_mogi_py
Installing open_gripper script to /home/himanshu/ros2_ws/src/install/open_manipulator_mogi_py/lib/open_manipulator_mogi_py
Installing send_joint_angles script to /home/himanshu/ros2_ws/src/install/open_manipulator_mogi_py/lib/open_manipulator_mogi_py
writing list of installed files to '/home/himanshu/ros2_ws/src/build/open_manipulator_mogi_py/install.log'
