[0.019s] Invoking command in '/home/himanshu/ros2_ws/Week-3-4-Gazebo-basics/bme_gazebo_basics/build/bme_gazebo_basics': CMAKE_PREFIX_PATH=${CMAKE_PREFIX_PATH}:/opt/ros/jazzy DEBUGINFOD_URLS=https://debuginfod.ubuntu.com /usr/bin/cmake --build /home/himanshu/ros2_ws/Week-3-4-Gazebo-basics/bme_gazebo_basics/build/bme_gazebo_basics -- -j8 -l8
[0.136s] Invoked command in '/home/himanshu/ros2_ws/Week-3-4-Gazebo-basics/bme_gazebo_basics/build/bme_gazebo_basics' returned '0': CMAKE_PREFIX_PATH=${CMAKE_PREFIX_PATH}:/opt/ros/jazzy DEBUGINFOD_URLS=https://debuginfod.ubuntu.com /usr/bin/cmake --build /home/himanshu/ros2_ws/Week-3-4-Gazebo-basics/bme_gazebo_basics/build/bme_gazebo_basics -- -j8 -l8
[0.199s] Invoking command in '/home/himanshu/ros2_ws/Week-3-4-Gazebo-basics/bme_gazebo_basics/build/bme_gazebo_basics': CMAKE_PREFIX_PATH=${CMAKE_PREFIX_PATH}:/opt/ros/jazzy DEBUGINFOD_URLS=https://debuginfod.ubuntu.com /usr/bin/cmake --install /home/himanshu/ros2_ws/Week-3-4-Gazebo-basics/bme_gazebo_basics/build/bme_gazebo_basics
[0.236s] -- Install configuration: ""
[0.237s] -- Up-to-date: /home/himanshu/ros2_ws/Week-3-4-Gazebo-basics/bme_gazebo_basics/install/bme_gazebo_basics/share/bme_gazebo_basics/launch
[0.239s] -- Up-to-date: /home/himanshu/ros2_ws/Week-3-4-Gazebo-basics/bme_gazebo_basics/install/bme_gazebo_basics/share/bme_gazebo_basics/launch/world.launch.py
[0.239s] -- Installing: /home/himanshu/ros2_ws/Week-3-4-Gazebo-basics/bme_gazebo_basics/install/bme_gazebo_basics/share/bme_gazebo_basics/launch/check_urdf.launch.py
[0.240s] -- Up-to-date: /home/himanshu/ros2_ws/Week-3-4-Gazebo-basics/bme_gazebo_basics/install/bme_gazebo_basics/share/bme_gazebo_basics/worlds
[0.241s] -- Up-to-date: /home/himanshu/ros2_ws/Week-3-4-Gazebo-basics/bme_gazebo_basics/install/bme_gazebo_basics/share/bme_gazebo_basics/worlds/world.sdf
[0.241s] -- Up-to-date: /home/himanshu/ros2_ws/Week-3-4-Gazebo-basics/bme_gazebo_basics/install/bme_gazebo_basics/share/bme_gazebo_basics/worlds/new_world.sdf
[0.242s] -- Up-to-date: /home/himanshu/ros2_ws/Week-3-4-Gazebo-basics/bme_gazebo_basics/install/bme_gazebo_basics/share/bme_gazebo_basics/worlds/empty.sdf
[0.242s] -- Up-to-date: /home/himanshu/ros2_ws/Week-3-4-Gazebo-basics/bme_gazebo_basics/install/bme_gazebo_basics/share/bme_gazebo_basics/rviz
[0.243s] -- Up-to-date: /home/himanshu/ros2_ws/Week-3-4-Gazebo-basics/bme_gazebo_basics/install/bme_gazebo_basics/share/bme_gazebo_basics/rviz/urdf.rviz
[0.244s] -- Up-to-date: /home/himanshu/ros2_ws/Week-3-4-Gazebo-basics/bme_gazebo_basics/install/bme_gazebo_basics/share/bme_gazebo_basics/rviz/rviz.rviz
[0.244s] -- Up-to-date: /home/himanshu/ros2_ws/Week-3-4-Gazebo-basics/bme_gazebo_basics/install/bme_gazebo_basics/share/bme_gazebo_basics/urdf
[0.245s] -- Installing: /home/himanshu/ros2_ws/Week-3-4-Gazebo-basics/bme_gazebo_basics/install/bme_gazebo_basics/share/bme_gazebo_basics/urdf/mogi_bot.urdf
[0.246s] -- Up-to-date: /home/himanshu/ros2_ws/Week-3-4-Gazebo-basics/bme_gazebo_basics/install/bme_gazebo_basics/share/bme_gazebo_basics/urdf/materials.xacro
[0.246s] -- Up-to-date: /home/himanshu/ros2_ws/Week-3-4-Gazebo-basics/bme_gazebo_basics/install/bme_gazebo_basics/share/bme_gazebo_basics/meshes
[0.247s] -- Up-to-date: /home/himanshu/ros2_ws/Week-3-4-Gazebo-basics/bme_gazebo_basics/install/bme_gazebo_basics/share/bme_gazebo_basics/meshes/wheel.dae
[0.247s] -- Up-to-date: /home/himanshu/ros2_ws/Week-3-4-Gazebo-basics/bme_gazebo_basics/install/bme_gazebo_basics/share/bme_gazebo_basics/meshes/mogi_bot.STEP
[0.248s] -- Up-to-date: /home/himanshu/ros2_ws/Week-3-4-Gazebo-basics/bme_gazebo_basics/install/bme_gazebo_basics/share/bme_gazebo_basics/meshes/mecanum_wheel_left.STL
[0.248s] -- Up-to-date: /home/himanshu/ros2_ws/Week-3-4-Gazebo-basics/bme_gazebo_basics/install/bme_gazebo_basics/share/bme_gazebo_basics/meshes/mogi_bot.SLDPRT
[0.249s] -- Up-to-date: /home/himanshu/ros2_ws/Week-3-4-Gazebo-basics/bme_gazebo_basics/install/bme_gazebo_basics/share/bme_gazebo_basics/meshes/wheel.STL
[0.249s] -- Up-to-date: /home/himanshu/ros2_ws/Week-3-4-Gazebo-basics/bme_gazebo_basics/install/bme_gazebo_basics/share/bme_gazebo_basics/meshes/mogi_bot.STL
[0.250s] -- Up-to-date: /home/himanshu/ros2_ws/Week-3-4-Gazebo-basics/bme_gazebo_basics/install/bme_gazebo_basics/share/bme_gazebo_basics/meshes/mecanum_wheel_right.STL
[0.251s] -- Up-to-date: /home/himanshu/ros2_ws/Week-3-4-Gazebo-basics/bme_gazebo_basics/install/bme_gazebo_basics/share/bme_gazebo_basics/meshes/wheel.blend
[0.251s] -- Up-to-date: /home/himanshu/ros2_ws/Week-3-4-Gazebo-basics/bme_gazebo_basics/install/bme_gazebo_basics/share/bme_gazebo_basics/meshes/wheel.STEP
[0.252s] -- Up-to-date: /home/himanshu/ros2_ws/Week-3-4-Gazebo-basics/bme_gazebo_basics/install/bme_gazebo_basics/share/bme_gazebo_basics/meshes/wheel.SLDPRT
[0.253s] -- Up-to-date: /home/himanshu/ros2_ws/Week-3-4-Gazebo-basics/bme_gazebo_basics/install/bme_gazebo_basics/share/bme_gazebo_basics/meshes/mogi_bot.dae
[0.253s] -- Up-to-date: /home/himanshu/ros2_ws/Week-3-4-Gazebo-basics/bme_gazebo_basics/install/bme_gazebo_basics/share/bme_gazebo_basics/meshes/mogi_bot.blend
[0.254s] -- Up-to-date: /home/himanshu/ros2_ws/Week-3-4-Gazebo-basics/bme_gazebo_basics/install/bme_gazebo_basics/share/ament_index/resource_index/package_run_dependencies/bme_gazebo_basics
[0.255s] -- Up-to-date: /home/himanshu/ros2_ws/Week-3-4-Gazebo-basics/bme_gazebo_basics/install/bme_gazebo_basics/share/ament_index/resource_index/parent_prefix_path/bme_gazebo_basics
[0.256s] -- Up-to-date: /home/himanshu/ros2_ws/Week-3-4-Gazebo-basics/bme_gazebo_basics/install/bme_gazebo_basics/share/bme_gazebo_basics/environment/ament_prefix_path.sh
[0.257s] -- Up-to-date: /home/himanshu/ros2_ws/Week-3-4-Gazebo-basics/bme_gazebo_basics/install/bme_gazebo_basics/share/bme_gazebo_basics/environment/ament_prefix_path.dsv
[0.258s] -- Up-to-date: /home/himanshu/ros2_ws/Week-3-4-Gazebo-basics/bme_gazebo_basics/install/bme_gazebo_basics/share/bme_gazebo_basics/environment/path.sh
[0.259s] -- Up-to-date: /home/himanshu/ros2_ws/Week-3-4-Gazebo-basics/bme_gazebo_basics/install/bme_gazebo_basics/share/bme_gazebo_basics/environment/path.dsv
[0.260s] -- Up-to-date: /home/himanshu/ros2_ws/Week-3-4-Gazebo-basics/bme_gazebo_basics/install/bme_gazebo_basics/share/bme_gazebo_basics/local_setup.bash
[0.260s] -- Up-to-date: /home/himanshu/ros2_ws/Week-3-4-Gazebo-basics/bme_gazebo_basics/install/bme_gazebo_basics/share/bme_gazebo_basics/local_setup.sh
[0.261s] -- Up-to-date: /home/himanshu/ros2_ws/Week-3-4-Gazebo-basics/bme_gazebo_basics/install/bme_gazebo_basics/share/bme_gazebo_basics/local_setup.zsh
[0.262s] -- Up-to-date: /home/himanshu/ros2_ws/Week-3-4-Gazebo-basics/bme_gazebo_basics/install/bme_gazebo_basics/share/bme_gazebo_basics/local_setup.dsv
[0.262s] -- Up-to-date: /home/himanshu/ros2_ws/Week-3-4-Gazebo-basics/bme_gazebo_basics/install/bme_gazebo_basics/share/bme_gazebo_basics/package.dsv
[0.263s] -- Up-to-date: /home/himanshu/ros2_ws/Week-3-4-Gazebo-basics/bme_gazebo_basics/install/bme_gazebo_basics/share/ament_index/resource_index/packages/bme_gazebo_basics
[0.263s] -- Up-to-date: /home/himanshu/ros2_ws/Week-3-4-Gazebo-basics/bme_gazebo_basics/install/bme_gazebo_basics/share/bme_gazebo_basics/cmake/bme_gazebo_basicsConfig.cmake
[0.263s] -- Up-to-date: /home/himanshu/ros2_ws/Week-3-4-Gazebo-basics/bme_gazebo_basics/install/bme_gazebo_basics/share/bme_gazebo_basics/cmake/bme_gazebo_basicsConfig-version.cmake
[0.265s] -- Up-to-date: /home/himanshu/ros2_ws/Week-3-4-Gazebo-basics/bme_gazebo_basics/install/bme_gazebo_basics/share/bme_gazebo_basics/package.xml
[0.265s] Invoked command in '/home/himanshu/ros2_ws/Week-3-4-Gazebo-basics/bme_gazebo_basics/build/bme_gazebo_basics' returned '0': CMAKE_PREFIX_PATH=${CMAKE_PREFIX_PATH}:/opt/ros/jazzy DEBUGINFOD_URLS=https://debuginfod.ubuntu.com /usr/bin/cmake --install /home/himanshu/ros2_ws/Week-3-4-Gazebo-basics/bme_gazebo_basics/build/bme_gazebo_basics
