[0.073s] Invoking command in '/home/himanshu/ros2_ws/src/build/bme_ros2_simple_arm': CMAKE_PREFIX_PATH=${CMAKE_PREFIX_PATH}:/home/himanshu/ros2_ws/install/ur_robot_driver:/home/himanshu/ros2_ws/install/ur_mogi_py:/home/himanshu/ros2_ws/install/open_manipulator_mogi_py:/home/himanshu/ros2_ws/install/mogi_trajectory_server:/home/himanshu/ros2_ws/install/map_merge_py:/home/himanshu/ros2_ws/install/bme_ros2_tutorials_py:/home/himanshu/ros2_ws/install/bme_ros2_simple_arm_py:/home/himanshu/ros2_ws/install/bme_ros2_navigation_py:/home/himanshu/ros2_ws/install/bme_gazebo_sensors_py:/opt/ros/jazzy DEBUGINFOD_URLS=https://debuginfod.ubuntu.com /usr/bin/cmake /home/himanshu/ros2_ws/src/bme_ros2_simple_arm -DCMAKE_INSTALL_PREFIX=/home/himanshu/ros2_ws/src/install/bme_ros2_simple_arm
[0.286s] -- The C compiler identification is GNU 13.3.0
[0.505s] -- The CXX compiler identification is GNU 13.3.0
[0.570s] -- Detecting C compiler ABI info
[0.898s] -- Detecting C compiler ABI info - done
[0.939s] -- Check for working C compiler: /usr/bin/cc - skipped
[0.940s] -- Detecting C compile features
[0.945s] -- Detecting C compile features - done
[0.976s] -- Detecting CXX compiler ABI info
[1.353s] -- Detecting CXX compiler ABI info - done
[1.398s] -- Check for working CXX compiler: /usr/bin/c++ - skipped
[1.399s] -- Detecting CXX compile features
[1.403s] -- Detecting CXX compile features - done
[1.430s] -- Found ament_cmake: 2.5.4 (/opt/ros/jazzy/share/ament_cmake/cmake)
[2.278s] -- Found Python3: /usr/bin/python3 (found version "3.12.3") found components: Interpreter 
[3.536s] -- Found ament_lint_auto: 0.17.2 (/opt/ros/jazzy/share/ament_lint_auto/cmake)
[4.846s] -- Added test 'flake8' to check Python code syntax and style conventions
[4.846s] -- Configured 'flake8' exclude dirs and/or files: 
[4.878s] -- Added test 'lint_cmake' to check CMake code style
[4.898s] -- Added test 'pep257' to check Python code against some of the docstring style conventions in PEP 257
[4.941s] -- Added test 'xmllint' to check XML markup files
[4.988s] -- Configuring done (4.9s)
[5.033s] -- Generating done (0.0s)
[5.046s] -- Build files have been written to: /home/himanshu/ros2_ws/src/build/bme_ros2_simple_arm
[5.109s] Invoked command in '/home/himanshu/ros2_ws/src/build/bme_ros2_simple_arm' returned '0': CMAKE_PREFIX_PATH=${CMAKE_PREFIX_PATH}:/home/himanshu/ros2_ws/install/ur_robot_driver:/home/himanshu/ros2_ws/install/ur_mogi_py:/home/himanshu/ros2_ws/install/open_manipulator_mogi_py:/home/himanshu/ros2_ws/install/mogi_trajectory_server:/home/himanshu/ros2_ws/install/map_merge_py:/home/himanshu/ros2_ws/install/bme_ros2_tutorials_py:/home/himanshu/ros2_ws/install/bme_ros2_simple_arm_py:/home/himanshu/ros2_ws/install/bme_ros2_navigation_py:/home/himanshu/ros2_ws/install/bme_gazebo_sensors_py:/opt/ros/jazzy DEBUGINFOD_URLS=https://debuginfod.ubuntu.com /usr/bin/cmake /home/himanshu/ros2_ws/src/bme_ros2_simple_arm -DCMAKE_INSTALL_PREFIX=/home/himanshu/ros2_ws/src/install/bme_ros2_simple_arm
[5.111s] Invoking command in '/home/himanshu/ros2_ws/src/build/bme_ros2_simple_arm': CMAKE_PREFIX_PATH=${CMAKE_PREFIX_PATH}:/home/himanshu/ros2_ws/install/ur_robot_driver:/home/himanshu/ros2_ws/install/ur_mogi_py:/home/himanshu/ros2_ws/install/open_manipulator_mogi_py:/home/himanshu/ros2_ws/install/mogi_trajectory_server:/home/himanshu/ros2_ws/install/map_merge_py:/home/himanshu/ros2_ws/install/bme_ros2_tutorials_py:/home/himanshu/ros2_ws/install/bme_ros2_simple_arm_py:/home/himanshu/ros2_ws/install/bme_ros2_navigation_py:/home/himanshu/ros2_ws/install/bme_gazebo_sensors_py:/opt/ros/jazzy DEBUGINFOD_URLS=https://debuginfod.ubuntu.com /usr/bin/cmake --build /home/himanshu/ros2_ws/src/build/bme_ros2_simple_arm -- -j8 -l8
[11.106s] Invoked command in '/home/himanshu/ros2_ws/src/build/bme_ros2_simple_arm' returned '0': CMAKE_PREFIX_PATH=${CMAKE_PREFIX_PATH}:/home/himanshu/ros2_ws/install/ur_robot_driver:/home/himanshu/ros2_ws/install/ur_mogi_py:/home/himanshu/ros2_ws/install/open_manipulator_mogi_py:/home/himanshu/ros2_ws/install/mogi_trajectory_server:/home/himanshu/ros2_ws/install/map_merge_py:/home/himanshu/ros2_ws/install/bme_ros2_tutorials_py:/home/himanshu/ros2_ws/install/bme_ros2_simple_arm_py:/home/himanshu/ros2_ws/install/bme_ros2_navigation_py:/home/himanshu/ros2_ws/install/bme_gazebo_sensors_py:/opt/ros/jazzy DEBUGINFOD_URLS=https://debuginfod.ubuntu.com /usr/bin/cmake --build /home/himanshu/ros2_ws/src/build/bme_ros2_simple_arm -- -j8 -l8
[11.107s] Invoking command in '/home/himanshu/ros2_ws/src/build/bme_ros2_simple_arm': CMAKE_PREFIX_PATH=${CMAKE_PREFIX_PATH}:/home/himanshu/ros2_ws/install/ur_robot_driver:/home/himanshu/ros2_ws/install/ur_mogi_py:/home/himanshu/ros2_ws/install/open_manipulator_mogi_py:/home/himanshu/ros2_ws/install/mogi_trajectory_server:/home/himanshu/ros2_ws/install/map_merge_py:/home/himanshu/ros2_ws/install/bme_ros2_tutorials_py:/home/himanshu/ros2_ws/install/bme_ros2_simple_arm_py:/home/himanshu/ros2_ws/install/bme_ros2_navigation_py:/home/himanshu/ros2_ws/install/bme_gazebo_sensors_py:/opt/ros/jazzy DEBUGINFOD_URLS=https://debuginfod.ubuntu.com /usr/bin/cmake --install /home/himanshu/ros2_ws/src/build/bme_ros2_simple_arm
[12.021s] -- Install configuration: ""
[12.021s] -- Installing: /home/himanshu/ros2_ws/src/install/bme_ros2_simple_arm/share/bme_ros2_simple_arm/config
[12.022s] -- Installing: /home/himanshu/ros2_ws/src/install/bme_ros2_simple_arm/share/bme_ros2_simple_arm/config/controller_position.yaml
[12.022s] -- Installing: /home/himanshu/ros2_ws/src/install/bme_ros2_simple_arm/share/bme_ros2_simple_arm/config/gz_bridge.yaml
[12.022s] -- Installing: /home/himanshu/ros2_ws/src/install/bme_ros2_simple_arm/share/bme_ros2_simple_arm/launch
[12.023s] -- Installing: /home/himanshu/ros2_ws/src/install/bme_ros2_simple_arm/share/bme_ros2_simple_arm/launch/world.launch.py
[12.023s] -- Installing: /home/himanshu/ros2_ws/src/install/bme_ros2_simple_arm/share/bme_ros2_simple_arm/launch/check_urdf.launch.py
[12.023s] -- Installing: /home/himanshu/ros2_ws/src/install/bme_ros2_simple_arm/share/bme_ros2_simple_arm/launch/start_moveit.launch.py
[12.024s] -- Installing: /home/himanshu/ros2_ws/src/install/bme_ros2_simple_arm/share/bme_ros2_simple_arm/launch/spawn_robot.launch.py
[12.024s] -- Installing: /home/himanshu/ros2_ws/src/install/bme_ros2_simple_arm/share/bme_ros2_simple_arm/worlds
[12.024s] -- Installing: /home/himanshu/ros2_ws/src/install/bme_ros2_simple_arm/share/bme_ros2_simple_arm/worlds/world.sdf
[12.029s] -- Installing: /home/himanshu/ros2_ws/src/install/bme_ros2_simple_arm/share/bme_ros2_simple_arm/worlds/empty.sdf
[12.029s] -- Installing: /home/himanshu/ros2_ws/src/install/bme_ros2_simple_arm/share/bme_ros2_simple_arm/rviz
[12.030s] -- Installing: /home/himanshu/ros2_ws/src/install/bme_ros2_simple_arm/share/bme_ros2_simple_arm/rviz/urdf.rviz
[12.030s] -- Installing: /home/himanshu/ros2_ws/src/install/bme_ros2_simple_arm/share/bme_ros2_simple_arm/rviz/rviz.rviz
[12.030s] -- Installing: /home/himanshu/ros2_ws/src/install/bme_ros2_simple_arm/share/bme_ros2_simple_arm/urdf
[12.030s] -- Installing: /home/himanshu/ros2_ws/src/install/bme_ros2_simple_arm/share/bme_ros2_simple_arm/urdf/mogi_arm.gazebo
[12.031s] -- Installing: /home/himanshu/ros2_ws/src/install/bme_ros2_simple_arm/share/bme_ros2_simple_arm/urdf/materials.xacro
[12.031s] -- Installing: /home/himanshu/ros2_ws/src/install/bme_ros2_simple_arm/share/bme_ros2_simple_arm/urdf/mogi_arm.xacro
[12.031s] -- Installing: /home/himanshu/ros2_ws/src/install/bme_ros2_simple_arm/share/bme_ros2_simple_arm/meshes
[12.032s] -- Installing: /home/himanshu/ros2_ws/src/install/bme_ros2_simple_arm/share/bme_ros2_simple_arm/meshes/upper_arm.dae
[12.032s] -- Installing: /home/himanshu/ros2_ws/src/install/bme_ros2_simple_arm/share/bme_ros2_simple_arm/meshes/upper_arm.blend
[12.032s] -- Installing: /home/himanshu/ros2_ws/src/install/bme_ros2_simple_arm/share/bme_ros2_simple_arm/meshes/upper_arm.STEP
[12.040s] -- Installing: /home/himanshu/ros2_ws/src/install/bme_ros2_simple_arm/share/bme_ros2_simple_arm/meshes/forearm.dae
[12.040s] -- Installing: /home/himanshu/ros2_ws/src/install/bme_ros2_simple_arm/share/bme_ros2_simple_arm/meshes/forearm.STEP
[12.041s] -- Installing: /home/himanshu/ros2_ws/src/install/bme_ros2_simple_arm/share/bme_ros2_simple_arm/meshes/shoulder.STEP
[12.041s] -- Installing: /home/himanshu/ros2_ws/src/install/bme_ros2_simple_arm/share/bme_ros2_simple_arm/meshes/shoulder.SLDPRT
[12.041s] -- Installing: /home/himanshu/ros2_ws/src/install/bme_ros2_simple_arm/share/bme_ros2_simple_arm/meshes/upper_arm.SLDPRT
[12.042s] -- Installing: /home/himanshu/ros2_ws/src/install/bme_ros2_simple_arm/share/bme_ros2_simple_arm/meshes/forearm.SLDPRT
[12.042s] -- Installing: /home/himanshu/ros2_ws/src/install/bme_ros2_simple_arm/share/bme_ros2_simple_arm/meshes/wrist.dae
[12.042s] -- Installing: /home/himanshu/ros2_ws/src/install/bme_ros2_simple_arm/share/bme_ros2_simple_arm/meshes/shoulder.blend
[12.048s] -- Installing: /home/himanshu/ros2_ws/src/install/bme_ros2_simple_arm/share/bme_ros2_simple_arm/meshes/wrist.blend
[12.049s] -- Installing: /home/himanshu/ros2_ws/src/install/bme_ros2_simple_arm/share/bme_ros2_simple_arm/meshes/upper_arm.STL
[12.049s] -- Installing: /home/himanshu/ros2_ws/src/install/bme_ros2_simple_arm/share/bme_ros2_simple_arm/meshes/shoulder.STL
[12.049s] -- Installing: /home/himanshu/ros2_ws/src/install/bme_ros2_simple_arm/share/bme_ros2_simple_arm/meshes/shoulder.dae
[12.050s] -- Installing: /home/himanshu/ros2_ws/src/install/bme_ros2_simple_arm/share/bme_ros2_simple_arm/meshes/wrist.SLDPRT
[12.050s] -- Installing: /home/himanshu/ros2_ws/src/install/bme_ros2_simple_arm/share/bme_ros2_simple_arm/meshes/forearm.STL
[12.050s] -- Installing: /home/himanshu/ros2_ws/src/install/bme_ros2_simple_arm/share/bme_ros2_simple_arm/meshes/wrist.STEP
[12.051s] -- Installing: /home/himanshu/ros2_ws/src/install/bme_ros2_simple_arm/share/bme_ros2_simple_arm/meshes/forearm.blend
[12.051s] -- Installing: /home/himanshu/ros2_ws/src/install/bme_ros2_simple_arm/share/bme_ros2_simple_arm/meshes/wrist.STL
[12.051s] -- Installing: /home/himanshu/ros2_ws/src/install/bme_ros2_simple_arm/share/ament_index/resource_index/package_run_dependencies/bme_ros2_simple_arm
[12.056s] -- Installing: /home/himanshu/ros2_ws/src/install/bme_ros2_simple_arm/share/ament_index/resource_index/parent_prefix_path/bme_ros2_simple_arm
[12.059s] -- Installing: /home/himanshu/ros2_ws/src/install/bme_ros2_simple_arm/share/bme_ros2_simple_arm/environment/ament_prefix_path.sh
[12.060s] -- Installing: /home/himanshu/ros2_ws/src/install/bme_ros2_simple_arm/share/bme_ros2_simple_arm/environment/ament_prefix_path.dsv
[12.060s] -- Installing: /home/himanshu/ros2_ws/src/install/bme_ros2_simple_arm/share/bme_ros2_simple_arm/environment/path.sh
[12.060s] -- Installing: /home/himanshu/ros2_ws/src/install/bme_ros2_simple_arm/share/bme_ros2_simple_arm/environment/path.dsv
[12.061s] -- Installing: /home/himanshu/ros2_ws/src/install/bme_ros2_simple_arm/share/bme_ros2_simple_arm/local_setup.bash
[12.061s] -- Installing: /home/himanshu/ros2_ws/src/install/bme_ros2_simple_arm/share/bme_ros2_simple_arm/local_setup.sh
[12.066s] -- Installing: /home/himanshu/ros2_ws/src/install/bme_ros2_simple_arm/share/bme_ros2_simple_arm/local_setup.zsh
[12.066s] -- Installing: /home/himanshu/ros2_ws/src/install/bme_ros2_simple_arm/share/bme_ros2_simple_arm/local_setup.dsv
[12.067s] -- Installing: /home/himanshu/ros2_ws/src/install/bme_ros2_simple_arm/share/bme_ros2_simple_arm/package.dsv
[12.067s] -- Installing: /home/himanshu/ros2_ws/src/install/bme_ros2_simple_arm/share/ament_index/resource_index/packages/bme_ros2_simple_arm
[12.067s] -- Installing: /home/himanshu/ros2_ws/src/install/bme_ros2_simple_arm/share/bme_ros2_simple_arm/cmake/bme_ros2_simple_armConfig.cmake
[12.068s] -- Installing: /home/himanshu/ros2_ws/src/install/bme_ros2_simple_arm/share/bme_ros2_simple_arm/cmake/bme_ros2_simple_armConfig-version.cmake
[12.068s] -- Installing: /home/himanshu/ros2_ws/src/install/bme_ros2_simple_arm/share/bme_ros2_simple_arm/package.xml
[12.069s] Invoked command in '/home/himanshu/ros2_ws/src/build/bme_ros2_simple_arm' returned '0': CMAKE_PREFIX_PATH=${CMAKE_PREFIX_PATH}:/home/himanshu/ros2_ws/install/ur_robot_driver:/home/himanshu/ros2_ws/install/ur_mogi_py:/home/himanshu/ros2_ws/install/open_manipulator_mogi_py:/home/himanshu/ros2_ws/install/mogi_trajectory_server:/home/himanshu/ros2_ws/install/map_merge_py:/home/himanshu/ros2_ws/install/bme_ros2_tutorials_py:/home/himanshu/ros2_ws/install/bme_ros2_simple_arm_py:/home/himanshu/ros2_ws/install/bme_ros2_navigation_py:/home/himanshu/ros2_ws/install/bme_gazebo_sensors_py:/opt/ros/jazzy DEBUGINFOD_URLS=https://debuginfod.ubuntu.com /usr/bin/cmake --install /home/himanshu/ros2_ws/src/build/bme_ros2_simple_arm
