[0.083s] Invoking command in '/home/himanshu/ros2_ws/src/build/bme_ros2_tutorials_bringup': CMAKE_PREFIX_PATH=${CMAKE_PREFIX_PATH}:/home/himanshu/ros2_ws/install/ur_robot_driver:/home/himanshu/ros2_ws/install/ur_mogi_py:/home/himanshu/ros2_ws/install/open_manipulator_mogi_py:/home/himanshu/ros2_ws/install/mogi_trajectory_server:/home/himanshu/ros2_ws/install/map_merge_py:/home/himanshu/ros2_ws/install/bme_ros2_tutorials_py:/home/himanshu/ros2_ws/install/bme_ros2_simple_arm_py:/home/himanshu/ros2_ws/install/bme_ros2_navigation_py:/home/himanshu/ros2_ws/install/bme_gazebo_sensors_py:/opt/ros/jazzy DEBUGINFOD_URLS=https://debuginfod.ubuntu.com /usr/bin/cmake /home/himanshu/ros2_ws/src/bme_ros2_tutorials_bringup -DCMAKE_INSTALL_PREFIX=/home/himanshu/ros2_ws/src/install/bme_ros2_tutorials_bringup
[0.395s] -- The C compiler identification is GNU 13.3.0
[0.627s] -- The CXX compiler identification is GNU 13.3.0
[0.699s] -- Detecting C compiler ABI info
[1.074s] -- Detecting C compiler ABI info - done
[1.120s] -- Check for working C compiler: /usr/bin/cc - skipped
[1.122s] -- Detecting C compile features
[1.123s] -- Detecting C compile features - done
[1.163s] -- Detecting CXX compiler ABI info
[1.601s] -- Detecting CXX compiler ABI info - done
[1.648s] -- Check for working CXX compiler: /usr/bin/c++ - skipped
[1.650s] -- Detecting CXX compile features
[1.651s] -- Detecting CXX compile features - done
[1.682s] -- Found ament_cmake: 2.5.4 (/opt/ros/jazzy/share/ament_cmake/cmake)
[2.524s] -- Found Python3: /usr/bin/python3 (found version "3.12.3") found components: Interpreter 
[3.425s] -- Found ament_lint_auto: 0.17.2 (/opt/ros/jazzy/share/ament_lint_auto/cmake)
[4.228s] -- Added test 'flake8' to check Python code syntax and style conventions
[4.229s] -- Configured 'flake8' exclude dirs and/or files: 
[4.246s] -- Added test 'lint_cmake' to check CMake code style
[4.254s] -- Added test 'pep257' to check Python code against some of the docstring style conventions in PEP 257
[4.293s] -- Added test 'xmllint' to check XML markup files
[4.307s] -- Configuring done (4.2s)
[4.318s] -- Generating done (0.0s)
[4.325s] -- Build files have been written to: /home/himanshu/ros2_ws/src/build/bme_ros2_tutorials_bringup
[4.669s] Invoked command in '/home/himanshu/ros2_ws/src/build/bme_ros2_tutorials_bringup' returned '0': CMAKE_PREFIX_PATH=${CMAKE_PREFIX_PATH}:/home/himanshu/ros2_ws/install/ur_robot_driver:/home/himanshu/ros2_ws/install/ur_mogi_py:/home/himanshu/ros2_ws/install/open_manipulator_mogi_py:/home/himanshu/ros2_ws/install/mogi_trajectory_server:/home/himanshu/ros2_ws/install/map_merge_py:/home/himanshu/ros2_ws/install/bme_ros2_tutorials_py:/home/himanshu/ros2_ws/install/bme_ros2_simple_arm_py:/home/himanshu/ros2_ws/install/bme_ros2_navigation_py:/home/himanshu/ros2_ws/install/bme_gazebo_sensors_py:/opt/ros/jazzy DEBUGINFOD_URLS=https://debuginfod.ubuntu.com /usr/bin/cmake /home/himanshu/ros2_ws/src/bme_ros2_tutorials_bringup -DCMAKE_INSTALL_PREFIX=/home/himanshu/ros2_ws/src/install/bme_ros2_tutorials_bringup
[4.677s] Invoking command in '/home/himanshu/ros2_ws/src/build/bme_ros2_tutorials_bringup': CMAKE_PREFIX_PATH=${CMAKE_PREFIX_PATH}:/home/himanshu/ros2_ws/install/ur_robot_driver:/home/himanshu/ros2_ws/install/ur_mogi_py:/home/himanshu/ros2_ws/install/open_manipulator_mogi_py:/home/himanshu/ros2_ws/install/mogi_trajectory_server:/home/himanshu/ros2_ws/install/map_merge_py:/home/himanshu/ros2_ws/install/bme_ros2_tutorials_py:/home/himanshu/ros2_ws/install/bme_ros2_simple_arm_py:/home/himanshu/ros2_ws/install/bme_ros2_navigation_py:/home/himanshu/ros2_ws/install/bme_gazebo_sensors_py:/opt/ros/jazzy DEBUGINFOD_URLS=https://debuginfod.ubuntu.com /usr/bin/cmake --build /home/himanshu/ros2_ws/src/build/bme_ros2_tutorials_bringup -- -j8 -l8
[6.379s] Invoked command in '/home/himanshu/ros2_ws/src/build/bme_ros2_tutorials_bringup' returned '0': CMAKE_PREFIX_PATH=${CMAKE_PREFIX_PATH}:/home/himanshu/ros2_ws/install/ur_robot_driver:/home/himanshu/ros2_ws/install/ur_mogi_py:/home/himanshu/ros2_ws/install/open_manipulator_mogi_py:/home/himanshu/ros2_ws/install/mogi_trajectory_server:/home/himanshu/ros2_ws/install/map_merge_py:/home/himanshu/ros2_ws/install/bme_ros2_tutorials_py:/home/himanshu/ros2_ws/install/bme_ros2_simple_arm_py:/home/himanshu/ros2_ws/install/bme_ros2_navigation_py:/home/himanshu/ros2_ws/install/bme_gazebo_sensors_py:/opt/ros/jazzy DEBUGINFOD_URLS=https://debuginfod.ubuntu.com /usr/bin/cmake --build /home/himanshu/ros2_ws/src/build/bme_ros2_tutorials_bringup -- -j8 -l8
[6.382s] Invoking command in '/home/himanshu/ros2_ws/src/build/bme_ros2_tutorials_bringup': CMAKE_PREFIX_PATH=${CMAKE_PREFIX_PATH}:/home/himanshu/ros2_ws/install/ur_robot_driver:/home/himanshu/ros2_ws/install/ur_mogi_py:/home/himanshu/ros2_ws/install/open_manipulator_mogi_py:/home/himanshu/ros2_ws/install/mogi_trajectory_server:/home/himanshu/ros2_ws/install/map_merge_py:/home/himanshu/ros2_ws/install/bme_ros2_tutorials_py:/home/himanshu/ros2_ws/install/bme_ros2_simple_arm_py:/home/himanshu/ros2_ws/install/bme_ros2_navigation_py:/home/himanshu/ros2_ws/install/bme_gazebo_sensors_py:/opt/ros/jazzy DEBUGINFOD_URLS=https://debuginfod.ubuntu.com /usr/bin/cmake --install /home/himanshu/ros2_ws/src/build/bme_ros2_tutorials_bringup
[6.425s] -- Install configuration: ""
[6.425s] -- Installing: /home/himanshu/ros2_ws/src/install/bme_ros2_tutorials_bringup/share/bme_ros2_tutorials_bringup/launch
[6.425s] -- Installing: /home/himanshu/ros2_ws/src/install/bme_ros2_tutorials_bringup/share/bme_ros2_tutorials_bringup/launch/publisher_subscriber.launch.py
[6.426s] -- Installing: /home/himanshu/ros2_ws/src/install/bme_ros2_tutorials_bringup/share/bme_ros2_tutorials_bringup/launch/publisher_param.launch.py
[6.428s] -- Installing: /home/himanshu/ros2_ws/src/install/bme_ros2_tutorials_bringup/share/ament_index/resource_index/package_run_dependencies/bme_ros2_tutorials_bringup
[6.429s] -- Installing: /home/himanshu/ros2_ws/src/install/bme_ros2_tutorials_bringup/share/ament_index/resource_index/parent_prefix_path/bme_ros2_tutorials_bringup
[6.430s] -- Installing: /home/himanshu/ros2_ws/src/install/bme_ros2_tutorials_bringup/share/bme_ros2_tutorials_bringup/environment/ament_prefix_path.sh
[6.431s] -- Installing: /home/himanshu/ros2_ws/src/install/bme_ros2_tutorials_bringup/share/bme_ros2_tutorials_bringup/environment/ament_prefix_path.dsv
[6.431s] -- Installing: /home/himanshu/ros2_ws/src/install/bme_ros2_tutorials_bringup/share/bme_ros2_tutorials_bringup/environment/path.sh
[6.433s] -- Installing: /home/himanshu/ros2_ws/src/install/bme_ros2_tutorials_bringup/share/bme_ros2_tutorials_bringup/environment/path.dsv
[6.434s] -- Installing: /home/himanshu/ros2_ws/src/install/bme_ros2_tutorials_bringup/share/bme_ros2_tutorials_bringup/local_setup.bash
[6.435s] -- Installing: /home/himanshu/ros2_ws/src/install/bme_ros2_tutorials_bringup/share/bme_ros2_tutorials_bringup/local_setup.sh
[6.435s] -- Installing: /home/himanshu/ros2_ws/src/install/bme_ros2_tutorials_bringup/share/bme_ros2_tutorials_bringup/local_setup.zsh
[6.436s] -- Installing: /home/himanshu/ros2_ws/src/install/bme_ros2_tutorials_bringup/share/bme_ros2_tutorials_bringup/local_setup.dsv
[6.436s] -- Installing: /home/himanshu/ros2_ws/src/install/bme_ros2_tutorials_bringup/share/bme_ros2_tutorials_bringup/package.dsv
[6.439s] -- Installing: /home/himanshu/ros2_ws/src/install/bme_ros2_tutorials_bringup/share/ament_index/resource_index/packages/bme_ros2_tutorials_bringup
[6.440s] -- Installing: /home/himanshu/ros2_ws/src/install/bme_ros2_tutorials_bringup/share/bme_ros2_tutorials_bringup/cmake/bme_ros2_tutorials_bringupConfig.cmake
[6.440s] -- Installing: /home/himanshu/ros2_ws/src/install/bme_ros2_tutorials_bringup/share/bme_ros2_tutorials_bringup/cmake/bme_ros2_tutorials_bringupConfig-version.cmake
[6.441s] -- Installing: /home/himanshu/ros2_ws/src/install/bme_ros2_tutorials_bringup/share/bme_ros2_tutorials_bringup/package.xml
[6.506s] Invoked command in '/home/himanshu/ros2_ws/src/build/bme_ros2_tutorials_bringup' returned '0': CMAKE_PREFIX_PATH=${CMAKE_PREFIX_PATH}:/home/himanshu/ros2_ws/install/ur_robot_driver:/home/himanshu/ros2_ws/install/ur_mogi_py:/home/himanshu/ros2_ws/install/open_manipulator_mogi_py:/home/himanshu/ros2_ws/install/mogi_trajectory_server:/home/himanshu/ros2_ws/install/map_merge_py:/home/himanshu/ros2_ws/install/bme_ros2_tutorials_py:/home/himanshu/ros2_ws/install/bme_ros2_simple_arm_py:/home/himanshu/ros2_ws/install/bme_ros2_navigation_py:/home/himanshu/ros2_ws/install/bme_gazebo_sensors_py:/opt/ros/jazzy DEBUGINFOD_URLS=https://debuginfod.ubuntu.com /usr/bin/cmake --install /home/himanshu/ros2_ws/src/build/bme_ros2_tutorials_bringup
