-- Found ament_cmake: 2.5.4 (/opt/ros/jazzy/share/ament_cmake/cmake)
-- Found rclcpp: 28.1.9 (/opt/ros/jazzy/share/rclcpp/cmake)
-- Found rosidl_generator_c: 4.6.5 (/opt/ros/jazzy/share/rosidl_generator_c/cmake)
-- Found rosidl_generator_cpp: 4.6.5 (/opt/ros/jazzy/share/rosidl_generator_cpp/cmake)
-- Using all available rosidl_typesupport_c: rosidl_typesupport_fastrtps_c;rosidl_typesupport_introspection_c
-- Using all available rosidl_typesupport_cpp: rosidl_typesupport_fastrtps_cpp;rosidl_typesupport_introspection_cpp
-- Found rmw_implementation_cmake: 7.3.2 (/opt/ros/jazzy/share/rmw_implementation_cmake/cmake)
-- Found rmw_fastrtps_cpp: 8.4.2 (/opt/ros/jazzy/share/rmw_fastrtps_cpp/cmake)
-- Using RMW implementation 'rmw_fastrtps_cpp' as default
-- Found std_msgs: 5.3.6 (/opt/ros/jazzy/share/std_msgs/cmake)
-- Found ament_lint_auto: 0.17.2 (/opt/ros/jazzy/share/ament_lint_auto/cmake)
-- Added test 'cppcheck' to perform static code analysis on C / C++ code
-- Configured cppcheck include dirs: 
-- Configured cppcheck exclude dirs and/or files: 
-- Added test 'flake8' to check Python code syntax and style conventions
-- Configured 'flake8' exclude dirs and/or files: 
-- Added test 'lint_cmake' to check CMake code style
-- Added test 'pep257' to check Python code against some of the docstring style conventions in PEP 257
-- Added test 'uncrustify' to check C / C++ code style
-- Configured uncrustify additional arguments: 
-- Added test 'xmllint' to check XML markup files
-- Configuring done (0.9s)
-- Generating done (0.0s)
-- Build files have been written to: /home/himanshu/ros2_ws/bme_ros2_tutorials_cpp/build/bme_ros2_tutorials_cpp
[ 50%] [32mBuilding CXX object CMakeFiles/publisher_cpp.dir/src/publisher.cpp.o[0m
[100%] [32m[1mLinking CXX executable publisher_cpp[0m
[100%] Built target publisher_cpp
-- Install configuration: ""
-- Installing: /home/himanshu/ros2_ws/bme_ros2_tutorials_cpp/install/bme_ros2_tutorials_cpp/lib/bme_ros2_tutorials_cpp/publisher_cpp
-- Set non-toolchain portion of runtime path of "/home/himanshu/ros2_ws/bme_ros2_tutorials_cpp/install/bme_ros2_tutorials_cpp/lib/bme_ros2_tutorials_cpp/publisher_cpp" to ""
-- Installing: /home/himanshu/ros2_ws/bme_ros2_tutorials_cpp/install/bme_ros2_tutorials_cpp/share/ament_index/resource_index/package_run_dependencies/bme_ros2_tutorials_cpp
-- Installing: /home/himanshu/ros2_ws/bme_ros2_tutorials_cpp/install/bme_ros2_tutorials_cpp/share/ament_index/resource_index/parent_prefix_path/bme_ros2_tutorials_cpp
-- Installing: /home/himanshu/ros2_ws/bme_ros2_tutorials_cpp/install/bme_ros2_tutorials_cpp/share/bme_ros2_tutorials_cpp/environment/ament_prefix_path.sh
-- Installing: /home/himanshu/ros2_ws/bme_ros2_tutorials_cpp/install/bme_ros2_tutorials_cpp/share/bme_ros2_tutorials_cpp/environment/ament_prefix_path.dsv
-- Installing: /home/himanshu/ros2_ws/bme_ros2_tutorials_cpp/install/bme_ros2_tutorials_cpp/share/bme_ros2_tutorials_cpp/environment/path.sh
-- Installing: /home/himanshu/ros2_ws/bme_ros2_tutorials_cpp/install/bme_ros2_tutorials_cpp/share/bme_ros2_tutorials_cpp/environment/path.dsv
-- Installing: /home/himanshu/ros2_ws/bme_ros2_tutorials_cpp/install/bme_ros2_tutorials_cpp/share/bme_ros2_tutorials_cpp/local_setup.bash
-- Installing: /home/himanshu/ros2_ws/bme_ros2_tutorials_cpp/install/bme_ros2_tutorials_cpp/share/bme_ros2_tutorials_cpp/local_setup.sh
-- Installing: /home/himanshu/ros2_ws/bme_ros2_tutorials_cpp/install/bme_ros2_tutorials_cpp/share/bme_ros2_tutorials_cpp/local_setup.zsh
-- Installing: /home/himanshu/ros2_ws/bme_ros2_tutorials_cpp/install/bme_ros2_tutorials_cpp/share/bme_ros2_tutorials_cpp/local_setup.dsv
-- Installing: /home/himanshu/ros2_ws/bme_ros2_tutorials_cpp/install/bme_ros2_tutorials_cpp/share/bme_ros2_tutorials_cpp/package.dsv
-- Installing: /home/himanshu/ros2_ws/bme_ros2_tutorials_cpp/install/bme_ros2_tutorials_cpp/share/ament_index/resource_index/packages/bme_ros2_tutorials_cpp
-- Installing: /home/himanshu/ros2_ws/bme_ros2_tutorials_cpp/install/bme_ros2_tutorials_cpp/share/bme_ros2_tutorials_cpp/cmake/bme_ros2_tutorials_cppConfig.cmake
-- Installing: /home/himanshu/ros2_ws/bme_ros2_tutorials_cpp/install/bme_ros2_tutorials_cpp/share/bme_ros2_tutorials_cpp/cmake/bme_ros2_tutorials_cppConfig-version.cmake
-- Installing: /home/himanshu/ros2_ws/bme_ros2_tutorials_cpp/install/bme_ros2_tutorials_cpp/share/bme_ros2_tutorials_cpp/package.xml
