[0.011s] Invoking command in '/home/himanshu/ros2_ws/bme_ros2_tutorials_cpp/build/bme_ros2_tutorials_cpp': CMAKE_PREFIX_PATH=${CMAKE_PREFIX_PATH}:/opt/ros/jazzy CONDA_PROMPT_MODIFIER=(base) DEBUGINFOD_URLS=https://debuginfod.ubuntu.com /usr/bin/cmake /home/himanshu/ros2_ws/bme_ros2_tutorials_cpp -DCMAKE_INSTALL_PREFIX=/home/himanshu/ros2_ws/bme_ros2_tutorials_cpp/install/bme_ros2_tutorials_cpp
[0.024s] -- Found ament_cmake: 2.5.4 (/opt/ros/jazzy/share/ament_cmake/cmake)
[0.288s] -- Found rclcpp: 28.1.9 (/opt/ros/jazzy/share/rclcpp/cmake)
[0.338s] -- Found rosidl_generator_c: 4.6.5 (/opt/ros/jazzy/share/rosidl_generator_c/cmake)
[0.355s] -- Found rosidl_generator_cpp: 4.6.5 (/opt/ros/jazzy/share/rosidl_generator_cpp/cmake)
[0.374s] -- Using all available rosidl_typesupport_c: rosidl_typesupport_fastrtps_c;rosidl_typesupport_introspection_c
[0.398s] -- Using all available rosidl_typesupport_cpp: rosidl_typesupport_fastrtps_cpp;rosidl_typesupport_introspection_cpp
[0.519s] -- Found rmw_implementation_cmake: 7.3.2 (/opt/ros/jazzy/share/rmw_implementation_cmake/cmake)
[0.522s] -- Found rmw_fastrtps_cpp: 8.4.2 (/opt/ros/jazzy/share/rmw_fastrtps_cpp/cmake)
[0.634s] -- Using RMW implementation 'rmw_fastrtps_cpp' as default
[0.737s] -- Found std_msgs: 5.3.6 (/opt/ros/jazzy/share/std_msgs/cmake)
[0.758s] -- Found ament_lint_auto: 0.17.2 (/opt/ros/jazzy/share/ament_lint_auto/cmake)
[0.895s] -- Added test 'cppcheck' to perform static code analysis on C / C++ code
[0.895s] -- Configured cppcheck include dirs: 
[0.895s] -- Configured cppcheck exclude dirs and/or files: 
[0.897s] -- Added test 'flake8' to check Python code syntax and style conventions
[0.897s] -- Configured 'flake8' exclude dirs and/or files: 
[0.899s] -- Added test 'lint_cmake' to check CMake code style
[0.901s] -- Added test 'pep257' to check Python code against some of the docstring style conventions in PEP 257
[0.910s] -- Added test 'uncrustify' to check C / C++ code style
[0.910s] -- Configured uncrustify additional arguments: 
[0.912s] -- Added test 'xmllint' to check XML markup files
[0.914s] -- Configuring done (0.9s)
[0.926s] -- Generating done (0.0s)
[0.930s] -- Build files have been written to: /home/himanshu/ros2_ws/bme_ros2_tutorials_cpp/build/bme_ros2_tutorials_cpp
[0.940s] Invoked command in '/home/himanshu/ros2_ws/bme_ros2_tutorials_cpp/build/bme_ros2_tutorials_cpp' returned '0': CMAKE_PREFIX_PATH=${CMAKE_PREFIX_PATH}:/opt/ros/jazzy CONDA_PROMPT_MODIFIER=(base) DEBUGINFOD_URLS=https://debuginfod.ubuntu.com /usr/bin/cmake /home/himanshu/ros2_ws/bme_ros2_tutorials_cpp -DCMAKE_INSTALL_PREFIX=/home/himanshu/ros2_ws/bme_ros2_tutorials_cpp/install/bme_ros2_tutorials_cpp
[0.941s] Invoking command in '/home/himanshu/ros2_ws/bme_ros2_tutorials_cpp/build/bme_ros2_tutorials_cpp': CMAKE_PREFIX_PATH=${CMAKE_PREFIX_PATH}:/opt/ros/jazzy CONDA_PROMPT_MODIFIER=(base) DEBUGINFOD_URLS=https://debuginfod.ubuntu.com /usr/bin/cmake --build /home/himanshu/ros2_ws/bme_ros2_tutorials_cpp/build/bme_ros2_tutorials_cpp -- -j8 -l8
[0.996s] [ 50%] [32mBuilding CXX object CMakeFiles/publisher_cpp.dir/src/publisher.cpp.o[0m
[7.609s] [100%] [32m[1mLinking CXX executable publisher_cpp[0m
[8.090s] [100%] Built target publisher_cpp
[8.118s] Invoked command in '/home/himanshu/ros2_ws/bme_ros2_tutorials_cpp/build/bme_ros2_tutorials_cpp' returned '0': CMAKE_PREFIX_PATH=${CMAKE_PREFIX_PATH}:/opt/ros/jazzy CONDA_PROMPT_MODIFIER=(base) DEBUGINFOD_URLS=https://debuginfod.ubuntu.com /usr/bin/cmake --build /home/himanshu/ros2_ws/bme_ros2_tutorials_cpp/build/bme_ros2_tutorials_cpp -- -j8 -l8
[8.139s] Invoking command in '/home/himanshu/ros2_ws/bme_ros2_tutorials_cpp/build/bme_ros2_tutorials_cpp': CMAKE_PREFIX_PATH=${CMAKE_PREFIX_PATH}:/opt/ros/jazzy CONDA_PROMPT_MODIFIER=(base) DEBUGINFOD_URLS=https://debuginfod.ubuntu.com /usr/bin/cmake --install /home/himanshu/ros2_ws/bme_ros2_tutorials_cpp/build/bme_ros2_tutorials_cpp
[8.156s] -- Install configuration: ""
[8.156s] -- Installing: /home/himanshu/ros2_ws/bme_ros2_tutorials_cpp/install/bme_ros2_tutorials_cpp/lib/bme_ros2_tutorials_cpp/publisher_cpp
[8.159s] -- Set non-toolchain portion of runtime path of "/home/himanshu/ros2_ws/bme_ros2_tutorials_cpp/install/bme_ros2_tutorials_cpp/lib/bme_ros2_tutorials_cpp/publisher_cpp" to ""
[8.160s] -- Installing: /home/himanshu/ros2_ws/bme_ros2_tutorials_cpp/install/bme_ros2_tutorials_cpp/share/ament_index/resource_index/package_run_dependencies/bme_ros2_tutorials_cpp
[8.160s] -- Installing: /home/himanshu/ros2_ws/bme_ros2_tutorials_cpp/install/bme_ros2_tutorials_cpp/share/ament_index/resource_index/parent_prefix_path/bme_ros2_tutorials_cpp
[8.160s] -- Installing: /home/himanshu/ros2_ws/bme_ros2_tutorials_cpp/install/bme_ros2_tutorials_cpp/share/bme_ros2_tutorials_cpp/environment/ament_prefix_path.sh
[8.161s] -- Installing: /home/himanshu/ros2_ws/bme_ros2_tutorials_cpp/install/bme_ros2_tutorials_cpp/share/bme_ros2_tutorials_cpp/environment/ament_prefix_path.dsv
[8.161s] -- Installing: /home/himanshu/ros2_ws/bme_ros2_tutorials_cpp/install/bme_ros2_tutorials_cpp/share/bme_ros2_tutorials_cpp/environment/path.sh
[8.161s] -- Installing: /home/himanshu/ros2_ws/bme_ros2_tutorials_cpp/install/bme_ros2_tutorials_cpp/share/bme_ros2_tutorials_cpp/environment/path.dsv
[8.162s] -- Installing: /home/himanshu/ros2_ws/bme_ros2_tutorials_cpp/install/bme_ros2_tutorials_cpp/share/bme_ros2_tutorials_cpp/local_setup.bash
[8.162s] -- Installing: /home/himanshu/ros2_ws/bme_ros2_tutorials_cpp/install/bme_ros2_tutorials_cpp/share/bme_ros2_tutorials_cpp/local_setup.sh
[8.162s] -- Installing: /home/himanshu/ros2_ws/bme_ros2_tutorials_cpp/install/bme_ros2_tutorials_cpp/share/bme_ros2_tutorials_cpp/local_setup.zsh
[8.162s] -- Installing: /home/himanshu/ros2_ws/bme_ros2_tutorials_cpp/install/bme_ros2_tutorials_cpp/share/bme_ros2_tutorials_cpp/local_setup.dsv
[8.163s] -- Installing: /home/himanshu/ros2_ws/bme_ros2_tutorials_cpp/install/bme_ros2_tutorials_cpp/share/bme_ros2_tutorials_cpp/package.dsv
[8.163s] -- Installing: /home/himanshu/ros2_ws/bme_ros2_tutorials_cpp/install/bme_ros2_tutorials_cpp/share/ament_index/resource_index/packages/bme_ros2_tutorials_cpp
[8.165s] -- Installing: /home/himanshu/ros2_ws/bme_ros2_tutorials_cpp/install/bme_ros2_tutorials_cpp/share/bme_ros2_tutorials_cpp/cmake/bme_ros2_tutorials_cppConfig.cmake
[8.165s] -- Installing: /home/himanshu/ros2_ws/bme_ros2_tutorials_cpp/install/bme_ros2_tutorials_cpp/share/bme_ros2_tutorials_cpp/cmake/bme_ros2_tutorials_cppConfig-version.cmake
[8.165s] -- Installing: /home/himanshu/ros2_ws/bme_ros2_tutorials_cpp/install/bme_ros2_tutorials_cpp/share/bme_ros2_tutorials_cpp/package.xml
[8.169s] Invoked command in '/home/himanshu/ros2_ws/bme_ros2_tutorials_cpp/build/bme_ros2_tutorials_cpp' returned '0': CMAKE_PREFIX_PATH=${CMAKE_PREFIX_PATH}:/opt/ros/jazzy CONDA_PROMPT_MODIFIER=(base) DEBUGINFOD_URLS=https://debuginfod.ubuntu.com /usr/bin/cmake --install /home/himanshu/ros2_ws/bme_ros2_tutorials_cpp/build/bme_ros2_tutorials_cpp
