[0.243s] DEBUG:colcon:Command line arguments: ['/usr/bin/colcon', 'build']
[0.243s] DEBUG:colcon:Parsed command line arguments: Namespace(log_base=None, log_level=None, verb_name='build', build_base='build', install_base='install', merge_install=False, symlink_install=False, test_result_base=None, continue_on_error=False, executor='parallel', parallel_workers=8, event_handlers=None, ignore_user_meta=False, metas=['./colcon.meta'], base_paths=['.'], packages_ignore=None, packages_ignore_regex=None, paths=None, packages_up_to=None, packages_up_to_regex=None, packages_above=None, packages_above_and_dependencies=None, packages_above_depth=None, packages_select_by_dep=None, packages_skip_by_dep=None, packages_skip_up_to=None, packages_select_build_failed=False, packages_skip_build_finished=False, packages_select_test_failures=False, packages_skip_test_passed=False, packages_select=None, packages_skip=None, packages_select_regex=None, packages_skip_regex=None, packages_start=None, packages_end=None, allow_overriding=[], cmake_args=None, cmake_target=None, cmake_target_skip_unavailable=False, cmake_clean_cache=False, cmake_clean_first=False, cmake_force_configure=False, ament_cmake_args=None, catkin_cmake_args=None, catkin_skip_building_tests=False, mixin_files=None, mixin=None, verb_parser=<colcon_mixin.mixin.mixin_argument.MixinArgumentDecorator object at 0x72a9a8fdcfe0>, verb_extension=<colcon_core.verb.build.BuildVerb object at 0x72a9a8fb5fa0>, main=<bound method BuildVerb.main of <colcon_core.verb.build.BuildVerb object at 0x72a9a8fb5fa0>>, mixin_verb=('build',))
[0.338s] Level 1:colcon.colcon_core.package_discovery:discover_packages(colcon_meta) check parameters
[0.339s] Level 1:colcon.colcon_core.package_discovery:discover_packages(recursive) check parameters
[0.339s] Level 1:colcon.colcon_core.package_discovery:discover_packages(ignore) check parameters
[0.339s] Level 1:colcon.colcon_core.package_discovery:discover_packages(path) check parameters
[0.339s] Level 1:colcon.colcon_core.package_discovery:discover_packages(colcon_meta) discover
[0.339s] Level 1:colcon.colcon_core.package_discovery:discover_packages(recursive) discover
[0.340s] INFO:colcon.colcon_core.package_discovery:Crawling recursively for packages in '/home/himanshu/ros2_ws/Week-3-4-Gazebo-basics/bme_gazebo_basics'
[0.340s] Level 1:colcon.colcon_core.package_identification:_identify(.) by extensions ['ignore', 'ignore_ament_install']
[0.340s] Level 1:colcon.colcon_core.package_identification:_identify(.) by extension 'ignore'
[0.341s] Level 1:colcon.colcon_core.package_identification:_identify(.) by extension 'ignore_ament_install'
[0.341s] Level 1:colcon.colcon_core.package_identification:_identify(.) by extensions ['colcon_pkg']
[0.341s] Level 1:colcon.colcon_core.package_identification:_identify(.) by extension 'colcon_pkg'
[0.341s] Level 1:colcon.colcon_core.package_identification:_identify(.) by extensions ['colcon_meta']
[0.341s] Level 1:colcon.colcon_core.package_identification:_identify(.) by extension 'colcon_meta'
[0.342s] Level 1:colcon.colcon_core.package_identification:_identify(.) by extensions ['ros']
[0.342s] Level 1:colcon.colcon_core.package_identification:_identify(.) by extension 'ros'
[0.412s] DEBUG:colcon.colcon_core.package_identification:Package '.' with type 'ros.ament_cmake' and name 'bme_gazebo_basics'
[0.412s] Level 1:colcon.colcon_core.package_discovery:discover_packages(recursive) using defaults
[0.412s] Level 1:colcon.colcon_core.package_discovery:discover_packages(ignore) discover
[0.412s] Level 1:colcon.colcon_core.package_discovery:discover_packages(ignore) using defaults
[0.412s] Level 1:colcon.colcon_core.package_discovery:discover_packages(path) discover
[0.413s] Level 1:colcon.colcon_core.package_discovery:discover_packages(path) using defaults
[0.451s] Level 1:colcon.colcon_core.package_discovery:discover_packages(prefix_path) check parameters
[0.451s] Level 1:colcon.colcon_core.package_discovery:discover_packages(prefix_path) discover
[0.455s] DEBUG:colcon.colcon_installed_package_information.package_discovery:Found 1 installed packages in /home/himanshu/ros2_ws/Week-3-4-Gazebo-basics/bme_gazebo_basics/install
[0.459s] DEBUG:colcon.colcon_installed_package_information.package_discovery:Found 320 installed packages in /opt/ros/jazzy
[0.461s] Level 1:colcon.colcon_core.package_discovery:discover_packages(prefix_path) using defaults
[0.557s] Level 5:colcon.colcon_core.verb:set package 'bme_gazebo_basics' build argument 'cmake_args' from command line to 'None'
[0.557s] Level 5:colcon.colcon_core.verb:set package 'bme_gazebo_basics' build argument 'cmake_target' from command line to 'None'
[0.557s] Level 5:colcon.colcon_core.verb:set package 'bme_gazebo_basics' build argument 'cmake_target_skip_unavailable' from command line to 'False'
[0.557s] Level 5:colcon.colcon_core.verb:set package 'bme_gazebo_basics' build argument 'cmake_clean_cache' from command line to 'False'
[0.558s] Level 5:colcon.colcon_core.verb:set package 'bme_gazebo_basics' build argument 'cmake_clean_first' from command line to 'False'
[0.558s] Level 5:colcon.colcon_core.verb:set package 'bme_gazebo_basics' build argument 'cmake_force_configure' from command line to 'False'
[0.558s] Level 5:colcon.colcon_core.verb:set package 'bme_gazebo_basics' build argument 'ament_cmake_args' from command line to 'None'
[0.558s] Level 5:colcon.colcon_core.verb:set package 'bme_gazebo_basics' build argument 'catkin_cmake_args' from command line to 'None'
[0.558s] Level 5:colcon.colcon_core.verb:set package 'bme_gazebo_basics' build argument 'catkin_skip_building_tests' from command line to 'False'
[0.558s] DEBUG:colcon.colcon_core.verb:Building package 'bme_gazebo_basics' with the following arguments: {'ament_cmake_args': None, 'build_base': '/home/himanshu/ros2_ws/Week-3-4-Gazebo-basics/bme_gazebo_basics/build/bme_gazebo_basics', 'catkin_cmake_args': None, 'catkin_skip_building_tests': False, 'cmake_args': None, 'cmake_clean_cache': False, 'cmake_clean_first': False, 'cmake_force_configure': False, 'cmake_target': None, 'cmake_target_skip_unavailable': False, 'install_base': '/home/himanshu/ros2_ws/Week-3-4-Gazebo-basics/bme_gazebo_basics/install/bme_gazebo_basics', 'merge_install': False, 'path': '/home/himanshu/ros2_ws/Week-3-4-Gazebo-basics/bme_gazebo_basics', 'symlink_install': False, 'test_result_base': None}
[0.558s] INFO:colcon.colcon_core.executor:Executing jobs using 'parallel' executor
[0.559s] DEBUG:colcon.colcon_parallel_executor.executor.parallel:run_until_complete
[0.559s] INFO:colcon.colcon_ros.task.ament_cmake.build:Building ROS package in '/home/himanshu/ros2_ws/Week-3-4-Gazebo-basics/bme_gazebo_basics' with build type 'ament_cmake'
[0.559s] INFO:colcon.colcon_cmake.task.cmake.build:Building CMake package in '/home/himanshu/ros2_ws/Week-3-4-Gazebo-basics/bme_gazebo_basics'
[0.562s] INFO:colcon.colcon_core.plugin_system:Skipping extension 'colcon_core.shell.bat': Not used on non-Windows systems
[0.562s] INFO:colcon.colcon_core.shell:Skip shell extension 'powershell' for command environment: Not usable outside of PowerShell
[0.562s] DEBUG:colcon.colcon_core.shell:Skip shell extension 'dsv' for command environment
[0.574s] DEBUG:colcon.colcon_core.event_handler.log_command:Invoking command in '/home/himanshu/ros2_ws/Week-3-4-Gazebo-basics/bme_gazebo_basics/build/bme_gazebo_basics': CMAKE_PREFIX_PATH=${CMAKE_PREFIX_PATH}:/opt/ros/jazzy DEBUGINFOD_URLS=https://debuginfod.ubuntu.com /usr/bin/cmake --build /home/himanshu/ros2_ws/Week-3-4-Gazebo-basics/bme_gazebo_basics/build/bme_gazebo_basics -- -j8 -l8
[0.631s] DEBUG:colcon.colcon_core.event_handler.log_command:Invoked command in '/home/himanshu/ros2_ws/Week-3-4-Gazebo-basics/bme_gazebo_basics/build/bme_gazebo_basics' returned '0': CMAKE_PREFIX_PATH=${CMAKE_PREFIX_PATH}:/opt/ros/jazzy DEBUGINFOD_URLS=https://debuginfod.ubuntu.com /usr/bin/cmake --build /home/himanshu/ros2_ws/Week-3-4-Gazebo-basics/bme_gazebo_basics/build/bme_gazebo_basics -- -j8 -l8
[0.644s] DEBUG:colcon.colcon_core.event_handler.log_command:Invoking command in '/home/himanshu/ros2_ws/Week-3-4-Gazebo-basics/bme_gazebo_basics/build/bme_gazebo_basics': CMAKE_PREFIX_PATH=${CMAKE_PREFIX_PATH}:/opt/ros/jazzy DEBUGINFOD_URLS=https://debuginfod.ubuntu.com /usr/bin/cmake --install /home/himanshu/ros2_ws/Week-3-4-Gazebo-basics/bme_gazebo_basics/build/bme_gazebo_basics
[0.661s] Level 1:colcon.colcon_core.environment:create_environment_scripts_only(bme_gazebo_basics)
[0.663s] DEBUG:colcon.colcon_core.event_handler.log_command:Invoked command in '/home/himanshu/ros2_ws/Week-3-4-Gazebo-basics/bme_gazebo_basics/build/bme_gazebo_basics' returned '0': CMAKE_PREFIX_PATH=${CMAKE_PREFIX_PATH}:/opt/ros/jazzy DEBUGINFOD_URLS=https://debuginfod.ubuntu.com /usr/bin/cmake --install /home/himanshu/ros2_ws/Week-3-4-Gazebo-basics/bme_gazebo_basics/build/bme_gazebo_basics
[0.666s] Level 1:colcon.colcon_core.environment:checking '/home/himanshu/ros2_ws/Week-3-4-Gazebo-basics/bme_gazebo_basics/install/bme_gazebo_basics' for CMake module files
[0.668s] Level 1:colcon.colcon_core.environment:checking '/home/himanshu/ros2_ws/Week-3-4-Gazebo-basics/bme_gazebo_basics/install/bme_gazebo_basics' for CMake config files
[0.668s] Level 1:colcon.colcon_core.shell:create_environment_hook('bme_gazebo_basics', 'cmake_prefix_path')
[0.669s] INFO:colcon.colcon_core.shell:Creating environment hook '/home/himanshu/ros2_ws/Week-3-4-Gazebo-basics/bme_gazebo_basics/install/bme_gazebo_basics/share/bme_gazebo_basics/hook/cmake_prefix_path.ps1'
[0.670s] INFO:colcon.colcon_core.shell:Creating environment descriptor '/home/himanshu/ros2_ws/Week-3-4-Gazebo-basics/bme_gazebo_basics/install/bme_gazebo_basics/share/bme_gazebo_basics/hook/cmake_prefix_path.dsv'
[0.670s] INFO:colcon.colcon_core.shell:Creating environment hook '/home/himanshu/ros2_ws/Week-3-4-Gazebo-basics/bme_gazebo_basics/install/bme_gazebo_basics/share/bme_gazebo_basics/hook/cmake_prefix_path.sh'
[0.672s] Level 1:colcon.colcon_core.environment:checking '/home/himanshu/ros2_ws/Week-3-4-Gazebo-basics/bme_gazebo_basics/install/bme_gazebo_basics/bin'
[0.672s] Level 1:colcon.colcon_core.environment:checking '/home/himanshu/ros2_ws/Week-3-4-Gazebo-basics/bme_gazebo_basics/install/bme_gazebo_basics/lib/pkgconfig/bme_gazebo_basics.pc'
[0.672s] Level 1:colcon.colcon_core.environment:checking '/home/himanshu/ros2_ws/Week-3-4-Gazebo-basics/bme_gazebo_basics/install/bme_gazebo_basics/lib/python3.12/site-packages'
[0.673s] Level 1:colcon.colcon_core.environment:checking '/home/himanshu/ros2_ws/Week-3-4-Gazebo-basics/bme_gazebo_basics/install/bme_gazebo_basics/bin'
[0.673s] INFO:colcon.colcon_core.shell:Creating package script '/home/himanshu/ros2_ws/Week-3-4-Gazebo-basics/bme_gazebo_basics/install/bme_gazebo_basics/share/bme_gazebo_basics/package.ps1'
[0.674s] INFO:colcon.colcon_core.shell:Creating package descriptor '/home/himanshu/ros2_ws/Week-3-4-Gazebo-basics/bme_gazebo_basics/install/bme_gazebo_basics/share/bme_gazebo_basics/package.dsv'
[0.675s] INFO:colcon.colcon_core.shell:Creating package script '/home/himanshu/ros2_ws/Week-3-4-Gazebo-basics/bme_gazebo_basics/install/bme_gazebo_basics/share/bme_gazebo_basics/package.sh'
[0.676s] INFO:colcon.colcon_core.shell:Creating package script '/home/himanshu/ros2_ws/Week-3-4-Gazebo-basics/bme_gazebo_basics/install/bme_gazebo_basics/share/bme_gazebo_basics/package.bash'
[0.678s] INFO:colcon.colcon_core.shell:Creating package script '/home/himanshu/ros2_ws/Week-3-4-Gazebo-basics/bme_gazebo_basics/install/bme_gazebo_basics/share/bme_gazebo_basics/package.zsh'
[0.679s] Level 1:colcon.colcon_core.environment:create_file_with_runtime_dependencies(/home/himanshu/ros2_ws/Week-3-4-Gazebo-basics/bme_gazebo_basics/install/bme_gazebo_basics/share/colcon-core/packages/bme_gazebo_basics)
[0.680s] Level 1:colcon.colcon_core.environment:create_environment_scripts_only(bme_gazebo_basics)
[0.680s] Level 1:colcon.colcon_core.environment:checking '/home/himanshu/ros2_ws/Week-3-4-Gazebo-basics/bme_gazebo_basics/install/bme_gazebo_basics' for CMake module files
[0.681s] Level 1:colcon.colcon_core.environment:checking '/home/himanshu/ros2_ws/Week-3-4-Gazebo-basics/bme_gazebo_basics/install/bme_gazebo_basics' for CMake config files
[0.681s] Level 1:colcon.colcon_core.shell:create_environment_hook('bme_gazebo_basics', 'cmake_prefix_path')
[0.682s] INFO:colcon.colcon_core.shell:Creating environment hook '/home/himanshu/ros2_ws/Week-3-4-Gazebo-basics/bme_gazebo_basics/install/bme_gazebo_basics/share/bme_gazebo_basics/hook/cmake_prefix_path.ps1'
[0.682s] INFO:colcon.colcon_core.shell:Creating environment descriptor '/home/himanshu/ros2_ws/Week-3-4-Gazebo-basics/bme_gazebo_basics/install/bme_gazebo_basics/share/bme_gazebo_basics/hook/cmake_prefix_path.dsv'
[0.682s] INFO:colcon.colcon_core.shell:Creating environment hook '/home/himanshu/ros2_ws/Week-3-4-Gazebo-basics/bme_gazebo_basics/install/bme_gazebo_basics/share/bme_gazebo_basics/hook/cmake_prefix_path.sh'
[0.683s] Level 1:colcon.colcon_core.environment:checking '/home/himanshu/ros2_ws/Week-3-4-Gazebo-basics/bme_gazebo_basics/install/bme_gazebo_basics/bin'
[0.683s] Level 1:colcon.colcon_core.environment:checking '/home/himanshu/ros2_ws/Week-3-4-Gazebo-basics/bme_gazebo_basics/install/bme_gazebo_basics/lib/pkgconfig/bme_gazebo_basics.pc'
[0.684s] Level 1:colcon.colcon_core.environment:checking '/home/himanshu/ros2_ws/Week-3-4-Gazebo-basics/bme_gazebo_basics/install/bme_gazebo_basics/lib/python3.12/site-packages'
[0.684s] Level 1:colcon.colcon_core.environment:checking '/home/himanshu/ros2_ws/Week-3-4-Gazebo-basics/bme_gazebo_basics/install/bme_gazebo_basics/bin'
[0.684s] INFO:colcon.colcon_core.shell:Creating package script '/home/himanshu/ros2_ws/Week-3-4-Gazebo-basics/bme_gazebo_basics/install/bme_gazebo_basics/share/bme_gazebo_basics/package.ps1'
[0.685s] INFO:colcon.colcon_core.shell:Creating package descriptor '/home/himanshu/ros2_ws/Week-3-4-Gazebo-basics/bme_gazebo_basics/install/bme_gazebo_basics/share/bme_gazebo_basics/package.dsv'
[0.685s] INFO:colcon.colcon_core.shell:Creating package script '/home/himanshu/ros2_ws/Week-3-4-Gazebo-basics/bme_gazebo_basics/install/bme_gazebo_basics/share/bme_gazebo_basics/package.sh'
[0.686s] INFO:colcon.colcon_core.shell:Creating package script '/home/himanshu/ros2_ws/Week-3-4-Gazebo-basics/bme_gazebo_basics/install/bme_gazebo_basics/share/bme_gazebo_basics/package.bash'
[0.687s] INFO:colcon.colcon_core.shell:Creating package script '/home/himanshu/ros2_ws/Week-3-4-Gazebo-basics/bme_gazebo_basics/install/bme_gazebo_basics/share/bme_gazebo_basics/package.zsh'
[0.687s] Level 1:colcon.colcon_core.environment:create_file_with_runtime_dependencies(/home/himanshu/ros2_ws/Week-3-4-Gazebo-basics/bme_gazebo_basics/install/bme_gazebo_basics/share/colcon-core/packages/bme_gazebo_basics)
[0.687s] DEBUG:colcon.colcon_parallel_executor.executor.parallel:closing loop
[0.687s] DEBUG:colcon.colcon_parallel_executor.executor.parallel:loop closed
[0.688s] DEBUG:colcon.colcon_parallel_executor.executor.parallel:run_until_complete finished with '0'
[0.688s] DEBUG:colcon.colcon_core.event_reactor:joining thread
[0.697s] INFO:colcon.colcon_core.plugin_system:Skipping extension 'colcon_notification.desktop_notification.terminal_notifier': Not used on non-Darwin systems
[0.697s] INFO:colcon.colcon_core.plugin_system:Skipping extension 'colcon_notification.desktop_notification.win32': Not used on non-Windows systems
[0.697s] INFO:colcon.colcon_notification.desktop_notification:Sending desktop notification using 'notify2'
[0.718s] DEBUG:colcon.colcon_core.event_reactor:joined thread
[0.719s] INFO:colcon.colcon_core.shell:Creating prefix script '/home/himanshu/ros2_ws/Week-3-4-Gazebo-basics/bme_gazebo_basics/install/local_setup.ps1'
[0.720s] INFO:colcon.colcon_core.shell:Creating prefix util module '/home/himanshu/ros2_ws/Week-3-4-Gazebo-basics/bme_gazebo_basics/install/_local_setup_util_ps1.py'
[0.721s] INFO:colcon.colcon_core.shell:Creating prefix chain script '/home/himanshu/ros2_ws/Week-3-4-Gazebo-basics/bme_gazebo_basics/install/setup.ps1'
[0.723s] INFO:colcon.colcon_core.shell:Creating prefix script '/home/himanshu/ros2_ws/Week-3-4-Gazebo-basics/bme_gazebo_basics/install/local_setup.sh'
[0.724s] INFO:colcon.colcon_core.shell:Creating prefix util module '/home/himanshu/ros2_ws/Week-3-4-Gazebo-basics/bme_gazebo_basics/install/_local_setup_util_sh.py'
[0.725s] INFO:colcon.colcon_core.shell:Creating prefix chain script '/home/himanshu/ros2_ws/Week-3-4-Gazebo-basics/bme_gazebo_basics/install/setup.sh'
[0.726s] INFO:colcon.colcon_core.shell:Creating prefix script '/home/himanshu/ros2_ws/Week-3-4-Gazebo-basics/bme_gazebo_basics/install/local_setup.bash'
[0.727s] INFO:colcon.colcon_core.shell:Creating prefix chain script '/home/himanshu/ros2_ws/Week-3-4-Gazebo-basics/bme_gazebo_basics/install/setup.bash'
[0.729s] INFO:colcon.colcon_core.shell:Creating prefix script '/home/himanshu/ros2_ws/Week-3-4-Gazebo-basics/bme_gazebo_basics/install/local_setup.zsh'
[0.729s] INFO:colcon.colcon_core.shell:Creating prefix chain script '/home/himanshu/ros2_ws/Week-3-4-Gazebo-basics/bme_gazebo_basics/install/setup.zsh'
