/home/himanshu/ros2_ws/src/install/bme_ros2_tutorials_py/lib/python3.12/site-packages/bme_ros2_tutorials_py/service_server.py
/home/himanshu/ros2_ws/src/install/bme_ros2_tutorials_py/lib/python3.12/site-packages/bme_ros2_tutorials_py/publisher_oop.py
/home/himanshu/ros2_ws/src/install/bme_ros2_tutorials_py/lib/python3.12/site-packages/bme_ros2_tutorials_py/service_client.py
/home/himanshu/ros2_ws/src/install/bme_ros2_tutorials_py/lib/python3.12/site-packages/bme_ros2_tutorials_py/__init__.py
/home/himanshu/ros2_ws/src/install/bme_ros2_tutorials_py/lib/python3.12/site-packages/bme_ros2_tutorials_py/publisher.py
/home/himanshu/ros2_ws/src/install/bme_ros2_tutorials_py/lib/python3.12/site-packages/bme_ros2_tutorials_py/hello_world.py
/home/himanshu/ros2_ws/src/install/bme_ros2_tutorials_py/lib/python3.12/site-packages/bme_ros2_tutorials_py/subscriber.py
/home/himanshu/ros2_ws/src/install/bme_ros2_tutorials_py/lib/python3.12/site-packages/bme_ros2_tutorials_py/__pycache__/service_server.cpython-312.pyc
/home/himanshu/ros2_ws/src/install/bme_ros2_tutorials_py/lib/python3.12/site-packages/bme_ros2_tutorials_py/__pycache__/publisher_oop.cpython-312.pyc
/home/himanshu/ros2_ws/src/install/bme_ros2_tutorials_py/lib/python3.12/site-packages/bme_ros2_tutorials_py/__pycache__/service_client.cpython-312.pyc
/home/himanshu/ros2_ws/src/install/bme_ros2_tutorials_py/lib/python3.12/site-packages/bme_ros2_tutorials_py/__pycache__/__init__.cpython-312.pyc
/home/himanshu/ros2_ws/src/install/bme_ros2_tutorials_py/lib/python3.12/site-packages/bme_ros2_tutorials_py/__pycache__/publisher.cpython-312.pyc
/home/himanshu/ros2_ws/src/install/bme_ros2_tutorials_py/lib/python3.12/site-packages/bme_ros2_tutorials_py/__pycache__/hello_world.cpython-312.pyc
/home/himanshu/ros2_ws/src/install/bme_ros2_tutorials_py/lib/python3.12/site-packages/bme_ros2_tutorials_py/__pycache__/subscriber.cpython-312.pyc
/home/himanshu/ros2_ws/src/install/bme_ros2_tutorials_py/share/ament_index/resource_index/packages/bme_ros2_tutorials_py
/home/himanshu/ros2_ws/src/install/bme_ros2_tutorials_py/share/bme_ros2_tutorials_py/package.xml
/home/himanshu/ros2_ws/src/install/bme_ros2_tutorials_py/lib/python3.12/site-packages/bme_ros2_tutorials_py-0.0.0-py3.12.egg-info/entry_points.txt
/home/himanshu/ros2_ws/src/install/bme_ros2_tutorials_py/lib/python3.12/site-packages/bme_ros2_tutorials_py-0.0.0-py3.12.egg-info/dependency_links.txt
/home/himanshu/ros2_ws/src/install/bme_ros2_tutorials_py/lib/python3.12/site-packages/bme_ros2_tutorials_py-0.0.0-py3.12.egg-info/requires.txt
/home/himanshu/ros2_ws/src/install/bme_ros2_tutorials_py/lib/python3.12/site-packages/bme_ros2_tutorials_py-0.0.0-py3.12.egg-info/PKG-INFO
/home/himanshu/ros2_ws/src/install/bme_ros2_tutorials_py/lib/python3.12/site-packages/bme_ros2_tutorials_py-0.0.0-py3.12.egg-info/SOURCES.txt
/home/himanshu/ros2_ws/src/install/bme_ros2_tutorials_py/lib/python3.12/site-packages/bme_ros2_tutorials_py-0.0.0-py3.12.egg-info/zip-safe
/home/himanshu/ros2_ws/src/install/bme_ros2_tutorials_py/lib/python3.12/site-packages/bme_ros2_tutorials_py-0.0.0-py3.12.egg-info/top_level.txt
/home/himanshu/ros2_ws/src/install/bme_ros2_tutorials_py/lib/bme_ros2_tutorials_py/py_hello_world
/home/himanshu/ros2_ws/src/install/bme_ros2_tutorials_py/lib/bme_ros2_tutorials_py/py_publisher
/home/himanshu/ros2_ws/src/install/bme_ros2_tutorials_py/lib/bme_ros2_tutorials_py/py_service_client
/home/himanshu/ros2_ws/src/install/bme_ros2_tutorials_py/lib/bme_ros2_tutorials_py/py_service_server
/home/himanshu/ros2_ws/src/install/bme_ros2_tutorials_py/lib/bme_ros2_tutorials_py/py_subscriber
/home/himanshu/ros2_ws/src/install/bme_ros2_tutorials_py/lib/bme_ros2_tutorials_py/python_publisher_with_parameter
