running egg_info
creating ../build/map_merge_py/map_merge_py.egg-info
writing ../build/map_merge_py/map_merge_py.egg-info/PKG-INFO
writing dependency_links to ../build/map_merge_py/map_merge_py.egg-info/dependency_links.txt
writing entry points to ../build/map_merge_py/map_merge_py.egg-info/entry_points.txt
writing requirements to ../build/map_merge_py/map_merge_py.egg-info/requires.txt
writing top-level names to ../build/map_merge_py/map_merge_py.egg-info/top_level.txt
writing manifest file '../build/map_merge_py/map_merge_py.egg-info/SOURCES.txt'
reading manifest file '../build/map_merge_py/map_merge_py.egg-info/SOURCES.txt'
writing manifest file '../build/map_merge_py/map_merge_py.egg-info/SOURCES.txt'
running build
running build_py
creating /home/himanshu/ros2_ws/src/build/map_merge_py/build
creating /home/himanshu/ros2_ws/src/build/map_merge_py/build/lib
creating /home/himanshu/ros2_ws/src/build/map_merge_py/build/lib/map_merge_py
copying map_merge_py/map_merge.py -> /home/himanshu/ros2_ws/src/build/map_merge_py/build/lib/map_merge_py
copying map_merge_py/__init__.py -> /home/himanshu/ros2_ws/src/build/map_merge_py/build/lib/map_merge_py
copying map_merge_py/explore_map.py -> /home/himanshu/ros2_ws/src/build/map_merge_py/build/lib/map_merge_py
running install
running install_lib
creating /home/himanshu/ros2_ws/src/install/map_merge_py/lib/python3.12/site-packages/map_merge_py
copying /home/himanshu/ros2_ws/src/build/map_merge_py/build/lib/map_merge_py/map_merge.py -> /home/himanshu/ros2_ws/src/install/map_merge_py/lib/python3.12/site-packages/map_merge_py
copying /home/himanshu/ros2_ws/src/build/map_merge_py/build/lib/map_merge_py/__init__.py -> /home/himanshu/ros2_ws/src/install/map_merge_py/lib/python3.12/site-packages/map_merge_py
copying /home/himanshu/ros2_ws/src/build/map_merge_py/build/lib/map_merge_py/explore_map.py -> /home/himanshu/ros2_ws/src/install/map_merge_py/lib/python3.12/site-packages/map_merge_py
byte-compiling /home/himanshu/ros2_ws/src/install/map_merge_py/lib/python3.12/site-packages/map_merge_py/map_merge.py to map_merge.cpython-312.pyc
byte-compiling /home/himanshu/ros2_ws/src/install/map_merge_py/lib/python3.12/site-packages/map_merge_py/__init__.py to __init__.cpython-312.pyc
byte-compiling /home/himanshu/ros2_ws/src/install/map_merge_py/lib/python3.12/site-packages/map_merge_py/explore_map.py to explore_map.cpython-312.pyc
running install_data
creating /home/himanshu/ros2_ws/src/install/map_merge_py/share/ament_index
creating /home/himanshu/ros2_ws/src/install/map_merge_py/share/ament_index/resource_index
creating /home/himanshu/ros2_ws/src/install/map_merge_py/share/ament_index/resource_index/packages
copying resource/map_merge_py -> /home/himanshu/ros2_ws/src/install/map_merge_py/share/ament_index/resource_index/packages
copying package.xml -> /home/himanshu/ros2_ws/src/install/map_merge_py/share/map_merge_py
running install_egg_info
Copying ../build/map_merge_py/map_merge_py.egg-info to /home/himanshu/ros2_ws/src/install/map_merge_py/lib/python3.12/site-packages/map_merge_py-1.0.0-py3.12.egg-info
running install_scripts
Installing explore_map script to /home/himanshu/ros2_ws/src/install/map_merge_py/lib/map_merge_py
Installing map_merge script to /home/himanshu/ros2_ws/src/install/map_merge_py/lib/map_merge_py
writing list of installed files to '/home/himanshu/ros2_ws/src/build/map_merge_py/install.log'
